[stats:error,2021-04-19T19:46:00.229Z,ns_1@127.0.0.1:query_stats_collector<0.381.0>:base_stats_collector:handle_info:109](Collector: query_stats_collector) Exception in stats collector: {error,
                                                                  {badmatch,
                                                                   {error,
                                                                    {econnrefused,
                                                                     [{lhttpc_client,
                                                                       send_request,
                                                                       1,
                                                                       [{file,
                                                                         "/home/couchbase/jenkins/workspace/watson-unix/couchdb/src/lhttpc/lhttpc_client.erl"},
                                                                        {line,
                                                                         220}]},
                                                                      {lhttpc_client,
                                                                       execute,
                                                                       9,
                                                                       [{file,
                                                                         "/home/couchbase/jenkins/workspace/watson-unix/couchdb/src/lhttpc/lhttpc_client.erl"},
                                                                        {line,
                                                                         169}]},
                                                                      {lhttpc_client,
                                                                       request,
                                                                       9,
                                                                       [{file,
                                                                         "/home/couchbase/jenkins/workspace/watson-unix/couchdb/src/lhttpc/lhttpc_client.erl"},
                                                                        {line,
                                                                         92}]}]}}},
                                                                  [{query_rest,
                                                                    send,3,
                                                                    [{file,
                                                                      "src/query_rest.erl"},
                                                                     {line,
                                                                      64}]},
                                                                   {query_rest,
                                                                    do_get_stats,
                                                                    0,
                                                                    [{file,
                                                                      "src/query_rest.erl"},
                                                                     {line,
                                                                      43}]},
                                                                   {base_stats_collector,
                                                                    handle_info,
                                                                    2,
                                                                    [{file,
                                                                      "src/base_stats_collector.erl"},
                                                                     {line,
                                                                      89}]},
                                                                   {gen_server,
                                                                    handle_msg,
                                                                    5,
                                                                    [{file,
                                                                      "gen_server.erl"},
                                                                     {line,
                                                                      604}]},
                                                                   {proc_lib,
                                                                    init_p_do_apply,
                                                                    3,
                                                                    [{file,
                                                                      "proc_lib.erl"},
                                                                     {line,
                                                                      239}]}]}

[ns_server:error,2021-04-19T19:46:00.234Z,ns_1@127.0.0.1:index_stats_collector-index<0.522.0>:index_rest:get_json:42]Request to (indexer) http://127.0.0.1:9102/stats?async=true failed: {error,
                                                                     {econnrefused,
                                                                      [{lhttpc_client,
                                                                        send_request,
                                                                        1,
                                                                        [{file,
                                                                          "/home/couchbase/jenkins/workspace/watson-unix/couchdb/src/lhttpc/lhttpc_client.erl"},
                                                                         {line,
                                                                          220}]},
                                                                       {lhttpc_client,
                                                                        execute,
                                                                        9,
                                                                        [{file,
                                                                          "/home/couchbase/jenkins/workspace/watson-unix/couchdb/src/lhttpc/lhttpc_client.erl"},
                                                                         {line,
                                                                          169}]},
                                                                       {lhttpc_client,
                                                                        request,
                                                                        9,
                                                                        [{file,
                                                                          "/home/couchbase/jenkins/workspace/watson-unix/couchdb/src/lhttpc/lhttpc_client.erl"},
                                                                         {line,
                                                                          92}]}]}}
[ns_server:error,2021-04-19T19:46:01.228Z,ns_1@127.0.0.1:index_stats_collector-index<0.522.0>:index_rest:get_json:42]Request to (indexer) http://127.0.0.1:9102/stats?async=true failed: {error,
                                                                     {econnrefused,
                                                                      [{lhttpc_client,
                                                                        send_request,
                                                                        1,
                                                                        [{file,
                                                                          "/home/couchbase/jenkins/workspace/watson-unix/couchdb/src/lhttpc/lhttpc_client.erl"},
                                                                         {line,
                                                                          220}]},
                                                                       {lhttpc_client,
                                                                        execute,
                                                                        9,
                                                                        [{file,
                                                                          "/home/couchbase/jenkins/workspace/watson-unix/couchdb/src/lhttpc/lhttpc_client.erl"},
                                                                         {line,
                                                                          169}]},
                                                                       {lhttpc_client,
                                                                        request,
                                                                        9,
                                                                        [{file,
                                                                          "/home/couchbase/jenkins/workspace/watson-unix/couchdb/src/lhttpc/lhttpc_client.erl"},
                                                                         {line,
                                                                          92}]}]}}
[stats:error,2021-04-19T19:46:01.228Z,ns_1@127.0.0.1:query_stats_collector<0.381.0>:base_stats_collector:handle_info:109](Collector: query_stats_collector) Exception in stats collector: {error,
                                                                  {badmatch,
                                                                   {error,
                                                                    {econnrefused,
                                                                     [{lhttpc_client,
                                                                       send_request,
                                                                       1,
                                                                       [{file,
                                                                         "/home/couchbase/jenkins/workspace/watson-unix/couchdb/src/lhttpc/lhttpc_client.erl"},
                                                                        {line,
                                                                         220}]},
                                                                      {lhttpc_client,
                                                                       execute,
                                                                       9,
                                                                       [{file,
                                                                         "/home/couchbase/jenkins/workspace/watson-unix/couchdb/src/lhttpc/lhttpc_client.erl"},
                                                                        {line,
                                                                         169}]},
                                                                      {lhttpc_client,
                                                                       request,
                                                                       9,
                                                                       [{file,
                                                                         "/home/couchbase/jenkins/workspace/watson-unix/couchdb/src/lhttpc/lhttpc_client.erl"},
                                                                        {line,
                                                                         92}]}]}}},
                                                                  [{query_rest,
                                                                    send,3,
                                                                    [{file,
                                                                      "src/query_rest.erl"},
                                                                     {line,
                                                                      64}]},
                                                                   {query_rest,
                                                                    do_get_stats,
                                                                    0,
                                                                    [{file,
                                                                      "src/query_rest.erl"},
                                                                     {line,
                                                                      43}]},
                                                                   {base_stats_collector,
                                                                    handle_info,
                                                                    2,
                                                                    [{file,
                                                                      "src/base_stats_collector.erl"},
                                                                     {line,
                                                                      89}]},
                                                                   {gen_server,
                                                                    handle_msg,
                                                                    5,
                                                                    [{file,
                                                                      "gen_server.erl"},
                                                                     {line,
                                                                      604}]},
                                                                   {proc_lib,
                                                                    init_p_do_apply,
                                                                    3,
                                                                    [{file,
                                                                      "proc_lib.erl"},
                                                                     {line,
                                                                      239}]}]}

[ns_server:error,2021-04-19T19:46:02.229Z,ns_1@127.0.0.1:index_stats_collector-index<0.522.0>:index_rest:get_json:42]Request to (indexer) http://127.0.0.1:9102/stats?async=true failed: {error,
                                                                     {econnrefused,
                                                                      [{lhttpc_client,
                                                                        send_request,
                                                                        1,
                                                                        [{file,
                                                                          "/home/couchbase/jenkins/workspace/watson-unix/couchdb/src/lhttpc/lhttpc_client.erl"},
                                                                         {line,
                                                                          220}]},
                                                                       {lhttpc_client,
                                                                        execute,
                                                                        9,
                                                                        [{file,
                                                                          "/home/couchbase/jenkins/workspace/watson-unix/couchdb/src/lhttpc/lhttpc_client.erl"},
                                                                         {line,
                                                                          169}]},
                                                                       {lhttpc_client,
                                                                        request,
                                                                        9,
                                                                        [{file,
                                                                          "/home/couchbase/jenkins/workspace/watson-unix/couchdb/src/lhttpc/lhttpc_client.erl"},
                                                                         {line,
                                                                          92}]}]}}
[stats:error,2021-04-19T19:46:02.230Z,ns_1@127.0.0.1:query_stats_collector<0.381.0>:base_stats_collector:handle_info:109](Collector: query_stats_collector) Exception in stats collector: {error,
                                                                  {badmatch,
                                                                   {error,
                                                                    {econnrefused,
                                                                     [{lhttpc_client,
                                                                       send_request,
                                                                       1,
                                                                       [{file,
                                                                         "/home/couchbase/jenkins/workspace/watson-unix/couchdb/src/lhttpc/lhttpc_client.erl"},
                                                                        {line,
                                                                         220}]},
                                                                      {lhttpc_client,
                                                                       execute,
                                                                       9,
                                                                       [{file,
                                                                         "/home/couchbase/jenkins/workspace/watson-unix/couchdb/src/lhttpc/lhttpc_client.erl"},
                                                                        {line,
                                                                         169}]},
                                                                      {lhttpc_client,
                                                                       request,
                                                                       9,
                                                                       [{file,
                                                                         "/home/couchbase/jenkins/workspace/watson-unix/couchdb/src/lhttpc/lhttpc_client.erl"},
                                                                        {line,
                                                                         92}]}]}}},
                                                                  [{query_rest,
                                                                    send,3,
                                                                    [{file,
                                                                      "src/query_rest.erl"},
                                                                     {line,
                                                                      64}]},
                                                                   {query_rest,
                                                                    do_get_stats,
                                                                    0,
                                                                    [{file,
                                                                      "src/query_rest.erl"},
                                                                     {line,
                                                                      43}]},
                                                                   {base_stats_collector,
                                                                    handle_info,
                                                                    2,
                                                                    [{file,
                                                                      "src/base_stats_collector.erl"},
                                                                     {line,
                                                                      89}]},
                                                                   {gen_server,
                                                                    handle_msg,
                                                                    5,
                                                                    [{file,
                                                                      "gen_server.erl"},
                                                                     {line,
                                                                      604}]},
                                                                   {proc_lib,
                                                                    init_p_do_apply,
                                                                    3,
                                                                    [{file,
                                                                      "proc_lib.erl"},
                                                                     {line,
                                                                      239}]}]}

[stats:error,2021-04-19T19:46:03.230Z,ns_1@127.0.0.1:query_stats_collector<0.381.0>:base_stats_collector:handle_info:109](Collector: query_stats_collector) Exception in stats collector: {error,
                                                                  {badmatch,
                                                                   {error,
                                                                    {econnrefused,
                                                                     [{lhttpc_client,
                                                                       send_request,
                                                                       1,
                                                                       [{file,
                                                                         "/home/couchbase/jenkins/workspace/watson-unix/couchdb/src/lhttpc/lhttpc_client.erl"},
                                                                        {line,
                                                                         220}]},
                                                                      {lhttpc_client,
                                                                       execute,
                                                                       9,
                                                                       [{file,
                                                                         "/home/couchbase/jenkins/workspace/watson-unix/couchdb/src/lhttpc/lhttpc_client.erl"},
                                                                        {line,
                                                                         169}]},
                                                                      {lhttpc_client,
                                                                       request,
                                                                       9,
                                                                       [{file,
                                                                         "/home/couchbase/jenkins/workspace/watson-unix/couchdb/src/lhttpc/lhttpc_client.erl"},
                                                                        {line,
                                                                         92}]}]}}},
                                                                  [{query_rest,
                                                                    send,3,
                                                                    [{file,
                                                                      "src/query_rest.erl"},
                                                                     {line,
                                                                      64}]},
                                                                   {query_rest,
                                                                    do_get_stats,
                                                                    0,
                                                                    [{file,
                                                                      "src/query_rest.erl"},
                                                                     {line,
                                                                      43}]},
                                                                   {base_stats_collector,
                                                                    handle_info,
                                                                    2,
                                                                    [{file,
                                                                      "src/base_stats_collector.erl"},
                                                                     {line,
                                                                      89}]},
                                                                   {gen_server,
                                                                    handle_msg,
                                                                    5,
                                                                    [{file,
                                                                      "gen_server.erl"},
                                                                     {line,
                                                                      604}]},
                                                                   {proc_lib,
                                                                    init_p_do_apply,
                                                                    3,
                                                                    [{file,
                                                                      "proc_lib.erl"},
                                                                     {line,
                                                                      239}]}]}

[ns_server:error,2021-04-19T19:46:03.231Z,ns_1@127.0.0.1:index_stats_collector-index<0.522.0>:index_rest:get_json:42]Request to (indexer) http://127.0.0.1:9102/stats?async=true failed: {error,
                                                                     {econnrefused,
                                                                      [{lhttpc_client,
                                                                        send_request,
                                                                        1,
                                                                        [{file,
                                                                          "/home/couchbase/jenkins/workspace/watson-unix/couchdb/src/lhttpc/lhttpc_client.erl"},
                                                                         {line,
                                                                          220}]},
                                                                       {lhttpc_client,
                                                                        execute,
                                                                        9,
                                                                        [{file,
                                                                          "/home/couchbase/jenkins/workspace/watson-unix/couchdb/src/lhttpc/lhttpc_client.erl"},
                                                                         {line,
                                                                          169}]},
                                                                       {lhttpc_client,
                                                                        request,
                                                                        9,
                                                                        [{file,
                                                                          "/home/couchbase/jenkins/workspace/watson-unix/couchdb/src/lhttpc/lhttpc_client.erl"},
                                                                         {line,
                                                                          92}]}]}}
[ns_server:error,2021-04-19T19:52:27.096Z,ns_1@127.0.0.1:index_status_keeper_worker<0.391.0>:index_rest:get_json:42]Request to (indexer) http://127.0.0.1:9102/getIndexStatus failed: {error,
                                                                   {econnrefused,
                                                                    [{lhttpc_client,
                                                                      send_request,
                                                                      1,
                                                                      [{file,
                                                                        "/home/couchbase/jenkins/workspace/watson-unix/couchdb/src/lhttpc/lhttpc_client.erl"},
                                                                       {line,
                                                                        220}]},
                                                                     {lhttpc_client,
                                                                      execute,
                                                                      9,
                                                                      [{file,
                                                                        "/home/couchbase/jenkins/workspace/watson-unix/couchdb/src/lhttpc/lhttpc_client.erl"},
                                                                       {line,
                                                                        169}]},
                                                                     {lhttpc_client,
                                                                      request,
                                                                      9,
                                                                      [{file,
                                                                        "/home/couchbase/jenkins/workspace/watson-unix/couchdb/src/lhttpc/lhttpc_client.erl"},
                                                                       {line,
                                                                        92}]}]}}
[stats:error,2021-04-19T19:52:28.240Z,ns_1@127.0.0.1:query_stats_collector<0.378.0>:base_stats_collector:handle_info:109](Collector: query_stats_collector) Exception in stats collector: {error,
                                                                  {badmatch,
                                                                   {error,
                                                                    {econnrefused,
                                                                     [{lhttpc_client,
                                                                       send_request,
                                                                       1,
                                                                       [{file,
                                                                         "/home/couchbase/jenkins/workspace/watson-unix/couchdb/src/lhttpc/lhttpc_client.erl"},
                                                                        {line,
                                                                         220}]},
                                                                      {lhttpc_client,
                                                                       execute,
                                                                       9,
                                                                       [{file,
                                                                         "/home/couchbase/jenkins/workspace/watson-unix/couchdb/src/lhttpc/lhttpc_client.erl"},
                                                                        {line,
                                                                         169}]},
                                                                      {lhttpc_client,
                                                                       request,
                                                                       9,
                                                                       [{file,
                                                                         "/home/couchbase/jenkins/workspace/watson-unix/couchdb/src/lhttpc/lhttpc_client.erl"},
                                                                        {line,
                                                                         92}]}]}}},
                                                                  [{query_rest,
                                                                    send,3,
                                                                    [{file,
                                                                      "src/query_rest.erl"},
                                                                     {line,
                                                                      64}]},
                                                                   {query_rest,
                                                                    do_get_stats,
                                                                    0,
                                                                    [{file,
                                                                      "src/query_rest.erl"},
                                                                     {line,
                                                                      43}]},
                                                                   {base_stats_collector,
                                                                    handle_info,
                                                                    2,
                                                                    [{file,
                                                                      "src/base_stats_collector.erl"},
                                                                     {line,
                                                                      89}]},
                                                                   {gen_server,
                                                                    handle_msg,
                                                                    5,
                                                                    [{file,
                                                                      "gen_server.erl"},
                                                                     {line,
                                                                      604}]},
                                                                   {proc_lib,
                                                                    init_p_do_apply,
                                                                    3,
                                                                    [{file,
                                                                      "proc_lib.erl"},
                                                                     {line,
                                                                      239}]}]}

[ns_server:error,2021-04-19T19:52:28.241Z,ns_1@127.0.0.1:index_stats_collector-index<0.401.0>:index_rest:get_json:42]Request to (indexer) http://127.0.0.1:9102/stats?async=true failed: {error,
                                                                     {econnrefused,
                                                                      [{lhttpc_client,
                                                                        send_request,
                                                                        1,
                                                                        [{file,
                                                                          "/home/couchbase/jenkins/workspace/watson-unix/couchdb/src/lhttpc/lhttpc_client.erl"},
                                                                         {line,
                                                                          220}]},
                                                                       {lhttpc_client,
                                                                        execute,
                                                                        9,
                                                                        [{file,
                                                                          "/home/couchbase/jenkins/workspace/watson-unix/couchdb/src/lhttpc/lhttpc_client.erl"},
                                                                         {line,
                                                                          169}]},
                                                                       {lhttpc_client,
                                                                        request,
                                                                        9,
                                                                        [{file,
                                                                          "/home/couchbase/jenkins/workspace/watson-unix/couchdb/src/lhttpc/lhttpc_client.erl"},
                                                                         {line,
                                                                          92}]}]}}
[ns_server:error,2021-04-19T19:52:29.238Z,ns_1@127.0.0.1:index_stats_collector-index<0.401.0>:index_rest:get_json:42]Request to (indexer) http://127.0.0.1:9102/stats?async=true failed: {error,
                                                                     {econnrefused,
                                                                      [{lhttpc_client,
                                                                        send_request,
                                                                        1,
                                                                        [{file,
                                                                          "/home/couchbase/jenkins/workspace/watson-unix/couchdb/src/lhttpc/lhttpc_client.erl"},
                                                                         {line,
                                                                          220}]},
                                                                       {lhttpc_client,
                                                                        execute,
                                                                        9,
                                                                        [{file,
                                                                          "/home/couchbase/jenkins/workspace/watson-unix/couchdb/src/lhttpc/lhttpc_client.erl"},
                                                                         {line,
                                                                          169}]},
                                                                       {lhttpc_client,
                                                                        request,
                                                                        9,
                                                                        [{file,
                                                                          "/home/couchbase/jenkins/workspace/watson-unix/couchdb/src/lhttpc/lhttpc_client.erl"},
                                                                         {line,
                                                                          92}]}]}}
[stats:error,2021-04-19T19:52:29.238Z,ns_1@127.0.0.1:query_stats_collector<0.378.0>:base_stats_collector:handle_info:109](Collector: query_stats_collector) Exception in stats collector: {error,
                                                                  {badmatch,
                                                                   {error,
                                                                    {econnrefused,
                                                                     [{lhttpc_client,
                                                                       send_request,
                                                                       1,
                                                                       [{file,
                                                                         "/home/couchbase/jenkins/workspace/watson-unix/couchdb/src/lhttpc/lhttpc_client.erl"},
                                                                        {line,
                                                                         220}]},
                                                                      {lhttpc_client,
                                                                       execute,
                                                                       9,
                                                                       [{file,
                                                                         "/home/couchbase/jenkins/workspace/watson-unix/couchdb/src/lhttpc/lhttpc_client.erl"},
                                                                        {line,
                                                                         169}]},
                                                                      {lhttpc_client,
                                                                       request,
                                                                       9,
                                                                       [{file,
                                                                         "/home/couchbase/jenkins/workspace/watson-unix/couchdb/src/lhttpc/lhttpc_client.erl"},
                                                                        {line,
                                                                         92}]}]}}},
                                                                  [{query_rest,
                                                                    send,3,
                                                                    [{file,
                                                                      "src/query_rest.erl"},
                                                                     {line,
                                                                      64}]},
                                                                   {query_rest,
                                                                    do_get_stats,
                                                                    0,
                                                                    [{file,
                                                                      "src/query_rest.erl"},
                                                                     {line,
                                                                      43}]},
                                                                   {base_stats_collector,
                                                                    handle_info,
                                                                    2,
                                                                    [{file,
                                                                      "src/base_stats_collector.erl"},
                                                                     {line,
                                                                      89}]},
                                                                   {gen_server,
                                                                    handle_msg,
                                                                    5,
                                                                    [{file,
                                                                      "gen_server.erl"},
                                                                     {line,
                                                                      604}]},
                                                                   {proc_lib,
                                                                    init_p_do_apply,
                                                                    3,
                                                                    [{file,
                                                                      "proc_lib.erl"},
                                                                     {line,
                                                                      239}]}]}

[ns_server:error,2021-04-19T19:54:15.276Z,ns_1@127.0.0.1:index_status_keeper_worker<0.395.0>:index_rest:get_json:42]Request to (indexer) http://127.0.0.1:9102/getIndexStatus failed: {error,
                                                                   {econnrefused,
                                                                    [{lhttpc_client,
                                                                      send_request,
                                                                      1,
                                                                      [{file,
                                                                        "/home/couchbase/jenkins/workspace/watson-unix/couchdb/src/lhttpc/lhttpc_client.erl"},
                                                                       {line,
                                                                        220}]},
                                                                     {lhttpc_client,
                                                                      execute,
                                                                      9,
                                                                      [{file,
                                                                        "/home/couchbase/jenkins/workspace/watson-unix/couchdb/src/lhttpc/lhttpc_client.erl"},
                                                                       {line,
                                                                        169}]},
                                                                     {lhttpc_client,
                                                                      request,
                                                                      9,
                                                                      [{file,
                                                                        "/home/couchbase/jenkins/workspace/watson-unix/couchdb/src/lhttpc/lhttpc_client.erl"},
                                                                       {line,
                                                                        92}]}]}}
[ns_server:error,2021-04-19T19:54:16.405Z,ns_1@127.0.0.1:index_stats_collector-index<0.405.0>:index_rest:get_json:42]Request to (indexer) http://127.0.0.1:9102/stats?async=true failed: {error,
                                                                     {econnrefused,
                                                                      [{lhttpc_client,
                                                                        send_request,
                                                                        1,
                                                                        [{file,
                                                                          "/home/couchbase/jenkins/workspace/watson-unix/couchdb/src/lhttpc/lhttpc_client.erl"},
                                                                         {line,
                                                                          220}]},
                                                                       {lhttpc_client,
                                                                        execute,
                                                                        9,
                                                                        [{file,
                                                                          "/home/couchbase/jenkins/workspace/watson-unix/couchdb/src/lhttpc/lhttpc_client.erl"},
                                                                         {line,
                                                                          169}]},
                                                                       {lhttpc_client,
                                                                        request,
                                                                        9,
                                                                        [{file,
                                                                          "/home/couchbase/jenkins/workspace/watson-unix/couchdb/src/lhttpc/lhttpc_client.erl"},
                                                                         {line,
                                                                          92}]}]}}
[stats:error,2021-04-19T19:54:16.405Z,ns_1@127.0.0.1:query_stats_collector<0.382.0>:base_stats_collector:handle_info:109](Collector: query_stats_collector) Exception in stats collector: {error,
                                                                  {badmatch,
                                                                   {error,
                                                                    {econnrefused,
                                                                     [{lhttpc_client,
                                                                       send_request,
                                                                       1,
                                                                       [{file,
                                                                         "/home/couchbase/jenkins/workspace/watson-unix/couchdb/src/lhttpc/lhttpc_client.erl"},
                                                                        {line,
                                                                         220}]},
                                                                      {lhttpc_client,
                                                                       execute,
                                                                       9,
                                                                       [{file,
                                                                         "/home/couchbase/jenkins/workspace/watson-unix/couchdb/src/lhttpc/lhttpc_client.erl"},
                                                                        {line,
                                                                         169}]},
                                                                      {lhttpc_client,
                                                                       request,
                                                                       9,
                                                                       [{file,
                                                                         "/home/couchbase/jenkins/workspace/watson-unix/couchdb/src/lhttpc/lhttpc_client.erl"},
                                                                        {line,
                                                                         92}]}]}}},
                                                                  [{query_rest,
                                                                    send,3,
                                                                    [{file,
                                                                      "src/query_rest.erl"},
                                                                     {line,
                                                                      64}]},
                                                                   {query_rest,
                                                                    do_get_stats,
                                                                    0,
                                                                    [{file,
                                                                      "src/query_rest.erl"},
                                                                     {line,
                                                                      43}]},
                                                                   {base_stats_collector,
                                                                    handle_info,
                                                                    2,
                                                                    [{file,
                                                                      "src/base_stats_collector.erl"},
                                                                     {line,
                                                                      89}]},
                                                                   {gen_server,
                                                                    handle_msg,
                                                                    5,
                                                                    [{file,
                                                                      "gen_server.erl"},
                                                                     {line,
                                                                      604}]},
                                                                   {proc_lib,
                                                                    init_p_do_apply,
                                                                    3,
                                                                    [{file,
                                                                      "proc_lib.erl"},
                                                                     {line,
                                                                      239}]}]}

[ns_server:error,2021-04-19T19:54:17.406Z,ns_1@127.0.0.1:index_stats_collector-index<0.405.0>:index_rest:get_json:42]Request to (indexer) http://127.0.0.1:9102/stats?async=true failed: {error,
                                                                     {econnrefused,
                                                                      [{lhttpc_client,
                                                                        send_request,
                                                                        1,
                                                                        [{file,
                                                                          "/home/couchbase/jenkins/workspace/watson-unix/couchdb/src/lhttpc/lhttpc_client.erl"},
                                                                         {line,
                                                                          220}]},
                                                                       {lhttpc_client,
                                                                        execute,
                                                                        9,
                                                                        [{file,
                                                                          "/home/couchbase/jenkins/workspace/watson-unix/couchdb/src/lhttpc/lhttpc_client.erl"},
                                                                         {line,
                                                                          169}]},
                                                                       {lhttpc_client,
                                                                        request,
                                                                        9,
                                                                        [{file,
                                                                          "/home/couchbase/jenkins/workspace/watson-unix/couchdb/src/lhttpc/lhttpc_client.erl"},
                                                                         {line,
                                                                          92}]}]}}
[stats:error,2021-04-19T19:54:17.406Z,ns_1@127.0.0.1:query_stats_collector<0.382.0>:base_stats_collector:handle_info:109](Collector: query_stats_collector) Exception in stats collector: {error,
                                                                  {badmatch,
                                                                   {error,
                                                                    {econnrefused,
                                                                     [{lhttpc_client,
                                                                       send_request,
                                                                       1,
                                                                       [{file,
                                                                         "/home/couchbase/jenkins/workspace/watson-unix/couchdb/src/lhttpc/lhttpc_client.erl"},
                                                                        {line,
                                                                         220}]},
                                                                      {lhttpc_client,
                                                                       execute,
                                                                       9,
                                                                       [{file,
                                                                         "/home/couchbase/jenkins/workspace/watson-unix/couchdb/src/lhttpc/lhttpc_client.erl"},
                                                                        {line,
                                                                         169}]},
                                                                      {lhttpc_client,
                                                                       request,
                                                                       9,
                                                                       [{file,
                                                                         "/home/couchbase/jenkins/workspace/watson-unix/couchdb/src/lhttpc/lhttpc_client.erl"},
                                                                        {line,
                                                                         92}]}]}}},
                                                                  [{query_rest,
                                                                    send,3,
                                                                    [{file,
                                                                      "src/query_rest.erl"},
                                                                     {line,
                                                                      64}]},
                                                                   {query_rest,
                                                                    do_get_stats,
                                                                    0,
                                                                    [{file,
                                                                      "src/query_rest.erl"},
                                                                     {line,
                                                                      43}]},
                                                                   {base_stats_collector,
                                                                    handle_info,
                                                                    2,
                                                                    [{file,
                                                                      "src/base_stats_collector.erl"},
                                                                     {line,
                                                                      89}]},
                                                                   {gen_server,
                                                                    handle_msg,
                                                                    5,
                                                                    [{file,
                                                                      "gen_server.erl"},
                                                                     {line,
                                                                      604}]},
                                                                   {proc_lib,
                                                                    init_p_do_apply,
                                                                    3,
                                                                    [{file,
                                                                      "proc_lib.erl"},
                                                                     {line,
                                                                      239}]}]}

[ns_server:error,2021-04-19T19:54:18.405Z,ns_1@127.0.0.1:index_stats_collector-index<0.405.0>:index_rest:get_json:42]Request to (indexer) http://127.0.0.1:9102/stats?async=true failed: {error,
                                                                     {econnrefused,
                                                                      [{lhttpc_client,
                                                                        send_request,
                                                                        1,
                                                                        [{file,
                                                                          "/home/couchbase/jenkins/workspace/watson-unix/couchdb/src/lhttpc/lhttpc_client.erl"},
                                                                         {line,
                                                                          220}]},
                                                                       {lhttpc_client,
                                                                        execute,
                                                                        9,
                                                                        [{file,
                                                                          "/home/couchbase/jenkins/workspace/watson-unix/couchdb/src/lhttpc/lhttpc_client.erl"},
                                                                         {line,
                                                                          169}]},
                                                                       {lhttpc_client,
                                                                        request,
                                                                        9,
                                                                        [{file,
                                                                          "/home/couchbase/jenkins/workspace/watson-unix/couchdb/src/lhttpc/lhttpc_client.erl"},
                                                                         {line,
                                                                          92}]}]}}
[ns_server:error,2021-04-19T20:01:55.683Z,ns_1@127.0.0.1:index_status_keeper_worker<0.400.0>:index_rest:get_json:42]Request to (indexer) http://127.0.0.1:9102/getIndexStatus failed: {error,
                                                                   {econnrefused,
                                                                    [{lhttpc_client,
                                                                      send_request,
                                                                      1,
                                                                      [{file,
                                                                        "/home/couchbase/jenkins/workspace/watson-unix/couchdb/src/lhttpc/lhttpc_client.erl"},
                                                                       {line,
                                                                        220}]},
                                                                     {lhttpc_client,
                                                                      execute,
                                                                      9,
                                                                      [{file,
                                                                        "/home/couchbase/jenkins/workspace/watson-unix/couchdb/src/lhttpc/lhttpc_client.erl"},
                                                                       {line,
                                                                        169}]},
                                                                     {lhttpc_client,
                                                                      request,
                                                                      9,
                                                                      [{file,
                                                                        "/home/couchbase/jenkins/workspace/watson-unix/couchdb/src/lhttpc/lhttpc_client.erl"},
                                                                       {line,
                                                                        92}]}]}}
[stats:error,2021-04-19T20:01:56.779Z,ns_1@127.0.0.1:query_stats_collector<0.387.0>:base_stats_collector:handle_info:109](Collector: query_stats_collector) Exception in stats collector: {error,
                                                                  {badmatch,
                                                                   {error,
                                                                    {econnrefused,
                                                                     [{lhttpc_client,
                                                                       send_request,
                                                                       1,
                                                                       [{file,
                                                                         "/home/couchbase/jenkins/workspace/watson-unix/couchdb/src/lhttpc/lhttpc_client.erl"},
                                                                        {line,
                                                                         220}]},
                                                                      {lhttpc_client,
                                                                       execute,
                                                                       9,
                                                                       [{file,
                                                                         "/home/couchbase/jenkins/workspace/watson-unix/couchdb/src/lhttpc/lhttpc_client.erl"},
                                                                        {line,
                                                                         169}]},
                                                                      {lhttpc_client,
                                                                       request,
                                                                       9,
                                                                       [{file,
                                                                         "/home/couchbase/jenkins/workspace/watson-unix/couchdb/src/lhttpc/lhttpc_client.erl"},
                                                                        {line,
                                                                         92}]}]}}},
                                                                  [{query_rest,
                                                                    send,3,
                                                                    [{file,
                                                                      "src/query_rest.erl"},
                                                                     {line,
                                                                      64}]},
                                                                   {query_rest,
                                                                    do_get_stats,
                                                                    0,
                                                                    [{file,
                                                                      "src/query_rest.erl"},
                                                                     {line,
                                                                      43}]},
                                                                   {base_stats_collector,
                                                                    handle_info,
                                                                    2,
                                                                    [{file,
                                                                      "src/base_stats_collector.erl"},
                                                                     {line,
                                                                      89}]},
                                                                   {gen_server,
                                                                    handle_msg,
                                                                    5,
                                                                    [{file,
                                                                      "gen_server.erl"},
                                                                     {line,
                                                                      604}]},
                                                                   {proc_lib,
                                                                    init_p_do_apply,
                                                                    3,
                                                                    [{file,
                                                                      "proc_lib.erl"},
                                                                     {line,
                                                                      239}]}]}

[ns_server:error,2021-04-19T20:01:56.780Z,ns_1@127.0.0.1:index_stats_collector-index<0.410.0>:index_rest:get_json:42]Request to (indexer) http://127.0.0.1:9102/stats?async=true failed: {error,
                                                                     {econnrefused,
                                                                      [{lhttpc_client,
                                                                        send_request,
                                                                        1,
                                                                        [{file,
                                                                          "/home/couchbase/jenkins/workspace/watson-unix/couchdb/src/lhttpc/lhttpc_client.erl"},
                                                                         {line,
                                                                          220}]},
                                                                       {lhttpc_client,
                                                                        execute,
                                                                        9,
                                                                        [{file,
                                                                          "/home/couchbase/jenkins/workspace/watson-unix/couchdb/src/lhttpc/lhttpc_client.erl"},
                                                                         {line,
                                                                          169}]},
                                                                       {lhttpc_client,
                                                                        request,
                                                                        9,
                                                                        [{file,
                                                                          "/home/couchbase/jenkins/workspace/watson-unix/couchdb/src/lhttpc/lhttpc_client.erl"},
                                                                         {line,
                                                                          92}]}]}}
[ns_server:error,2021-04-19T20:01:57.779Z,ns_1@127.0.0.1:index_stats_collector-index<0.410.0>:index_rest:get_json:42]Request to (indexer) http://127.0.0.1:9102/stats?async=true failed: {error,
                                                                     {econnrefused,
                                                                      [{lhttpc_client,
                                                                        send_request,
                                                                        1,
                                                                        [{file,
                                                                          "/home/couchbase/jenkins/workspace/watson-unix/couchdb/src/lhttpc/lhttpc_client.erl"},
                                                                         {line,
                                                                          220}]},
                                                                       {lhttpc_client,
                                                                        execute,
                                                                        9,
                                                                        [{file,
                                                                          "/home/couchbase/jenkins/workspace/watson-unix/couchdb/src/lhttpc/lhttpc_client.erl"},
                                                                         {line,
                                                                          169}]},
                                                                       {lhttpc_client,
                                                                        request,
                                                                        9,
                                                                        [{file,
                                                                          "/home/couchbase/jenkins/workspace/watson-unix/couchdb/src/lhttpc/lhttpc_client.erl"},
                                                                         {line,
                                                                          92}]}]}}
