2021-04-19T19:46:03.796+00:00 [Info] Projector started with command line: [/opt/couchbase/bin/projector -kvaddrs=127.0.0.1:11210 -adminport=:9999 -diagDir=/opt/couchbase/var/lib/couchbase/crash 127.0.0.1:8091]
2021-04-19T19:46:03.796+00:00 [Info] Parsing the args
2021-04-19T19:46:03.799+00:00 [Info] uid: 1000; gid: 1000; hostname: 1ed2881273e0
2021-04-19T19:46:03.799+00:00 [Info] amd64 linux; cpus: 8; GOMAXPROCS: 8; version: go1.6.3
2021-04-19T19:46:03.809+00:00 [Info]  changing GOGC percentage from 100 to 100
2021-04-19T19:46:03.809+00:00 [Info] amd64 linux; cpus: 8; GOMAXPROCS: 8; version: go1.6.3
2021-04-19T19:46:03.810+00:00 [Info] PROJ[:9999] changing GOGC percentage from 100 to 100
2021-04-19T19:46:03.811+00:00 [Info] PROJ[:9999] started ...
2021-04-19T19:46:03.811+00:00 [Info] pram[:9999] registered /adminport/vbmapRequest
2021-04-19T19:46:03.811+00:00 [Info] pram[:9999] registered /adminport/failoverLogRequest
2021-04-19T19:46:03.811+00:00 [Info] pram[:9999] registered /adminport/mutationTopicRequest
2021-04-19T19:46:03.811+00:00 [Info] pram[:9999] registered /adminport/restartVbucketsRequest
2021-04-19T19:46:03.811+00:00 [Info] pram[:9999] registered /adminport/shutdownVbucketsRequest
2021-04-19T19:46:03.811+00:00 [Info] pram[:9999] registered /adminport/addBucketsRequest
2021-04-19T19:46:03.811+00:00 [Info] pram[:9999] registered /adminport/delBucketsRequest
2021-04-19T19:46:03.811+00:00 [Info] pram[:9999] registered /adminport/addInstancesRequest
2021-04-19T19:46:03.811+00:00 [Info] pram[:9999] registered /adminport/delInstancesRequest
2021-04-19T19:46:03.811+00:00 [Info] pram[:9999] registered /adminport/repairEndpointsRequest
2021-04-19T19:46:03.811+00:00 [Info] pram[:9999] registered /adminport/shutdownTopicRequest
2021-04-19T19:46:03.811+00:00 [Info] pram[:9999] registered /adminport/stats
2021-04-19T19:46:03.811+00:00 [Info] pram[:9999] registered handler-func /stats
2021-04-19T19:46:03.811+00:00 [Info] pram[:9999] registered handler-func /settings
2021-04-19T19:46:03.811+00:00 [Info] pram[:9999] registered handler-func /debug/pprof
2021-04-19T19:46:03.811+00:00 [Info] pram[:9999] registered handler-obj /debug/pprof/block
2021-04-19T19:46:03.811+00:00 [Info] pram[:9999] registered handler-obj /debug/pprof/goroutine
2021-04-19T19:46:03.811+00:00 [Info] pram[:9999] registered handler-obj /debug/pprof/heap
2021-04-19T19:46:03.811+00:00 [Info] pram[:9999] registered handler-obj /debug/pprof/threadcreate
2021-04-19T19:46:03.811+00:00 [Info] pram[:9999] registered handler-obj /debug/pprof/profile
2021-04-19T19:46:03.811+00:00 [Info] MSAT starting with 60000 tick ...
2021-04-19T19:46:03.812+00:00 [Info] pram[:9999] starting ...
2021-04-19T19:46:03.815+00:00 [Info] New settings received: 
{"indexer.settings.compaction.days_of_week":"Sunday,Monday,Tuesday,Wednesday,Thursday,Friday,Saturday","indexer.settings.compaction.interval":"00:00,00:00","indexer.settings.compaction.compaction_mode":"circular","indexer.settings.persisted_snapshot.interval":5000,"indexer.settings.log_level":"info","indexer.settings.compaction.min_frag":30,"indexer.settings.inmemory_snapshot.interval":200,"indexer.settings.max_cpu_percent":0,"indexer.settings.storage_mode":"memory_optimized","indexer.settings.recovery.max_rollbacks":5,"indexer.settings.memory_quota":314572800,"indexer.settings.compaction.abort_exceed_interval":false}
2021-04-19T19:46:03.816+00:00 [Info] PROJ[:9999] settings notifier from metakv
2021-04-19T19:46:03.816+00:00 [Info] PROJ[:9999] settings indexer.settings.memProfFname will updated to ``
2021-04-19T19:46:03.816+00:00 [Info] PROJ[:9999] settings indexer.settings.inmemory_snapshot.moi.interval will updated to `20`
2021-04-19T19:46:03.816+00:00 [Info] PROJ[:9999] settings indexer.settings.fast_flush_mode will updated to `true`
2021-04-19T19:46:03.816+00:00 [Info] PROJ[:9999] settings indexer.settings.storage_mode will updated to `memory_optimized`
2021-04-19T19:46:03.816+00:00 [Info] PROJ[:9999] settings indexer.settings.compaction.compaction_mode will updated to `circular`
2021-04-19T19:46:03.816+00:00 [Info] PROJ[:9999] settings indexer.settings.persisted_snapshot_init_build.fdb.interval will updated to `5000`
2021-04-19T19:46:03.816+00:00 [Info] PROJ[:9999] settings indexer.settings.moi.debug will updated to `false`
2021-04-19T19:46:03.816+00:00 [Info] PROJ[:9999] settings indexer.settings.compaction.interval will updated to `00:00,00:00`
2021-04-19T19:46:03.816+00:00 [Info] PROJ[:9999] settings indexer.settings.log_level will updated to `info`
2021-04-19T19:46:03.816+00:00 [Warn] PROJ[:9999] immutable settings queryport.client.settings.poolOverflow cannot be update to `30`
2021-04-19T19:46:03.816+00:00 [Info] PROJ[:9999] settings indexer.settings.compaction.abort_exceed_interval will updated to `false`
2021-04-19T19:46:03.816+00:00 [Info] PROJ[:9999] settings indexer.settings.smallSnapshotThreshold will updated to `30`
2021-04-19T19:46:03.816+00:00 [Info] PROJ[:9999] settings indexer.settings.persisted_snapshot_init_build.interval will updated to `5000`
2021-04-19T19:46:03.816+00:00 [Info] PROJ[:9999] settings indexer.settings.inmemory_snapshot.fdb.interval will updated to `200`
2021-04-19T19:46:03.816+00:00 [Info] PROJ[:9999] settings indexer.settings.persisted_snapshot.interval will updated to `5000`
2021-04-19T19:46:03.816+00:00 [Info] PROJ[:9999] settings indexer.settings.cpuProfile will updated to `false`
2021-04-19T19:46:03.816+00:00 [Info] PROJ[:9999] settings indexer.settings.moi.persistence_threads will updated to `16`
2021-04-19T19:46:03.816+00:00 [Info] PROJ[:9999] settings indexer.settings.compaction.days_of_week will updated to `Sunday,Monday,Tuesday,Wednesday,Thursday,Friday,Saturday`
2021-04-19T19:46:03.816+00:00 [Info] PROJ[:9999] settings indexer.settings.wal_size will updated to `4096`
2021-04-19T19:46:03.816+00:00 [Info] PROJ[:9999] settings indexer.settings.statsLogDumpInterval will updated to `60`
2021-04-19T19:46:03.816+00:00 [Info] PROJ[:9999] settings indexer.settings.bufferPoolBlockSize will updated to `16384`
2021-04-19T19:46:03.816+00:00 [Info] PROJ[:9999] settings indexer.settings.recovery.max_rollbacks will updated to `5`
2021-04-19T19:46:03.816+00:00 [Warn] PROJ[:9999] immutable settings queryport.client.settings.poolSize cannot be update to `1000`
2021-04-19T19:46:03.816+00:00 [Info] PROJ[:9999] settings indexer.settings.memory_quota will updated to `314572800`
2021-04-19T19:46:03.816+00:00 [Info] PROJ[:9999] settings indexer.settings.max_array_seckey_size will updated to `10240`
2021-04-19T19:46:03.816+00:00 [Info] PROJ[:9999] settings indexer.settings.max_writer_lock_prob will updated to `20`
2021-04-19T19:46:03.816+00:00 [Warn] PROJ[:9999] immutable settings indexer.settings.send_buffer_size cannot be update to `1024`
2021-04-19T19:46:03.816+00:00 [Info] PROJ[:9999] settings indexer.settings.memProfile will updated to `false`
2021-04-19T19:46:03.816+00:00 [Info] PROJ[:9999] settings indexer.settings.largeSnapshotThreshold will updated to `200`
2021-04-19T19:46:03.816+00:00 [Info] PROJ[:9999] settings indexer.settings.inmemory_snapshot.interval will updated to `200`
2021-04-19T19:46:03.816+00:00 [Info] PROJ[:9999] settings indexer.settings.sliceBufSize will updated to `50000`
2021-04-19T19:46:03.816+00:00 [Info] PROJ[:9999] settings indexer.settings.gc_percent will updated to `100`
2021-04-19T19:46:03.816+00:00 [Warn] PROJ[:9999] immutable settings indexer.settings.scan_timeout cannot be update to `120000`
2021-04-19T19:46:03.816+00:00 [Info] PROJ[:9999] settings indexer.settings.persisted_snapshot.moi.interval will updated to `600000`
2021-04-19T19:46:03.816+00:00 [Info] PROJ[:9999] settings indexer.settings.compaction.check_period will updated to `30`
2021-04-19T19:46:03.816+00:00 [Info] PROJ[:9999] settings indexer.settings.persisted_snapshot_init_build.moi.interval will updated to `600000`
2021-04-19T19:46:03.816+00:00 [Info] PROJ[:9999] settings projector.settings.log_level will updated to `info`
2021-04-19T19:46:03.816+00:00 [Info] PROJ[:9999] settings indexer.settings.persisted_snapshot.fdb.interval will updated to `5000`
2021-04-19T19:46:03.816+00:00 [Info] PROJ[:9999] settings indexer.settings.max_cpu_percent will updated to `0`
2021-04-19T19:46:03.816+00:00 [Info] PROJ[:9999] settings indexer.settings.minVbQueueLength will updated to `250`
2021-04-19T19:46:03.816+00:00 [Info] PROJ[:9999] settings indexer.settings.maxVbQueueLength will updated to `0`
2021-04-19T19:46:03.816+00:00 [Info] PROJ[:9999] settings indexer.settings.cpuProfFname will updated to ``
2021-04-19T19:46:03.816+00:00 [Info] PROJ[:9999] settings indexer.settings.moi.recovery_threads will updated to `8`
2021-04-19T19:46:03.816+00:00 [Info] PROJ[:9999] settings indexer.settings.compaction.min_size will updated to `524288000`
2021-04-19T19:46:03.816+00:00 [Info] PROJ[:9999] settings indexer.settings.compaction.min_frag will updated to `30`
2021-04-19T19:46:03.816+00:00 [Info] PROJ[:9999] settings indexer.settings.scan_getseqnos_retries will updated to `30`
2021-04-19T19:46:03.816+00:00 [Info] amd64 linux; cpus: 8; GOMAXPROCS: 8; version: go1.6.3
2021-04-19T19:46:04.161+00:00 [Info] pram[:9999] Request "/adminport/shutdownTopicRequest"
2021-04-19T19:46:04.161+00:00 [Info] PROJ[:9999] ##1 doShutdownTopic() "MAINT_STREAM_TOPIC_e4:e5:e4:5:67:66:12:b9"
2021-04-19T19:46:04.161+00:00 [Error] PROJ[:9999] ##1 acquireFeed(): projector.topicMissing
2021-04-19T19:46:04.161+00:00 [Info] PROJ[:9999] ##1 doShutdownTopic() returns ...
2021-04-19T19:46:04.173+00:00 [Info] pram[:9999] Request "/adminport/shutdownTopicRequest"
2021-04-19T19:46:04.173+00:00 [Info] PROJ[:9999] ##2 doShutdownTopic() "INIT_STREAM_TOPIC_e4:e5:e4:5:67:66:12:b9"
2021-04-19T19:46:04.173+00:00 [Error] PROJ[:9999] ##2 acquireFeed(): projector.topicMissing
2021-04-19T19:46:04.173+00:00 [Info] PROJ[:9999] ##2 doShutdownTopic() returns ...
2021-04-19T19:47:03.815+00:00 [Info] memstats {"Alloc":766648, "TotalAlloc":1134456, "Sys":6064376, "Lookups":11, "Mallocs":7991,"Frees":1303, "HeapAlloc":766648, "HeapSys":2588672, "HeapIdle":1081344, "HeapInuse":1507328,"HeapReleased":0, "HeapObjects":6688,"GCSys":120832, "LastGC":1618861563810711100,"PauseTotalNs":7549000, "PauseNs":[6378600, 1170400], "NumGC":2}
2021-04-19T19:48:03.813+00:00 [Info] memstats {"Alloc":770392, "TotalAlloc":1138200, "Sys":6064376, "Lookups":11, "Mallocs":8028,"Frees":1312, "HeapAlloc":770392, "HeapSys":2555904, "HeapIdle":1048576, "HeapInuse":1507328,"HeapReleased":0, "HeapObjects":6716,"GCSys":120832, "LastGC":1618861563810711100,"PauseTotalNs":7549000, "PauseNs":[], "NumGC":2}
2021-04-19T19:52:28.552+00:00 [Info] Projector started with command line: [/opt/couchbase/bin/projector -kvaddrs=127.0.0.1:11210 -adminport=:9999 -diagDir=/opt/couchbase/var/lib/couchbase/crash 127.0.0.1:8091]
2021-04-19T19:52:28.557+00:00 [Info] Parsing the args
2021-04-19T19:52:28.562+00:00 [Info] uid: 1000; gid: 1000; hostname: f79e5fe099f9
2021-04-19T19:52:28.562+00:00 [Info] amd64 linux; cpus: 8; GOMAXPROCS: 8; version: go1.6.3
2021-04-19T19:52:28.659+00:00 [Info]  changing GOGC percentage from 100 to 100
2021-04-19T19:52:28.660+00:00 [Info] amd64 linux; cpus: 8; GOMAXPROCS: 8; version: go1.6.3
2021-04-19T19:52:28.664+00:00 [Info] PROJ[:9999] changing GOGC percentage from 100 to 100
2021-04-19T19:52:28.665+00:00 [Info] PROJ[:9999] started ...
2021-04-19T19:52:28.665+00:00 [Info] pram[:9999] registered /adminport/vbmapRequest
2021-04-19T19:52:28.666+00:00 [Info] pram[:9999] registered /adminport/failoverLogRequest
2021-04-19T19:52:28.668+00:00 [Info] pram[:9999] registered /adminport/mutationTopicRequest
2021-04-19T19:52:28.669+00:00 [Info] pram[:9999] registered /adminport/restartVbucketsRequest
2021-04-19T19:52:28.669+00:00 [Info] pram[:9999] registered /adminport/shutdownVbucketsRequest
2021-04-19T19:52:28.670+00:00 [Info] pram[:9999] registered /adminport/addBucketsRequest
2021-04-19T19:52:28.672+00:00 [Info] pram[:9999] registered /adminport/delBucketsRequest
2021-04-19T19:52:28.673+00:00 [Info] pram[:9999] registered /adminport/addInstancesRequest
2021-04-19T19:52:28.673+00:00 [Info] pram[:9999] registered /adminport/delInstancesRequest
2021-04-19T19:52:28.673+00:00 [Info] pram[:9999] registered /adminport/repairEndpointsRequest
2021-04-19T19:52:28.674+00:00 [Info] pram[:9999] registered /adminport/shutdownTopicRequest
2021-04-19T19:52:28.674+00:00 [Info] pram[:9999] registered /adminport/stats
2021-04-19T19:52:28.674+00:00 [Info] pram[:9999] registered handler-func /stats
2021-04-19T19:52:28.675+00:00 [Info] pram[:9999] registered handler-func /settings
2021-04-19T19:52:28.678+00:00 [Info] pram[:9999] registered handler-func /debug/pprof
2021-04-19T19:52:28.678+00:00 [Info] pram[:9999] registered handler-obj /debug/pprof/block
2021-04-19T19:52:28.679+00:00 [Info] pram[:9999] registered handler-obj /debug/pprof/goroutine
2021-04-19T19:52:28.679+00:00 [Info] pram[:9999] registered handler-obj /debug/pprof/heap
2021-04-19T19:52:28.679+00:00 [Info] pram[:9999] registered handler-obj /debug/pprof/threadcreate
2021-04-19T19:52:28.665+00:00 [Info] MSAT starting with 60000 tick ...
2021-04-19T19:52:28.679+00:00 [Info] pram[:9999] registered handler-obj /debug/pprof/profile
2021-04-19T19:52:28.679+00:00 [Info] pram[:9999] starting ...
2021-04-19T19:52:28.686+00:00 [Info] New settings received: 
{"indexer.settings.compaction.days_of_week":"Sunday,Monday,Tuesday,Wednesday,Thursday,Friday,Saturday","indexer.settings.compaction.interval":"00:00,00:00","indexer.settings.compaction.compaction_mode":"circular","indexer.settings.persisted_snapshot.interval":5000,"indexer.settings.log_level":"info","indexer.settings.compaction.min_frag":30,"indexer.settings.inmemory_snapshot.interval":200,"indexer.settings.max_cpu_percent":0,"indexer.settings.storage_mode":"memory_optimized","indexer.settings.recovery.max_rollbacks":5,"indexer.settings.memory_quota":314572800,"indexer.settings.compaction.abort_exceed_interval":false}
2021-04-19T19:52:28.686+00:00 [Info] PROJ[:9999] settings notifier from metakv
2021-04-19T19:52:28.686+00:00 [Info] PROJ[:9999] settings indexer.settings.bufferPoolBlockSize will updated to `16384`
2021-04-19T19:52:28.686+00:00 [Info] PROJ[:9999] settings indexer.settings.fast_flush_mode will updated to `true`
2021-04-19T19:52:28.686+00:00 [Info] PROJ[:9999] settings indexer.settings.compaction.days_of_week will updated to `Sunday,Monday,Tuesday,Wednesday,Thursday,Friday,Saturday`
2021-04-19T19:52:28.686+00:00 [Info] PROJ[:9999] settings indexer.settings.wal_size will updated to `4096`
2021-04-19T19:52:28.687+00:00 [Info] PROJ[:9999] settings indexer.settings.memory_quota will updated to `314572800`
2021-04-19T19:52:28.687+00:00 [Info] PROJ[:9999] settings indexer.settings.inmemory_snapshot.moi.interval will updated to `20`
2021-04-19T19:52:28.687+00:00 [Info] PROJ[:9999] settings indexer.settings.persisted_snapshot.interval will updated to `5000`
2021-04-19T19:52:28.687+00:00 [Info] PROJ[:9999] settings indexer.settings.inmemory_snapshot.fdb.interval will updated to `200`
2021-04-19T19:52:28.687+00:00 [Info] PROJ[:9999] settings indexer.settings.moi.recovery_threads will updated to `8`
2021-04-19T19:52:28.687+00:00 [Info] PROJ[:9999] settings indexer.settings.inmemory_snapshot.interval will updated to `200`
2021-04-19T19:52:28.687+00:00 [Info] PROJ[:9999] settings indexer.settings.persisted_snapshot_init_build.interval will updated to `5000`
2021-04-19T19:52:28.687+00:00 [Info] PROJ[:9999] settings indexer.settings.log_level will updated to `info`
2021-04-19T19:52:28.687+00:00 [Info] PROJ[:9999] settings indexer.settings.sliceBufSize will updated to `50000`
2021-04-19T19:52:28.687+00:00 [Info] PROJ[:9999] settings indexer.settings.max_cpu_percent will updated to `0`
2021-04-19T19:52:28.687+00:00 [Warn] PROJ[:9999] immutable settings indexer.settings.scan_timeout cannot be update to `120000`
2021-04-19T19:52:28.687+00:00 [Info] PROJ[:9999] settings indexer.settings.minVbQueueLength will updated to `250`
2021-04-19T19:52:28.687+00:00 [Info] PROJ[:9999] settings indexer.settings.storage_mode will updated to `memory_optimized`
2021-04-19T19:52:28.687+00:00 [Info] PROJ[:9999] settings indexer.settings.max_array_seckey_size will updated to `10240`
2021-04-19T19:52:28.687+00:00 [Info] PROJ[:9999] settings indexer.settings.smallSnapshotThreshold will updated to `30`
2021-04-19T19:52:28.687+00:00 [Info] PROJ[:9999] settings indexer.settings.persisted_snapshot_init_build.moi.interval will updated to `600000`
2021-04-19T19:52:28.687+00:00 [Info] PROJ[:9999] settings indexer.settings.gc_percent will updated to `100`
2021-04-19T19:52:28.687+00:00 [Info] PROJ[:9999] settings indexer.settings.compaction.min_frag will updated to `30`
2021-04-19T19:52:28.687+00:00 [Info] PROJ[:9999] settings indexer.settings.largeSnapshotThreshold will updated to `200`
2021-04-19T19:52:28.687+00:00 [Info] PROJ[:9999] settings indexer.settings.cpuProfile will updated to `false`
2021-04-19T19:52:28.687+00:00 [Info] PROJ[:9999] settings indexer.settings.persisted_snapshot_init_build.fdb.interval will updated to `5000`
2021-04-19T19:52:28.687+00:00 [Info] PROJ[:9999] settings indexer.settings.memProfFname will updated to ``
2021-04-19T19:52:28.687+00:00 [Info] PROJ[:9999] settings indexer.settings.moi.persistence_threads will updated to `16`
2021-04-19T19:52:28.687+00:00 [Info] PROJ[:9999] settings indexer.settings.compaction.interval will updated to `00:00,00:00`
2021-04-19T19:52:28.687+00:00 [Warn] PROJ[:9999] immutable settings queryport.client.settings.poolSize cannot be update to `1000`
2021-04-19T19:52:28.687+00:00 [Info] PROJ[:9999] settings projector.settings.log_level will updated to `info`
2021-04-19T19:52:28.687+00:00 [Info] PROJ[:9999] settings indexer.settings.max_writer_lock_prob will updated to `20`
2021-04-19T19:52:28.687+00:00 [Info] PROJ[:9999] settings indexer.settings.memProfile will updated to `false`
2021-04-19T19:52:28.687+00:00 [Info] PROJ[:9999] settings indexer.settings.compaction.compaction_mode will updated to `circular`
2021-04-19T19:52:28.687+00:00 [Info] PROJ[:9999] settings indexer.settings.cpuProfFname will updated to ``
2021-04-19T19:52:28.687+00:00 [Warn] PROJ[:9999] immutable settings queryport.client.settings.poolOverflow cannot be update to `30`
2021-04-19T19:52:28.687+00:00 [Info] PROJ[:9999] settings indexer.settings.persisted_snapshot.fdb.interval will updated to `5000`
2021-04-19T19:52:28.687+00:00 [Info] PROJ[:9999] settings indexer.settings.statsLogDumpInterval will updated to `60`
2021-04-19T19:52:28.687+00:00 [Info] PROJ[:9999] settings indexer.settings.scan_getseqnos_retries will updated to `30`
2021-04-19T19:52:28.687+00:00 [Info] PROJ[:9999] settings indexer.settings.maxVbQueueLength will updated to `0`
2021-04-19T19:52:28.687+00:00 [Info] PROJ[:9999] settings indexer.settings.persisted_snapshot.moi.interval will updated to `600000`
2021-04-19T19:52:28.687+00:00 [Info] PROJ[:9999] settings indexer.settings.compaction.abort_exceed_interval will updated to `false`
2021-04-19T19:52:28.687+00:00 [Info] PROJ[:9999] settings indexer.settings.moi.debug will updated to `false`
2021-04-19T19:52:28.687+00:00 [Info] PROJ[:9999] settings indexer.settings.recovery.max_rollbacks will updated to `5`
2021-04-19T19:52:28.687+00:00 [Info] PROJ[:9999] settings indexer.settings.compaction.min_size will updated to `524288000`
2021-04-19T19:52:28.687+00:00 [Info] PROJ[:9999] settings indexer.settings.compaction.check_period will updated to `30`
2021-04-19T19:52:28.687+00:00 [Warn] PROJ[:9999] immutable settings indexer.settings.send_buffer_size cannot be update to `1024`
2021-04-19T19:52:28.687+00:00 [Info] amd64 linux; cpus: 8; GOMAXPROCS: 8; version: go1.6.3
2021-04-19T19:52:30.247+00:00 [Info] pram[:9999] Request "/adminport/shutdownTopicRequest"
2021-04-19T19:52:30.247+00:00 [Info] PROJ[:9999] ##1 doShutdownTopic() "MAINT_STREAM_TOPIC_e4:e5:e4:5:67:66:12:b9"
2021-04-19T19:52:30.247+00:00 [Error] PROJ[:9999] ##1 acquireFeed(): projector.topicMissing
2021-04-19T19:52:30.247+00:00 [Info] PROJ[:9999] ##1 doShutdownTopic() returns ...
2021-04-19T19:52:30.274+00:00 [Info] pram[:9999] Request "/adminport/shutdownTopicRequest"
2021-04-19T19:52:30.274+00:00 [Info] PROJ[:9999] ##2 doShutdownTopic() "INIT_STREAM_TOPIC_e4:e5:e4:5:67:66:12:b9"
2021-04-19T19:52:30.274+00:00 [Error] PROJ[:9999] ##2 acquireFeed(): projector.topicMissing
2021-04-19T19:52:30.274+00:00 [Info] PROJ[:9999] ##2 doShutdownTopic() returns ...
2021-04-19T19:52:35.650+00:00 [Info] New settings received: 
{"indexer.settings.compaction.days_of_week":"Sunday,Monday,Tuesday,Wednesday,Thursday,Friday,Saturday","indexer.settings.compaction.interval":"00:00,00:00","indexer.settings.log_level":"info","indexer.settings.persisted_snapshot.interval":5000,"indexer.settings.compaction.compaction_mode":"circular","indexer.settings.compaction.min_frag":30,"indexer.settings.inmemory_snapshot.interval":200,"indexer.settings.max_cpu_percent":0,"indexer.settings.storage_mode":"memory_optimized","indexer.settings.recovery.max_rollbacks":5,"indexer.settings.memory_quota":314572800,"indexer.settings.compaction.abort_exceed_interval":false}
2021-04-19T19:52:35.651+00:00 [Info] PROJ[:9999] settings notifier from metakv
2021-04-19T19:52:35.651+00:00 [Info] PROJ[:9999] settings indexer.settings.max_writer_lock_prob will updated to `20`
2021-04-19T19:52:35.651+00:00 [Info] PROJ[:9999] settings indexer.settings.largeSnapshotThreshold will updated to `200`
2021-04-19T19:52:35.651+00:00 [Info] PROJ[:9999] settings indexer.settings.smallSnapshotThreshold will updated to `30`
2021-04-19T19:52:35.651+00:00 [Info] PROJ[:9999] settings indexer.settings.compaction.interval will updated to `00:00,00:00`
2021-04-19T19:52:35.651+00:00 [Info] PROJ[:9999] settings indexer.settings.storage_mode will updated to `memory_optimized`
2021-04-19T19:52:35.651+00:00 [Info] PROJ[:9999] settings indexer.settings.gc_percent will updated to `100`
2021-04-19T19:52:35.651+00:00 [Info] PROJ[:9999] settings indexer.settings.compaction.compaction_mode will updated to `circular`
2021-04-19T19:52:35.651+00:00 [Info] PROJ[:9999] settings indexer.settings.cpuProfFname will updated to ``
2021-04-19T19:52:35.651+00:00 [Info] PROJ[:9999] settings indexer.settings.compaction.days_of_week will updated to `Sunday,Monday,Tuesday,Wednesday,Thursday,Friday,Saturday`
2021-04-19T19:52:35.651+00:00 [Info] PROJ[:9999] settings indexer.settings.persisted_snapshot.moi.interval will updated to `600000`
2021-04-19T19:52:35.651+00:00 [Info] PROJ[:9999] settings indexer.settings.inmemory_snapshot.moi.interval will updated to `20`
2021-04-19T19:52:35.651+00:00 [Info] PROJ[:9999] settings indexer.settings.statsLogDumpInterval will updated to `60`
2021-04-19T19:52:35.651+00:00 [Info] PROJ[:9999] settings indexer.settings.compaction.min_size will updated to `524288000`
2021-04-19T19:52:35.651+00:00 [Info] PROJ[:9999] settings indexer.settings.moi.recovery_threads will updated to `8`
2021-04-19T19:52:35.651+00:00 [Info] PROJ[:9999] settings indexer.settings.maxVbQueueLength will updated to `0`
2021-04-19T19:52:35.651+00:00 [Info] PROJ[:9999] settings indexer.settings.wal_size will updated to `4096`
2021-04-19T19:52:35.651+00:00 [Info] PROJ[:9999] settings indexer.settings.log_level will updated to `info`
2021-04-19T19:52:35.651+00:00 [Info] PROJ[:9999] settings indexer.settings.compaction.min_frag will updated to `30`
2021-04-19T19:52:35.651+00:00 [Info] PROJ[:9999] settings indexer.settings.memProfFname will updated to ``
2021-04-19T19:52:35.651+00:00 [Info] PROJ[:9999] settings indexer.settings.scan_getseqnos_retries will updated to `30`
2021-04-19T19:52:35.651+00:00 [Info] PROJ[:9999] settings indexer.settings.minVbQueueLength will updated to `250`
2021-04-19T19:52:35.651+00:00 [Info] PROJ[:9999] settings indexer.settings.inmemory_snapshot.fdb.interval will updated to `200`
2021-04-19T19:52:35.651+00:00 [Info] PROJ[:9999] settings indexer.settings.memProfile will updated to `false`
2021-04-19T19:52:35.651+00:00 [Info] PROJ[:9999] settings indexer.settings.compaction.abort_exceed_interval will updated to `false`
2021-04-19T19:52:35.651+00:00 [Info] PROJ[:9999] settings indexer.settings.sliceBufSize will updated to `50000`
2021-04-19T19:52:35.651+00:00 [Warn] PROJ[:9999] immutable settings indexer.settings.send_buffer_size cannot be update to `1024`
2021-04-19T19:52:35.651+00:00 [Warn] PROJ[:9999] immutable settings queryport.client.settings.poolSize cannot be update to `1000`
2021-04-19T19:52:35.651+00:00 [Info] PROJ[:9999] settings indexer.settings.inmemory_snapshot.interval will updated to `200`
2021-04-19T19:52:35.651+00:00 [Warn] PROJ[:9999] immutable settings indexer.settings.scan_timeout cannot be update to `120000`
2021-04-19T19:52:35.651+00:00 [Warn] PROJ[:9999] immutable settings queryport.client.settings.poolOverflow cannot be update to `30`
2021-04-19T19:52:35.651+00:00 [Info] PROJ[:9999] settings indexer.settings.persisted_snapshot.interval will updated to `5000`
2021-04-19T19:52:35.651+00:00 [Info] PROJ[:9999] settings indexer.settings.compaction.check_period will updated to `30`
2021-04-19T19:52:35.651+00:00 [Info] PROJ[:9999] settings indexer.settings.moi.debug will updated to `false`
2021-04-19T19:52:35.651+00:00 [Info] PROJ[:9999] settings projector.settings.log_level will updated to `info`
2021-04-19T19:52:35.651+00:00 [Info] PROJ[:9999] settings indexer.settings.moi.persistence_threads will updated to `16`
2021-04-19T19:52:35.651+00:00 [Info] PROJ[:9999] settings indexer.settings.persisted_snapshot_init_build.interval will updated to `5000`
2021-04-19T19:52:35.651+00:00 [Info] PROJ[:9999] settings indexer.settings.persisted_snapshot_init_build.fdb.interval will updated to `5000`
2021-04-19T19:52:35.651+00:00 [Info] PROJ[:9999] settings indexer.settings.max_cpu_percent will updated to `0`
2021-04-19T19:52:35.651+00:00 [Info] PROJ[:9999] settings indexer.settings.persisted_snapshot.fdb.interval will updated to `5000`
2021-04-19T19:52:35.651+00:00 [Info] PROJ[:9999] settings indexer.settings.fast_flush_mode will updated to `true`
2021-04-19T19:52:35.651+00:00 [Info] PROJ[:9999] settings indexer.settings.cpuProfile will updated to `false`
2021-04-19T19:52:35.651+00:00 [Info] PROJ[:9999] settings indexer.settings.persisted_snapshot_init_build.moi.interval will updated to `600000`
2021-04-19T19:52:35.651+00:00 [Info] PROJ[:9999] settings indexer.settings.memory_quota will updated to `314572800`
2021-04-19T19:52:35.651+00:00 [Info] PROJ[:9999] settings indexer.settings.recovery.max_rollbacks will updated to `5`
2021-04-19T19:52:35.651+00:00 [Info] PROJ[:9999] settings indexer.settings.bufferPoolBlockSize will updated to `16384`
2021-04-19T19:52:35.651+00:00 [Info] PROJ[:9999] settings indexer.settings.max_array_seckey_size will updated to `10240`
2021-04-19T19:52:35.651+00:00 [Info] amd64 linux; cpus: 8; GOMAXPROCS: 8; version: go1.6.3
2021-04-19T19:53:28.681+00:00 [Info] memstats {"Alloc":842912, "TotalAlloc":1209600, "Sys":4886528, "Lookups":11, "Mallocs":8316,"Frees":1306, "HeapAlloc":842912, "HeapSys":2490368, "HeapIdle":876544, "HeapInuse":1613824,"HeapReleased":0, "HeapObjects":7010,"GCSys":122880, "LastGC":1618861948664267100,"PauseTotalNs":6684800, "PauseNs":[2901500, 3783300], "NumGC":2}
2021-04-19T19:54:17.110+00:00 [Info] Projector started with command line: [/opt/couchbase/bin/projector -kvaddrs=127.0.0.1:11210 -adminport=:9999 -diagDir=/opt/couchbase/var/lib/couchbase/crash 127.0.0.1:8091]
2021-04-19T19:54:17.111+00:00 [Info] Parsing the args
2021-04-19T19:54:17.120+00:00 [Info] uid: 1000; gid: 1000; hostname: 4d766399054f
2021-04-19T19:54:17.120+00:00 [Info] amd64 linux; cpus: 8; GOMAXPROCS: 8; version: go1.6.3
2021-04-19T19:54:17.218+00:00 [Info]  changing GOGC percentage from 100 to 100
2021-04-19T19:54:17.219+00:00 [Info] amd64 linux; cpus: 8; GOMAXPROCS: 8; version: go1.6.3
2021-04-19T19:54:17.225+00:00 [Info] PROJ[:9999] changing GOGC percentage from 100 to 100
2021-04-19T19:54:17.226+00:00 [Info] PROJ[:9999] started ...
2021-04-19T19:54:17.226+00:00 [Info] MSAT starting with 60000 tick ...
2021-04-19T19:54:17.226+00:00 [Info] pram[:9999] registered /adminport/vbmapRequest
2021-04-19T19:54:17.226+00:00 [Info] pram[:9999] registered /adminport/failoverLogRequest
2021-04-19T19:54:17.226+00:00 [Info] pram[:9999] registered /adminport/mutationTopicRequest
2021-04-19T19:54:17.226+00:00 [Info] pram[:9999] registered /adminport/restartVbucketsRequest
2021-04-19T19:54:17.226+00:00 [Info] pram[:9999] registered /adminport/shutdownVbucketsRequest
2021-04-19T19:54:17.226+00:00 [Info] pram[:9999] registered /adminport/addBucketsRequest
2021-04-19T19:54:17.226+00:00 [Info] pram[:9999] registered /adminport/delBucketsRequest
2021-04-19T19:54:17.226+00:00 [Info] pram[:9999] registered /adminport/addInstancesRequest
2021-04-19T19:54:17.226+00:00 [Info] pram[:9999] registered /adminport/delInstancesRequest
2021-04-19T19:54:17.226+00:00 [Info] pram[:9999] registered /adminport/repairEndpointsRequest
2021-04-19T19:54:17.226+00:00 [Info] pram[:9999] registered /adminport/shutdownTopicRequest
2021-04-19T19:54:17.226+00:00 [Info] pram[:9999] registered /adminport/stats
2021-04-19T19:54:17.226+00:00 [Info] pram[:9999] registered handler-func /stats
2021-04-19T19:54:17.226+00:00 [Info] pram[:9999] registered handler-func /settings
2021-04-19T19:54:17.226+00:00 [Info] pram[:9999] registered handler-func /debug/pprof
2021-04-19T19:54:17.226+00:00 [Info] pram[:9999] registered handler-obj /debug/pprof/block
2021-04-19T19:54:17.226+00:00 [Info] pram[:9999] registered handler-obj /debug/pprof/goroutine
2021-04-19T19:54:17.226+00:00 [Info] pram[:9999] registered handler-obj /debug/pprof/heap
2021-04-19T19:54:17.226+00:00 [Info] pram[:9999] registered handler-obj /debug/pprof/threadcreate
2021-04-19T19:54:17.226+00:00 [Info] pram[:9999] registered handler-obj /debug/pprof/profile
2021-04-19T19:54:17.226+00:00 [Info] pram[:9999] starting ...
2021-04-19T19:54:17.236+00:00 [Info] New settings received: 
{"indexer.settings.compaction.days_of_week":"Sunday,Monday,Tuesday,Wednesday,Thursday,Friday,Saturday","indexer.settings.compaction.interval":"00:00,00:00","indexer.settings.log_level":"info","indexer.settings.persisted_snapshot.interval":5000,"indexer.settings.compaction.compaction_mode":"circular","indexer.settings.compaction.min_frag":30,"indexer.settings.inmemory_snapshot.interval":200,"indexer.settings.max_cpu_percent":0,"indexer.settings.storage_mode":"memory_optimized","indexer.settings.recovery.max_rollbacks":5,"indexer.settings.memory_quota":314572800,"indexer.settings.compaction.abort_exceed_interval":false}
2021-04-19T19:54:17.236+00:00 [Info] PROJ[:9999] settings notifier from metakv
2021-04-19T19:54:17.236+00:00 [Info] PROJ[:9999] settings indexer.settings.maxVbQueueLength will updated to `0`
2021-04-19T19:54:17.236+00:00 [Info] PROJ[:9999] settings indexer.settings.scan_getseqnos_retries will updated to `30`
2021-04-19T19:54:17.236+00:00 [Info] PROJ[:9999] settings indexer.settings.compaction.min_frag will updated to `30`
2021-04-19T19:54:17.236+00:00 [Info] PROJ[:9999] settings indexer.settings.wal_size will updated to `4096`
2021-04-19T19:54:17.236+00:00 [Info] PROJ[:9999] settings indexer.settings.max_cpu_percent will updated to `0`
2021-04-19T19:54:17.236+00:00 [Info] PROJ[:9999] settings indexer.settings.compaction.abort_exceed_interval will updated to `false`
2021-04-19T19:54:17.236+00:00 [Warn] PROJ[:9999] immutable settings queryport.client.settings.poolOverflow cannot be update to `30`
2021-04-19T19:54:17.236+00:00 [Info] PROJ[:9999] settings indexer.settings.fast_flush_mode will updated to `true`
2021-04-19T19:54:17.236+00:00 [Warn] PROJ[:9999] immutable settings indexer.settings.scan_timeout cannot be update to `120000`
2021-04-19T19:54:17.236+00:00 [Info] PROJ[:9999] settings indexer.settings.memProfile will updated to `false`
2021-04-19T19:54:17.236+00:00 [Info] PROJ[:9999] settings indexer.settings.max_array_seckey_size will updated to `10240`
2021-04-19T19:54:17.236+00:00 [Info] PROJ[:9999] settings indexer.settings.recovery.max_rollbacks will updated to `5`
2021-04-19T19:54:17.236+00:00 [Info] PROJ[:9999] settings indexer.settings.moi.debug will updated to `false`
2021-04-19T19:54:17.236+00:00 [Info] PROJ[:9999] settings indexer.settings.inmemory_snapshot.interval will updated to `200`
2021-04-19T19:54:17.236+00:00 [Info] PROJ[:9999] settings indexer.settings.statsLogDumpInterval will updated to `60`
2021-04-19T19:54:17.236+00:00 [Info] PROJ[:9999] settings indexer.settings.persisted_snapshot_init_build.moi.interval will updated to `600000`
2021-04-19T19:54:17.237+00:00 [Info] PROJ[:9999] settings projector.settings.log_level will updated to `info`
2021-04-19T19:54:17.237+00:00 [Info] PROJ[:9999] settings indexer.settings.compaction.check_period will updated to `30`
2021-04-19T19:54:17.237+00:00 [Info] PROJ[:9999] settings indexer.settings.compaction.compaction_mode will updated to `circular`
2021-04-19T19:54:17.237+00:00 [Warn] PROJ[:9999] immutable settings indexer.settings.send_buffer_size cannot be update to `1024`
2021-04-19T19:54:17.237+00:00 [Info] PROJ[:9999] settings indexer.settings.persisted_snapshot_init_build.fdb.interval will updated to `5000`
2021-04-19T19:54:17.237+00:00 [Info] PROJ[:9999] settings indexer.settings.compaction.interval will updated to `00:00,00:00`
2021-04-19T19:54:17.237+00:00 [Info] PROJ[:9999] settings indexer.settings.smallSnapshotThreshold will updated to `30`
2021-04-19T19:54:17.237+00:00 [Info] PROJ[:9999] settings indexer.settings.moi.persistence_threads will updated to `16`
2021-04-19T19:54:17.237+00:00 [Info] PROJ[:9999] settings indexer.settings.cpuProfile will updated to `false`
2021-04-19T19:54:17.237+00:00 [Info] PROJ[:9999] settings indexer.settings.cpuProfFname will updated to ``
2021-04-19T19:54:17.237+00:00 [Info] PROJ[:9999] settings indexer.settings.persisted_snapshot.moi.interval will updated to `600000`
2021-04-19T19:54:17.237+00:00 [Info] PROJ[:9999] settings indexer.settings.largeSnapshotThreshold will updated to `200`
2021-04-19T19:54:17.237+00:00 [Info] PROJ[:9999] settings indexer.settings.memory_quota will updated to `314572800`
2021-04-19T19:54:17.237+00:00 [Info] PROJ[:9999] settings indexer.settings.compaction.min_size will updated to `524288000`
2021-04-19T19:54:17.237+00:00 [Info] PROJ[:9999] settings indexer.settings.persisted_snapshot_init_build.interval will updated to `5000`
2021-04-19T19:54:17.237+00:00 [Info] PROJ[:9999] settings indexer.settings.moi.recovery_threads will updated to `8`
2021-04-19T19:54:17.237+00:00 [Warn] PROJ[:9999] immutable settings queryport.client.settings.poolSize cannot be update to `1000`
2021-04-19T19:54:17.237+00:00 [Info] PROJ[:9999] settings indexer.settings.storage_mode will updated to `memory_optimized`
2021-04-19T19:54:17.237+00:00 [Info] PROJ[:9999] settings indexer.settings.inmemory_snapshot.moi.interval will updated to `20`
2021-04-19T19:54:17.237+00:00 [Info] PROJ[:9999] settings indexer.settings.compaction.days_of_week will updated to `Sunday,Monday,Tuesday,Wednesday,Thursday,Friday,Saturday`
2021-04-19T19:54:17.237+00:00 [Info] PROJ[:9999] settings indexer.settings.bufferPoolBlockSize will updated to `16384`
2021-04-19T19:54:17.237+00:00 [Info] PROJ[:9999] settings indexer.settings.log_level will updated to `info`
2021-04-19T19:54:17.237+00:00 [Info] PROJ[:9999] settings indexer.settings.sliceBufSize will updated to `50000`
2021-04-19T19:54:17.237+00:00 [Info] PROJ[:9999] settings indexer.settings.persisted_snapshot.fdb.interval will updated to `5000`
2021-04-19T19:54:17.237+00:00 [Info] PROJ[:9999] settings indexer.settings.memProfFname will updated to ``
2021-04-19T19:54:17.237+00:00 [Info] PROJ[:9999] settings indexer.settings.minVbQueueLength will updated to `250`
2021-04-19T19:54:17.237+00:00 [Info] PROJ[:9999] settings indexer.settings.persisted_snapshot.interval will updated to `5000`
2021-04-19T19:54:17.237+00:00 [Info] PROJ[:9999] settings indexer.settings.max_writer_lock_prob will updated to `20`
2021-04-19T19:54:17.237+00:00 [Info] PROJ[:9999] settings indexer.settings.gc_percent will updated to `100`
2021-04-19T19:54:17.237+00:00 [Info] PROJ[:9999] settings indexer.settings.inmemory_snapshot.fdb.interval will updated to `200`
2021-04-19T19:54:17.237+00:00 [Info] amd64 linux; cpus: 8; GOMAXPROCS: 8; version: go1.6.3
2021-04-19T19:54:18.905+00:00 [Info] pram[:9999] Request "/adminport/shutdownTopicRequest"
2021-04-19T19:54:18.905+00:00 [Info] PROJ[:9999] ##1 doShutdownTopic() "MAINT_STREAM_TOPIC_e4:e5:e4:5:67:66:12:b9"
2021-04-19T19:54:18.905+00:00 [Error] PROJ[:9999] ##1 acquireFeed(): projector.topicMissing
2021-04-19T19:54:18.905+00:00 [Info] PROJ[:9999] ##1 doShutdownTopic() returns ...
2021-04-19T19:54:18.943+00:00 [Info] pram[:9999] Request "/adminport/shutdownTopicRequest"
2021-04-19T19:54:18.944+00:00 [Info] PROJ[:9999] ##2 doShutdownTopic() "INIT_STREAM_TOPIC_e4:e5:e4:5:67:66:12:b9"
2021-04-19T19:54:18.944+00:00 [Error] PROJ[:9999] ##2 acquireFeed(): projector.topicMissing
2021-04-19T19:54:18.944+00:00 [Info] PROJ[:9999] ##2 doShutdownTopic() returns ...
2021-04-19T19:54:20.096+00:00 [Info] New settings received: 
{"indexer.settings.compaction.days_of_week":"Sunday,Monday,Tuesday,Wednesday,Thursday,Friday,Saturday","indexer.settings.compaction.interval":"00:00,00:00","indexer.settings.compaction.compaction_mode":"circular","indexer.settings.persisted_snapshot.interval":5000,"indexer.settings.log_level":"info","indexer.settings.compaction.min_frag":30,"indexer.settings.inmemory_snapshot.interval":200,"indexer.settings.max_cpu_percent":0,"indexer.settings.storage_mode":"memory_optimized","indexer.settings.recovery.max_rollbacks":5,"indexer.settings.memory_quota":314572800,"indexer.settings.compaction.abort_exceed_interval":false}
2021-04-19T19:54:20.096+00:00 [Info] PROJ[:9999] settings notifier from metakv
2021-04-19T19:54:20.096+00:00 [Warn] PROJ[:9999] immutable settings indexer.settings.send_buffer_size cannot be update to `1024`
2021-04-19T19:54:20.096+00:00 [Info] PROJ[:9999] settings indexer.settings.compaction.abort_exceed_interval will updated to `false`
2021-04-19T19:54:20.096+00:00 [Info] PROJ[:9999] settings indexer.settings.memory_quota will updated to `314572800`
2021-04-19T19:54:20.096+00:00 [Info] PROJ[:9999] settings indexer.settings.memProfile will updated to `false`
2021-04-19T19:54:20.096+00:00 [Info] PROJ[:9999] settings indexer.settings.persisted_snapshot_init_build.fdb.interval will updated to `5000`
2021-04-19T19:54:20.096+00:00 [Info] PROJ[:9999] settings projector.settings.log_level will updated to `info`
2021-04-19T19:54:20.096+00:00 [Info] PROJ[:9999] settings indexer.settings.memProfFname will updated to ``
2021-04-19T19:54:20.096+00:00 [Info] PROJ[:9999] settings indexer.settings.persisted_snapshot.moi.interval will updated to `600000`
2021-04-19T19:54:20.096+00:00 [Info] PROJ[:9999] settings indexer.settings.recovery.max_rollbacks will updated to `5`
2021-04-19T19:54:20.096+00:00 [Info] PROJ[:9999] settings indexer.settings.compaction.days_of_week will updated to `Sunday,Monday,Tuesday,Wednesday,Thursday,Friday,Saturday`
2021-04-19T19:54:20.096+00:00 [Info] PROJ[:9999] settings indexer.settings.bufferPoolBlockSize will updated to `16384`
2021-04-19T19:54:20.096+00:00 [Info] PROJ[:9999] settings indexer.settings.scan_getseqnos_retries will updated to `30`
2021-04-19T19:54:20.096+00:00 [Info] PROJ[:9999] settings indexer.settings.inmemory_snapshot.fdb.interval will updated to `200`
2021-04-19T19:54:20.096+00:00 [Info] PROJ[:9999] settings indexer.settings.compaction.interval will updated to `00:00,00:00`
2021-04-19T19:54:20.096+00:00 [Info] PROJ[:9999] settings indexer.settings.log_level will updated to `info`
2021-04-19T19:54:20.096+00:00 [Info] PROJ[:9999] settings indexer.settings.max_array_seckey_size will updated to `10240`
2021-04-19T19:54:20.096+00:00 [Info] PROJ[:9999] settings indexer.settings.fast_flush_mode will updated to `true`
2021-04-19T19:54:20.096+00:00 [Info] PROJ[:9999] settings indexer.settings.max_writer_lock_prob will updated to `20`
2021-04-19T19:54:20.096+00:00 [Info] PROJ[:9999] settings indexer.settings.gc_percent will updated to `100`
2021-04-19T19:54:20.096+00:00 [Warn] PROJ[:9999] immutable settings queryport.client.settings.poolOverflow cannot be update to `30`
2021-04-19T19:54:20.096+00:00 [Info] PROJ[:9999] settings indexer.settings.moi.debug will updated to `false`
2021-04-19T19:54:20.096+00:00 [Info] PROJ[:9999] settings indexer.settings.statsLogDumpInterval will updated to `60`
2021-04-19T19:54:20.096+00:00 [Info] PROJ[:9999] settings indexer.settings.persisted_snapshot.interval will updated to `5000`
2021-04-19T19:54:20.096+00:00 [Info] PROJ[:9999] settings indexer.settings.persisted_snapshot_init_build.moi.interval will updated to `600000`
2021-04-19T19:54:20.096+00:00 [Warn] PROJ[:9999] immutable settings queryport.client.settings.poolSize cannot be update to `1000`
2021-04-19T19:54:20.096+00:00 [Info] PROJ[:9999] settings indexer.settings.persisted_snapshot.fdb.interval will updated to `5000`
2021-04-19T19:54:20.096+00:00 [Info] PROJ[:9999] settings indexer.settings.minVbQueueLength will updated to `250`
2021-04-19T19:54:20.096+00:00 [Info] PROJ[:9999] settings indexer.settings.moi.recovery_threads will updated to `8`
2021-04-19T19:54:20.096+00:00 [Info] PROJ[:9999] settings indexer.settings.inmemory_snapshot.moi.interval will updated to `20`
2021-04-19T19:54:20.096+00:00 [Info] PROJ[:9999] settings indexer.settings.smallSnapshotThreshold will updated to `30`
2021-04-19T19:54:20.097+00:00 [Info] PROJ[:9999] settings indexer.settings.moi.persistence_threads will updated to `16`
2021-04-19T19:54:20.097+00:00 [Info] PROJ[:9999] settings indexer.settings.compaction.min_size will updated to `524288000`
2021-04-19T19:54:20.097+00:00 [Info] PROJ[:9999] settings indexer.settings.wal_size will updated to `4096`
2021-04-19T19:54:20.097+00:00 [Warn] PROJ[:9999] immutable settings indexer.settings.scan_timeout cannot be update to `120000`
2021-04-19T19:54:20.097+00:00 [Info] PROJ[:9999] settings indexer.settings.storage_mode will updated to `memory_optimized`
2021-04-19T19:54:20.097+00:00 [Info] PROJ[:9999] settings indexer.settings.inmemory_snapshot.interval will updated to `200`
2021-04-19T19:54:20.097+00:00 [Info] PROJ[:9999] settings indexer.settings.max_cpu_percent will updated to `0`
2021-04-19T19:54:20.097+00:00 [Info] PROJ[:9999] settings indexer.settings.compaction.compaction_mode will updated to `circular`
2021-04-19T19:54:20.097+00:00 [Info] PROJ[:9999] settings indexer.settings.compaction.check_period will updated to `30`
2021-04-19T19:54:20.097+00:00 [Info] PROJ[:9999] settings indexer.settings.persisted_snapshot_init_build.interval will updated to `5000`
2021-04-19T19:54:20.097+00:00 [Info] PROJ[:9999] settings indexer.settings.cpuProfile will updated to `false`
2021-04-19T19:54:20.097+00:00 [Info] PROJ[:9999] settings indexer.settings.cpuProfFname will updated to ``
2021-04-19T19:54:20.097+00:00 [Info] PROJ[:9999] settings indexer.settings.largeSnapshotThreshold will updated to `200`
2021-04-19T19:54:20.097+00:00 [Info] PROJ[:9999] settings indexer.settings.sliceBufSize will updated to `50000`
2021-04-19T19:54:20.097+00:00 [Info] PROJ[:9999] settings indexer.settings.maxVbQueueLength will updated to `0`
2021-04-19T19:54:20.097+00:00 [Info] PROJ[:9999] settings indexer.settings.compaction.min_frag will updated to `30`
2021-04-19T19:54:20.097+00:00 [Info] amd64 linux; cpus: 8; GOMAXPROCS: 8; version: go1.6.3
2021-04-19T19:55:17.227+00:00 [Info] memstats {"Alloc":846560, "TotalAlloc":1216736, "Sys":5802232, "Lookups":11, "Mallocs":8299,"Frees":1305, "HeapAlloc":846560, "HeapSys":2588672, "HeapIdle":1040384, "HeapInuse":1548288,"HeapReleased":0, "HeapObjects":6994,"GCSys":118784, "LastGC":1618862057225635400,"PauseTotalNs":9297700, "PauseNs":[3567400, 5730300], "NumGC":2}
2021-04-19T19:56:17.227+00:00 [Info] memstats {"Alloc":849728, "TotalAlloc":1219904, "Sys":5802232, "Lookups":11, "Mallocs":8334,"Frees":1314, "HeapAlloc":849728, "HeapSys":2555904, "HeapIdle":1007616, "HeapInuse":1548288,"HeapReleased":0, "HeapObjects":7020,"GCSys":118784, "LastGC":1618862057225635400,"PauseTotalNs":9297700, "PauseNs":[], "NumGC":2}
2021-04-19T19:57:17.228+00:00 [Info] memstats {"Alloc":633232, "TotalAlloc":1227440, "Sys":6588664, "Lookups":11, "Mallocs":8398,"Frees":2445, "HeapAlloc":633232, "HeapSys":2490368, "HeapIdle":1187840, "HeapInuse":1302528,"HeapReleased":0, "HeapObjects":5953,"GCSys":133120, "LastGC":1618862177231859900,"PauseTotalNs":10530300, "PauseNs":[1232600], "NumGC":3}
2021-04-19T19:58:17.226+00:00 [Info] memstats {"Alloc":637112, "TotalAlloc":1231320, "Sys":6588664, "Lookups":11, "Mallocs":8434,"Frees":2454, "HeapAlloc":637112, "HeapSys":2490368, "HeapIdle":1179648, "HeapInuse":1310720,"HeapReleased":0, "HeapObjects":5980,"GCSys":133120, "LastGC":1618862177231859900,"PauseTotalNs":10530300, "PauseNs":[], "NumGC":3}
2021-04-19T20:01:57.102+00:00 [Info] Projector started with command line: [/opt/couchbase/bin/projector -kvaddrs=127.0.0.1:11210 -adminport=:9999 -diagDir=/opt/couchbase/var/lib/couchbase/crash 127.0.0.1:8091]
2021-04-19T20:01:57.102+00:00 [Info] Parsing the args
2021-04-19T20:01:57.112+00:00 [Info] uid: 1000; gid: 1000; hostname: c173d5337ee7
2021-04-19T20:01:57.112+00:00 [Info] amd64 linux; cpus: 8; GOMAXPROCS: 8; version: go1.6.3
2021-04-19T20:01:57.152+00:00 [Info]  changing GOGC percentage from 100 to 100
2021-04-19T20:01:57.152+00:00 [Info] amd64 linux; cpus: 8; GOMAXPROCS: 8; version: go1.6.3
2021-04-19T20:01:57.154+00:00 [Info] PROJ[:9999] changing GOGC percentage from 100 to 100
2021-04-19T20:01:57.154+00:00 [Info] PROJ[:9999] started ...
2021-04-19T20:01:57.154+00:00 [Info] pram[:9999] registered /adminport/vbmapRequest
2021-04-19T20:01:57.154+00:00 [Info] pram[:9999] registered /adminport/failoverLogRequest
2021-04-19T20:01:57.154+00:00 [Info] MSAT starting with 60000 tick ...
2021-04-19T20:01:57.165+00:00 [Info] pram[:9999] registered /adminport/mutationTopicRequest
2021-04-19T20:01:57.165+00:00 [Info] pram[:9999] registered /adminport/restartVbucketsRequest
2021-04-19T20:01:57.165+00:00 [Info] pram[:9999] registered /adminport/shutdownVbucketsRequest
2021-04-19T20:01:57.166+00:00 [Info] pram[:9999] registered /adminport/addBucketsRequest
2021-04-19T20:01:57.166+00:00 [Info] pram[:9999] registered /adminport/delBucketsRequest
2021-04-19T20:01:57.166+00:00 [Info] pram[:9999] registered /adminport/addInstancesRequest
2021-04-19T20:01:57.166+00:00 [Info] pram[:9999] registered /adminport/delInstancesRequest
2021-04-19T20:01:57.166+00:00 [Info] pram[:9999] registered /adminport/repairEndpointsRequest
2021-04-19T20:01:57.166+00:00 [Info] pram[:9999] registered /adminport/shutdownTopicRequest
2021-04-19T20:01:57.166+00:00 [Info] pram[:9999] registered /adminport/stats
2021-04-19T20:01:57.166+00:00 [Info] pram[:9999] registered handler-func /stats
2021-04-19T20:01:57.166+00:00 [Info] pram[:9999] registered handler-func /settings
2021-04-19T20:01:57.166+00:00 [Info] pram[:9999] registered handler-func /debug/pprof
2021-04-19T20:01:57.166+00:00 [Info] pram[:9999] registered handler-obj /debug/pprof/block
2021-04-19T20:01:57.166+00:00 [Info] pram[:9999] registered handler-obj /debug/pprof/goroutine
2021-04-19T20:01:57.166+00:00 [Info] pram[:9999] registered handler-obj /debug/pprof/heap
2021-04-19T20:01:57.166+00:00 [Info] pram[:9999] registered handler-obj /debug/pprof/threadcreate
2021-04-19T20:01:57.166+00:00 [Info] pram[:9999] registered handler-obj /debug/pprof/profile
2021-04-19T20:01:57.166+00:00 [Info] pram[:9999] starting ...
2021-04-19T20:01:57.168+00:00 [Info] New settings received: 
{"indexer.settings.compaction.days_of_week":"Sunday,Monday,Tuesday,Wednesday,Thursday,Friday,Saturday","indexer.settings.compaction.interval":"00:00,00:00","indexer.settings.compaction.compaction_mode":"circular","indexer.settings.persisted_snapshot.interval":5000,"indexer.settings.log_level":"info","indexer.settings.compaction.min_frag":30,"indexer.settings.inmemory_snapshot.interval":200,"indexer.settings.max_cpu_percent":0,"indexer.settings.storage_mode":"memory_optimized","indexer.settings.recovery.max_rollbacks":5,"indexer.settings.memory_quota":314572800,"indexer.settings.compaction.abort_exceed_interval":false}
2021-04-19T20:01:57.168+00:00 [Info] PROJ[:9999] settings notifier from metakv
2021-04-19T20:01:57.168+00:00 [Info] PROJ[:9999] settings indexer.settings.max_writer_lock_prob will updated to `20`
2021-04-19T20:01:57.168+00:00 [Info] PROJ[:9999] settings indexer.settings.smallSnapshotThreshold will updated to `30`
2021-04-19T20:01:57.168+00:00 [Info] PROJ[:9999] settings indexer.settings.moi.recovery_threads will updated to `8`
2021-04-19T20:01:57.168+00:00 [Info] PROJ[:9999] settings indexer.settings.maxVbQueueLength will updated to `0`
2021-04-19T20:01:57.168+00:00 [Info] PROJ[:9999] settings indexer.settings.compaction.min_frag will updated to `30`
2021-04-19T20:01:57.168+00:00 [Info] PROJ[:9999] settings indexer.settings.persisted_snapshot.interval will updated to `5000`
2021-04-19T20:01:57.168+00:00 [Info] PROJ[:9999] settings indexer.settings.statsLogDumpInterval will updated to `60`
2021-04-19T20:01:57.168+00:00 [Info] PROJ[:9999] settings indexer.settings.persisted_snapshot_init_build.fdb.interval will updated to `5000`
2021-04-19T20:01:57.168+00:00 [Info] PROJ[:9999] settings indexer.settings.memory_quota will updated to `314572800`
2021-04-19T20:01:57.168+00:00 [Info] PROJ[:9999] settings indexer.settings.storage_mode will updated to `memory_optimized`
2021-04-19T20:01:57.168+00:00 [Info] PROJ[:9999] settings indexer.settings.compaction.min_size will updated to `524288000`
2021-04-19T20:01:57.168+00:00 [Warn] PROJ[:9999] immutable settings queryport.client.settings.poolSize cannot be update to `1000`
2021-04-19T20:01:57.168+00:00 [Info] PROJ[:9999] settings projector.settings.log_level will updated to `info`
2021-04-19T20:01:57.168+00:00 [Info] PROJ[:9999] settings indexer.settings.memProfile will updated to `false`
2021-04-19T20:01:57.168+00:00 [Info] PROJ[:9999] settings indexer.settings.moi.persistence_threads will updated to `16`
2021-04-19T20:01:57.168+00:00 [Warn] PROJ[:9999] immutable settings indexer.settings.send_buffer_size cannot be update to `1024`
2021-04-19T20:01:57.168+00:00 [Info] PROJ[:9999] settings indexer.settings.persisted_snapshot_init_build.interval will updated to `5000`
2021-04-19T20:01:57.168+00:00 [Info] PROJ[:9999] settings indexer.settings.scan_getseqnos_retries will updated to `30`
2021-04-19T20:01:57.168+00:00 [Info] PROJ[:9999] settings indexer.settings.minVbQueueLength will updated to `250`
2021-04-19T20:01:57.168+00:00 [Info] PROJ[:9999] settings indexer.settings.moi.debug will updated to `false`
2021-04-19T20:01:57.168+00:00 [Info] PROJ[:9999] settings indexer.settings.fast_flush_mode will updated to `true`
2021-04-19T20:01:57.168+00:00 [Info] PROJ[:9999] settings indexer.settings.sliceBufSize will updated to `50000`
2021-04-19T20:01:57.168+00:00 [Info] PROJ[:9999] settings indexer.settings.inmemory_snapshot.moi.interval will updated to `20`
2021-04-19T20:01:57.168+00:00 [Info] PROJ[:9999] settings indexer.settings.persisted_snapshot_init_build.moi.interval will updated to `600000`
2021-04-19T20:01:57.168+00:00 [Info] PROJ[:9999] settings indexer.settings.compaction.compaction_mode will updated to `circular`
2021-04-19T20:01:57.168+00:00 [Info] PROJ[:9999] settings indexer.settings.inmemory_snapshot.interval will updated to `200`
2021-04-19T20:01:57.168+00:00 [Info] PROJ[:9999] settings indexer.settings.max_cpu_percent will updated to `0`
2021-04-19T20:01:57.168+00:00 [Info] PROJ[:9999] settings indexer.settings.max_array_seckey_size will updated to `10240`
2021-04-19T20:01:57.168+00:00 [Info] PROJ[:9999] settings indexer.settings.compaction.interval will updated to `00:00,00:00`
2021-04-19T20:01:57.168+00:00 [Info] PROJ[:9999] settings indexer.settings.recovery.max_rollbacks will updated to `5`
2021-04-19T20:01:57.168+00:00 [Info] PROJ[:9999] settings indexer.settings.log_level will updated to `info`
2021-04-19T20:01:57.168+00:00 [Info] PROJ[:9999] settings indexer.settings.compaction.days_of_week will updated to `Sunday,Monday,Tuesday,Wednesday,Thursday,Friday,Saturday`
2021-04-19T20:01:57.168+00:00 [Info] PROJ[:9999] settings indexer.settings.compaction.check_period will updated to `30`
2021-04-19T20:01:57.168+00:00 [Warn] PROJ[:9999] immutable settings queryport.client.settings.poolOverflow cannot be update to `30`
2021-04-19T20:01:57.168+00:00 [Info] PROJ[:9999] settings indexer.settings.cpuProfFname will updated to ``
2021-04-19T20:01:57.168+00:00 [Info] PROJ[:9999] settings indexer.settings.memProfFname will updated to ``
2021-04-19T20:01:57.168+00:00 [Info] PROJ[:9999] settings indexer.settings.cpuProfile will updated to `false`
2021-04-19T20:01:57.168+00:00 [Info] PROJ[:9999] settings indexer.settings.bufferPoolBlockSize will updated to `16384`
2021-04-19T20:01:57.168+00:00 [Info] PROJ[:9999] settings indexer.settings.gc_percent will updated to `100`
2021-04-19T20:01:57.168+00:00 [Info] PROJ[:9999] settings indexer.settings.compaction.abort_exceed_interval will updated to `false`
2021-04-19T20:01:57.168+00:00 [Info] PROJ[:9999] settings indexer.settings.inmemory_snapshot.fdb.interval will updated to `200`
2021-04-19T20:01:57.169+00:00 [Info] PROJ[:9999] settings indexer.settings.wal_size will updated to `4096`
2021-04-19T20:01:57.169+00:00 [Info] PROJ[:9999] settings indexer.settings.persisted_snapshot.moi.interval will updated to `600000`
2021-04-19T20:01:57.169+00:00 [Warn] PROJ[:9999] immutable settings indexer.settings.scan_timeout cannot be update to `120000`
2021-04-19T20:01:57.169+00:00 [Info] PROJ[:9999] settings indexer.settings.largeSnapshotThreshold will updated to `200`
2021-04-19T20:01:57.169+00:00 [Info] PROJ[:9999] settings indexer.settings.persisted_snapshot.fdb.interval will updated to `5000`
2021-04-19T20:01:57.169+00:00 [Info] amd64 linux; cpus: 8; GOMAXPROCS: 8; version: go1.6.3
2021-04-19T20:01:58.524+00:00 [Info] pram[:9999] Request "/adminport/shutdownTopicRequest"
2021-04-19T20:01:58.524+00:00 [Info] PROJ[:9999] ##1 doShutdownTopic() "MAINT_STREAM_TOPIC_e4:e5:e4:5:67:66:12:b9"
2021-04-19T20:01:58.524+00:00 [Error] PROJ[:9999] ##1 acquireFeed(): projector.topicMissing
2021-04-19T20:01:58.524+00:00 [Info] PROJ[:9999] ##1 doShutdownTopic() returns ...
2021-04-19T20:01:58.532+00:00 [Info] pram[:9999] Request "/adminport/shutdownTopicRequest"
2021-04-19T20:01:58.532+00:00 [Info] PROJ[:9999] ##2 doShutdownTopic() "INIT_STREAM_TOPIC_e4:e5:e4:5:67:66:12:b9"
2021-04-19T20:01:58.532+00:00 [Error] PROJ[:9999] ##2 acquireFeed(): projector.topicMissing
2021-04-19T20:01:58.532+00:00 [Info] PROJ[:9999] ##2 doShutdownTopic() returns ...
2021-04-19T20:02:01.179+00:00 [Info] New settings received: 
{"indexer.settings.compaction.days_of_week":"Sunday,Monday,Tuesday,Wednesday,Thursday,Friday,Saturday","indexer.settings.compaction.interval":"00:00,00:00","indexer.settings.log_level":"info","indexer.settings.persisted_snapshot.interval":5000,"indexer.settings.compaction.compaction_mode":"circular","indexer.settings.compaction.min_frag":30,"indexer.settings.inmemory_snapshot.interval":200,"indexer.settings.max_cpu_percent":0,"indexer.settings.storage_mode":"memory_optimized","indexer.settings.recovery.max_rollbacks":5,"indexer.settings.memory_quota":314572800,"indexer.settings.compaction.abort_exceed_interval":false}
2021-04-19T20:02:01.181+00:00 [Info] PROJ[:9999] settings notifier from metakv
2021-04-19T20:02:01.181+00:00 [Info] PROJ[:9999] settings indexer.settings.moi.debug will updated to `false`
2021-04-19T20:02:01.181+00:00 [Info] PROJ[:9999] settings indexer.settings.persisted_snapshot_init_build.fdb.interval will updated to `5000`
2021-04-19T20:02:01.181+00:00 [Info] PROJ[:9999] settings indexer.settings.fast_flush_mode will updated to `true`
2021-04-19T20:02:01.181+00:00 [Warn] PROJ[:9999] immutable settings queryport.client.settings.poolOverflow cannot be update to `30`
2021-04-19T20:02:01.181+00:00 [Info] PROJ[:9999] settings indexer.settings.cpuProfFname will updated to ``
2021-04-19T20:02:01.181+00:00 [Warn] PROJ[:9999] immutable settings queryport.client.settings.poolSize cannot be update to `1000`
2021-04-19T20:02:01.181+00:00 [Info] PROJ[:9999] settings indexer.settings.compaction.days_of_week will updated to `Sunday,Monday,Tuesday,Wednesday,Thursday,Friday,Saturday`
2021-04-19T20:02:01.181+00:00 [Info] PROJ[:9999] settings projector.settings.log_level will updated to `info`
2021-04-19T20:02:01.181+00:00 [Info] PROJ[:9999] settings indexer.settings.memProfile will updated to `false`
2021-04-19T20:02:01.181+00:00 [Info] PROJ[:9999] settings indexer.settings.smallSnapshotThreshold will updated to `30`
2021-04-19T20:02:01.181+00:00 [Info] PROJ[:9999] settings indexer.settings.bufferPoolBlockSize will updated to `16384`
2021-04-19T20:02:01.181+00:00 [Info] PROJ[:9999] settings indexer.settings.compaction.abort_exceed_interval will updated to `false`
2021-04-19T20:02:01.181+00:00 [Info] PROJ[:9999] settings indexer.settings.recovery.max_rollbacks will updated to `5`
2021-04-19T20:02:01.181+00:00 [Info] PROJ[:9999] settings indexer.settings.persisted_snapshot.moi.interval will updated to `600000`
2021-04-19T20:02:01.181+00:00 [Warn] PROJ[:9999] immutable settings indexer.settings.scan_timeout cannot be update to `120000`
2021-04-19T20:02:01.181+00:00 [Info] PROJ[:9999] settings indexer.settings.compaction.check_period will updated to `30`
2021-04-19T20:02:01.181+00:00 [Info] PROJ[:9999] settings indexer.settings.max_cpu_percent will updated to `0`
2021-04-19T20:02:01.181+00:00 [Info] PROJ[:9999] settings indexer.settings.maxVbQueueLength will updated to `0`
2021-04-19T20:02:01.181+00:00 [Info] PROJ[:9999] settings indexer.settings.storage_mode will updated to `memory_optimized`
2021-04-19T20:02:01.181+00:00 [Info] PROJ[:9999] settings indexer.settings.max_array_seckey_size will updated to `10240`
2021-04-19T20:02:01.181+00:00 [Info] PROJ[:9999] settings indexer.settings.memProfFname will updated to ``
2021-04-19T20:02:01.181+00:00 [Info] PROJ[:9999] settings indexer.settings.compaction.min_size will updated to `524288000`
2021-04-19T20:02:01.181+00:00 [Info] PROJ[:9999] settings indexer.settings.compaction.compaction_mode will updated to `circular`
2021-04-19T20:02:01.181+00:00 [Info] PROJ[:9999] settings indexer.settings.inmemory_snapshot.interval will updated to `200`
2021-04-19T20:02:01.181+00:00 [Info] PROJ[:9999] settings indexer.settings.inmemory_snapshot.fdb.interval will updated to `200`
2021-04-19T20:02:01.181+00:00 [Info] PROJ[:9999] settings indexer.settings.moi.recovery_threads will updated to `8`
2021-04-19T20:02:01.181+00:00 [Info] PROJ[:9999] settings indexer.settings.compaction.interval will updated to `00:00,00:00`
2021-04-19T20:02:01.181+00:00 [Info] PROJ[:9999] settings indexer.settings.log_level will updated to `info`
2021-04-19T20:02:01.181+00:00 [Info] PROJ[:9999] settings indexer.settings.max_writer_lock_prob will updated to `20`
2021-04-19T20:02:01.181+00:00 [Info] PROJ[:9999] settings indexer.settings.moi.persistence_threads will updated to `16`
2021-04-19T20:02:01.181+00:00 [Info] PROJ[:9999] settings indexer.settings.memory_quota will updated to `314572800`
2021-04-19T20:02:01.181+00:00 [Info] PROJ[:9999] settings indexer.settings.persisted_snapshot.interval will updated to `5000`
2021-04-19T20:02:01.181+00:00 [Warn] PROJ[:9999] immutable settings indexer.settings.send_buffer_size cannot be update to `1024`
2021-04-19T20:02:01.181+00:00 [Info] PROJ[:9999] settings indexer.settings.largeSnapshotThreshold will updated to `200`
2021-04-19T20:02:01.181+00:00 [Info] PROJ[:9999] settings indexer.settings.persisted_snapshot_init_build.moi.interval will updated to `600000`
2021-04-19T20:02:01.181+00:00 [Info] PROJ[:9999] settings indexer.settings.persisted_snapshot_init_build.interval will updated to `5000`
2021-04-19T20:02:01.181+00:00 [Info] PROJ[:9999] settings indexer.settings.sliceBufSize will updated to `50000`
2021-04-19T20:02:01.181+00:00 [Info] PROJ[:9999] settings indexer.settings.scan_getseqnos_retries will updated to `30`
2021-04-19T20:02:01.181+00:00 [Info] PROJ[:9999] settings indexer.settings.minVbQueueLength will updated to `250`
2021-04-19T20:02:01.181+00:00 [Info] PROJ[:9999] settings indexer.settings.cpuProfile will updated to `false`
2021-04-19T20:02:01.181+00:00 [Info] PROJ[:9999] settings indexer.settings.gc_percent will updated to `100`
2021-04-19T20:02:01.181+00:00 [Info] PROJ[:9999] settings indexer.settings.inmemory_snapshot.moi.interval will updated to `20`
2021-04-19T20:02:01.181+00:00 [Info] PROJ[:9999] settings indexer.settings.persisted_snapshot.fdb.interval will updated to `5000`
2021-04-19T20:02:01.181+00:00 [Info] PROJ[:9999] settings indexer.settings.wal_size will updated to `4096`
2021-04-19T20:02:01.181+00:00 [Info] PROJ[:9999] settings indexer.settings.compaction.min_frag will updated to `30`
2021-04-19T20:02:01.181+00:00 [Info] PROJ[:9999] settings indexer.settings.statsLogDumpInterval will updated to `60`
2021-04-19T20:02:01.182+00:00 [Info] amd64 linux; cpus: 8; GOMAXPROCS: 8; version: go1.6.3
2021-04-19T20:02:57.155+00:00 [Info] memstats {"Alloc":827200, "TotalAlloc":1187344, "Sys":4624384, "Lookups":11, "Mallocs":8254,"Frees":1281, "HeapAlloc":827200, "HeapSys":2555904, "HeapIdle":1040384, "HeapInuse":1515520,"HeapReleased":0, "HeapObjects":6973,"GCSys":124928, "LastGC":1618862517154155400,"PauseTotalNs":2386300, "PauseNs":[1239400, 1146900], "NumGC":2}
