[ns_server:info,2021-04-19T19:37:06.616Z,couchdb_ns_1@127.0.0.1:<0.41.0>:ns_couchdb:init_logging:125]Brought up ns_couchdb logging
[ns_server:debug,2021-04-19T19:37:06.628Z,couchdb_ns_1@127.0.0.1:<0.41.0>:dist_manager:configure_net_kernel:255]Set net_kernel vebosity to 10 -> 0
[ns_server:info,2021-04-19T19:37:06.631Z,couchdb_ns_1@127.0.0.1:<0.41.0>:ns_couchdb:start:51]CouchDB node 'couchdb_ns_1@127.0.0.1' was initialized for 'ns_1@127.0.0.1'. Cookie: pidmvykzkazdxhrs
[error_logger:info,2021-04-19T19:37:06.725Z,couchdb_ns_1@127.0.0.1:error_logger<0.6.0>:ale_error_logger_handler:do_log:203]
=========================PROGRESS REPORT=========================
          supervisor: {local,cb_couch_sup}
             started: [{pid,<0.100.0>},
                       {name,cb_auth_info},
                       {mfargs,{cb_auth_info,start_link,[]}},
                       {restart_type,permanent},
                       {shutdown,brutal_kill},
                       {child_type,worker}]

[error_logger:info,2021-04-19T19:37:06.746Z,couchdb_ns_1@127.0.0.1:error_logger<0.6.0>:ale_error_logger_handler:do_log:203]
=========================PROGRESS REPORT=========================
          supervisor: {local,sasl_safe_sup}
             started: [{pid,<0.106.0>},
                       {name,alarm_handler},
                       {mfargs,{alarm_handler,start_link,[]}},
                       {restart_type,permanent},
                       {shutdown,2000},
                       {child_type,worker}]

[error_logger:info,2021-04-19T19:37:06.755Z,couchdb_ns_1@127.0.0.1:error_logger<0.6.0>:ale_error_logger_handler:do_log:203]
=========================PROGRESS REPORT=========================
          supervisor: {local,sasl_safe_sup}
             started: [{pid,<0.107.0>},
                       {name,overload},
                       {mfargs,{overload,start_link,[]}},
                       {restart_type,permanent},
                       {shutdown,2000},
                       {child_type,worker}]

[error_logger:info,2021-04-19T19:37:06.756Z,couchdb_ns_1@127.0.0.1:error_logger<0.6.0>:ale_error_logger_handler:do_log:203]
=========================PROGRESS REPORT=========================
          supervisor: {local,sasl_sup}
             started: [{pid,<0.105.0>},
                       {name,sasl_safe_sup},
                       {mfargs,
                           {supervisor,start_link,
                               [{local,sasl_safe_sup},sasl,safe]}},
                       {restart_type,permanent},
                       {shutdown,infinity},
                       {child_type,supervisor}]

[error_logger:info,2021-04-19T19:37:06.780Z,couchdb_ns_1@127.0.0.1:error_logger<0.6.0>:ale_error_logger_handler:do_log:203]
=========================PROGRESS REPORT=========================
          supervisor: {local,sasl_sup}
             started: [{pid,<0.108.0>},
                       {name,release_handler},
                       {mfargs,{release_handler,start_link,[]}},
                       {restart_type,permanent},
                       {shutdown,2000},
                       {child_type,worker}]

[error_logger:info,2021-04-19T19:37:06.780Z,couchdb_ns_1@127.0.0.1:error_logger<0.6.0>:ale_error_logger_handler:do_log:203]
=========================PROGRESS REPORT=========================
         application: sasl
          started_at: 'couchdb_ns_1@127.0.0.1'

[error_logger:info,2021-04-19T19:37:06.815Z,couchdb_ns_1@127.0.0.1:error_logger<0.6.0>:ale_error_logger_handler:do_log:203]
=========================PROGRESS REPORT=========================
          supervisor: {local,inets_sup}
             started: [{pid,<0.114.0>},
                       {name,ftp_sup},
                       {mfargs,{ftp_sup,start_link,[]}},
                       {restart_type,permanent},
                       {shutdown,infinity},
                       {child_type,supervisor}]

[error_logger:info,2021-04-19T19:37:06.888Z,couchdb_ns_1@127.0.0.1:error_logger<0.6.0>:ale_error_logger_handler:do_log:203]
=========================PROGRESS REPORT=========================
          supervisor: {local,httpc_profile_sup}
             started: [{pid,<0.117.0>},
                       {name,httpc_manager},
                       {mfargs,
                           {httpc_manager,start_link,
                               [default,only_session_cookies,inets]}},
                       {restart_type,permanent},
                       {shutdown,4000},
                       {child_type,worker}]

[error_logger:info,2021-04-19T19:37:06.889Z,couchdb_ns_1@127.0.0.1:error_logger<0.6.0>:ale_error_logger_handler:do_log:203]
=========================PROGRESS REPORT=========================
          supervisor: {local,httpc_sup}
             started: [{pid,<0.116.0>},
                       {name,httpc_profile_sup},
                       {mfargs,
                           {httpc_profile_sup,start_link,
                               [[{httpc,{default,only_session_cookies}}]]}},
                       {restart_type,permanent},
                       {shutdown,infinity},
                       {child_type,supervisor}]

[error_logger:info,2021-04-19T19:37:06.900Z,couchdb_ns_1@127.0.0.1:error_logger<0.6.0>:ale_error_logger_handler:do_log:203]
=========================PROGRESS REPORT=========================
          supervisor: {local,httpc_sup}
             started: [{pid,<0.118.0>},
                       {name,httpc_handler_sup},
                       {mfargs,{httpc_handler_sup,start_link,[]}},
                       {restart_type,permanent},
                       {shutdown,infinity},
                       {child_type,supervisor}]

[error_logger:info,2021-04-19T19:37:06.900Z,couchdb_ns_1@127.0.0.1:error_logger<0.6.0>:ale_error_logger_handler:do_log:203]
=========================PROGRESS REPORT=========================
          supervisor: {local,inets_sup}
             started: [{pid,<0.115.0>},
                       {name,httpc_sup},
                       {mfargs,
                           {httpc_sup,start_link,
                               [[{httpc,{default,only_session_cookies}}]]}},
                       {restart_type,permanent},
                       {shutdown,infinity},
                       {child_type,supervisor}]

[error_logger:info,2021-04-19T19:37:06.913Z,couchdb_ns_1@127.0.0.1:error_logger<0.6.0>:ale_error_logger_handler:do_log:203]
=========================PROGRESS REPORT=========================
          supervisor: {local,inets_sup}
             started: [{pid,<0.119.0>},
                       {name,httpd_sup},
                       {mfargs,{httpd_sup,start_link,[[]]}},
                       {restart_type,permanent},
                       {shutdown,infinity},
                       {child_type,supervisor}]

[error_logger:info,2021-04-19T19:37:06.928Z,couchdb_ns_1@127.0.0.1:error_logger<0.6.0>:ale_error_logger_handler:do_log:203]
=========================PROGRESS REPORT=========================
          supervisor: {local,inets_sup}
             started: [{pid,<0.120.0>},
                       {name,tftp_sup},
                       {mfargs,{tftp_sup,start_link,[[]]}},
                       {restart_type,permanent},
                       {shutdown,infinity},
                       {child_type,supervisor}]

[error_logger:info,2021-04-19T19:37:06.928Z,couchdb_ns_1@127.0.0.1:error_logger<0.6.0>:ale_error_logger_handler:do_log:203]
=========================PROGRESS REPORT=========================
         application: inets
          started_at: 'couchdb_ns_1@127.0.0.1'

[error_logger:info,2021-04-19T19:37:06.928Z,couchdb_ns_1@127.0.0.1:error_logger<0.6.0>:ale_error_logger_handler:do_log:203]
=========================PROGRESS REPORT=========================
         application: oauth
          started_at: 'couchdb_ns_1@127.0.0.1'

[error_logger:info,2021-04-19T19:37:06.954Z,couchdb_ns_1@127.0.0.1:error_logger<0.6.0>:ale_error_logger_handler:do_log:203]
=========================PROGRESS REPORT=========================
          supervisor: {local,lhttpc_sup}
             started: [{pid,<0.126.0>},
                       {name,lhttpc_manager},
                       {mfargs,
                           {lhttpc_manager,start_link,
                               [[{name,lhttpc_manager}]]}},
                       {restart_type,permanent},
                       {shutdown,10000},
                       {child_type,worker}]

[error_logger:info,2021-04-19T19:37:06.955Z,couchdb_ns_1@127.0.0.1:error_logger<0.6.0>:ale_error_logger_handler:do_log:203]
=========================PROGRESS REPORT=========================
         application: lhttpc
          started_at: 'couchdb_ns_1@127.0.0.1'

[error_logger:info,2021-04-19T19:37:06.965Z,couchdb_ns_1@127.0.0.1:error_logger<0.6.0>:ale_error_logger_handler:do_log:203]
=========================PROGRESS REPORT=========================
         application: xmerl
          started_at: 'couchdb_ns_1@127.0.0.1'

[error_logger:info,2021-04-19T19:37:06.991Z,couchdb_ns_1@127.0.0.1:error_logger<0.6.0>:ale_error_logger_handler:do_log:203]
=========================PROGRESS REPORT=========================
         application: compiler
          started_at: 'couchdb_ns_1@127.0.0.1'

[error_logger:info,2021-04-19T19:37:07.003Z,couchdb_ns_1@127.0.0.1:error_logger<0.6.0>:ale_error_logger_handler:do_log:203]
=========================PROGRESS REPORT=========================
         application: syntax_tools
          started_at: 'couchdb_ns_1@127.0.0.1'

[error_logger:info,2021-04-19T19:37:07.004Z,couchdb_ns_1@127.0.0.1:error_logger<0.6.0>:ale_error_logger_handler:do_log:203]
=========================PROGRESS REPORT=========================
         application: mochiweb
          started_at: 'couchdb_ns_1@127.0.0.1'

[error_logger:info,2021-04-19T19:37:07.029Z,couchdb_ns_1@127.0.0.1:error_logger<0.6.0>:ale_error_logger_handler:do_log:203]
=========================PROGRESS REPORT=========================
          supervisor: {local,os_mon_sup}
             started: [{pid,<0.135.0>},
                       {name,disksup},
                       {mfargs,{disksup,start_link,[]}},
                       {restart_type,permanent},
                       {shutdown,2000},
                       {child_type,worker}]

[error_logger:info,2021-04-19T19:37:07.046Z,couchdb_ns_1@127.0.0.1:error_logger<0.6.0>:ale_error_logger_handler:do_log:203]
=========================PROGRESS REPORT=========================
          supervisor: {local,os_mon_sup}
             started: [{pid,<0.136.0>},
                       {name,memsup},
                       {mfargs,{memsup,start_link,[]}},
                       {restart_type,permanent},
                       {shutdown,2000},
                       {child_type,worker}]

[error_logger:info,2021-04-19T19:37:07.061Z,couchdb_ns_1@127.0.0.1:error_logger<0.6.0>:ale_error_logger_handler:do_log:203]
=========================PROGRESS REPORT=========================
          supervisor: {local,os_mon_sup}
             started: [{pid,<0.138.0>},
                       {name,cpu_sup},
                       {mfargs,{cpu_sup,start_link,[]}},
                       {restart_type,permanent},
                       {shutdown,2000},
                       {child_type,worker}]

[error_logger:info,2021-04-19T19:37:07.062Z,couchdb_ns_1@127.0.0.1:error_logger<0.6.0>:ale_error_logger_handler:do_log:203]
=========================PROGRESS REPORT=========================
         application: os_mon
          started_at: 'couchdb_ns_1@127.0.0.1'

[error_logger:info,2021-04-19T19:37:07.072Z,couchdb_ns_1@127.0.0.1:error_logger<0.6.0>:ale_error_logger_handler:do_log:203]
=========================PROGRESS REPORT=========================
         application: couch_view_parser
          started_at: 'couchdb_ns_1@127.0.0.1'

[error_logger:info,2021-04-19T19:37:07.082Z,couchdb_ns_1@127.0.0.1:error_logger<0.6.0>:ale_error_logger_handler:do_log:203]
=========================PROGRESS REPORT=========================
         application: couch_set_view
          started_at: 'couchdb_ns_1@127.0.0.1'

[error_logger:info,2021-04-19T19:37:07.093Z,couchdb_ns_1@127.0.0.1:error_logger<0.6.0>:ale_error_logger_handler:do_log:203]
=========================PROGRESS REPORT=========================
         application: couch_index_merger
          started_at: 'couchdb_ns_1@127.0.0.1'

[error_logger:info,2021-04-19T19:37:07.102Z,couchdb_ns_1@127.0.0.1:error_logger<0.6.0>:ale_error_logger_handler:do_log:203]
=========================PROGRESS REPORT=========================
         application: mapreduce
          started_at: 'couchdb_ns_1@127.0.0.1'

[error_logger:info,2021-04-19T19:37:07.193Z,couchdb_ns_1@127.0.0.1:error_logger<0.6.0>:ale_error_logger_handler:do_log:203]
=========================PROGRESS REPORT=========================
          supervisor: {local,couch_server_sup}
             started: [{pid,<0.145.0>},
                       {name,couch_config},
                       {mfargs,
                           {couch_server_sup,couch_config_start_link_wrapper,
                               [["/opt/couchbase/etc/couchdb/default.ini",
                                 "/opt/couchbase/etc/couchdb/default.d/capi.ini",
                                 "/opt/couchbase/etc/couchdb/default.d/geocouch.ini",
                                 "/opt/couchbase/etc/couchdb/local.ini"],
                                <0.145.0>]}},
                       {restart_type,permanent},
                       {shutdown,brutal_kill},
                       {child_type,worker}]

[error_logger:info,2021-04-19T19:37:07.203Z,couchdb_ns_1@127.0.0.1:error_logger<0.6.0>:ale_error_logger_handler:do_log:203]
=========================PROGRESS REPORT=========================
          supervisor: {local,couch_primary_services}
             started: [{pid,<0.148.0>},
                       {name,couch_task_events},
                       {mfargs,
                           {gen_event,start_link,[{local,couch_task_events}]}},
                       {restart_type,permanent},
                       {shutdown,brutal_kill},
                       {child_type,worker}]

[error_logger:info,2021-04-19T19:37:07.211Z,couchdb_ns_1@127.0.0.1:error_logger<0.6.0>:ale_error_logger_handler:do_log:203]
=========================PROGRESS REPORT=========================
          supervisor: {local,couch_primary_services}
             started: [{pid,<0.149.0>},
                       {name,couch_task_status},
                       {mfargs,{couch_task_status,start_link,[]}},
                       {restart_type,permanent},
                       {shutdown,brutal_kill},
                       {child_type,worker}]

[error_logger:info,2021-04-19T19:37:07.219Z,couchdb_ns_1@127.0.0.1:error_logger<0.6.0>:ale_error_logger_handler:do_log:203]
=========================PROGRESS REPORT=========================
          supervisor: {local,couch_primary_services}
             started: [{pid,<0.150.0>},
                       {name,couch_file_write_guard},
                       {mfargs,{couch_file_write_guard,sup_start_link,[]}},
                       {restart_type,permanent},
                       {shutdown,10000},
                       {child_type,worker}]

[error_logger:info,2021-04-19T19:37:07.288Z,couchdb_ns_1@127.0.0.1:error_logger<0.6.0>:ale_error_logger_handler:do_log:203]
=========================PROGRESS REPORT=========================
          supervisor: {local,couch_primary_services}
             started: [{pid,<0.151.0>},
                       {name,couch_server},
                       {mfargs,{couch_server,sup_start_link,[]}},
                       {restart_type,permanent},
                       {shutdown,brutal_kill},
                       {child_type,worker}]

[error_logger:info,2021-04-19T19:37:07.288Z,couchdb_ns_1@127.0.0.1:error_logger<0.6.0>:ale_error_logger_handler:do_log:203]
=========================PROGRESS REPORT=========================
          supervisor: {local,couch_primary_services}
             started: [{pid,<0.152.0>},
                       {name,couch_db_update_event},
                       {mfargs,
                           {gen_event,start_link,[{local,couch_db_update}]}},
                       {restart_type,permanent},
                       {shutdown,brutal_kill},
                       {child_type,worker}]

[error_logger:info,2021-04-19T19:37:07.288Z,couchdb_ns_1@127.0.0.1:error_logger<0.6.0>:ale_error_logger_handler:do_log:203]
=========================PROGRESS REPORT=========================
          supervisor: {local,couch_primary_services}
             started: [{pid,<0.153.0>},
                       {name,couch_replication_event},
                       {mfargs,
                           {gen_event,start_link,[{local,couch_replication}]}},
                       {restart_type,permanent},
                       {shutdown,brutal_kill},
                       {child_type,worker}]

[error_logger:info,2021-04-19T19:37:07.300Z,couchdb_ns_1@127.0.0.1:error_logger<0.6.0>:ale_error_logger_handler:do_log:203]
=========================PROGRESS REPORT=========================
          supervisor: {local,couch_primary_services}
             started: [{pid,<0.154.0>},
                       {name,couch_replication_supervisor},
                       {mfargs,{couch_rep_sup,start_link,[]}},
                       {restart_type,permanent},
                       {shutdown,infinity},
                       {child_type,supervisor}]

[error_logger:info,2021-04-19T19:37:07.315Z,couchdb_ns_1@127.0.0.1:error_logger<0.6.0>:ale_error_logger_handler:do_log:203]
=========================PROGRESS REPORT=========================
          supervisor: {local,couch_primary_services}
             started: [{pid,<0.155.0>},
                       {name,couch_log},
                       {mfargs,{couch_log,start_link,[]}},
                       {restart_type,permanent},
                       {shutdown,brutal_kill},
                       {child_type,worker}]

[error_logger:info,2021-04-19T19:37:07.339Z,couchdb_ns_1@127.0.0.1:error_logger<0.6.0>:ale_error_logger_handler:do_log:203]
=========================PROGRESS REPORT=========================
          supervisor: {local,couch_primary_services}
             started: [{pid,<0.156.0>},
                       {name,couch_main_index_barrier},
                       {mfargs,
                           {couch_index_barrier,start_link,
                               [couch_main_index_barrier,
                                "max_parallel_indexers"]}},
                       {restart_type,permanent},
                       {shutdown,brutal_kill},
                       {child_type,worker}]

[error_logger:info,2021-04-19T19:37:07.340Z,couchdb_ns_1@127.0.0.1:error_logger<0.6.0>:ale_error_logger_handler:do_log:203]
=========================PROGRESS REPORT=========================
          supervisor: {local,couch_primary_services}
             started: [{pid,<0.157.0>},
                       {name,couch_replica_index_barrier},
                       {mfargs,
                           {couch_index_barrier,start_link,
                               [couch_replica_index_barrier,
                                "max_parallel_replica_indexers"]}},
                       {restart_type,permanent},
                       {shutdown,brutal_kill},
                       {child_type,worker}]

[error_logger:info,2021-04-19T19:37:07.341Z,couchdb_ns_1@127.0.0.1:error_logger<0.6.0>:ale_error_logger_handler:do_log:203]
=========================PROGRESS REPORT=========================
          supervisor: {local,couch_primary_services}
             started: [{pid,<0.158.0>},
                       {name,couch_spatial_index_barrier},
                       {mfargs,
                           {couch_index_barrier,start_link,
                               [couch_spatial_index_barrier,
                                "max_parallel_spatial_indexers"]}},
                       {restart_type,permanent},
                       {shutdown,brutal_kill},
                       {child_type,worker}]

[error_logger:info,2021-04-19T19:37:07.341Z,couchdb_ns_1@127.0.0.1:error_logger<0.6.0>:ale_error_logger_handler:do_log:203]
=========================PROGRESS REPORT=========================
          supervisor: {local,couch_server_sup}
             started: [{pid,<0.147.0>},
                       {name,couch_primary_services},
                       {mfargs,{couch_primary_sup,start_link,[]}},
                       {restart_type,permanent},
                       {shutdown,infinity},
                       {child_type,supervisor}]

[error_logger:info,2021-04-19T19:37:07.362Z,couchdb_ns_1@127.0.0.1:error_logger<0.6.0>:ale_error_logger_handler:do_log:203]
=========================PROGRESS REPORT=========================
          supervisor: {local,couch_secondary_services}
             started: [{pid,<0.160.0>},
                       {name,couch_db_update_notifier_sup},
                       {mfargs,{couch_db_update_notifier_sup,start_link,[]}},
                       {restart_type,permanent},
                       {shutdown,infinity},
                       {child_type,supervisor}]

[error_logger:info,2021-04-19T19:37:07.535Z,couchdb_ns_1@127.0.0.1:error_logger<0.6.0>:ale_error_logger_handler:do_log:203]
=========================PROGRESS REPORT=========================
          supervisor: {local,couch_secondary_services}
             started: [{pid,<0.161.0>},
                       {name,spatial_view_manager_dev},
                       {mfargs,{couch_set_view,start_link,[dev,spatial_view]}},
                       {restart_type,permanent},
                       {shutdown,brutal_kill},
                       {child_type,worker}]

[error_logger:info,2021-04-19T19:37:07.537Z,couchdb_ns_1@127.0.0.1:error_logger<0.6.0>:ale_error_logger_handler:do_log:203]
=========================PROGRESS REPORT=========================
          supervisor: {local,couch_secondary_services}
             started: [{pid,<0.164.0>},
                       {name,index_merger_pool},
                       {mfargs,
                           {lhttpc_manager,start_link,
                               [[{connection_timeout,90000},
                                 {pool_size,10000},
                                 {name,couch_index_merger_connection_pool}]]}},
                       {restart_type,permanent},
                       {shutdown,brutal_kill},
                       {child_type,worker}]

[error_logger:info,2021-04-19T19:37:07.610Z,couchdb_ns_1@127.0.0.1:error_logger<0.6.0>:ale_error_logger_handler:do_log:203]
=========================PROGRESS REPORT=========================
          supervisor: {local,couch_secondary_services}
             started: [{pid,<0.165.0>},
                       {name,query_servers},
                       {mfargs,{couch_query_servers,start_link,[]}},
                       {restart_type,permanent},
                       {shutdown,brutal_kill},
                       {child_type,worker}]

[ns_server:info,2021-04-19T19:37:06.903Z,couchdb_ns_1@127.0.0.1:<0.41.0>:ns_couchdb:init_logging:125]Brought up ns_couchdb logging
[ns_server:debug,2021-04-19T19:37:06.915Z,couchdb_ns_1@127.0.0.1:<0.41.0>:dist_manager:configure_net_kernel:255]Set net_kernel vebosity to 10 -> 0
[ns_server:info,2021-04-19T19:37:06.919Z,couchdb_ns_1@127.0.0.1:<0.41.0>:ns_couchdb:start:51]CouchDB node 'couchdb_ns_1@127.0.0.1' was initialized for 'ns_1@127.0.0.1'. Cookie: enyuueqdzehletxb
[error_logger:info,2021-04-19T19:37:07.016Z,couchdb_ns_1@127.0.0.1:error_logger<0.6.0>:ale_error_logger_handler:do_log:203]
=========================PROGRESS REPORT=========================
          supervisor: {local,cb_couch_sup}
             started: [{pid,<0.99.0>},
                       {name,cb_auth_info},
                       {mfargs,{cb_auth_info,start_link,[]}},
                       {restart_type,permanent},
                       {shutdown,brutal_kill},
                       {child_type,worker}]

[error_logger:info,2021-04-19T19:37:07.044Z,couchdb_ns_1@127.0.0.1:error_logger<0.6.0>:ale_error_logger_handler:do_log:203]
=========================PROGRESS REPORT=========================
          supervisor: {local,sasl_safe_sup}
             started: [{pid,<0.106.0>},
                       {name,alarm_handler},
                       {mfargs,{alarm_handler,start_link,[]}},
                       {restart_type,permanent},
                       {shutdown,2000},
                       {child_type,worker}]

[error_logger:info,2021-04-19T19:37:07.055Z,couchdb_ns_1@127.0.0.1:error_logger<0.6.0>:ale_error_logger_handler:do_log:203]
=========================PROGRESS REPORT=========================
          supervisor: {local,sasl_safe_sup}
             started: [{pid,<0.107.0>},
                       {name,overload},
                       {mfargs,{overload,start_link,[]}},
                       {restart_type,permanent},
                       {shutdown,2000},
                       {child_type,worker}]

[error_logger:info,2021-04-19T19:37:07.056Z,couchdb_ns_1@127.0.0.1:error_logger<0.6.0>:ale_error_logger_handler:do_log:203]
=========================PROGRESS REPORT=========================
          supervisor: {local,sasl_sup}
             started: [{pid,<0.105.0>},
                       {name,sasl_safe_sup},
                       {mfargs,
                           {supervisor,start_link,
                               [{local,sasl_safe_sup},sasl,safe]}},
                       {restart_type,permanent},
                       {shutdown,infinity},
                       {child_type,supervisor}]

[error_logger:info,2021-04-19T19:37:07.089Z,couchdb_ns_1@127.0.0.1:error_logger<0.6.0>:ale_error_logger_handler:do_log:203]
=========================PROGRESS REPORT=========================
          supervisor: {local,sasl_sup}
             started: [{pid,<0.108.0>},
                       {name,release_handler},
                       {mfargs,{release_handler,start_link,[]}},
                       {restart_type,permanent},
                       {shutdown,2000},
                       {child_type,worker}]

[error_logger:info,2021-04-19T19:37:07.090Z,couchdb_ns_1@127.0.0.1:error_logger<0.6.0>:ale_error_logger_handler:do_log:203]
=========================PROGRESS REPORT=========================
         application: sasl
          started_at: 'couchdb_ns_1@127.0.0.1'

[error_logger:info,2021-04-19T19:37:07.131Z,couchdb_ns_1@127.0.0.1:error_logger<0.6.0>:ale_error_logger_handler:do_log:203]
=========================PROGRESS REPORT=========================
          supervisor: {local,inets_sup}
             started: [{pid,<0.114.0>},
                       {name,ftp_sup},
                       {mfargs,{ftp_sup,start_link,[]}},
                       {restart_type,permanent},
                       {shutdown,infinity},
                       {child_type,supervisor}]

[error_logger:info,2021-04-19T19:37:07.233Z,couchdb_ns_1@127.0.0.1:error_logger<0.6.0>:ale_error_logger_handler:do_log:203]
=========================PROGRESS REPORT=========================
          supervisor: {local,httpc_profile_sup}
             started: [{pid,<0.117.0>},
                       {name,httpc_manager},
                       {mfargs,
                           {httpc_manager,start_link,
                               [default,only_session_cookies,inets]}},
                       {restart_type,permanent},
                       {shutdown,4000},
                       {child_type,worker}]

[error_logger:info,2021-04-19T19:37:07.234Z,couchdb_ns_1@127.0.0.1:error_logger<0.6.0>:ale_error_logger_handler:do_log:203]
=========================PROGRESS REPORT=========================
          supervisor: {local,httpc_sup}
             started: [{pid,<0.116.0>},
                       {name,httpc_profile_sup},
                       {mfargs,
                           {httpc_profile_sup,start_link,
                               [[{httpc,{default,only_session_cookies}}]]}},
                       {restart_type,permanent},
                       {shutdown,infinity},
                       {child_type,supervisor}]

[error_logger:info,2021-04-19T19:37:07.256Z,couchdb_ns_1@127.0.0.1:error_logger<0.6.0>:ale_error_logger_handler:do_log:203]
=========================PROGRESS REPORT=========================
          supervisor: {local,httpc_sup}
             started: [{pid,<0.118.0>},
                       {name,httpc_handler_sup},
                       {mfargs,{httpc_handler_sup,start_link,[]}},
                       {restart_type,permanent},
                       {shutdown,infinity},
                       {child_type,supervisor}]

[error_logger:info,2021-04-19T19:37:07.256Z,couchdb_ns_1@127.0.0.1:error_logger<0.6.0>:ale_error_logger_handler:do_log:203]
=========================PROGRESS REPORT=========================
          supervisor: {local,inets_sup}
             started: [{pid,<0.115.0>},
                       {name,httpc_sup},
                       {mfargs,
                           {httpc_sup,start_link,
                               [[{httpc,{default,only_session_cookies}}]]}},
                       {restart_type,permanent},
                       {shutdown,infinity},
                       {child_type,supervisor}]

[error_logger:info,2021-04-19T19:37:07.271Z,couchdb_ns_1@127.0.0.1:error_logger<0.6.0>:ale_error_logger_handler:do_log:203]
=========================PROGRESS REPORT=========================
          supervisor: {local,inets_sup}
             started: [{pid,<0.119.0>},
                       {name,httpd_sup},
                       {mfargs,{httpd_sup,start_link,[[]]}},
                       {restart_type,permanent},
                       {shutdown,infinity},
                       {child_type,supervisor}]

[error_logger:info,2021-04-19T19:37:07.289Z,couchdb_ns_1@127.0.0.1:error_logger<0.6.0>:ale_error_logger_handler:do_log:203]
=========================PROGRESS REPORT=========================
          supervisor: {local,inets_sup}
             started: [{pid,<0.120.0>},
                       {name,tftp_sup},
                       {mfargs,{tftp_sup,start_link,[[]]}},
                       {restart_type,permanent},
                       {shutdown,infinity},
                       {child_type,supervisor}]

[error_logger:info,2021-04-19T19:37:07.290Z,couchdb_ns_1@127.0.0.1:error_logger<0.6.0>:ale_error_logger_handler:do_log:203]
=========================PROGRESS REPORT=========================
         application: inets
          started_at: 'couchdb_ns_1@127.0.0.1'

[error_logger:info,2021-04-19T19:37:07.290Z,couchdb_ns_1@127.0.0.1:error_logger<0.6.0>:ale_error_logger_handler:do_log:203]
=========================PROGRESS REPORT=========================
         application: oauth
          started_at: 'couchdb_ns_1@127.0.0.1'

[error_logger:info,2021-04-19T19:37:07.325Z,couchdb_ns_1@127.0.0.1:error_logger<0.6.0>:ale_error_logger_handler:do_log:203]
=========================PROGRESS REPORT=========================
          supervisor: {local,lhttpc_sup}
             started: [{pid,<0.126.0>},
                       {name,lhttpc_manager},
                       {mfargs,
                           {lhttpc_manager,start_link,
                               [[{name,lhttpc_manager}]]}},
                       {restart_type,permanent},
                       {shutdown,10000},
                       {child_type,worker}]

[error_logger:info,2021-04-19T19:37:07.326Z,couchdb_ns_1@127.0.0.1:error_logger<0.6.0>:ale_error_logger_handler:do_log:203]
=========================PROGRESS REPORT=========================
         application: lhttpc
          started_at: 'couchdb_ns_1@127.0.0.1'

[error_logger:info,2021-04-19T19:37:07.340Z,couchdb_ns_1@127.0.0.1:error_logger<0.6.0>:ale_error_logger_handler:do_log:203]
=========================PROGRESS REPORT=========================
         application: xmerl
          started_at: 'couchdb_ns_1@127.0.0.1'

[error_logger:info,2021-04-19T19:37:07.377Z,couchdb_ns_1@127.0.0.1:error_logger<0.6.0>:ale_error_logger_handler:do_log:203]
=========================PROGRESS REPORT=========================
         application: compiler
          started_at: 'couchdb_ns_1@127.0.0.1'

[error_logger:info,2021-04-19T19:37:07.400Z,couchdb_ns_1@127.0.0.1:error_logger<0.6.0>:ale_error_logger_handler:do_log:203]
=========================PROGRESS REPORT=========================
         application: syntax_tools
          started_at: 'couchdb_ns_1@127.0.0.1'

[error_logger:info,2021-04-19T19:37:07.401Z,couchdb_ns_1@127.0.0.1:error_logger<0.6.0>:ale_error_logger_handler:do_log:203]
=========================PROGRESS REPORT=========================
         application: mochiweb
          started_at: 'couchdb_ns_1@127.0.0.1'

[error_logger:info,2021-04-19T19:37:07.436Z,couchdb_ns_1@127.0.0.1:error_logger<0.6.0>:ale_error_logger_handler:do_log:203]
=========================PROGRESS REPORT=========================
          supervisor: {local,os_mon_sup}
             started: [{pid,<0.135.0>},
                       {name,disksup},
                       {mfargs,{disksup,start_link,[]}},
                       {restart_type,permanent},
                       {shutdown,2000},
                       {child_type,worker}]

[error_logger:info,2021-04-19T19:37:07.456Z,couchdb_ns_1@127.0.0.1:error_logger<0.6.0>:ale_error_logger_handler:do_log:203]
=========================PROGRESS REPORT=========================
          supervisor: {local,os_mon_sup}
             started: [{pid,<0.136.0>},
                       {name,memsup},
                       {mfargs,{memsup,start_link,[]}},
                       {restart_type,permanent},
                       {shutdown,2000},
                       {child_type,worker}]

[error_logger:info,2021-04-19T19:37:07.489Z,couchdb_ns_1@127.0.0.1:error_logger<0.6.0>:ale_error_logger_handler:do_log:203]
=========================PROGRESS REPORT=========================
          supervisor: {local,os_mon_sup}
             started: [{pid,<0.138.0>},
                       {name,cpu_sup},
                       {mfargs,{cpu_sup,start_link,[]}},
                       {restart_type,permanent},
                       {shutdown,2000},
                       {child_type,worker}]

[error_logger:info,2021-04-19T19:37:07.490Z,couchdb_ns_1@127.0.0.1:error_logger<0.6.0>:ale_error_logger_handler:do_log:203]
=========================PROGRESS REPORT=========================
         application: os_mon
          started_at: 'couchdb_ns_1@127.0.0.1'

[error_logger:info,2021-04-19T19:37:07.539Z,couchdb_ns_1@127.0.0.1:error_logger<0.6.0>:ale_error_logger_handler:do_log:203]
=========================PROGRESS REPORT=========================
         application: couch_view_parser
          started_at: 'couchdb_ns_1@127.0.0.1'

[error_logger:info,2021-04-19T19:37:07.573Z,couchdb_ns_1@127.0.0.1:error_logger<0.6.0>:ale_error_logger_handler:do_log:203]
=========================PROGRESS REPORT=========================
         application: couch_set_view
          started_at: 'couchdb_ns_1@127.0.0.1'

[error_logger:info,2021-04-19T19:37:07.614Z,couchdb_ns_1@127.0.0.1:error_logger<0.6.0>:ale_error_logger_handler:do_log:203]
=========================PROGRESS REPORT=========================
         application: couch_index_merger
          started_at: 'couchdb_ns_1@127.0.0.1'

[error_logger:info,2021-04-19T19:37:07.641Z,couchdb_ns_1@127.0.0.1:error_logger<0.6.0>:ale_error_logger_handler:do_log:203]
=========================PROGRESS REPORT=========================
         application: mapreduce
          started_at: 'couchdb_ns_1@127.0.0.1'

[error_logger:info,2021-04-19T19:37:07.820Z,couchdb_ns_1@127.0.0.1:error_logger<0.6.0>:ale_error_logger_handler:do_log:203]
=========================PROGRESS REPORT=========================
          supervisor: {local,couch_server_sup}
             started: [{pid,<0.145.0>},
                       {name,couch_config},
                       {mfargs,
                           {couch_server_sup,couch_config_start_link_wrapper,
                               [["/opt/couchbase/etc/couchdb/default.ini",
                                 "/opt/couchbase/etc/couchdb/default.d/capi.ini",
                                 "/opt/couchbase/etc/couchdb/default.d/geocouch.ini",
                                 "/opt/couchbase/etc/couchdb/local.ini"],
                                <0.145.0>]}},
                       {restart_type,permanent},
                       {shutdown,brutal_kill},
                       {child_type,worker}]

[error_logger:info,2021-04-19T19:37:07.844Z,couchdb_ns_1@127.0.0.1:error_logger<0.6.0>:ale_error_logger_handler:do_log:203]
=========================PROGRESS REPORT=========================
          supervisor: {local,couch_primary_services}
             started: [{pid,<0.148.0>},
                       {name,couch_task_events},
                       {mfargs,
                           {gen_event,start_link,[{local,couch_task_events}]}},
                       {restart_type,permanent},
                       {shutdown,brutal_kill},
                       {child_type,worker}]

[error_logger:info,2021-04-19T19:37:07.872Z,couchdb_ns_1@127.0.0.1:error_logger<0.6.0>:ale_error_logger_handler:do_log:203]
=========================PROGRESS REPORT=========================
          supervisor: {local,couch_primary_services}
             started: [{pid,<0.149.0>},
                       {name,couch_task_status},
                       {mfargs,{couch_task_status,start_link,[]}},
                       {restart_type,permanent},
                       {shutdown,brutal_kill},
                       {child_type,worker}]

[error_logger:info,2021-04-19T19:37:07.884Z,couchdb_ns_1@127.0.0.1:error_logger<0.6.0>:ale_error_logger_handler:do_log:203]
=========================PROGRESS REPORT=========================
          supervisor: {local,couch_primary_services}
             started: [{pid,<0.150.0>},
                       {name,couch_file_write_guard},
                       {mfargs,{couch_file_write_guard,sup_start_link,[]}},
                       {restart_type,permanent},
                       {shutdown,10000},
                       {child_type,worker}]

[error_logger:info,2021-04-19T19:37:07.646Z,couchdb_ns_1@127.0.0.1:error_logger<0.6.0>:ale_error_logger_handler:do_log:203]
=========================PROGRESS REPORT=========================
          supervisor: {local,couch_secondary_services}
             started: [{pid,<0.167.0>},
                       {name,couch_set_view_ddoc_cache},
                       {mfargs,{couch_set_view_ddoc_cache,start_link,[]}},
                       {restart_type,permanent},
                       {shutdown,brutal_kill},
                       {child_type,worker}]

[error_logger:info,2021-04-19T19:37:07.727Z,couchdb_ns_1@127.0.0.1:error_logger<0.6.0>:ale_error_logger_handler:do_log:203]
=========================PROGRESS REPORT=========================
          supervisor: {local,couch_secondary_services}
             started: [{pid,<0.169.0>},
                       {name,view_manager},
                       {mfargs,{couch_view,start_link,[]}},
                       {restart_type,permanent},
                       {shutdown,brutal_kill},
                       {child_type,worker}]

[error_logger:info,2021-04-19T19:37:07.878Z,couchdb_ns_1@127.0.0.1:error_logger<0.6.0>:ale_error_logger_handler:do_log:203]
=========================PROGRESS REPORT=========================
          supervisor: {local,couch_secondary_services}
             started: [{pid,<0.171.0>},
                       {name,uuids},
                       {mfargs,{couch_uuids,start,[]}},
                       {restart_type,permanent},
                       {shutdown,brutal_kill},
                       {child_type,worker}]

[error_logger:info,2021-04-19T19:37:07.916Z,couchdb_ns_1@127.0.0.1:error_logger<0.6.0>:ale_error_logger_handler:do_log:203]
=========================PROGRESS REPORT=========================
          supervisor: {local,couch_secondary_services}
             started: [{pid,<0.173.0>},
                       {name,spatial_view_manager},
                       {mfargs,
                           {couch_set_view,start_link,[prod,spatial_view]}},
                       {restart_type,permanent},
                       {shutdown,brutal_kill},
                       {child_type,worker}]

[error_logger:info,2021-04-19T19:37:08.154Z,couchdb_ns_1@127.0.0.1:error_logger<0.6.0>:ale_error_logger_handler:do_log:203]
=========================PROGRESS REPORT=========================
          supervisor: {local,couch_secondary_services}
             started: [{pid,<0.175.0>},
                       {name,httpd},
                       {mfargs,{couch_httpd,start_link,[]}},
                       {restart_type,permanent},
                       {shutdown,brutal_kill},
                       {child_type,worker}]

[error_logger:info,2021-04-19T19:37:08.211Z,couchdb_ns_1@127.0.0.1:error_logger<0.6.0>:ale_error_logger_handler:do_log:203]
=========================PROGRESS REPORT=========================
          supervisor: {local,couch_secondary_services}
             started: [{pid,<0.192.0>},
                       {name,set_view_manager_dev},
                       {mfargs,
                           {couch_set_view,start_link,[dev,mapreduce_view]}},
                       {restart_type,permanent},
                       {shutdown,brutal_kill},
                       {child_type,worker}]

[error_logger:info,2021-04-19T19:37:08.554Z,couchdb_ns_1@127.0.0.1:error_logger<0.6.0>:ale_error_logger_handler:do_log:203]
=========================PROGRESS REPORT=========================
          supervisor: {local,kernel_safe_sup}
             started: [{pid,<0.202.0>},
                       {name,timer_server},
                       {mfargs,{timer,start_link,[]}},
                       {restart_type,permanent},
                       {shutdown,1000},
                       {child_type,worker}]

[error_logger:info,2021-04-19T19:37:08.645Z,couchdb_ns_1@127.0.0.1:error_logger<0.6.0>:ale_error_logger_handler:do_log:203]
=========================PROGRESS REPORT=========================
          supervisor: {local,couch_secondary_services}
             started: [{pid,<0.194.0>},
                       {name,auth_cache},
                       {mfargs,{couch_auth_cache,start_link,[]}},
                       {restart_type,permanent},
                       {shutdown,brutal_kill},
                       {child_type,worker}]

[error_logger:info,2021-04-19T19:37:07.928Z,couchdb_ns_1@127.0.0.1:error_logger<0.6.0>:ale_error_logger_handler:do_log:203]
=========================PROGRESS REPORT=========================
          supervisor: {local,couch_primary_services}
             started: [{pid,<0.151.0>},
                       {name,couch_server},
                       {mfargs,{couch_server,sup_start_link,[]}},
                       {restart_type,permanent},
                       {shutdown,brutal_kill},
                       {child_type,worker}]

[error_logger:info,2021-04-19T19:37:07.929Z,couchdb_ns_1@127.0.0.1:error_logger<0.6.0>:ale_error_logger_handler:do_log:203]
=========================PROGRESS REPORT=========================
          supervisor: {local,couch_primary_services}
             started: [{pid,<0.152.0>},
                       {name,couch_db_update_event},
                       {mfargs,
                           {gen_event,start_link,[{local,couch_db_update}]}},
                       {restart_type,permanent},
                       {shutdown,brutal_kill},
                       {child_type,worker}]

[error_logger:info,2021-04-19T19:37:07.930Z,couchdb_ns_1@127.0.0.1:error_logger<0.6.0>:ale_error_logger_handler:do_log:203]
=========================PROGRESS REPORT=========================
          supervisor: {local,couch_primary_services}
             started: [{pid,<0.153.0>},
                       {name,couch_replication_event},
                       {mfargs,
                           {gen_event,start_link,[{local,couch_replication}]}},
                       {restart_type,permanent},
                       {shutdown,brutal_kill},
                       {child_type,worker}]

[error_logger:info,2021-04-19T19:37:07.935Z,couchdb_ns_1@127.0.0.1:error_logger<0.6.0>:ale_error_logger_handler:do_log:203]
=========================PROGRESS REPORT=========================
          supervisor: {local,couch_primary_services}
             started: [{pid,<0.154.0>},
                       {name,couch_replication_supervisor},
                       {mfargs,{couch_rep_sup,start_link,[]}},
                       {restart_type,permanent},
                       {shutdown,infinity},
                       {child_type,supervisor}]

[error_logger:info,2021-04-19T19:37:07.944Z,couchdb_ns_1@127.0.0.1:error_logger<0.6.0>:ale_error_logger_handler:do_log:203]
=========================PROGRESS REPORT=========================
          supervisor: {local,couch_primary_services}
             started: [{pid,<0.155.0>},
                       {name,couch_log},
                       {mfargs,{couch_log,start_link,[]}},
                       {restart_type,permanent},
                       {shutdown,brutal_kill},
                       {child_type,worker}]

[error_logger:info,2021-04-19T19:37:07.958Z,couchdb_ns_1@127.0.0.1:error_logger<0.6.0>:ale_error_logger_handler:do_log:203]
=========================PROGRESS REPORT=========================
          supervisor: {local,couch_primary_services}
             started: [{pid,<0.156.0>},
                       {name,couch_main_index_barrier},
                       {mfargs,
                           {couch_index_barrier,start_link,
                               [couch_main_index_barrier,
                                "max_parallel_indexers"]}},
                       {restart_type,permanent},
                       {shutdown,brutal_kill},
                       {child_type,worker}]

[error_logger:info,2021-04-19T19:37:07.959Z,couchdb_ns_1@127.0.0.1:error_logger<0.6.0>:ale_error_logger_handler:do_log:203]
=========================PROGRESS REPORT=========================
          supervisor: {local,couch_primary_services}
             started: [{pid,<0.157.0>},
                       {name,couch_replica_index_barrier},
                       {mfargs,
                           {couch_index_barrier,start_link,
                               [couch_replica_index_barrier,
                                "max_parallel_replica_indexers"]}},
                       {restart_type,permanent},
                       {shutdown,brutal_kill},
                       {child_type,worker}]

[error_logger:info,2021-04-19T19:37:07.960Z,couchdb_ns_1@127.0.0.1:error_logger<0.6.0>:ale_error_logger_handler:do_log:203]
=========================PROGRESS REPORT=========================
          supervisor: {local,couch_primary_services}
             started: [{pid,<0.158.0>},
                       {name,couch_spatial_index_barrier},
                       {mfargs,
                           {couch_index_barrier,start_link,
                               [couch_spatial_index_barrier,
                                "max_parallel_spatial_indexers"]}},
                       {restart_type,permanent},
                       {shutdown,brutal_kill},
                       {child_type,worker}]

[error_logger:info,2021-04-19T19:37:07.960Z,couchdb_ns_1@127.0.0.1:error_logger<0.6.0>:ale_error_logger_handler:do_log:203]
=========================PROGRESS REPORT=========================
          supervisor: {local,couch_server_sup}
             started: [{pid,<0.147.0>},
                       {name,couch_primary_services},
                       {mfargs,{couch_primary_sup,start_link,[]}},
                       {restart_type,permanent},
                       {shutdown,infinity},
                       {child_type,supervisor}]

[error_logger:info,2021-04-19T19:37:07.983Z,couchdb_ns_1@127.0.0.1:error_logger<0.6.0>:ale_error_logger_handler:do_log:203]
=========================PROGRESS REPORT=========================
          supervisor: {local,couch_secondary_services}
             started: [{pid,<0.160.0>},
                       {name,couch_db_update_notifier_sup},
                       {mfargs,{couch_db_update_notifier_sup,start_link,[]}},
                       {restart_type,permanent},
                       {shutdown,infinity},
                       {child_type,supervisor}]

[error_logger:info,2021-04-19T19:37:08.137Z,couchdb_ns_1@127.0.0.1:error_logger<0.6.0>:ale_error_logger_handler:do_log:203]
=========================PROGRESS REPORT=========================
          supervisor: {local,couch_secondary_services}
             started: [{pid,<0.161.0>},
                       {name,spatial_view_manager_dev},
                       {mfargs,{couch_set_view,start_link,[dev,spatial_view]}},
                       {restart_type,permanent},
                       {shutdown,brutal_kill},
                       {child_type,worker}]

[error_logger:info,2021-04-19T19:37:08.137Z,couchdb_ns_1@127.0.0.1:error_logger<0.6.0>:ale_error_logger_handler:do_log:203]
=========================PROGRESS REPORT=========================
          supervisor: {local,couch_secondary_services}
             started: [{pid,<0.164.0>},
                       {name,index_merger_pool},
                       {mfargs,
                           {lhttpc_manager,start_link,
                               [[{connection_timeout,90000},
                                 {pool_size,10000},
                                 {name,couch_index_merger_connection_pool}]]}},
                       {restart_type,permanent},
                       {shutdown,brutal_kill},
                       {child_type,worker}]

[error_logger:info,2021-04-19T19:37:08.149Z,couchdb_ns_1@127.0.0.1:error_logger<0.6.0>:ale_error_logger_handler:do_log:203]
=========================PROGRESS REPORT=========================
          supervisor: {local,couch_secondary_services}
             started: [{pid,<0.165.0>},
                       {name,query_servers},
                       {mfargs,{couch_query_servers,start_link,[]}},
                       {restart_type,permanent},
                       {shutdown,brutal_kill},
                       {child_type,worker}]

[error_logger:info,2021-04-19T19:37:08.174Z,couchdb_ns_1@127.0.0.1:error_logger<0.6.0>:ale_error_logger_handler:do_log:203]
=========================PROGRESS REPORT=========================
          supervisor: {local,couch_secondary_services}
             started: [{pid,<0.167.0>},
                       {name,couch_set_view_ddoc_cache},
                       {mfargs,{couch_set_view_ddoc_cache,start_link,[]}},
                       {restart_type,permanent},
                       {shutdown,brutal_kill},
                       {child_type,worker}]

[error_logger:info,2021-04-19T19:37:08.227Z,couchdb_ns_1@127.0.0.1:error_logger<0.6.0>:ale_error_logger_handler:do_log:203]
=========================PROGRESS REPORT=========================
          supervisor: {local,couch_secondary_services}
             started: [{pid,<0.169.0>},
                       {name,view_manager},
                       {mfargs,{couch_view,start_link,[]}},
                       {restart_type,permanent},
                       {shutdown,brutal_kill},
                       {child_type,worker}]

[error_logger:info,2021-04-19T19:37:08.309Z,couchdb_ns_1@127.0.0.1:error_logger<0.6.0>:ale_error_logger_handler:do_log:203]
=========================PROGRESS REPORT=========================
          supervisor: {local,couch_secondary_services}
             started: [{pid,<0.171.0>},
                       {name,uuids},
                       {mfargs,{couch_uuids,start,[]}},
                       {restart_type,permanent},
                       {shutdown,brutal_kill},
                       {child_type,worker}]

[error_logger:info,2021-04-19T19:37:08.326Z,couchdb_ns_1@127.0.0.1:error_logger<0.6.0>:ale_error_logger_handler:do_log:203]
=========================PROGRESS REPORT=========================
          supervisor: {local,couch_secondary_services}
             started: [{pid,<0.173.0>},
                       {name,spatial_view_manager},
                       {mfargs,
                           {couch_set_view,start_link,[prod,spatial_view]}},
                       {restart_type,permanent},
                       {shutdown,brutal_kill},
                       {child_type,worker}]

[error_logger:info,2021-04-19T19:37:08.481Z,couchdb_ns_1@127.0.0.1:error_logger<0.6.0>:ale_error_logger_handler:do_log:203]
=========================PROGRESS REPORT=========================
          supervisor: {local,couch_secondary_services}
             started: [{pid,<0.175.0>},
                       {name,httpd},
                       {mfargs,{couch_httpd,start_link,[]}},
                       {restart_type,permanent},
                       {shutdown,brutal_kill},
                       {child_type,worker}]

[error_logger:info,2021-04-19T19:37:08.529Z,couchdb_ns_1@127.0.0.1:error_logger<0.6.0>:ale_error_logger_handler:do_log:203]
=========================PROGRESS REPORT=========================
          supervisor: {local,couch_secondary_services}
             started: [{pid,<0.192.0>},
                       {name,set_view_manager_dev},
                       {mfargs,
                           {couch_set_view,start_link,[dev,mapreduce_view]}},
                       {restart_type,permanent},
                       {shutdown,brutal_kill},
                       {child_type,worker}]

[error_logger:info,2021-04-19T19:37:08.752Z,couchdb_ns_1@127.0.0.1:error_logger<0.6.0>:ale_error_logger_handler:do_log:203]
=========================PROGRESS REPORT=========================
          supervisor: {local,couch_secondary_services}
             started: [{pid,<0.194.0>},
                       {name,auth_cache},
                       {mfargs,{couch_auth_cache,start_link,[]}},
                       {restart_type,permanent},
                       {shutdown,brutal_kill},
                       {child_type,worker}]

[error_logger:info,2021-04-19T19:37:08.761Z,couchdb_ns_1@127.0.0.1:error_logger<0.6.0>:ale_error_logger_handler:do_log:203]
=========================PROGRESS REPORT=========================
          supervisor: {local,couch_secondary_services}
             started: [{pid,<0.204.0>},
                       {name,set_view_manager},
                       {mfargs,
                           {couch_set_view,start_link,[prod,mapreduce_view]}},
                       {restart_type,permanent},
                       {shutdown,brutal_kill},
                       {child_type,worker}]

[error_logger:info,2021-04-19T19:37:08.762Z,couchdb_ns_1@127.0.0.1:error_logger<0.6.0>:ale_error_logger_handler:do_log:203]
=========================PROGRESS REPORT=========================
          supervisor: {local,couch_server_sup}
             started: [{pid,<0.159.0>},
                       {name,couch_secondary_services},
                       {mfargs,{couch_secondary_sup,start_link,[]}},
                       {restart_type,permanent},
                       {shutdown,infinity},
                       {child_type,supervisor}]

[error_logger:info,2021-04-19T19:37:08.764Z,couchdb_ns_1@127.0.0.1:error_logger<0.6.0>:ale_error_logger_handler:do_log:203]
=========================PROGRESS REPORT=========================
          supervisor: {local,cb_couch_sup}
             started: [{pid,<0.146.0>},
                       {name,couch_app},
                       {mfargs,
                           {couch_app,start,
                               [fake,
                                ["/opt/couchbase/etc/couchdb/default.ini",
                                 "/opt/couchbase/etc/couchdb/local.ini"]]}},
                       {restart_type,permanent},
                       {shutdown,infinity},
                       {child_type,supervisor}]

[error_logger:info,2021-04-19T19:37:08.765Z,couchdb_ns_1@127.0.0.1:error_logger<0.6.0>:ale_error_logger_handler:do_log:203]
=========================PROGRESS REPORT=========================
          supervisor: {local,ns_couchdb_sup}
             started: [{pid,<0.98.0>},
                       {name,cb_couch_sup},
                       {mfargs,{cb_couch_sup,start_link,[]}},
                       {restart_type,permanent},
                       {shutdown,5000},
                       {child_type,supervisor}]

[error_logger:info,2021-04-19T19:37:08.793Z,couchdb_ns_1@127.0.0.1:error_logger<0.6.0>:ale_error_logger_handler:do_log:203]
=========================PROGRESS REPORT=========================
          supervisor: {local,ns_couchdb_sup}
             started: [{pid,<0.207.0>},
                       {name,timeout_diag_logger},
                       {mfargs,{timeout_diag_logger,start_link,[]}},
                       {restart_type,permanent},
                       {shutdown,1000},
                       {child_type,worker}]

[error_logger:info,2021-04-19T19:37:08.810Z,couchdb_ns_1@127.0.0.1:error_logger<0.6.0>:ale_error_logger_handler:do_log:203]
=========================PROGRESS REPORT=========================
          supervisor: {local,ns_couchdb_sup}
             started: [{pid,<0.208.0>},
                       {name,ns_memcached_sockets_pool},
                       {mfargs,{ns_memcached_sockets_pool,start_link,[]}},
                       {restart_type,permanent},
                       {shutdown,1000},
                       {child_type,worker}]

[error_logger:info,2021-04-19T19:37:08.814Z,couchdb_ns_1@127.0.0.1:error_logger<0.6.0>:ale_error_logger_handler:do_log:203]
=========================PROGRESS REPORT=========================
          supervisor: {local,ns_couchdb_sup}
             started: [{pid,<0.209.0>},
                       {name,xdcr_dcp_sockets_pool},
                       {mfargs,{xdcr_dcp_sockets_pool,start_link,[]}},
                       {restart_type,permanent},
                       {shutdown,1000},
                       {child_type,worker}]

[error_logger:info,2021-04-19T19:37:08.818Z,couchdb_ns_1@127.0.0.1:error_logger<0.6.0>:ale_error_logger_handler:do_log:203]
=========================PROGRESS REPORT=========================
          supervisor: {local,ns_couchdb_sup}
             started: [{pid,<0.210.0>},
                       {name,ns_couchdb_stats_collector},
                       {mfargs,{ns_couchdb_stats_collector,start_link,[]}},
                       {restart_type,permanent},
                       {shutdown,1000},
                       {child_type,worker}]

[error_logger:info,2021-04-19T19:37:08.832Z,couchdb_ns_1@127.0.0.1:error_logger<0.6.0>:ale_error_logger_handler:do_log:203]
=========================PROGRESS REPORT=========================
          supervisor: {local,ns_couchdb_config_sup}
             started: [{pid,<0.212.0>},
                       {name,ns_config_events},
                       {mfargs,
                           {gen_event,start_link,[{local,ns_config_events}]}},
                       {restart_type,permanent},
                       {shutdown,1000},
                       {child_type,worker}]

[error_logger:info,2021-04-19T19:37:08.834Z,couchdb_ns_1@127.0.0.1:error_logger<0.6.0>:ale_error_logger_handler:do_log:203]
=========================PROGRESS REPORT=========================
          supervisor: {local,ns_couchdb_config_sup}
             started: [{pid,<0.213.0>},
                       {name,ns_config_events_local},
                       {mfargs,
                           {gen_event,start_link,
                               [{local,ns_config_events_local}]}},
                       {restart_type,permanent},
                       {shutdown,brutal_kill},
                       {child_type,worker}]

[error_logger:info,2021-04-19T19:37:08.902Z,couchdb_ns_1@127.0.0.1:error_logger<0.6.0>:ale_error_logger_handler:do_log:203]
=========================PROGRESS REPORT=========================
          supervisor: {local,ns_couchdb_config_sup}
             started: [{pid,<0.214.0>},
                       {name,ns_config},
                       {mfargs,
                           {ns_config,start_link,
                               [{pull_from_node,'ns_1@127.0.0.1'}]}},
                       {restart_type,permanent},
                       {shutdown,1000},
                       {child_type,worker}]

[error_logger:info,2021-04-19T19:37:08.908Z,couchdb_ns_1@127.0.0.1:error_logger<0.6.0>:ale_error_logger_handler:do_log:203]
=========================PROGRESS REPORT=========================
          supervisor: {local,ns_couchdb_config_sup}
             started: [{pid,<0.217.0>},
                       {name,ns_couchdb_config_rep},
                       {mfargs,{ns_couchdb_config_rep,start_link,[]}},
                       {restart_type,permanent},
                       {shutdown,1000},
                       {child_type,worker}]

[error_logger:info,2021-04-19T19:37:08.924Z,couchdb_ns_1@127.0.0.1:error_logger<0.6.0>:ale_error_logger_handler:do_log:203]
=========================PROGRESS REPORT=========================
          supervisor: {local,ns_couchdb_config_sup}
             started: [{pid,<0.218.0>},
                       {name,cb_config_couch_sync},
                       {mfargs,{cb_config_couch_sync,start_link,[]}},
                       {restart_type,permanent},
                       {shutdown,1000},
                       {child_type,worker}]

[error_logger:info,2021-04-19T19:37:08.924Z,couchdb_ns_1@127.0.0.1:error_logger<0.6.0>:ale_error_logger_handler:do_log:203]
=========================PROGRESS REPORT=========================
          supervisor: {local,ns_couchdb_sup}
             started: [{pid,<0.211.0>},
                       {name,ns_couchdb_config_sup},
                       {mfargs,{ns_couchdb_config_sup,start_link,[]}},
                       {restart_type,permanent},
                       {shutdown,infinity},
                       {child_type,supervisor}]

[error_logger:info,2021-04-19T19:37:08.653Z,couchdb_ns_1@127.0.0.1:error_logger<0.6.0>:ale_error_logger_handler:do_log:203]
=========================PROGRESS REPORT=========================
          supervisor: {local,couch_secondary_services}
             started: [{pid,<0.206.0>},
                       {name,set_view_manager},
                       {mfargs,
                           {couch_set_view,start_link,[prod,mapreduce_view]}},
                       {restart_type,permanent},
                       {shutdown,brutal_kill},
                       {child_type,worker}]

[error_logger:info,2021-04-19T19:37:08.653Z,couchdb_ns_1@127.0.0.1:error_logger<0.6.0>:ale_error_logger_handler:do_log:203]
=========================PROGRESS REPORT=========================
          supervisor: {local,couch_server_sup}
             started: [{pid,<0.159.0>},
                       {name,couch_secondary_services},
                       {mfargs,{couch_secondary_sup,start_link,[]}},
                       {restart_type,permanent},
                       {shutdown,infinity},
                       {child_type,supervisor}]

[error_logger:info,2021-04-19T19:37:08.654Z,couchdb_ns_1@127.0.0.1:error_logger<0.6.0>:ale_error_logger_handler:do_log:203]
=========================PROGRESS REPORT=========================
          supervisor: {local,cb_couch_sup}
             started: [{pid,<0.146.0>},
                       {name,couch_app},
                       {mfargs,
                           {couch_app,start,
                               [fake,
                                ["/opt/couchbase/etc/couchdb/default.ini",
                                 "/opt/couchbase/etc/couchdb/local.ini"]]}},
                       {restart_type,permanent},
                       {shutdown,infinity},
                       {child_type,supervisor}]

[error_logger:info,2021-04-19T19:37:08.655Z,couchdb_ns_1@127.0.0.1:error_logger<0.6.0>:ale_error_logger_handler:do_log:203]
=========================PROGRESS REPORT=========================
          supervisor: {local,ns_couchdb_sup}
             started: [{pid,<0.98.0>},
                       {name,cb_couch_sup},
                       {mfargs,{cb_couch_sup,start_link,[]}},
                       {restart_type,permanent},
                       {shutdown,5000},
                       {child_type,supervisor}]

[error_logger:info,2021-04-19T19:37:08.679Z,couchdb_ns_1@127.0.0.1:error_logger<0.6.0>:ale_error_logger_handler:do_log:203]
=========================PROGRESS REPORT=========================
          supervisor: {local,ns_couchdb_sup}
             started: [{pid,<0.209.0>},
                       {name,timeout_diag_logger},
                       {mfargs,{timeout_diag_logger,start_link,[]}},
                       {restart_type,permanent},
                       {shutdown,1000},
                       {child_type,worker}]

[error_logger:info,2021-04-19T19:37:08.708Z,couchdb_ns_1@127.0.0.1:error_logger<0.6.0>:ale_error_logger_handler:do_log:203]
=========================PROGRESS REPORT=========================
          supervisor: {local,ns_couchdb_sup}
             started: [{pid,<0.210.0>},
                       {name,ns_memcached_sockets_pool},
                       {mfargs,{ns_memcached_sockets_pool,start_link,[]}},
                       {restart_type,permanent},
                       {shutdown,1000},
                       {child_type,worker}]

[error_logger:info,2021-04-19T19:37:08.715Z,couchdb_ns_1@127.0.0.1:error_logger<0.6.0>:ale_error_logger_handler:do_log:203]
=========================PROGRESS REPORT=========================
          supervisor: {local,ns_couchdb_sup}
             started: [{pid,<0.211.0>},
                       {name,xdcr_dcp_sockets_pool},
                       {mfargs,{xdcr_dcp_sockets_pool,start_link,[]}},
                       {restart_type,permanent},
                       {shutdown,1000},
                       {child_type,worker}]

[error_logger:info,2021-04-19T19:37:08.720Z,couchdb_ns_1@127.0.0.1:error_logger<0.6.0>:ale_error_logger_handler:do_log:203]
=========================PROGRESS REPORT=========================
          supervisor: {local,ns_couchdb_sup}
             started: [{pid,<0.212.0>},
                       {name,ns_couchdb_stats_collector},
                       {mfargs,{ns_couchdb_stats_collector,start_link,[]}},
                       {restart_type,permanent},
                       {shutdown,1000},
                       {child_type,worker}]

[error_logger:info,2021-04-19T19:37:08.734Z,couchdb_ns_1@127.0.0.1:error_logger<0.6.0>:ale_error_logger_handler:do_log:203]
=========================PROGRESS REPORT=========================
          supervisor: {local,ns_couchdb_config_sup}
             started: [{pid,<0.214.0>},
                       {name,ns_config_events},
                       {mfargs,
                           {gen_event,start_link,[{local,ns_config_events}]}},
                       {restart_type,permanent},
                       {shutdown,1000},
                       {child_type,worker}]

[error_logger:info,2021-04-19T19:37:08.734Z,couchdb_ns_1@127.0.0.1:error_logger<0.6.0>:ale_error_logger_handler:do_log:203]
=========================PROGRESS REPORT=========================
          supervisor: {local,ns_couchdb_config_sup}
             started: [{pid,<0.215.0>},
                       {name,ns_config_events_local},
                       {mfargs,
                           {gen_event,start_link,
                               [{local,ns_config_events_local}]}},
                       {restart_type,permanent},
                       {shutdown,brutal_kill},
                       {child_type,worker}]

[error_logger:info,2021-04-19T19:37:08.771Z,couchdb_ns_1@127.0.0.1:error_logger<0.6.0>:ale_error_logger_handler:do_log:203]
=========================PROGRESS REPORT=========================
          supervisor: {local,ns_couchdb_config_sup}
             started: [{pid,<0.216.0>},
                       {name,ns_config},
                       {mfargs,
                           {ns_config,start_link,
                               [{pull_from_node,'ns_1@127.0.0.1'}]}},
                       {restart_type,permanent},
                       {shutdown,1000},
                       {child_type,worker}]

[error_logger:info,2021-04-19T19:37:08.776Z,couchdb_ns_1@127.0.0.1:error_logger<0.6.0>:ale_error_logger_handler:do_log:203]
=========================PROGRESS REPORT=========================
          supervisor: {local,ns_couchdb_config_sup}
             started: [{pid,<0.219.0>},
                       {name,ns_couchdb_config_rep},
                       {mfargs,{ns_couchdb_config_rep,start_link,[]}},
                       {restart_type,permanent},
                       {shutdown,1000},
                       {child_type,worker}]

[error_logger:info,2021-04-19T19:37:08.790Z,couchdb_ns_1@127.0.0.1:error_logger<0.6.0>:ale_error_logger_handler:do_log:203]
=========================PROGRESS REPORT=========================
          supervisor: {local,ns_couchdb_config_sup}
             started: [{pid,<0.220.0>},
                       {name,cb_config_couch_sync},
                       {mfargs,{cb_config_couch_sync,start_link,[]}},
                       {restart_type,permanent},
                       {shutdown,1000},
                       {child_type,worker}]

[error_logger:info,2021-04-19T19:37:08.790Z,couchdb_ns_1@127.0.0.1:error_logger<0.6.0>:ale_error_logger_handler:do_log:203]
=========================PROGRESS REPORT=========================
          supervisor: {local,ns_couchdb_sup}
             started: [{pid,<0.213.0>},
                       {name,ns_couchdb_config_sup},
                       {mfargs,{ns_couchdb_config_sup,start_link,[]}},
                       {restart_type,permanent},
                       {shutdown,infinity},
                       {child_type,supervisor}]

[error_logger:info,2021-04-19T19:37:08.811Z,couchdb_ns_1@127.0.0.1:error_logger<0.6.0>:ale_error_logger_handler:do_log:203]
=========================PROGRESS REPORT=========================
          supervisor: {local,ns_couchdb_sup}
             started: [{pid,<0.222.0>},
                       {name,request_throttler},
                       {mfargs,{request_throttler,start_link,[]}},
                       {restart_type,permanent},
                       {shutdown,1000},
                       {child_type,worker}]

[error_logger:info,2021-04-19T19:37:08.820Z,couchdb_ns_1@127.0.0.1:error_logger<0.6.0>:ale_error_logger_handler:do_log:203]
=========================PROGRESS REPORT=========================
          supervisor: {local,ns_couchdb_sup}
             started: [{pid,<0.223.0>},
                       {name,vbucket_map_mirror},
                       {mfargs,{vbucket_map_mirror,start_link,[]}},
                       {restart_type,permanent},
                       {shutdown,brutal_kill},
                       {child_type,worker}]

[ns_server:info,2021-04-19T19:37:08.825Z,couchdb_ns_1@127.0.0.1:set_view_update_daemon<0.225.0>:set_view_update_daemon:init:50]Set view update daemon, starting with the following settings:
  update interval:           5000ms
  minimum number of changes: 5000

[error_logger:info,2021-04-19T19:37:08.855Z,couchdb_ns_1@127.0.0.1:error_logger<0.6.0>:ale_error_logger_handler:do_log:203]
=========================PROGRESS REPORT=========================
          supervisor: {local,kernel_safe_sup}
             started: [{pid,<0.227.0>},
                       {name,timer2_server},
                       {mfargs,{timer2,start_link,[]}},
                       {restart_type,permanent},
                       {shutdown,1000},
                       {child_type,worker}]

[error_logger:info,2021-04-19T19:37:08.855Z,couchdb_ns_1@127.0.0.1:error_logger<0.6.0>:ale_error_logger_handler:do_log:203]
=========================PROGRESS REPORT=========================
          supervisor: {local,ns_couchdb_sup}
             started: [{pid,<0.225.0>},
                       {name,set_view_update_daemon},
                       {mfargs,{set_view_update_daemon,start_link,[]}},
                       {restart_type,permanent},
                       {shutdown,1000},
                       {child_type,worker}]

[ns_server:info,2021-04-19T19:37:08.868Z,couchdb_ns_1@127.0.0.1:ns_config_rep<0.219.0>:ns_couchdb_config_rep:do_pull:65]Pulling config from: 'ns_1@127.0.0.1'

[ns_server:debug,2021-04-19T19:37:08.961Z,couchdb_ns_1@127.0.0.1:<0.228.0>:restartable:start_child:98]Started child process <0.232.0>
  MFA: {ns_ssl_services_setup,start_link_capi_service,[]}
[error_logger:info,2021-04-19T19:37:08.961Z,couchdb_ns_1@127.0.0.1:error_logger<0.6.0>:ale_error_logger_handler:do_log:203]
=========================PROGRESS REPORT=========================
          supervisor: {local,ns_couchdb_sup}
             started: [{pid,<0.228.0>},
                       {name,ns_capi_ssl_service},
                       {mfargs,
                           {restartable,start_link,
                               [{ns_ssl_services_setup,
                                    start_link_capi_service,[]},
                                1000]}},
                       {restart_type,{permanent,4}},
                       {shutdown,infinity},
                       {child_type,worker}]

[ns_server:info,2021-04-19T19:37:08.967Z,couchdb_ns_1@127.0.0.1:ns_couchdb_sup<0.97.0>:dir_size:start_link:39]Starting quick version of dir_size with program name: godu
[ns_server:debug,2021-04-19T19:37:08.968Z,couchdb_ns_1@127.0.0.1:<0.2.0>:child_erlang:child_loop:116]143: Entered child_loop
[error_logger:info,2021-04-19T19:37:08.968Z,couchdb_ns_1@127.0.0.1:error_logger<0.6.0>:ale_error_logger_handler:do_log:203]
=========================PROGRESS REPORT=========================
          supervisor: {local,ns_couchdb_sup}
             started: [{pid,<0.249.0>},
                       {name,dir_size},
                       {mfargs,{dir_size,start_link,[]}},
                       {restart_type,permanent},
                       {shutdown,1000},
                       {child_type,worker}]

[error_logger:info,2021-04-19T19:37:08.968Z,couchdb_ns_1@127.0.0.1:error_logger<0.6.0>:ale_error_logger_handler:do_log:203]
=========================PROGRESS REPORT=========================
         application: ns_couchdb
          started_at: 'couchdb_ns_1@127.0.0.1'

[error_logger:info,2021-04-19T19:37:08.941Z,couchdb_ns_1@127.0.0.1:error_logger<0.6.0>:ale_error_logger_handler:do_log:203]
=========================PROGRESS REPORT=========================
          supervisor: {local,ns_couchdb_sup}
             started: [{pid,<0.220.0>},
                       {name,request_throttler},
                       {mfargs,{request_throttler,start_link,[]}},
                       {restart_type,permanent},
                       {shutdown,1000},
                       {child_type,worker}]

[error_logger:info,2021-04-19T19:37:08.953Z,couchdb_ns_1@127.0.0.1:error_logger<0.6.0>:ale_error_logger_handler:do_log:203]
=========================PROGRESS REPORT=========================
          supervisor: {local,ns_couchdb_sup}
             started: [{pid,<0.221.0>},
                       {name,vbucket_map_mirror},
                       {mfargs,{vbucket_map_mirror,start_link,[]}},
                       {restart_type,permanent},
                       {shutdown,brutal_kill},
                       {child_type,worker}]

[ns_server:info,2021-04-19T19:37:08.962Z,couchdb_ns_1@127.0.0.1:set_view_update_daemon<0.223.0>:set_view_update_daemon:init:50]Set view update daemon, starting with the following settings:
  update interval:           5000ms
  minimum number of changes: 5000

[error_logger:info,2021-04-19T19:37:08.974Z,couchdb_ns_1@127.0.0.1:error_logger<0.6.0>:ale_error_logger_handler:do_log:203]
=========================PROGRESS REPORT=========================
          supervisor: {local,kernel_safe_sup}
             started: [{pid,<0.225.0>},
                       {name,timer2_server},
                       {mfargs,{timer2,start_link,[]}},
                       {restart_type,permanent},
                       {shutdown,1000},
                       {child_type,worker}]

[error_logger:info,2021-04-19T19:37:08.974Z,couchdb_ns_1@127.0.0.1:error_logger<0.6.0>:ale_error_logger_handler:do_log:203]
=========================PROGRESS REPORT=========================
          supervisor: {local,ns_couchdb_sup}
             started: [{pid,<0.223.0>},
                       {name,set_view_update_daemon},
                       {mfargs,{set_view_update_daemon,start_link,[]}},
                       {restart_type,permanent},
                       {shutdown,1000},
                       {child_type,worker}]

[ns_server:info,2021-04-19T19:37:08.986Z,couchdb_ns_1@127.0.0.1:ns_config_rep<0.217.0>:ns_couchdb_config_rep:do_pull:65]Pulling config from: 'ns_1@127.0.0.1'

[error_logger:info,2021-04-19T19:37:09.129Z,couchdb_ns_1@127.0.0.1:error_logger<0.6.0>:ale_error_logger_handler:do_log:203]
=========================PROGRESS REPORT=========================
          supervisor: {local,kernel_safe_sup}
             started: [{pid,<0.231.0>},
                       {name,timer_server},
                       {mfargs,{timer,start_link,[]}},
                       {restart_type,permanent},
                       {shutdown,1000},
                       {child_type,worker}]

[ns_server:debug,2021-04-19T19:37:09.146Z,couchdb_ns_1@127.0.0.1:<0.226.0>:restartable:start_child:98]Started child process <0.230.0>
  MFA: {ns_ssl_services_setup,start_link_capi_service,[]}
[error_logger:info,2021-04-19T19:37:09.146Z,couchdb_ns_1@127.0.0.1:error_logger<0.6.0>:ale_error_logger_handler:do_log:203]
=========================PROGRESS REPORT=========================
          supervisor: {local,ns_couchdb_sup}
             started: [{pid,<0.226.0>},
                       {name,ns_capi_ssl_service},
                       {mfargs,
                           {restartable,start_link,
                               [{ns_ssl_services_setup,
                                    start_link_capi_service,[]},
                                1000]}},
                       {restart_type,{permanent,4}},
                       {shutdown,infinity},
                       {child_type,worker}]

[ns_server:info,2021-04-19T19:37:09.150Z,couchdb_ns_1@127.0.0.1:ns_couchdb_sup<0.97.0>:dir_size:start_link:39]Starting quick version of dir_size with program name: godu
[error_logger:info,2021-04-19T19:37:09.151Z,couchdb_ns_1@127.0.0.1:error_logger<0.6.0>:ale_error_logger_handler:do_log:203]
=========================PROGRESS REPORT=========================
          supervisor: {local,ns_couchdb_sup}
             started: [{pid,<0.248.0>},
                       {name,dir_size},
                       {mfargs,{dir_size,start_link,[]}},
                       {restart_type,permanent},
                       {shutdown,1000},
                       {child_type,worker}]

[error_logger:info,2021-04-19T19:37:09.152Z,couchdb_ns_1@127.0.0.1:error_logger<0.6.0>:ale_error_logger_handler:do_log:203]
=========================PROGRESS REPORT=========================
         application: ns_couchdb
          started_at: 'couchdb_ns_1@127.0.0.1'

[ns_server:debug,2021-04-19T19:37:09.152Z,couchdb_ns_1@127.0.0.1:<0.2.0>:child_erlang:child_loop:116]142: Entered child_loop
[ns_server:debug,2021-04-19T19:37:11.928Z,couchdb_ns_1@127.0.0.1:xdc_rdoc_manager<0.255.0>:ns_couchdb_api:register_doc_manager:312]Register doc manager with <4839.367.0>
[ns_server:debug,2021-04-19T19:37:11.929Z,couchdb_ns_1@127.0.0.1:xdc_rdoc_manager<0.255.0>:ns_couchdb_api:register_doc_manager:312]Register doc manager with <4839.368.0>
[ns_server:debug,2021-04-19T19:37:11.930Z,couchdb_ns_1@127.0.0.1:xdc_rdoc_manager<0.255.0>:ns_couchdb_api:register_doc_manager:312]Register doc manager with <4839.365.0>
[ns_server:debug,2021-04-19T19:37:11.971Z,couchdb_ns_1@127.0.0.1:xdc_rdoc_manager<0.255.0>:xdc_rdoc_manager:open_or_create_replicator_db:225]Replicator db did not exist, create a new one
[ns_server:debug,2021-04-19T19:37:12.133Z,couchdb_ns_1@127.0.0.1:xdc_rdoc_manager<0.255.0>:xdc_rdoc_manager:init:75]Loaded the following docs:
[]
[ns_server:debug,2021-04-19T19:37:12.210Z,couchdb_ns_1@127.0.0.1:xdc_rdoc_manager<0.254.0>:ns_couchdb_api:register_doc_manager:312]Register doc manager with <4861.367.0>
[ns_server:debug,2021-04-19T19:37:12.210Z,couchdb_ns_1@127.0.0.1:xdc_rdoc_manager<0.254.0>:ns_couchdb_api:register_doc_manager:312]Register doc manager with <4861.368.0>
[ns_server:debug,2021-04-19T19:37:12.210Z,couchdb_ns_1@127.0.0.1:xdc_rdoc_manager<0.254.0>:ns_couchdb_api:register_doc_manager:312]Register doc manager with <4861.365.0>
[ns_server:debug,2021-04-19T19:37:12.434Z,couchdb_ns_1@127.0.0.1:xdc_rdoc_manager<0.254.0>:xdc_rdoc_manager:init:75]Loaded the following docs:
[]
[ns_server:debug,2021-04-19T19:37:16.403Z,couchdb_ns_1@127.0.0.1:<0.226.0>:restartable:loop:71]Restarting child <0.230.0>
  MFA: {ns_ssl_services_setup,start_link_capi_service,[]}
  Shutdown policy: 1000
  Caller: {<0.266.0>,#Ref<0.0.0.617>}
[ns_server:debug,2021-04-19T19:37:16.403Z,couchdb_ns_1@127.0.0.1:<0.226.0>:restartable:shutdown_child:120]Successfully terminated process <0.230.0>
[ns_server:info,2021-04-19T19:37:16.404Z,couchdb_ns_1@127.0.0.1:ns_config_rep<0.217.0>:ns_couchdb_config_rep:do_pull:65]Pulling config from: 'ns_1@127.0.0.1'

[ns_server:debug,2021-04-19T19:37:16.420Z,couchdb_ns_1@127.0.0.1:<0.226.0>:restartable:start_child:98]Started child process <0.270.0>
  MFA: {ns_ssl_services_setup,start_link_capi_service,[]}
[ns_server:debug,2021-04-19T19:37:17.083Z,couchdb_ns_1@127.0.0.1:<0.228.0>:restartable:loop:71]Restarting child <0.232.0>
  MFA: {ns_ssl_services_setup,start_link_capi_service,[]}
  Shutdown policy: 1000
  Caller: {<0.268.0>,#Ref<0.0.0.659>}
[ns_server:debug,2021-04-19T19:37:17.083Z,couchdb_ns_1@127.0.0.1:<0.228.0>:restartable:shutdown_child:120]Successfully terminated process <0.232.0>
[ns_server:info,2021-04-19T19:37:17.083Z,couchdb_ns_1@127.0.0.1:ns_config_rep<0.219.0>:ns_couchdb_config_rep:do_pull:65]Pulling config from: 'ns_1@127.0.0.1'

[ns_server:debug,2021-04-19T19:37:17.096Z,couchdb_ns_1@127.0.0.1:<0.228.0>:restartable:start_child:98]Started child process <0.272.0>
  MFA: {ns_ssl_services_setup,start_link_capi_service,[]}
