[ns_server:error,2021-04-19T20:03:45.193Z,ns_1@127.0.0.1:index_stats_collector-index<0.467.0>:index_rest:get_json:42]Request to (indexer) http://127.0.0.1:9102/stats?async=true failed: {error,
                                                                     {econnrefused,
                                                                      [{lhttpc_client,
                                                                        send_request,
                                                                        1,
                                                                        [{file,
                                                                          "/home/couchbase/jenkins/workspace/watson-unix/couchdb/src/lhttpc/lhttpc_client.erl"},
                                                                         {line,
                                                                          220}]},
                                                                       {lhttpc_client,
                                                                        execute,
                                                                        9,
                                                                        [{file,
                                                                          "/home/couchbase/jenkins/workspace/watson-unix/couchdb/src/lhttpc/lhttpc_client.erl"},
                                                                         {line,
                                                                          169}]},
                                                                       {lhttpc_client,
                                                                        request,
                                                                        9,
                                                                        [{file,
                                                                          "/home/couchbase/jenkins/workspace/watson-unix/couchdb/src/lhttpc/lhttpc_client.erl"},
                                                                         {line,
                                                                          92}]}]}}
[stats:error,2021-04-19T20:03:45.193Z,ns_1@127.0.0.1:query_stats_collector<0.388.0>:base_stats_collector:handle_info:109](Collector: query_stats_collector) Exception in stats collector: {error,
                                                                  {badmatch,
                                                                   {error,
                                                                    {econnrefused,
                                                                     [{lhttpc_client,
                                                                       send_request,
                                                                       1,
                                                                       [{file,
                                                                         "/home/couchbase/jenkins/workspace/watson-unix/couchdb/src/lhttpc/lhttpc_client.erl"},
                                                                        {line,
                                                                         220}]},
                                                                      {lhttpc_client,
                                                                       execute,
                                                                       9,
                                                                       [{file,
                                                                         "/home/couchbase/jenkins/workspace/watson-unix/couchdb/src/lhttpc/lhttpc_client.erl"},
                                                                        {line,
                                                                         169}]},
                                                                      {lhttpc_client,
                                                                       request,
                                                                       9,
                                                                       [{file,
                                                                         "/home/couchbase/jenkins/workspace/watson-unix/couchdb/src/lhttpc/lhttpc_client.erl"},
                                                                        {line,
                                                                         92}]}]}}},
                                                                  [{query_rest,
                                                                    send,3,
                                                                    [{file,
                                                                      "src/query_rest.erl"},
                                                                     {line,
                                                                      64}]},
                                                                   {query_rest,
                                                                    do_get_stats,
                                                                    0,
                                                                    [{file,
                                                                      "src/query_rest.erl"},
                                                                     {line,
                                                                      43}]},
                                                                   {base_stats_collector,
                                                                    handle_info,
                                                                    2,
                                                                    [{file,
                                                                      "src/base_stats_collector.erl"},
                                                                     {line,
                                                                      89}]},
                                                                   {gen_server,
                                                                    handle_msg,
                                                                    5,
                                                                    [{file,
                                                                      "gen_server.erl"},
                                                                     {line,
                                                                      604}]},
                                                                   {proc_lib,
                                                                    init_p_do_apply,
                                                                    3,
                                                                    [{file,
                                                                      "proc_lib.erl"},
                                                                     {line,
                                                                      239}]}]}

[ns_server:error,2021-04-19T20:03:46.137Z,ns_1@127.0.0.1:index_stats_collector-index<0.467.0>:index_rest:get_json:42]Request to (indexer) http://127.0.0.1:9102/stats?async=true failed: {error,
                                                                     {econnrefused,
                                                                      [{lhttpc_client,
                                                                        send_request,
                                                                        1,
                                                                        [{file,
                                                                          "/home/couchbase/jenkins/workspace/watson-unix/couchdb/src/lhttpc/lhttpc_client.erl"},
                                                                         {line,
                                                                          220}]},
                                                                       {lhttpc_client,
                                                                        execute,
                                                                        9,
                                                                        [{file,
                                                                          "/home/couchbase/jenkins/workspace/watson-unix/couchdb/src/lhttpc/lhttpc_client.erl"},
                                                                         {line,
                                                                          169}]},
                                                                       {lhttpc_client,
                                                                        request,
                                                                        9,
                                                                        [{file,
                                                                          "/home/couchbase/jenkins/workspace/watson-unix/couchdb/src/lhttpc/lhttpc_client.erl"},
                                                                         {line,
                                                                          92}]}]}}
[stats:error,2021-04-19T20:03:46.137Z,ns_1@127.0.0.1:query_stats_collector<0.388.0>:base_stats_collector:handle_info:109](Collector: query_stats_collector) Exception in stats collector: {error,
                                                                  {badmatch,
                                                                   {error,
                                                                    {econnrefused,
                                                                     [{lhttpc_client,
                                                                       send_request,
                                                                       1,
                                                                       [{file,
                                                                         "/home/couchbase/jenkins/workspace/watson-unix/couchdb/src/lhttpc/lhttpc_client.erl"},
                                                                        {line,
                                                                         220}]},
                                                                      {lhttpc_client,
                                                                       execute,
                                                                       9,
                                                                       [{file,
                                                                         "/home/couchbase/jenkins/workspace/watson-unix/couchdb/src/lhttpc/lhttpc_client.erl"},
                                                                        {line,
                                                                         169}]},
                                                                      {lhttpc_client,
                                                                       request,
                                                                       9,
                                                                       [{file,
                                                                         "/home/couchbase/jenkins/workspace/watson-unix/couchdb/src/lhttpc/lhttpc_client.erl"},
                                                                        {line,
                                                                         92}]}]}}},
                                                                  [{query_rest,
                                                                    send,3,
                                                                    [{file,
                                                                      "src/query_rest.erl"},
                                                                     {line,
                                                                      64}]},
                                                                   {query_rest,
                                                                    do_get_stats,
                                                                    0,
                                                                    [{file,
                                                                      "src/query_rest.erl"},
                                                                     {line,
                                                                      43}]},
                                                                   {base_stats_collector,
                                                                    handle_info,
                                                                    2,
                                                                    [{file,
                                                                      "src/base_stats_collector.erl"},
                                                                     {line,
                                                                      89}]},
                                                                   {gen_server,
                                                                    handle_msg,
                                                                    5,
                                                                    [{file,
                                                                      "gen_server.erl"},
                                                                     {line,
                                                                      604}]},
                                                                   {proc_lib,
                                                                    init_p_do_apply,
                                                                    3,
                                                                    [{file,
                                                                      "proc_lib.erl"},
                                                                     {line,
                                                                      239}]}]}

[ns_server:error,2021-04-19T20:18:14.552Z,ns_1@127.0.0.1:index_status_keeper_worker<0.384.0>:index_rest:get_json:42]Request to (indexer) http://127.0.0.1:9102/getIndexStatus failed: {error,
                                                                   {econnrefused,
                                                                    [{lhttpc_client,
                                                                      send_request,
                                                                      1,
                                                                      [{file,
                                                                        "/home/couchbase/jenkins/workspace/watson-unix/couchdb/src/lhttpc/lhttpc_client.erl"},
                                                                       {line,
                                                                        220}]},
                                                                     {lhttpc_client,
                                                                      execute,
                                                                      9,
                                                                      [{file,
                                                                        "/home/couchbase/jenkins/workspace/watson-unix/couchdb/src/lhttpc/lhttpc_client.erl"},
                                                                       {line,
                                                                        169}]},
                                                                     {lhttpc_client,
                                                                      request,
                                                                      9,
                                                                      [{file,
                                                                        "/home/couchbase/jenkins/workspace/watson-unix/couchdb/src/lhttpc/lhttpc_client.erl"},
                                                                       {line,
                                                                        92}]}]}}
[stats:error,2021-04-19T20:18:15.898Z,ns_1@127.0.0.1:query_stats_collector<0.371.0>:base_stats_collector:handle_info:109](Collector: query_stats_collector) Exception in stats collector: {error,
                                                                  {badmatch,
                                                                   {error,
                                                                    {econnrefused,
                                                                     [{lhttpc_client,
                                                                       send_request,
                                                                       1,
                                                                       [{file,
                                                                         "/home/couchbase/jenkins/workspace/watson-unix/couchdb/src/lhttpc/lhttpc_client.erl"},
                                                                        {line,
                                                                         220}]},
                                                                      {lhttpc_client,
                                                                       execute,
                                                                       9,
                                                                       [{file,
                                                                         "/home/couchbase/jenkins/workspace/watson-unix/couchdb/src/lhttpc/lhttpc_client.erl"},
                                                                        {line,
                                                                         169}]},
                                                                      {lhttpc_client,
                                                                       request,
                                                                       9,
                                                                       [{file,
                                                                         "/home/couchbase/jenkins/workspace/watson-unix/couchdb/src/lhttpc/lhttpc_client.erl"},
                                                                        {line,
                                                                         92}]}]}}},
                                                                  [{query_rest,
                                                                    send,3,
                                                                    [{file,
                                                                      "src/query_rest.erl"},
                                                                     {line,
                                                                      64}]},
                                                                   {query_rest,
                                                                    do_get_stats,
                                                                    0,
                                                                    [{file,
                                                                      "src/query_rest.erl"},
                                                                     {line,
                                                                      43}]},
                                                                   {base_stats_collector,
                                                                    handle_info,
                                                                    2,
                                                                    [{file,
                                                                      "src/base_stats_collector.erl"},
                                                                     {line,
                                                                      89}]},
                                                                   {gen_server,
                                                                    handle_msg,
                                                                    5,
                                                                    [{file,
                                                                      "gen_server.erl"},
                                                                     {line,
                                                                      604}]},
                                                                   {proc_lib,
                                                                    init_p_do_apply,
                                                                    3,
                                                                    [{file,
                                                                      "proc_lib.erl"},
                                                                     {line,
                                                                      239}]}]}

[ns_server:error,2021-04-19T20:18:15.899Z,ns_1@127.0.0.1:index_stats_collector-index<0.394.0>:index_rest:get_json:42]Request to (indexer) http://127.0.0.1:9102/stats?async=true failed: {error,
                                                                     {econnrefused,
                                                                      [{lhttpc_client,
                                                                        send_request,
                                                                        1,
                                                                        [{file,
                                                                          "/home/couchbase/jenkins/workspace/watson-unix/couchdb/src/lhttpc/lhttpc_client.erl"},
                                                                         {line,
                                                                          220}]},
                                                                       {lhttpc_client,
                                                                        execute,
                                                                        9,
                                                                        [{file,
                                                                          "/home/couchbase/jenkins/workspace/watson-unix/couchdb/src/lhttpc/lhttpc_client.erl"},
                                                                         {line,
                                                                          169}]},
                                                                       {lhttpc_client,
                                                                        request,
                                                                        9,
                                                                        [{file,
                                                                          "/home/couchbase/jenkins/workspace/watson-unix/couchdb/src/lhttpc/lhttpc_client.erl"},
                                                                         {line,
                                                                          92}]}]}}
[ns_server:error,2021-04-19T20:18:16.892Z,ns_1@127.0.0.1:index_stats_collector-index<0.394.0>:index_rest:get_json:42]Request to (indexer) http://127.0.0.1:9102/stats?async=true failed: {error,
                                                                     {econnrefused,
                                                                      [{lhttpc_client,
                                                                        send_request,
                                                                        1,
                                                                        [{file,
                                                                          "/home/couchbase/jenkins/workspace/watson-unix/couchdb/src/lhttpc/lhttpc_client.erl"},
                                                                         {line,
                                                                          220}]},
                                                                       {lhttpc_client,
                                                                        execute,
                                                                        9,
                                                                        [{file,
                                                                          "/home/couchbase/jenkins/workspace/watson-unix/couchdb/src/lhttpc/lhttpc_client.erl"},
                                                                         {line,
                                                                          169}]},
                                                                       {lhttpc_client,
                                                                        request,
                                                                        9,
                                                                        [{file,
                                                                          "/home/couchbase/jenkins/workspace/watson-unix/couchdb/src/lhttpc/lhttpc_client.erl"},
                                                                         {line,
                                                                          92}]}]}}
[stats:error,2021-04-19T20:18:16.893Z,ns_1@127.0.0.1:query_stats_collector<0.371.0>:base_stats_collector:handle_info:109](Collector: query_stats_collector) Exception in stats collector: {error,
                                                                  {badmatch,
                                                                   {error,
                                                                    {econnrefused,
                                                                     [{lhttpc_client,
                                                                       send_request,
                                                                       1,
                                                                       [{file,
                                                                         "/home/couchbase/jenkins/workspace/watson-unix/couchdb/src/lhttpc/lhttpc_client.erl"},
                                                                        {line,
                                                                         220}]},
                                                                      {lhttpc_client,
                                                                       execute,
                                                                       9,
                                                                       [{file,
                                                                         "/home/couchbase/jenkins/workspace/watson-unix/couchdb/src/lhttpc/lhttpc_client.erl"},
                                                                        {line,
                                                                         169}]},
                                                                      {lhttpc_client,
                                                                       request,
                                                                       9,
                                                                       [{file,
                                                                         "/home/couchbase/jenkins/workspace/watson-unix/couchdb/src/lhttpc/lhttpc_client.erl"},
                                                                        {line,
                                                                         92}]}]}}},
                                                                  [{query_rest,
                                                                    send,3,
                                                                    [{file,
                                                                      "src/query_rest.erl"},
                                                                     {line,
                                                                      64}]},
                                                                   {query_rest,
                                                                    do_get_stats,
                                                                    0,
                                                                    [{file,
                                                                      "src/query_rest.erl"},
                                                                     {line,
                                                                      43}]},
                                                                   {base_stats_collector,
                                                                    handle_info,
                                                                    2,
                                                                    [{file,
                                                                      "src/base_stats_collector.erl"},
                                                                     {line,
                                                                      89}]},
                                                                   {gen_server,
                                                                    handle_msg,
                                                                    5,
                                                                    [{file,
                                                                      "gen_server.erl"},
                                                                     {line,
                                                                      604}]},
                                                                   {proc_lib,
                                                                    init_p_do_apply,
                                                                    3,
                                                                    [{file,
                                                                      "proc_lib.erl"},
                                                                     {line,
                                                                      239}]}]}

[ns_server:error,2021-04-19T20:18:17.881Z,ns_1@127.0.0.1:index_stats_collector-index<0.394.0>:index_rest:get_json:42]Request to (indexer) http://127.0.0.1:9102/stats?async=true failed: {error,
                                                                     {econnrefused,
                                                                      [{lhttpc_client,
                                                                        send_request,
                                                                        1,
                                                                        [{file,
                                                                          "/home/couchbase/jenkins/workspace/watson-unix/couchdb/src/lhttpc/lhttpc_client.erl"},
                                                                         {line,
                                                                          220}]},
                                                                       {lhttpc_client,
                                                                        execute,
                                                                        9,
                                                                        [{file,
                                                                          "/home/couchbase/jenkins/workspace/watson-unix/couchdb/src/lhttpc/lhttpc_client.erl"},
                                                                         {line,
                                                                          169}]},
                                                                       {lhttpc_client,
                                                                        request,
                                                                        9,
                                                                        [{file,
                                                                          "/home/couchbase/jenkins/workspace/watson-unix/couchdb/src/lhttpc/lhttpc_client.erl"},
                                                                         {line,
                                                                          92}]}]}}
[ns_server:error,2021-04-19T20:18:18.887Z,ns_1@127.0.0.1:index_stats_collector-index<0.394.0>:index_rest:get_json:42]Request to (indexer) http://127.0.0.1:9102/stats?async=true failed: {error,
                                                                     {econnrefused,
                                                                      [{lhttpc_client,
                                                                        send_request,
                                                                        1,
                                                                        [{file,
                                                                          "/home/couchbase/jenkins/workspace/watson-unix/couchdb/src/lhttpc/lhttpc_client.erl"},
                                                                         {line,
                                                                          220}]},
                                                                       {lhttpc_client,
                                                                        execute,
                                                                        9,
                                                                        [{file,
                                                                          "/home/couchbase/jenkins/workspace/watson-unix/couchdb/src/lhttpc/lhttpc_client.erl"},
                                                                         {line,
                                                                          169}]},
                                                                       {lhttpc_client,
                                                                        request,
                                                                        9,
                                                                        [{file,
                                                                          "/home/couchbase/jenkins/workspace/watson-unix/couchdb/src/lhttpc/lhttpc_client.erl"},
                                                                         {line,
                                                                          92}]}]}}
[ns_server:error,2021-04-19T20:40:55.061Z,ns_1@127.0.0.1:ns_config<0.195.0>:ns_config_default:upgrade_config:397]Detected an attempt to offline upgrade from unsupported version {4,5}. Terminating.
[ns_server:error,2021-04-19T20:41:03.242Z,ns_1@127.0.0.1:ns_config<0.195.0>:ns_config_default:upgrade_config:397]Detected an attempt to offline upgrade from unsupported version {4,5}. Terminating.
[ns_server:error,2021-04-19T20:41:11.593Z,ns_1@127.0.0.1:ns_config<0.195.0>:ns_config_default:upgrade_config:397]Detected an attempt to offline upgrade from unsupported version {4,5}. Terminating.
[ns_server:error,2021-04-19T20:41:19.856Z,ns_1@127.0.0.1:ns_config<0.195.0>:ns_config_default:upgrade_config:397]Detected an attempt to offline upgrade from unsupported version {4,5}. Terminating.
[ns_server:error,2021-04-19T20:41:28.109Z,ns_1@127.0.0.1:ns_config<0.195.0>:ns_config_default:upgrade_config:397]Detected an attempt to offline upgrade from unsupported version {4,5}. Terminating.
[ns_server:error,2021-04-19T20:41:36.214Z,ns_1@127.0.0.1:ns_config<0.195.0>:ns_config_default:upgrade_config:397]Detected an attempt to offline upgrade from unsupported version {4,5}. Terminating.
[ns_server:error,2021-04-19T20:41:44.339Z,ns_1@127.0.0.1:ns_config<0.195.0>:ns_config_default:upgrade_config:397]Detected an attempt to offline upgrade from unsupported version {4,5}. Terminating.
[ns_server:error,2021-04-19T20:41:52.519Z,ns_1@127.0.0.1:ns_config<0.195.0>:ns_config_default:upgrade_config:397]Detected an attempt to offline upgrade from unsupported version {4,5}. Terminating.
[ns_server:error,2021-04-19T20:42:00.804Z,ns_1@127.0.0.1:ns_config<0.195.0>:ns_config_default:upgrade_config:397]Detected an attempt to offline upgrade from unsupported version {4,5}. Terminating.
[ns_server:error,2021-04-19T20:42:08.923Z,ns_1@127.0.0.1:ns_config<0.195.0>:ns_config_default:upgrade_config:397]Detected an attempt to offline upgrade from unsupported version {4,5}. Terminating.
[ns_server:error,2021-04-19T20:42:17.515Z,ns_1@127.0.0.1:ns_config<0.195.0>:ns_config_default:upgrade_config:397]Detected an attempt to offline upgrade from unsupported version {4,5}. Terminating.
[ns_server:error,2021-04-19T20:42:26.247Z,ns_1@127.0.0.1:ns_config<0.195.0>:ns_config_default:upgrade_config:397]Detected an attempt to offline upgrade from unsupported version {4,5}. Terminating.
[ns_server:error,2021-04-19T20:42:34.650Z,ns_1@127.0.0.1:ns_config<0.195.0>:ns_config_default:upgrade_config:397]Detected an attempt to offline upgrade from unsupported version {4,5}. Terminating.
[ns_server:error,2021-04-19T20:42:43.223Z,ns_1@127.0.0.1:ns_config<0.195.0>:ns_config_default:upgrade_config:397]Detected an attempt to offline upgrade from unsupported version {4,5}. Terminating.
[ns_server:error,2021-04-19T20:42:53.204Z,ns_1@127.0.0.1:ns_config<0.195.0>:ns_config_default:upgrade_config:397]Detected an attempt to offline upgrade from unsupported version {4,5}. Terminating.
[ns_server:error,2021-04-19T20:43:01.438Z,ns_1@127.0.0.1:ns_config<0.195.0>:ns_config_default:upgrade_config:397]Detected an attempt to offline upgrade from unsupported version {4,5}. Terminating.
[ns_server:error,2021-04-19T20:43:09.404Z,ns_1@127.0.0.1:ns_config<0.195.0>:ns_config_default:upgrade_config:397]Detected an attempt to offline upgrade from unsupported version {4,5}. Terminating.
[ns_server:error,2021-04-19T20:43:17.765Z,ns_1@127.0.0.1:ns_config<0.195.0>:ns_config_default:upgrade_config:397]Detected an attempt to offline upgrade from unsupported version {4,5}. Terminating.
[ns_server:error,2021-04-19T20:43:26.038Z,ns_1@127.0.0.1:ns_config<0.195.0>:ns_config_default:upgrade_config:397]Detected an attempt to offline upgrade from unsupported version {4,5}. Terminating.
[ns_server:error,2021-04-19T20:43:34.246Z,ns_1@127.0.0.1:ns_config<0.195.0>:ns_config_default:upgrade_config:397]Detected an attempt to offline upgrade from unsupported version {4,5}. Terminating.
[ns_server:error,2021-04-19T20:43:42.758Z,ns_1@127.0.0.1:ns_config<0.195.0>:ns_config_default:upgrade_config:397]Detected an attempt to offline upgrade from unsupported version {4,5}. Terminating.
[ns_server:error,2021-04-19T20:43:50.818Z,ns_1@127.0.0.1:ns_config<0.195.0>:ns_config_default:upgrade_config:397]Detected an attempt to offline upgrade from unsupported version {4,5}. Terminating.
[ns_server:error,2021-04-19T20:43:59.072Z,ns_1@127.0.0.1:ns_config<0.195.0>:ns_config_default:upgrade_config:397]Detected an attempt to offline upgrade from unsupported version {4,5}. Terminating.
[ns_server:error,2021-04-19T20:44:07.391Z,ns_1@127.0.0.1:ns_config<0.195.0>:ns_config_default:upgrade_config:397]Detected an attempt to offline upgrade from unsupported version {4,5}. Terminating.
[ns_server:error,2021-04-19T20:44:15.964Z,ns_1@127.0.0.1:ns_config<0.195.0>:ns_config_default:upgrade_config:397]Detected an attempt to offline upgrade from unsupported version {4,5}. Terminating.
[ns_server:error,2021-04-19T20:44:23.985Z,ns_1@127.0.0.1:ns_config<0.195.0>:ns_config_default:upgrade_config:397]Detected an attempt to offline upgrade from unsupported version {4,5}. Terminating.
[ns_server:error,2021-04-19T20:44:31.971Z,ns_1@127.0.0.1:ns_config<0.195.0>:ns_config_default:upgrade_config:397]Detected an attempt to offline upgrade from unsupported version {4,5}. Terminating.
[ns_server:error,2021-04-19T20:44:40.409Z,ns_1@127.0.0.1:ns_config<0.195.0>:ns_config_default:upgrade_config:397]Detected an attempt to offline upgrade from unsupported version {4,5}. Terminating.
[ns_server:error,2021-04-19T20:44:48.773Z,ns_1@127.0.0.1:ns_config<0.195.0>:ns_config_default:upgrade_config:397]Detected an attempt to offline upgrade from unsupported version {4,5}. Terminating.
[ns_server:error,2021-04-19T20:44:56.796Z,ns_1@127.0.0.1:ns_config<0.195.0>:ns_config_default:upgrade_config:397]Detected an attempt to offline upgrade from unsupported version {4,5}. Terminating.
[ns_server:error,2021-04-19T20:45:05.049Z,ns_1@127.0.0.1:ns_config<0.195.0>:ns_config_default:upgrade_config:397]Detected an attempt to offline upgrade from unsupported version {4,5}. Terminating.
[ns_server:error,2021-04-19T20:45:13.318Z,ns_1@127.0.0.1:ns_config<0.195.0>:ns_config_default:upgrade_config:397]Detected an attempt to offline upgrade from unsupported version {4,5}. Terminating.
[ns_server:error,2021-04-19T20:45:21.510Z,ns_1@127.0.0.1:ns_config<0.195.0>:ns_config_default:upgrade_config:397]Detected an attempt to offline upgrade from unsupported version {4,5}. Terminating.
[ns_server:error,2021-04-19T20:45:29.525Z,ns_1@127.0.0.1:ns_config<0.195.0>:ns_config_default:upgrade_config:397]Detected an attempt to offline upgrade from unsupported version {4,5}. Terminating.
[ns_server:error,2021-04-19T20:45:37.704Z,ns_1@127.0.0.1:ns_config<0.195.0>:ns_config_default:upgrade_config:397]Detected an attempt to offline upgrade from unsupported version {4,5}. Terminating.
[ns_server:error,2021-04-19T20:45:45.672Z,ns_1@127.0.0.1:ns_config<0.195.0>:ns_config_default:upgrade_config:397]Detected an attempt to offline upgrade from unsupported version {4,5}. Terminating.
[ns_server:error,2021-04-19T20:45:53.657Z,ns_1@127.0.0.1:ns_config<0.195.0>:ns_config_default:upgrade_config:397]Detected an attempt to offline upgrade from unsupported version {4,5}. Terminating.
[ns_server:error,2021-04-19T20:46:01.865Z,ns_1@127.0.0.1:ns_config<0.195.0>:ns_config_default:upgrade_config:397]Detected an attempt to offline upgrade from unsupported version {4,5}. Terminating.
[ns_server:error,2021-04-19T20:46:10.074Z,ns_1@127.0.0.1:ns_config<0.195.0>:ns_config_default:upgrade_config:397]Detected an attempt to offline upgrade from unsupported version {4,5}. Terminating.
[ns_server:error,2021-04-19T20:46:18.275Z,ns_1@127.0.0.1:ns_config<0.195.0>:ns_config_default:upgrade_config:397]Detected an attempt to offline upgrade from unsupported version {4,5}. Terminating.
[ns_server:error,2021-04-19T20:46:27.144Z,ns_1@127.0.0.1:ns_config<0.195.0>:ns_config_default:upgrade_config:397]Detected an attempt to offline upgrade from unsupported version {4,5}. Terminating.
[ns_server:error,2021-04-19T20:46:35.610Z,ns_1@127.0.0.1:ns_config<0.195.0>:ns_config_default:upgrade_config:397]Detected an attempt to offline upgrade from unsupported version {4,5}. Terminating.
[ns_server:error,2021-04-19T20:46:44.020Z,ns_1@127.0.0.1:ns_config<0.195.0>:ns_config_default:upgrade_config:397]Detected an attempt to offline upgrade from unsupported version {4,5}. Terminating.
[ns_server:error,2021-04-19T20:46:52.245Z,ns_1@127.0.0.1:ns_config<0.195.0>:ns_config_default:upgrade_config:397]Detected an attempt to offline upgrade from unsupported version {4,5}. Terminating.
[ns_server:error,2021-04-19T20:47:01.094Z,ns_1@127.0.0.1:ns_config<0.195.0>:ns_config_default:upgrade_config:397]Detected an attempt to offline upgrade from unsupported version {4,5}. Terminating.
[ns_server:error,2021-04-19T20:47:10.015Z,ns_1@127.0.0.1:ns_config<0.195.0>:ns_config_default:upgrade_config:397]Detected an attempt to offline upgrade from unsupported version {4,5}. Terminating.
[ns_server:error,2021-04-19T20:47:18.494Z,ns_1@127.0.0.1:ns_config<0.195.0>:ns_config_default:upgrade_config:397]Detected an attempt to offline upgrade from unsupported version {4,5}. Terminating.
[ns_server:error,2021-04-19T20:47:28.110Z,ns_1@127.0.0.1:ns_config<0.195.0>:ns_config_default:upgrade_config:397]Detected an attempt to offline upgrade from unsupported version {4,5}. Terminating.
[ns_server:error,2021-04-19T20:47:36.890Z,ns_1@127.0.0.1:ns_config<0.195.0>:ns_config_default:upgrade_config:397]Detected an attempt to offline upgrade from unsupported version {4,5}. Terminating.
[ns_server:error,2021-04-19T20:47:55.879Z,ns_1@127.0.0.1:ns_config<0.195.0>:ns_config_default:upgrade_config:397]Detected an attempt to offline upgrade from unsupported version {4,5}. Terminating.
[ns_server:error,2021-04-19T20:48:07.972Z,ns_1@127.0.0.1:ns_config<0.195.0>:ns_config_default:upgrade_config:397]Detected an attempt to offline upgrade from unsupported version {4,5}. Terminating.
[ns_server:error,2021-04-19T20:48:17.631Z,ns_1@127.0.0.1:ns_config<0.195.0>:ns_config_default:upgrade_config:397]Detected an attempt to offline upgrade from unsupported version {4,5}. Terminating.
[ns_server:error,2021-04-19T20:48:22.784Z,ns_1@127.0.0.1:ns_config<0.195.0>:ns_config_default:upgrade_config:397]Detected an attempt to offline upgrade from unsupported version {4,5}. Terminating.
[ns_server:error,2021-04-19T20:48:28.284Z,ns_1@127.0.0.1:ns_config<0.195.0>:ns_config_default:upgrade_config:397]Detected an attempt to offline upgrade from unsupported version {4,5}. Terminating.
[ns_server:error,2021-04-19T20:48:33.996Z,ns_1@127.0.0.1:ns_config<0.195.0>:ns_config_default:upgrade_config:397]Detected an attempt to offline upgrade from unsupported version {4,5}. Terminating.
[ns_server:error,2021-04-19T20:48:39.011Z,ns_1@127.0.0.1:ns_config<0.195.0>:ns_config_default:upgrade_config:397]Detected an attempt to offline upgrade from unsupported version {4,5}. Terminating.
[ns_server:error,2021-04-19T20:48:42.549Z,ns_1@127.0.0.1:ns_config<0.195.0>:ns_config_default:upgrade_config:397]Detected an attempt to offline upgrade from unsupported version {4,5}. Terminating.
[ns_server:error,2021-04-19T20:48:50.859Z,ns_1@127.0.0.1:ns_config<0.195.0>:ns_config_default:upgrade_config:397]Detected an attempt to offline upgrade from unsupported version {4,5}. Terminating.
[ns_server:error,2021-04-19T20:49:00.352Z,ns_1@127.0.0.1:ns_config<0.195.0>:ns_config_default:upgrade_config:397]Detected an attempt to offline upgrade from unsupported version {4,5}. Terminating.
[ns_server:error,2021-04-19T20:49:09.583Z,ns_1@127.0.0.1:ns_config<0.195.0>:ns_config_default:upgrade_config:397]Detected an attempt to offline upgrade from unsupported version {4,5}. Terminating.
[ns_server:error,2021-04-19T20:49:18.096Z,ns_1@127.0.0.1:ns_config<0.195.0>:ns_config_default:upgrade_config:397]Detected an attempt to offline upgrade from unsupported version {4,5}. Terminating.
[ns_server:error,2021-04-19T20:49:26.601Z,ns_1@127.0.0.1:ns_config<0.195.0>:ns_config_default:upgrade_config:397]Detected an attempt to offline upgrade from unsupported version {4,5}. Terminating.
