2021-04-19T20:03:46.775+00:00 [Info] Indexer started with command line: [/opt/couchbase/bin/indexer -vbuckets=1024 -cluster=127.0.0.1:8091 -adminPort=9100 -scanPort=9101 -httpPort=9102 -streamInitPort=9103 -streamCatchupPort=9104 -streamMaintPort=9105 -storageDir=/opt/couchbase/var/lib/couchbase/data/@2i -diagDir=/opt/couchbase/var/lib/couchbase/crash -nodeUUID=ed3569395eded6edcdc8c6393e7761e8 -storageMode=memory_optimized]
2021-04-19T20:03:46.786+00:00 [Info] Indexer::Main Storage Mode Set memory_optimized
2021-04-19T20:03:46.822+00:00 [Info] Indexer::NewIndexer Status Bootstrap
2021-04-19T20:03:46.827+00:00 [Info] Setting buffer block size to 16384 bytes
2021-04-19T20:03:46.827+00:00 [Info] Setting maxcpus = 8
2021-04-19T20:03:46.827+00:00 [Info] Setting log level to Info
2021-04-19T20:03:46.827+00:00 [Info] 127.0.0.1:8091 starting RESTful services
2021-04-19T20:03:46.832+00:00 [Info] New settings received: 
{"indexer.settings.compaction.days_of_week":"Sunday,Monday,Tuesday,Wednesday,Thursday,Friday,Saturday","indexer.settings.compaction.interval":"00:00,00:00","indexer.settings.compaction.compaction_mode":"circular","indexer.settings.persisted_snapshot.interval":5000,"indexer.settings.log_level":"info","indexer.settings.compaction.min_frag":30,"indexer.settings.inmemory_snapshot.interval":200,"indexer.settings.max_cpu_percent":0,"indexer.settings.storage_mode":"memory_optimized","indexer.settings.recovery.max_rollbacks":5,"indexer.settings.memory_quota":314572800,"indexer.settings.compaction.abort_exceed_interval":false}
2021-04-19T20:03:46.832+00:00 [Info] Setting maxcpus = 8
2021-04-19T20:03:46.832+00:00 [Info] Setting log level to Info
2021-04-19T20:03:46.854+00:00 [Info] Refreshing indexer list due to cluster changes or auto-refresh.
2021-04-19T20:03:46.854+00:00 [Info] Refreshed Indexer List: []
2021-04-19T20:03:46.854+00:00 [Info] initialized currmeta 0
2021-04-19T20:03:46.854+00:00 [Info] Indexer::NewIndexer Starting with Vbuckets 1024
2021-04-19T20:03:46.880+00:00 [Info] [Queryport ":9101"] started ...
2021-04-19T20:03:46.929+00:00 [Info] servicesChangeNotifier: Creating new notifier instance for http://%40index-cbauth@127.0.0.1:8091, default
2021-04-19T20:03:46.933+00:00 [Info] serviceChangeNotifier: received ServiceChangeNotification
2021-04-19T20:03:46.936+00:00 [Info] serviceChangeNotifier: received PoolChangeNotification
2021-04-19T20:03:46.946+00:00 [Info] Refreshing indexer list due to cluster changes or auto-refresh.
2021-04-19T20:03:46.946+00:00 [Info] Refreshed Indexer List: []
2021-04-19T20:03:46.946+00:00 [Info] switched currmeta from 0 -> 0
[FDB INFO] Forestdb blockcache size 1048576 initialized in 106 us

2021-04-19T20:03:46.960+00:00 [Info] Refreshing indexer list due to cluster changes or auto-refresh.
2021-04-19T20:03:46.960+00:00 [Info] Refreshed Indexer List: []
2021-04-19T20:03:46.960+00:00 [Info] switched currmeta from 0 -> 0
[FDB INFO] Forestdb opened database file /opt/couchbase/var/lib/couchbase/data/@2i/MetadataStore
2021-04-19T20:03:46.986+00:00 [Info] ClustMgr:handleGetLocalValue Key IndexerId
2021-04-19T20:03:47.002+00:00 [Info] ClustMgr:handleSetLocalValue Key IndexerId Value 23:88:7c:f7:19:75:41:f8
2021-04-19T20:03:47.008+00:00 [Info] Indexer Id 23:88:7c:f7:19:75:41:f8
2021-04-19T20:03:47.025+00:00 [Info] KVSender::sendShutdownTopic Projector 127.0.0.1:9999 Topic MAINT_STREAM_TOPIC_23:88:7c:f7:19:75:41:f8
2021-04-19T20:03:47.027+00:00 [Error] KVSender::sendShutdownTopic Unexpected Error During Shutdown Projector 127.0.0.1:9999 Topic MAINT_STREAM_TOPIC_23:88:7c:f7:19:75:41:f8. Err projector.topicMissing
2021-04-19T20:03:47.027+00:00 [Error] KVSender::closeMutationStream MAINT_STREAM  Error Received projector.topicMissing from 127.0.0.1:9999
2021-04-19T20:03:47.027+00:00 [Info] KVSender::closeMutationStream MAINT_STREAM  Treating projector.topicMissing As Success
2021-04-19T20:03:47.043+00:00 [Info] KVSender::sendShutdownTopic Projector 127.0.0.1:9999 Topic INIT_STREAM_TOPIC_23:88:7c:f7:19:75:41:f8
2021-04-19T20:03:47.044+00:00 [Error] KVSender::sendShutdownTopic Unexpected Error During Shutdown Projector 127.0.0.1:9999 Topic INIT_STREAM_TOPIC_23:88:7c:f7:19:75:41:f8. Err projector.topicMissing
2021-04-19T20:03:47.044+00:00 [Error] KVSender::closeMutationStream INIT_STREAM  Error Received projector.topicMissing from 127.0.0.1:9999
2021-04-19T20:03:47.044+00:00 [Info] KVSender::closeMutationStream INIT_STREAM  Treating projector.topicMissing As Success
2021-04-19T20:03:47.044+00:00 [Info] ClustMgr:handleGetGlobalTopology &{map[]}
2021-04-19T20:03:47.044+00:00 [Info] Indexer::initFromPersistedState Recovered IndexInstMap 
2021-04-19T20:03:47.045+00:00 [Info] MutationMgr::handleUpdateIndexInstMap 
	Message: MsgUpdateInstMap
2021-04-19T20:03:47.045+00:00 [Info] MutationMgr::handleUpdateIndexPartnMap 
	Message: MsgUpdatePartnMap
2021-04-19T20:03:47.045+00:00 [Info] ClustMgr:handleGetLocalValue Key IndexerState
2021-04-19T20:03:47.046+00:00 [Info] Indexer::bootstrap No Previous Indexer State Recovered
2021-04-19T20:03:47.078+00:00 [Info] Indexer::bootstrap ManualGC Time Taken 31.8861ms
2021-04-19T20:03:47.079+00:00 [Info] Indexer::ReadMemstats Time Taken 62.3µs
2021-04-19T20:03:47.079+00:00 [Info] ClustMgr:handleIndexerReady &{52 [] {false false false false}  0}
2021-04-19T20:03:47.079+00:00 [Info] ClustMgr:handleSetLocalValue Key IndexerNodeUUID Value ed3569395eded6edcdc8c6393e7761e8
2021-04-19T20:03:47.089+00:00 [Info] Indexer::NewIndexer Status Active
2021-04-19T20:03:47.089+00:00 [Info] Indexer: Setting GC percent to 100
2021-04-19T20:03:47.090+00:00 [Info] Indexer::monitorMemUsage started...
2021-04-19T20:03:47.135+00:00 [Info] Indexer::monitorMemUsage MemoryUsed Total 54847488 Idle 32768
2021-04-19T20:03:47.135+00:00 [Info] CompactionManager: Refreshing settings
2021-04-19T20:03:47.135+00:00 [Info] memstats {"Alloc":49049728, "TotalAlloc":49841240, "Sys":56314104, "Lookups":22, "Mallocs":13437,"Frees":6517, "HeapAlloc":49049728, "HeapSys":50528256, "HeapIdle":540672, "HeapInuse":49987584,"HeapReleased":507904, "HeapObjects":6920,"GCSys":1726464, "LastGC":1618862627078445100,"PauseTotalNs":34805600, "PauseNs":[1013100, 2272100, 31520400], "NumGC":3}
2021-04-19T20:03:47.135+00:00 [Info] MutationMgr::MaxQueueMemoryQuota 31457280
2021-04-19T20:03:53.188+00:00 [Info] serviceChangeNotifier: received ServiceChangeNotification
2021-04-19T20:03:53.199+00:00 [Info] Refreshing indexer list due to cluster changes or auto-refresh.
2021-04-19T20:03:53.199+00:00 [Info] Refreshed Indexer List: [127.0.0.1:9100]
2021-04-19T20:03:53.199+00:00 [Info] MetadataProvider.WatchMetadata(): indexer 127.0.0.1:9100
2021-04-19T20:03:53.203+00:00 [Info] WatchMetadata(): successfully reach indexer at 127.0.0.1:9100.
2021-04-19T20:03:53.203+00:00 [Info] switched currmeta from 0 -> 1
2021-04-19T20:03:53.203+00:00 [Info] [Queryport-connpool:127.0.0.1:9101] started ...
2021-04-19T20:03:53.203+00:00 [Info] [GsiScanClient:"127.0.0.1:9101"] started ...
2021-04-19T20:03:53.205+00:00 [Info] [Queryport-connpool:127.0.0.1:9101] open new connection ...
2021-04-19T20:03:53.205+00:00 [Info] [Queryport ":9101"] connection "127.0.0.1:45530" doReceive() ...
2021-04-19T20:03:57.136+00:00 [Info] Indexer::monitorMemUsage MemoryUsed Total 54937600 Idle 32768
2021-04-19T20:04:07.137+00:00 [Info] Indexer::monitorMemUsage MemoryUsed Total 55048192 Idle 32768
2021-04-19T20:04:17.138+00:00 [Info] Indexer::monitorMemUsage MemoryUsed Total 55080960 Idle 32768
2021-04-19T20:04:27.139+00:00 [Info] Indexer::monitorMemUsage MemoryUsed Total 55080960 Idle 32768
2021-04-19T20:04:37.140+00:00 [Info] Indexer::monitorMemUsage MemoryUsed Total 55080960 Idle 32768
2021-04-19T20:04:46.855+00:00 [Info] connected with 1 indexers
2021-04-19T20:04:46.855+00:00 [Info] client load stats {}
2021-04-19T20:04:46.987+00:00 [Info] PeriodicStats = {"index_not_found_errcount":0,"indexer_state":"Active","memory_quota":314572800,"memory_used":55052288,"memory_used_queue":0,"memory_used_storage":61440,"needs_restart":false,"num_connections":1,"storage_mode":"memory_optimized","timings/stats_response":"70 11380700 2322196690000","uptime":"1m0.2116517s"}
2021-04-19T20:04:47.136+00:00 [Info] memstats {"Alloc":49049728, "TotalAlloc":49841240, "Sys":56314104, "Lookups":22, "Mallocs":13437,"Frees":6517, "HeapAlloc":49049728, "HeapSys":50528256, "HeapIdle":540672, "HeapInuse":49987584,"HeapReleased":507904, "HeapObjects":6920,"GCSys":1726464, "LastGC":1618862627078445100,"PauseTotalNs":34805600, "PauseNs":[], "NumGC":3}
2021-04-19T20:04:47.141+00:00 [Info] Indexer::monitorMemUsage MemoryUsed Total 58552320 Idle 475136
2021-04-19T20:04:47.141+00:00 [Info] Indexer::ReadMemstats Time Taken 288.3µs
2021-04-19T20:04:57.142+00:00 [Info] Indexer::monitorMemUsage MemoryUsed Total 58552320 Idle 475136
2021-04-19T20:05:07.143+00:00 [Info] Indexer::monitorMemUsage MemoryUsed Total 58552320 Idle 475136
2021-04-19T20:05:17.144+00:00 [Info] Indexer::monitorMemUsage MemoryUsed Total 58552320 Idle 475136
2021-04-19T20:05:27.145+00:00 [Info] Indexer::monitorMemUsage MemoryUsed Total 58552320 Idle 475136
2021-04-19T20:05:37.146+00:00 [Info] Indexer::monitorMemUsage MemoryUsed Total 58552320 Idle 475136
2021-04-19T20:05:46.855+00:00 [Info] connected with 1 indexers
2021-04-19T20:05:46.855+00:00 [Info] client load stats {}
2021-04-19T20:05:46.988+00:00 [Info] PeriodicStats = {"index_not_found_errcount":0,"indexer_state":"Active","memory_quota":314572800,"memory_used":58077184,"memory_used_queue":0,"memory_used_storage":61440,"needs_restart":false,"num_connections":1,"storage_mode":"memory_optimized","timings/stats_response":"142 22633400 4399303800000","uptime":"2m0.2124371s"}
2021-04-19T20:05:47.140+00:00 [Info] memstats {"Alloc":52106376, "TotalAlloc":52903000, "Sys":59558136, "Lookups":73, "Mallocs":37500,"Frees":9493, "HeapAlloc":52106376, "HeapSys":53379072, "HeapIdle":475136, "HeapInuse":52903936,"HeapReleased":0, "HeapObjects":28007,"GCSys":1835008, "LastGC":1618862627135254200,"PauseTotalNs":80026400, "PauseNs":[45220800], "NumGC":4}
2021-04-19T20:05:47.147+00:00 [Info] Indexer::monitorMemUsage MemoryUsed Total 58552320 Idle 475136
2021-04-19T20:05:47.177+00:00 [Info] Indexer::ReadMemstats Time Taken 28.8707ms
2021-04-19T20:05:57.148+00:00 [Info] Indexer::monitorMemUsage MemoryUsed Total 60846080 Idle 917504
2021-04-19T20:06:07.149+00:00 [Info] Indexer::monitorMemUsage MemoryUsed Total 60874752 Idle 917504
2021-04-19T20:06:17.150+00:00 [Info] Indexer::monitorMemUsage MemoryUsed Total 60874752 Idle 917504
2021-04-19T20:06:27.150+00:00 [Info] Indexer::monitorMemUsage MemoryUsed Total 60874752 Idle 917504
2021-04-19T20:06:37.151+00:00 [Info] Indexer::monitorMemUsage MemoryUsed Total 60874752 Idle 917504
2021-04-19T20:06:46.855+00:00 [Info] connected with 1 indexers
2021-04-19T20:06:46.855+00:00 [Info] client load stats {}
2021-04-19T20:06:46.988+00:00 [Info] PeriodicStats = {"index_not_found_errcount":0,"indexer_state":"Active","memory_quota":314572800,"memory_used":59957248,"memory_used_queue":0,"memory_used_storage":61440,"needs_restart":false,"num_connections":1,"storage_mode":"memory_optimized","timings/stats_response":"214 31674500 5831842930000","uptime":"3m0.212972s"}
2021-04-19T20:06:47.141+00:00 [Info] memstats {"Alloc":53640728, "TotalAlloc":54437352, "Sys":61724920, "Lookups":121, "Mallocs":58943,"Frees":11858, "HeapAlloc":53640728, "HeapSys":55574528, "HeapIdle":917504, "HeapInuse":54657024,"HeapReleased":0, "HeapObjects":47085,"GCSys":1900544, "LastGC":1618862747176856000,"PauseTotalNs":81332900, "PauseNs":[1306500], "NumGC":5}
2021-04-19T20:06:47.151+00:00 [Info] Indexer::monitorMemUsage MemoryUsed Total 60874752 Idle 917504
2021-04-19T20:06:47.152+00:00 [Info] Indexer::ReadMemstats Time Taken 238.1µs
2021-04-19T20:06:57.152+00:00 [Info] Indexer::monitorMemUsage MemoryUsed Total 60841984 Idle 2670592
2021-04-19T20:07:07.153+00:00 [Info] Indexer::monitorMemUsage MemoryUsed Total 60841984 Idle 2670592
2021-04-19T20:07:17.154+00:00 [Info] Indexer::monitorMemUsage MemoryUsed Total 60841984 Idle 2670592
2021-04-19T20:07:27.155+00:00 [Info] Indexer::monitorMemUsage MemoryUsed Total 60841984 Idle 2670592
2021-04-19T20:07:37.156+00:00 [Info] Indexer::monitorMemUsage MemoryUsed Total 60841984 Idle 2670592
2021-04-19T20:07:46.855+00:00 [Info] connected with 1 indexers
2021-04-19T20:07:46.855+00:00 [Info] client load stats {}
2021-04-19T20:07:46.988+00:00 [Info] PeriodicStats = {"index_not_found_errcount":0,"indexer_state":"Active","memory_quota":314572800,"memory_used":58171392,"memory_used_queue":0,"memory_used_storage":61440,"needs_restart":false,"num_connections":1,"storage_mode":"memory_optimized","timings/stats_response":"286 41422200 7492442820000","uptime":"4m0.2133225s"}
2021-04-19T20:07:47.141+00:00 [Info] memstats {"Alloc":51982072, "TotalAlloc":55975104, "Sys":61724920, "Lookups":170, "Mallocs":80316,"Frees":53425, "HeapAlloc":51982072, "HeapSys":55541760, "HeapIdle":2670592, "HeapInuse":52871168,"HeapReleased":0, "HeapObjects":26891,"GCSys":1900544, "LastGC":1618862747176856000,"PauseTotalNs":81332900, "PauseNs":[], "NumGC":5}
2021-04-19T20:07:47.156+00:00 [Info] Indexer::monitorMemUsage MemoryUsed Total 60841984 Idle 2670592
2021-04-19T20:07:47.157+00:00 [Info] Indexer::ReadMemstats Time Taken 395µs
2021-04-19T20:07:57.157+00:00 [Info] Indexer::monitorMemUsage MemoryUsed Total 60805120 Idle 1146880
2021-04-19T20:08:07.158+00:00 [Info] Indexer::monitorMemUsage MemoryUsed Total 60805120 Idle 1146880
2021-04-19T20:08:17.160+00:00 [Info] Indexer::monitorMemUsage MemoryUsed Total 60805120 Idle 1146880
2021-04-19T20:08:27.161+00:00 [Info] Indexer::monitorMemUsage MemoryUsed Total 60805120 Idle 1146880
2021-04-19T20:08:37.161+00:00 [Info] Indexer::monitorMemUsage MemoryUsed Total 60805120 Idle 1146880
2021-04-19T20:08:46.855+00:00 [Info] connected with 1 indexers
2021-04-19T20:08:46.855+00:00 [Info] client load stats {}
2021-04-19T20:08:46.990+00:00 [Info] PeriodicStats = {"index_not_found_errcount":0,"indexer_state":"Active","memory_quota":314572800,"memory_used":59658240,"memory_used_queue":0,"memory_used_storage":61440,"needs_restart":false,"num_connections":1,"storage_mode":"memory_optimized","timings/stats_response":"358 51689500 9562386890000","uptime":"5m0.2145535s"}
2021-04-19T20:08:47.142+00:00 [Info] memstats {"Alloc":53510696, "TotalAlloc":57503728, "Sys":61724920, "Lookups":219, "Mallocs":101661,"Frees":55787, "HeapAlloc":53510696, "HeapSys":55476224, "HeapIdle":1146880, "HeapInuse":54329344,"HeapReleased":0, "HeapObjects":45874,"GCSys":1900544, "LastGC":1618862747176856000,"PauseTotalNs":81332900, "PauseNs":[], "NumGC":5}
2021-04-19T20:08:47.162+00:00 [Info] Indexer::monitorMemUsage MemoryUsed Total 60805120 Idle 1146880
2021-04-19T20:08:47.163+00:00 [Info] Indexer::ReadMemstats Time Taken 506.7µs
2021-04-19T20:08:57.163+00:00 [Info] Indexer::monitorMemUsage MemoryUsed Total 60837888 Idle 2187264
2021-04-19T20:09:07.163+00:00 [Info] Indexer::monitorMemUsage MemoryUsed Total 60837888 Idle 2187264
2021-04-19T20:09:17.164+00:00 [Info] Indexer::monitorMemUsage MemoryUsed Total 60837888 Idle 2187264
2021-04-19T20:09:27.164+00:00 [Info] Indexer::monitorMemUsage MemoryUsed Total 60837888 Idle 2187264
2021-04-19T20:09:37.165+00:00 [Info] Indexer::monitorMemUsage MemoryUsed Total 60837888 Idle 2187264
2021-04-19T20:09:46.855+00:00 [Info] connected with 1 indexers
2021-04-19T20:09:46.855+00:00 [Info] client load stats {}
2021-04-19T20:09:46.991+00:00 [Info] PeriodicStats = {"index_not_found_errcount":0,"indexer_state":"Active","memory_quota":314572800,"memory_used":58650624,"memory_used_queue":0,"memory_used_storage":61440,"needs_restart":false,"num_connections":1,"storage_mode":"memory_optimized","timings/stats_response":"430 60741900 11041078470000","uptime":"6m0.2153824s"}
2021-04-19T20:09:47.143+00:00 [Info] memstats {"Alloc":52363896, "TotalAlloc":59426400, "Sys":61724920, "Lookups":279, "Mallocs":126705,"Frees":97131, "HeapAlloc":52363896, "HeapSys":55508992, "HeapIdle":2187264, "HeapInuse":53321728,"HeapReleased":0, "HeapObjects":29574,"GCSys":1900544, "LastGC":1618862867236153300,"PauseTotalNs":81906600, "PauseNs":[573700], "NumGC":6}
2021-04-19T20:09:47.165+00:00 [Info] Indexer::monitorMemUsage MemoryUsed Total 60837888 Idle 2187264
2021-04-19T20:09:47.166+00:00 [Info] Indexer::ReadMemstats Time Taken 348µs
2021-04-19T20:09:57.166+00:00 [Info] Indexer::monitorMemUsage MemoryUsed Total 60837888 Idle 884736
2021-04-19T20:10:07.167+00:00 [Info] Indexer::monitorMemUsage MemoryUsed Total 60837888 Idle 884736
2021-04-19T20:10:17.167+00:00 [Info] Indexer::monitorMemUsage MemoryUsed Total 60837888 Idle 884736
2021-04-19T20:10:27.168+00:00 [Info] Indexer::monitorMemUsage MemoryUsed Total 60837888 Idle 884736
2021-04-19T20:10:37.169+00:00 [Info] Indexer::monitorMemUsage MemoryUsed Total 60837888 Idle 884736
2021-04-19T20:10:46.855+00:00 [Info] connected with 1 indexers
2021-04-19T20:10:46.855+00:00 [Info] client load stats {}
2021-04-19T20:10:46.991+00:00 [Info] PeriodicStats = {"index_not_found_errcount":0,"indexer_state":"Active","memory_quota":314572800,"memory_used":59953152,"memory_used_queue":0,"memory_used_storage":61440,"needs_restart":false,"num_connections":1,"storage_mode":"memory_optimized","timings/stats_response":"502 68703800 12225411340000","uptime":"7m0.2160581s"}
2021-04-19T20:10:47.143+00:00 [Info] memstats {"Alloc":53888768, "TotalAlloc":60951272, "Sys":61724920, "Lookups":328, "Mallocs":148057,"Frees":99488, "HeapAlloc":53888768, "HeapSys":55508992, "HeapIdle":884736, "HeapInuse":54624256,"HeapReleased":0, "HeapObjects":48569,"GCSys":1900544, "LastGC":1618862867236153300,"PauseTotalNs":81906600, "PauseNs":[], "NumGC":6}
2021-04-19T20:10:47.170+00:00 [Info] Indexer::ReadMemstats Time Taken 258.9µs
2021-04-19T20:10:47.170+00:00 [Info] Indexer::monitorMemUsage MemoryUsed Total 60837888 Idle 884736
2021-04-19T20:10:57.171+00:00 [Info] Indexer::monitorMemUsage MemoryUsed Total 60837888 Idle 2572288
2021-04-19T20:11:07.172+00:00 [Info] Indexer::monitorMemUsage MemoryUsed Total 60837888 Idle 2572288
2021-04-19T20:11:17.173+00:00 [Info] Indexer::monitorMemUsage MemoryUsed Total 60837888 Idle 2572288
2021-04-19T20:11:27.174+00:00 [Info] Indexer::monitorMemUsage MemoryUsed Total 60837888 Idle 2572288
2021-04-19T20:11:37.174+00:00 [Info] Indexer::monitorMemUsage MemoryUsed Total 60837888 Idle 2572288
2021-04-19T20:11:46.855+00:00 [Info] connected with 1 indexers
2021-04-19T20:11:46.855+00:00 [Info] client load stats {}
2021-04-19T20:11:46.992+00:00 [Info] PeriodicStats = {"index_not_found_errcount":0,"indexer_state":"Active","memory_quota":314572800,"memory_used":58265600,"memory_used_queue":0,"memory_used_storage":61440,"needs_restart":false,"num_connections":1,"storage_mode":"memory_optimized","timings/stats_response":"574 77085900 13511881610000","uptime":"8m0.2163818s"}
2021-04-19T20:11:47.144+00:00 [Info] memstats {"Alloc":52035728, "TotalAlloc":62489240, "Sys":61724920, "Lookups":376, "Mallocs":169448,"Frees":142546, "HeapAlloc":52035728, "HeapSys":55508992, "HeapIdle":2572288, "HeapInuse":52936704,"HeapReleased":0, "HeapObjects":26902,"GCSys":1900544, "LastGC":1618862988157453400,"PauseTotalNs":82494900, "PauseNs":[588300], "NumGC":7}
2021-04-19T20:11:47.175+00:00 [Info] Indexer::monitorMemUsage MemoryUsed Total 60837888 Idle 2572288
2021-04-19T20:11:47.175+00:00 [Info] Indexer::ReadMemstats Time Taken 381.4µs
2021-04-19T20:11:57.176+00:00 [Info] Indexer::monitorMemUsage MemoryUsed Total 60837888 Idle 1212416
2021-04-19T20:12:07.177+00:00 [Info] Indexer::monitorMemUsage MemoryUsed Total 60837888 Idle 1212416
2021-04-19T20:12:17.177+00:00 [Info] Indexer::monitorMemUsage MemoryUsed Total 60837888 Idle 1212416
2021-04-19T20:12:27.178+00:00 [Info] Indexer::monitorMemUsage MemoryUsed Total 60837888 Idle 1212416
2021-04-19T20:12:37.179+00:00 [Info] Indexer::monitorMemUsage MemoryUsed Total 60837888 Idle 1212416
2021-04-19T20:12:46.855+00:00 [Info] connected with 1 indexers
2021-04-19T20:12:46.855+00:00 [Info] client load stats {}
2021-04-19T20:12:46.992+00:00 [Info] PeriodicStats = {"index_not_found_errcount":0,"indexer_state":"Active","memory_quota":314572800,"memory_used":59625472,"memory_used_queue":0,"memory_used_storage":61440,"needs_restart":false,"num_connections":1,"storage_mode":"memory_optimized","timings/stats_response":"646 85251000 14767500820000","uptime":"9m0.2167106s"}
2021-04-19T20:12:47.144+00:00 [Info] memstats {"Alloc":53553688, "TotalAlloc":64007200, "Sys":61724920, "Lookups":424, "Mallocs":190769,"Frees":144911, "HeapAlloc":53553688, "HeapSys":55508992, "HeapIdle":1212416, "HeapInuse":54296576,"HeapReleased":0, "HeapObjects":45858,"GCSys":1900544, "LastGC":1618862988157453400,"PauseTotalNs":82494900, "PauseNs":[], "NumGC":7}
2021-04-19T20:12:47.179+00:00 [Info] Indexer::monitorMemUsage MemoryUsed Total 60837888 Idle 1212416
2021-04-19T20:12:47.180+00:00 [Info] Indexer::ReadMemstats Time Taken 282.4µs
2021-04-19T20:12:57.180+00:00 [Info] Indexer::monitorMemUsage MemoryUsed Total 60870656 Idle 2719744
2021-04-19T20:13:07.181+00:00 [Info] Indexer::monitorMemUsage MemoryUsed Total 60870656 Idle 2719744
2021-04-19T20:13:17.181+00:00 [Info] Indexer::monitorMemUsage MemoryUsed Total 60870656 Idle 2719744
2021-04-19T20:13:27.182+00:00 [Info] Indexer::monitorMemUsage MemoryUsed Total 60870656 Idle 2719744
2021-04-19T20:13:37.183+00:00 [Info] Indexer::monitorMemUsage MemoryUsed Total 60870656 Idle 2719744
2021-04-19T20:13:46.855+00:00 [Info] connected with 1 indexers
2021-04-19T20:13:46.855+00:00 [Info] client load stats {}
2021-04-19T20:13:46.992+00:00 [Info] PeriodicStats = {"index_not_found_errcount":0,"indexer_state":"Active","memory_quota":314572800,"memory_used":58150912,"memory_used_queue":0,"memory_used_storage":61440,"needs_restart":false,"num_connections":1,"storage_mode":"memory_optimized","timings/stats_response":"718 93068900 15799982310000","uptime":"10m0.217227s"}
2021-04-19T20:13:47.145+00:00 [Info] memstats {"Alloc":52048264, "TotalAlloc":65557736, "Sys":61724920, "Lookups":473, "Mallocs":212203,"Frees":185264, "HeapAlloc":52048264, "HeapSys":55541760, "HeapIdle":2719744, "HeapInuse":52822016,"HeapReleased":0, "HeapObjects":26939,"GCSys":1900544, "LastGC":1618863108236309200,"PauseTotalNs":83075100, "PauseNs":[580200], "NumGC":8}
2021-04-19T20:13:47.184+00:00 [Info] Indexer::monitorMemUsage MemoryUsed Total 60870656 Idle 2719744
2021-04-19T20:13:47.184+00:00 [Info] Indexer::ReadMemstats Time Taken 174.3µs
2021-04-19T20:13:57.184+00:00 [Info] Indexer::monitorMemUsage MemoryUsed Total 59969536 Idle 24576
2021-04-19T20:14:07.185+00:00 [Info] Indexer::monitorMemUsage MemoryUsed Total 59969536 Idle 24576
2021-04-19T20:14:17.186+00:00 [Info] Indexer::monitorMemUsage MemoryUsed Total 59969536 Idle 24576
2021-04-19T20:14:27.187+00:00 [Info] Indexer::monitorMemUsage MemoryUsed Total 59969536 Idle 24576
2021-04-19T20:14:37.187+00:00 [Info] Indexer::monitorMemUsage MemoryUsed Total 59969536 Idle 24576
2021-04-19T20:14:46.855+00:00 [Info] connected with 1 indexers
2021-04-19T20:14:46.855+00:00 [Info] client load stats {}
2021-04-19T20:14:46.993+00:00 [Info] PeriodicStats = {"index_not_found_errcount":0,"indexer_state":"Active","memory_quota":314572800,"memory_used":59944960,"memory_used_queue":0,"memory_used_storage":61440,"needs_restart":false,"num_connections":1,"storage_mode":"memory_optimized","timings/stats_response":"790 101345700 17069490990000","uptime":"11m0.2177881s"}
2021-04-19T20:14:47.145+00:00 [Info] memstats {"Alloc":53907960, "TotalAlloc":67417432, "Sys":61724920, "Lookups":521, "Mallocs":236918,"Frees":188553, "HeapAlloc":53907960, "HeapSys":55443456, "HeapIdle":827392, "HeapInuse":54616064,"HeapReleased":802816, "HeapObjects":48365,"GCSys":1900544, "LastGC":1618863108236309200,"PauseTotalNs":83075100, "PauseNs":[], "NumGC":8}
2021-04-19T20:14:47.187+00:00 [Info] Indexer::monitorMemUsage MemoryUsed Total 59969536 Idle 24576
2021-04-19T20:14:47.188+00:00 [Info] Indexer::ReadMemstats Time Taken 147.5µs
2021-04-19T20:14:57.188+00:00 [Info] Indexer::monitorMemUsage MemoryUsed Total 60837888 Idle 2572288
2021-04-19T20:15:07.188+00:00 [Info] Indexer::monitorMemUsage MemoryUsed Total 60837888 Idle 2572288
2021-04-19T20:15:17.189+00:00 [Info] Indexer::monitorMemUsage MemoryUsed Total 60837888 Idle 2572288
2021-04-19T20:15:27.190+00:00 [Info] Indexer::monitorMemUsage MemoryUsed Total 60837888 Idle 2572288
2021-04-19T20:18:17.633+00:00 [Info] Indexer started with command line: [/opt/couchbase/bin/indexer -vbuckets=1024 -cluster=127.0.0.1:8091 -adminPort=9100 -scanPort=9101 -httpPort=9102 -streamInitPort=9103 -streamCatchupPort=9104 -streamMaintPort=9105 -storageDir=/opt/couchbase/var/lib/couchbase/data/@2i -diagDir=/opt/couchbase/var/lib/couchbase/crash -nodeUUID=ed3569395eded6edcdc8c6393e7761e8 -storageMode=memory_optimized]
2021-04-19T20:18:17.663+00:00 [Info] Indexer::Main Storage Mode Set memory_optimized
2021-04-19T20:18:17.712+00:00 [Info] Indexer::NewIndexer Status Bootstrap
2021-04-19T20:18:17.717+00:00 [Info] Setting buffer block size to 16384 bytes
2021-04-19T20:18:17.717+00:00 [Info] Setting maxcpus = 8
2021-04-19T20:18:17.717+00:00 [Info] Setting log level to Info
2021-04-19T20:18:17.717+00:00 [Info] 127.0.0.1:8091 starting RESTful services
2021-04-19T20:18:17.738+00:00 [Info] New settings received: 
{"indexer.settings.compaction.days_of_week":"Sunday,Monday,Tuesday,Wednesday,Thursday,Friday,Saturday","indexer.settings.compaction.interval":"00:00,00:00","indexer.settings.compaction.compaction_mode":"circular","indexer.settings.persisted_snapshot.interval":5000,"indexer.settings.log_level":"info","indexer.settings.compaction.min_frag":30,"indexer.settings.inmemory_snapshot.interval":200,"indexer.settings.max_cpu_percent":0,"indexer.settings.storage_mode":"memory_optimized","indexer.settings.recovery.max_rollbacks":5,"indexer.settings.memory_quota":314572800,"indexer.settings.compaction.abort_exceed_interval":false}
2021-04-19T20:18:17.739+00:00 [Info] Setting maxcpus = 8
2021-04-19T20:18:17.739+00:00 [Info] Setting log level to Info
2021-04-19T20:18:17.754+00:00 [Info] Refreshing indexer list due to cluster changes or auto-refresh.
2021-04-19T20:18:17.754+00:00 [Info] Refreshed Indexer List: [127.0.0.1:9100]
2021-04-19T20:18:17.754+00:00 [Info] MetadataProvider.WatchMetadata(): indexer 127.0.0.1:9100
2021-04-19T20:18:17.754+00:00 [Error] WatcherServer.runOnce() error : dial tcp 127.0.0.1:9100: getsockopt: connection refused
2021-04-19T20:18:18.754+00:00 [Info] WatchMetadata(): unable to reach indexer at 127.0.0.1:9100. Retry in background.
2021-04-19T20:18:18.754+00:00 [Info] initialized currmeta 0
2021-04-19T20:18:18.754+00:00 [Info] Indexer::NewIndexer Starting with Vbuckets 1024
2021-04-19T20:18:18.758+00:00 [Error] WatcherServer.runOnce() error : dial tcp 127.0.0.1:9100: getsockopt: connection refused
2021-04-19T20:18:18.799+00:00 [Info] [Queryport ":9101"] started ...
2021-04-19T20:18:18.873+00:00 [Info] servicesChangeNotifier: Creating new notifier instance for http://%40index-cbauth@127.0.0.1:8091, default
2021-04-19T20:18:18.879+00:00 [Info] serviceChangeNotifier: received ServiceChangeNotification
2021-04-19T20:18:18.884+00:00 [Info] serviceChangeNotifier: received PoolChangeNotification
2021-04-19T20:18:18.905+00:00 [Info] Refreshing indexer list due to cluster changes or auto-refresh.
2021-04-19T20:18:18.905+00:00 [Info] Refreshed Indexer List: [127.0.0.1:9100]
2021-04-19T20:18:18.906+00:00 [Info] switched currmeta from 0 -> 0
2021-04-19T20:18:18.906+00:00 [Error] updateIndexerList(): Cannot locate cluster node.
[FDB INFO] Forestdb blockcache size 1048576 initialized in 121 us

[FDB INFO] Forestdb opened database file /opt/couchbase/var/lib/couchbase/data/@2i/MetadataStore
2021-04-19T20:18:18.940+00:00 [Info] ClustMgr:handleGetLocalValue Key IndexerId
2021-04-19T20:18:18.960+00:00 [Info] Indexer Id 23:88:7c:f7:19:75:41:f8
2021-04-19T20:18:19.003+00:00 [Info] KVSender::sendShutdownTopic Projector 127.0.0.1:9999 Topic MAINT_STREAM_TOPIC_23:88:7c:f7:19:75:41:f8
2021-04-19T20:18:19.005+00:00 [Error] KVSender::sendShutdownTopic Unexpected Error During Shutdown Projector 127.0.0.1:9999 Topic MAINT_STREAM_TOPIC_23:88:7c:f7:19:75:41:f8. Err projector.topicMissing
2021-04-19T20:18:19.005+00:00 [Error] KVSender::closeMutationStream MAINT_STREAM  Error Received projector.topicMissing from 127.0.0.1:9999
2021-04-19T20:18:19.005+00:00 [Info] KVSender::closeMutationStream MAINT_STREAM  Treating projector.topicMissing As Success
2021-04-19T20:18:19.034+00:00 [Info] KVSender::sendShutdownTopic Projector 127.0.0.1:9999 Topic INIT_STREAM_TOPIC_23:88:7c:f7:19:75:41:f8
2021-04-19T20:18:19.034+00:00 [Error] KVSender::sendShutdownTopic Unexpected Error During Shutdown Projector 127.0.0.1:9999 Topic INIT_STREAM_TOPIC_23:88:7c:f7:19:75:41:f8. Err projector.topicMissing
2021-04-19T20:18:19.034+00:00 [Error] KVSender::closeMutationStream INIT_STREAM  Error Received projector.topicMissing from 127.0.0.1:9999
2021-04-19T20:18:19.034+00:00 [Info] KVSender::closeMutationStream INIT_STREAM  Treating projector.topicMissing As Success
2021-04-19T20:18:19.034+00:00 [Info] ClustMgr:handleGetGlobalTopology &{map[]}
2021-04-19T20:18:19.034+00:00 [Info] Indexer::initFromPersistedState Recovered IndexInstMap 
2021-04-19T20:18:19.035+00:00 [Info] MutationMgr::handleUpdateIndexInstMap 
	Message: MsgUpdateInstMap
2021-04-19T20:18:19.035+00:00 [Info] MutationMgr::handleUpdateIndexPartnMap 
	Message: MsgUpdatePartnMap
2021-04-19T20:18:19.035+00:00 [Info] ClustMgr:handleGetLocalValue Key IndexerState
2021-04-19T20:18:19.035+00:00 [Info] Indexer::bootstrap No Previous Indexer State Recovered
2021-04-19T20:18:19.078+00:00 [Info] Indexer::bootstrap ManualGC Time Taken 43.5579ms
2021-04-19T20:18:19.087+00:00 [Info] Indexer::ReadMemstats Time Taken 8.1914ms
2021-04-19T20:18:19.087+00:00 [Info] ClustMgr:handleIndexerReady &{52 [] {false false false false}  0}
2021-04-19T20:18:19.088+00:00 [Info] ClustMgr:handleSetLocalValue Key IndexerNodeUUID Value ed3569395eded6edcdc8c6393e7761e8
2021-04-19T20:18:19.099+00:00 [Info] Indexer::NewIndexer Status Active
2021-04-19T20:18:19.100+00:00 [Info] memstats {"Alloc":49051400, "TotalAlloc":49838552, "Sys":56576248, "Lookups":23, "Mallocs":13197,"Frees":6242, "HeapAlloc":49051400, "HeapSys":50495488, "HeapIdle":483328, "HeapInuse":50012160,"HeapReleased":450560, "HeapObjects":6955,"GCSys":1724416, "LastGC":1618863499078163200,"PauseTotalNs":55271700, "PauseNs":[8735700, 3610900, 42925100], "NumGC":3}
2021-04-19T20:18:19.100+00:00 [Info] Indexer::monitorMemUsage started...
2021-04-19T20:18:19.100+00:00 [Info] Indexer::monitorMemUsage MemoryUsed Total 55021568 Idle 32768
2021-04-19T20:18:19.100+00:00 [Info] Indexer: Setting GC percent to 100
2021-04-19T20:18:19.142+00:00 [Info] CompactionManager: Refreshing settings
2021-04-19T20:18:19.142+00:00 [Info] MutationMgr::MaxQueueMemoryQuota 31457280
2021-04-19T20:18:20.365+00:00 [Info] New settings received: 
{"indexer.settings.compaction.days_of_week":"Sunday,Monday,Tuesday,Wednesday,Thursday,Friday,Saturday","indexer.settings.compaction.interval":"00:00,00:00","indexer.settings.log_level":"info","indexer.settings.persisted_snapshot.interval":5000,"indexer.settings.compaction.compaction_mode":"circular","indexer.settings.compaction.min_frag":30,"indexer.settings.inmemory_snapshot.interval":200,"indexer.settings.max_cpu_percent":0,"indexer.settings.storage_mode":"memory_optimized","indexer.settings.recovery.max_rollbacks":5,"indexer.settings.memory_quota":314572800,"indexer.settings.compaction.abort_exceed_interval":false}
2021-04-19T20:18:20.366+00:00 [Info] Setting maxcpus = 8
2021-04-19T20:18:20.366+00:00 [Info] Setting log level to Info
2021-04-19T20:18:20.366+00:00 [Info] Indexer: Setting GC percent to 100
2021-04-19T20:18:20.414+00:00 [Info] CompactionManager: Refreshing settings
2021-04-19T20:18:20.415+00:00 [Info] MutationMgr::MaxQueueMemoryQuota 31457280
2021-04-19T20:18:20.762+00:00 [Info] WatchMetadata(): Successfully connected to indexer at 127.0.0.1:9100 after retry.
2021-04-19T20:18:20.762+00:00 [Info] Acknowledged that new indexer is registered.  Indexer = 127.0.0.1:9100, id = 23:88:7c:f7:19:75:41:f8
2021-04-19T20:18:20.762+00:00 [Info] switched currmeta from 0 -> 1
2021-04-19T20:18:20.763+00:00 [Info] [Queryport-connpool:127.0.0.1:9101] started ...
2021-04-19T20:18:20.763+00:00 [Info] [GsiScanClient:"127.0.0.1:9101"] started ...
2021-04-19T20:18:20.764+00:00 [Info] [Queryport-connpool:127.0.0.1:9101] open new connection ...
2021-04-19T20:18:20.767+00:00 [Info] [Queryport ":9101"] connection "127.0.0.1:47312" doReceive() ...
2021-04-19T20:18:29.100+00:00 [Info] Indexer::monitorMemUsage MemoryUsed Total 55193600 Idle 32768
2021-04-19T20:18:39.101+00:00 [Info] Indexer::monitorMemUsage MemoryUsed Total 55193600 Idle 32768
2021-04-19T20:18:49.102+00:00 [Info] Indexer::monitorMemUsage MemoryUsed Total 55226368 Idle 32768
2021-04-19T20:18:59.102+00:00 [Info] Indexer::monitorMemUsage MemoryUsed Total 55226368 Idle 32768
2021-04-19T20:19:09.102+00:00 [Info] Indexer::monitorMemUsage MemoryUsed Total 55226368 Idle 32768
2021-04-19T20:19:18.755+00:00 [Info] connected with 1 indexers
2021-04-19T20:19:18.755+00:00 [Info] client load stats {}
2021-04-19T20:19:18.940+00:00 [Info] PeriodicStats = {"index_not_found_errcount":0,"indexer_state":"Active","memory_quota":314572800,"memory_used":55193600,"memory_used_queue":0,"memory_used_storage":139264,"needs_restart":false,"num_connections":1,"storage_mode":"memory_optimized","timings/stats_response":"72 7995500 1422625910000","uptime":"1m1.3067995s"}
2021-04-19T20:19:19.100+00:00 [Info] memstats {"Alloc":49051400, "TotalAlloc":49838552, "Sys":56576248, "Lookups":23, "Mallocs":13197,"Frees":6242, "HeapAlloc":49051400, "HeapSys":50495488, "HeapIdle":483328, "HeapInuse":50012160,"HeapReleased":450560, "HeapObjects":6955,"GCSys":1724416, "LastGC":1618863499078163200,"PauseTotalNs":55271700, "PauseNs":[], "NumGC":3}
2021-04-19T20:19:19.103+00:00 [Info] Indexer::monitorMemUsage MemoryUsed Total 55226368 Idle 32768
2021-04-19T20:19:19.103+00:00 [Info] Indexer::ReadMemstats Time Taken 234.4µs
2021-04-19T20:19:29.103+00:00 [Info] Indexer::monitorMemUsage MemoryUsed Total 58771456 Idle 720896
2021-04-19T20:19:39.103+00:00 [Info] Indexer::monitorMemUsage MemoryUsed Total 58771456 Idle 720896
2021-04-19T20:19:49.104+00:00 [Info] Indexer::monitorMemUsage MemoryUsed Total 58771456 Idle 720896
2021-04-19T20:19:59.104+00:00 [Info] Indexer::monitorMemUsage MemoryUsed Total 58771456 Idle 720896
2021-04-19T20:20:09.104+00:00 [Info] Indexer::monitorMemUsage MemoryUsed Total 58771456 Idle 720896
2021-04-19T20:20:18.756+00:00 [Info] connected with 1 indexers
2021-04-19T20:20:18.756+00:00 [Info] client load stats {}
2021-04-19T20:20:18.940+00:00 [Info] PeriodicStats = {"index_not_found_errcount":0,"indexer_state":"Active","memory_quota":314572800,"memory_used":58050560,"memory_used_queue":0,"memory_used_storage":139264,"needs_restart":false,"num_connections":1,"storage_mode":"memory_optimized","timings/stats_response":"144 14702500 2133191390000","uptime":"2m1.3071398s"}
2021-04-19T20:20:19.100+00:00 [Info] memstats {"Alloc":51989360, "TotalAlloc":52996728, "Sys":59820280, "Lookups":78, "Mallocs":37644,"Frees":10956, "HeapAlloc":51989360, "HeapSys":53477376, "HeapIdle":720896, "HeapInuse":52756480,"HeapReleased":0, "HeapObjects":26688,"GCSys":1837056, "LastGC":1618863500414880900,"PauseTotalNs":145724500, "PauseNs":[41746000, 48706800], "NumGC":5}
2021-04-19T20:20:19.104+00:00 [Info] Indexer::monitorMemUsage MemoryUsed Total 58771456 Idle 720896
2021-04-19T20:20:19.105+00:00 [Info] Indexer::ReadMemstats Time Taken 276.2µs
2021-04-19T20:20:29.105+00:00 [Info] Indexer::monitorMemUsage MemoryUsed Total 59852800 Idle 319488
2021-04-19T20:20:39.105+00:00 [Info] Indexer::monitorMemUsage MemoryUsed Total 59852800 Idle 319488
2021-04-19T20:20:49.105+00:00 [Info] Indexer::monitorMemUsage MemoryUsed Total 59852800 Idle 319488
2021-04-19T20:20:59.106+00:00 [Info] Indexer::monitorMemUsage MemoryUsed Total 59852800 Idle 319488
2021-04-19T20:21:09.106+00:00 [Info] Indexer::monitorMemUsage MemoryUsed Total 59852800 Idle 319488
2021-04-19T20:21:18.755+00:00 [Info] connected with 1 indexers
2021-04-19T20:21:18.755+00:00 [Info] client load stats {}
2021-04-19T20:21:18.940+00:00 [Info] PeriodicStats = {"index_not_found_errcount":0,"indexer_state":"Active","memory_quota":314572800,"memory_used":59533312,"memory_used_queue":0,"memory_used_storage":139264,"needs_restart":false,"num_connections":1,"storage_mode":"memory_optimized","timings/stats_response":"216 21028000 2791835700000","uptime":"3m1.3073785s"}
2021-04-19T20:21:19.101+00:00 [Info] memstats {"Alloc":53529536, "TotalAlloc":54536904, "Sys":60905720, "Lookups":127, "Mallocs":59065,"Frees":13312, "HeapAlloc":53529536, "HeapSys":54525952, "HeapIdle":319488, "HeapInuse":54206464,"HeapReleased":0, "HeapObjects":45753,"GCSys":1869824, "LastGC":1618863500414880900,"PauseTotalNs":145724500, "PauseNs":[], "NumGC":5}
2021-04-19T20:21:19.106+00:00 [Info] Indexer::monitorMemUsage MemoryUsed Total 59852800 Idle 319488
2021-04-19T20:21:19.106+00:00 [Info] Indexer::ReadMemstats Time Taken 178.6µs
2021-04-19T20:21:29.106+00:00 [Info] Indexer::monitorMemUsage MemoryUsed Total 59852800 Idle 1810432
2021-04-19T20:21:39.107+00:00 [Info] Indexer::monitorMemUsage MemoryUsed Total 59852800 Idle 1810432
2021-04-19T20:21:49.108+00:00 [Info] Indexer::monitorMemUsage MemoryUsed Total 59852800 Idle 1810432
2021-04-19T20:21:59.108+00:00 [Info] Indexer::monitorMemUsage MemoryUsed Total 59852800 Idle 1810432
2021-04-19T20:22:09.108+00:00 [Info] Indexer::monitorMemUsage MemoryUsed Total 59852800 Idle 1810432
2021-04-19T20:22:18.756+00:00 [Info] connected with 1 indexers
2021-04-19T20:22:18.756+00:00 [Info] client load stats {}
2021-04-19T20:22:18.941+00:00 [Info] PeriodicStats = {"index_not_found_errcount":0,"indexer_state":"Active","memory_quota":314572800,"memory_used":58042368,"memory_used_queue":0,"memory_used_storage":139264,"needs_restart":false,"num_connections":1,"storage_mode":"memory_optimized","timings/stats_response":"288 28000400 3726363840000","uptime":"4m1.308054s"}
2021-04-19T20:22:19.101+00:00 [Info] memstats {"Alloc":51865312, "TotalAlloc":56075464, "Sys":60905720, "Lookups":175, "Mallocs":80478,"Frees":54782, "HeapAlloc":51865312, "HeapSys":54525952, "HeapIdle":1810432, "HeapInuse":52715520,"HeapReleased":0, "HeapObjects":25696,"GCSys":1869824, "LastGC":1618863620788769600,"PauseTotalNs":146421300, "PauseNs":[696800], "NumGC":6}
2021-04-19T20:22:19.109+00:00 [Info] Indexer::monitorMemUsage MemoryUsed Total 59852800 Idle 1810432
2021-04-19T20:22:19.109+00:00 [Info] Indexer::ReadMemstats Time Taken 228.1µs
2021-04-19T20:22:29.109+00:00 [Info] Indexer::monitorMemUsage MemoryUsed Total 59885568 Idle 327680
2021-04-19T20:22:39.109+00:00 [Info] Indexer::monitorMemUsage MemoryUsed Total 59914240 Idle 327680
2021-04-19T20:22:49.110+00:00 [Info] Indexer::monitorMemUsage MemoryUsed Total 59914240 Idle 327680
2021-04-19T20:22:59.110+00:00 [Info] Indexer::monitorMemUsage MemoryUsed Total 59914240 Idle 327680
2021-04-19T20:23:09.110+00:00 [Info] Indexer::monitorMemUsage MemoryUsed Total 59914240 Idle 327680
2021-04-19T20:23:18.755+00:00 [Info] connected with 1 indexers
2021-04-19T20:23:18.756+00:00 [Info] client load stats {}
2021-04-19T20:23:18.942+00:00 [Info] PeriodicStats = {"index_not_found_errcount":0,"indexer_state":"Active","memory_quota":314572800,"memory_used":59586560,"memory_used_queue":0,"memory_used_storage":139264,"needs_restart":false,"num_connections":1,"storage_mode":"memory_optimized","timings/stats_response":"360 36466300 6534019710000","uptime":"5m1.3084814s"}
2021-04-19T20:23:19.101+00:00 [Info] memstats {"Alloc":53391720, "TotalAlloc":57601872, "Sys":60905720, "Lookups":224, "Mallocs":101830,"Frees":57139, "HeapAlloc":53391720, "HeapSys":54525952, "HeapIdle":327680, "HeapInuse":54198272,"HeapReleased":0, "HeapObjects":44691,"GCSys":1869824, "LastGC":1618863620788769600,"PauseTotalNs":146421300, "PauseNs":[], "NumGC":6}
2021-04-19T20:23:19.111+00:00 [Info] Indexer::monitorMemUsage MemoryUsed Total 59914240 Idle 327680
2021-04-19T20:23:19.111+00:00 [Info] Indexer::ReadMemstats Time Taken 292.9µs
2021-04-19T20:23:29.111+00:00 [Info] Indexer::monitorMemUsage MemoryUsed Total 59947008 Idle 1523712
2021-04-19T20:23:39.112+00:00 [Info] Indexer::monitorMemUsage MemoryUsed Total 59947008 Idle 1523712
2021-04-19T20:23:49.112+00:00 [Info] Indexer::monitorMemUsage MemoryUsed Total 59947008 Idle 1523712
2021-04-19T20:23:59.112+00:00 [Info] Indexer::monitorMemUsage MemoryUsed Total 59947008 Idle 1523712
2021-04-19T20:24:09.113+00:00 [Info] Indexer::monitorMemUsage MemoryUsed Total 59947008 Idle 1523712
2021-04-19T20:24:18.755+00:00 [Info] connected with 1 indexers
2021-04-19T20:24:18.755+00:00 [Info] client load stats {}
2021-04-19T20:24:18.942+00:00 [Info] PeriodicStats = {"index_not_found_errcount":0,"indexer_state":"Active","memory_quota":314572800,"memory_used":58423296,"memory_used_queue":0,"memory_used_storage":139264,"needs_restart":false,"num_connections":1,"storage_mode":"memory_optimized","timings/stats_response":"432 43371100 7315125610000","uptime":"6m1.3089068s"}
2021-04-19T20:24:19.102+00:00 [Info] memstats {"Alloc":52236256, "TotalAlloc":59514528, "Sys":60905720, "Lookups":284, "Mallocs":126796,"Frees":98489, "HeapAlloc":52236256, "HeapSys":54558720, "HeapIdle":1523712, "HeapInuse":53035008,"HeapReleased":0, "HeapObjects":28307,"GCSys":1869824, "LastGC":1618863740910655200,"PauseTotalNs":147143100, "PauseNs":[721800], "NumGC":7}
2021-04-19T20:24:19.113+00:00 [Info] Indexer::monitorMemUsage MemoryUsed Total 59947008 Idle 1523712
2021-04-19T20:24:19.113+00:00 [Info] Indexer::ReadMemstats Time Taken 304.4µs
2021-04-19T20:24:29.113+00:00 [Info] Indexer::monitorMemUsage MemoryUsed Total 59947008 Idle 139264
2021-04-19T20:24:39.114+00:00 [Info] Indexer::monitorMemUsage MemoryUsed Total 59947008 Idle 139264
2021-04-19T20:24:49.114+00:00 [Info] Indexer::monitorMemUsage MemoryUsed Total 59947008 Idle 139264
2021-04-19T20:24:59.114+00:00 [Info] Indexer::monitorMemUsage MemoryUsed Total 59975680 Idle 139264
2021-04-19T20:25:09.115+00:00 [Info] Indexer::monitorMemUsage MemoryUsed Total 59975680 Idle 139264
2021-04-19T20:25:18.756+00:00 [Info] connected with 1 indexers
2021-04-19T20:25:18.756+00:00 [Info] client load stats {}
2021-04-19T20:25:18.943+00:00 [Info] PeriodicStats = {"index_not_found_errcount":0,"indexer_state":"Active","memory_quota":314572800,"memory_used":59836416,"memory_used_queue":0,"memory_used_storage":139264,"needs_restart":false,"num_connections":1,"storage_mode":"memory_optimized","timings/stats_response":"504 49712700 7967889210000","uptime":"7m1.3094451s"}
2021-04-19T20:25:19.102+00:00 [Info] memstats {"Alloc":53755528, "TotalAlloc":61033800, "Sys":60905720, "Lookups":332, "Mallocs":148113,"Frees":100844, "HeapAlloc":53755528, "HeapSys":54558720, "HeapIdle":139264, "HeapInuse":54419456,"HeapReleased":0, "HeapObjects":47269,"GCSys":1869824, "LastGC":1618863740910655200,"PauseTotalNs":147143100, "PauseNs":[], "NumGC":7}
2021-04-19T20:25:19.115+00:00 [Info] Indexer::monitorMemUsage MemoryUsed Total 59975680 Idle 139264
2021-04-19T20:25:19.115+00:00 [Info] Indexer::ReadMemstats Time Taken 259.4µs
2021-04-19T20:25:29.115+00:00 [Info] Indexer::monitorMemUsage MemoryUsed Total 61024256 Idle 2842624
2021-04-19T20:25:39.116+00:00 [Info] Indexer::monitorMemUsage MemoryUsed Total 61024256 Idle 2842624
2021-04-19T20:25:49.116+00:00 [Info] Indexer::monitorMemUsage MemoryUsed Total 61024256 Idle 2842624
2021-04-19T20:25:59.116+00:00 [Info] Indexer::monitorMemUsage MemoryUsed Total 61024256 Idle 2842624
2021-04-19T20:26:09.117+00:00 [Info] Indexer::monitorMemUsage MemoryUsed Total 61024256 Idle 2842624
2021-04-19T20:26:18.757+00:00 [Info] connected with 1 indexers
2021-04-19T20:26:18.757+00:00 [Info] client load stats {}
2021-04-19T20:26:18.943+00:00 [Info] PeriodicStats = {"index_not_found_errcount":0,"indexer_state":"Active","memory_quota":314572800,"memory_used":58181632,"memory_used_queue":0,"memory_used_storage":139264,"needs_restart":false,"num_connections":1,"storage_mode":"memory_optimized","timings/stats_response":"576 55932500 8578509870000","uptime":"8m1.3100243s"}
2021-04-19T20:26:19.102+00:00 [Info] memstats {"Alloc":51930736, "TotalAlloc":62582592, "Sys":61987064, "Lookups":381, "Mallocs":169530,"Frees":143795, "HeapAlloc":51930736, "HeapSys":55574528, "HeapIdle":2842624, "HeapInuse":52731904,"HeapReleased":0, "HeapObjects":25735,"GCSys":1902592, "LastGC":1618863861788170900,"PauseTotalNs":148240100, "PauseNs":[1097000], "NumGC":8}
2021-04-19T20:26:19.117+00:00 [Info] Indexer::monitorMemUsage MemoryUsed Total 61024256 Idle 2842624
2021-04-19T20:26:19.117+00:00 [Info] Indexer::ReadMemstats Time Taken 240.5µs
2021-04-19T20:26:29.117+00:00 [Info] Indexer::monitorMemUsage MemoryUsed Total 60958720 Idle 1236992
2021-04-19T20:26:39.118+00:00 [Info] Indexer::monitorMemUsage MemoryUsed Total 60958720 Idle 1236992
2021-04-19T20:26:49.118+00:00 [Info] Indexer::monitorMemUsage MemoryUsed Total 60958720 Idle 1236992
2021-04-19T20:26:59.118+00:00 [Info] Indexer::monitorMemUsage MemoryUsed Total 60958720 Idle 1236992
2021-04-19T20:27:09.119+00:00 [Info] Indexer::monitorMemUsage MemoryUsed Total 60958720 Idle 1236992
2021-04-19T20:27:18.755+00:00 [Info] connected with 1 indexers
2021-04-19T20:27:18.755+00:00 [Info] client load stats {}
2021-04-19T20:27:18.944+00:00 [Info] PeriodicStats = {"index_not_found_errcount":0,"indexer_state":"Active","memory_quota":314572800,"memory_used":59721728,"memory_used_queue":0,"memory_used_storage":139264,"needs_restart":false,"num_connections":1,"storage_mode":"memory_optimized","timings/stats_response":"648 63606600 9729481900000","uptime":"9m1.310466s"}
2021-04-19T20:27:19.102+00:00 [Info] memstats {"Alloc":53452248, "TotalAlloc":64104104, "Sys":61987064, "Lookups":429, "Mallocs":190874,"Frees":146151, "HeapAlloc":53452248, "HeapSys":55508992, "HeapIdle":1236992, "HeapInuse":54272000,"HeapReleased":0, "HeapObjects":44723,"GCSys":1902592, "LastGC":1618863861788170900,"PauseTotalNs":148240100, "PauseNs":[], "NumGC":8}
2021-04-19T20:27:19.119+00:00 [Info] Indexer::monitorMemUsage MemoryUsed Total 60958720 Idle 1236992
2021-04-19T20:27:19.120+00:00 [Info] Indexer::ReadMemstats Time Taken 282.3µs
2021-04-19T20:27:29.120+00:00 [Info] Indexer::monitorMemUsage MemoryUsed Total 60991488 Idle 2818048
2021-04-19T20:27:39.120+00:00 [Info] Indexer::monitorMemUsage MemoryUsed Total 60991488 Idle 2818048
2021-04-19T20:27:49.120+00:00 [Info] Indexer::monitorMemUsage MemoryUsed Total 60991488 Idle 2818048
2021-04-19T20:27:59.121+00:00 [Info] Indexer::monitorMemUsage MemoryUsed Total 60991488 Idle 2818048
2021-04-19T20:28:09.121+00:00 [Info] Indexer::monitorMemUsage MemoryUsed Total 60991488 Idle 2818048
2021-04-19T20:28:18.755+00:00 [Info] connected with 1 indexers
2021-04-19T20:28:18.755+00:00 [Info] client load stats {}
2021-04-19T20:28:18.944+00:00 [Info] PeriodicStats = {"index_not_found_errcount":0,"indexer_state":"Active","memory_quota":314572800,"memory_used":58173440,"memory_used_queue":0,"memory_used_storage":139264,"needs_restart":false,"num_connections":1,"storage_mode":"memory_optimized","timings/stats_response":"720 70463700 10472408350000","uptime":"10m1.3109438s"}
2021-04-19T20:28:19.103+00:00 [Info] memstats {"Alloc":51933896, "TotalAlloc":65642280, "Sys":61987064, "Lookups":478, "Mallocs":212269,"Frees":186559, "HeapAlloc":51933896, "HeapSys":55541760, "HeapIdle":2818048, "HeapInuse":52723712,"HeapReleased":0, "HeapObjects":25710,"GCSys":1902592, "LastGC":1618863981905652400,"PauseTotalNs":148748900, "PauseNs":[508800], "NumGC":9}
2021-04-19T20:28:19.121+00:00 [Info] Indexer::monitorMemUsage MemoryUsed Total 60991488 Idle 2818048
2021-04-19T20:28:19.121+00:00 [Info] Indexer::ReadMemstats Time Taken 163.8µs
2021-04-19T20:28:29.121+00:00 [Info] Indexer::monitorMemUsage MemoryUsed Total 60991488 Idle 974848
2021-04-19T20:28:39.122+00:00 [Info] Indexer::monitorMemUsage MemoryUsed Total 60991488 Idle 974848
2021-04-19T20:28:49.122+00:00 [Info] Indexer::monitorMemUsage MemoryUsed Total 60991488 Idle 974848
2021-04-19T20:28:59.122+00:00 [Info] Indexer::monitorMemUsage MemoryUsed Total 60991488 Idle 974848
2021-04-19T20:29:09.123+00:00 [Info] Indexer::monitorMemUsage MemoryUsed Total 60991488 Idle 974848
2021-04-19T20:29:18.756+00:00 [Info] connected with 1 indexers
2021-04-19T20:29:18.756+00:00 [Info] client load stats {}
2021-04-19T20:29:18.945+00:00 [Info] PeriodicStats = {"index_not_found_errcount":0,"indexer_state":"Active","memory_quota":314572800,"memory_used":60016640,"memory_used_queue":0,"memory_used_storage":139264,"needs_restart":false,"num_connections":1,"storage_mode":"memory_optimized","timings/stats_response":"792 77440200 11295831000000","uptime":"11m1.3117227s"}
2021-04-19T20:29:19.103+00:00 [Info] memstats {"Alloc":53792472, "TotalAlloc":67500856, "Sys":61987064, "Lookups":526, "Mallocs":236957,"Frees":189824, "HeapAlloc":53792472, "HeapSys":55541760, "HeapIdle":974848, "HeapInuse":54566912,"HeapReleased":0, "HeapObjects":47133,"GCSys":1902592, "LastGC":1618863981905652400,"PauseTotalNs":148748900, "PauseNs":[], "NumGC":9}
2021-04-19T20:29:19.123+00:00 [Info] Indexer::monitorMemUsage MemoryUsed Total 60991488 Idle 974848
2021-04-19T20:29:19.123+00:00 [Info] Indexer::ReadMemstats Time Taken 226.7µs
2021-04-19T20:29:29.123+00:00 [Info] Indexer::monitorMemUsage MemoryUsed Total 60991488 Idle 2736128
2021-04-19T20:29:39.124+00:00 [Info] Indexer::monitorMemUsage MemoryUsed Total 60991488 Idle 2736128
2021-04-19T20:29:49.124+00:00 [Info] Indexer::monitorMemUsage MemoryUsed Total 60991488 Idle 2736128
2021-04-19T20:29:59.124+00:00 [Info] Indexer::monitorMemUsage MemoryUsed Total 60991488 Idle 2736128
2021-04-19T20:30:09.125+00:00 [Info] Indexer::monitorMemUsage MemoryUsed Total 60991488 Idle 2736128
2021-04-19T20:30:18.755+00:00 [Info] connected with 1 indexers
2021-04-19T20:30:18.755+00:00 [Info] client load stats {}
2021-04-19T20:30:18.945+00:00 [Info] PeriodicStats = {"index_not_found_errcount":0,"indexer_state":"Active","memory_quota":314572800,"memory_used":58255360,"memory_used_queue":0,"memory_used_storage":139264,"needs_restart":false,"num_connections":1,"storage_mode":"memory_optimized","timings/stats_response":"864 84068200 12121841260000","uptime":"12m1.3122896s"}
2021-04-19T20:30:19.104+00:00 [Info] memstats {"Alloc":51938088, "TotalAlloc":69057504, "Sys":61987064, "Lookups":575, "Mallocs":258402,"Frees":232705, "HeapAlloc":51938088, "HeapSys":55541760, "HeapIdle":2736128, "HeapInuse":52805632,"HeapReleased":0, "HeapObjects":25697,"GCSys":1902592, "LastGC":1618864102829386700,"PauseTotalNs":149272100, "PauseNs":[523200], "NumGC":10}
2021-04-19T20:30:19.125+00:00 [Info] Indexer::monitorMemUsage MemoryUsed Total 60991488 Idle 2736128
2021-04-19T20:30:19.125+00:00 [Info] Indexer::ReadMemstats Time Taken 282.7µs
2021-04-19T20:30:29.126+00:00 [Info] Indexer::monitorMemUsage MemoryUsed Total 60958720 Idle 1327104
2021-04-19T20:30:39.126+00:00 [Info] Indexer::monitorMemUsage MemoryUsed Total 60958720 Idle 1327104
2021-04-19T20:30:49.127+00:00 [Info] Indexer::monitorMemUsage MemoryUsed Total 60958720 Idle 1327104
2021-04-19T20:30:59.127+00:00 [Info] Indexer::monitorMemUsage MemoryUsed Total 60958720 Idle 1327104
2021-04-19T20:31:09.127+00:00 [Info] Indexer::monitorMemUsage MemoryUsed Total 60958720 Idle 1327104
2021-04-19T20:31:18.755+00:00 [Info] connected with 1 indexers
2021-04-19T20:31:18.755+00:00 [Info] client load stats {}
2021-04-19T20:31:18.947+00:00 [Info] PeriodicStats = {"index_not_found_errcount":0,"indexer_state":"Active","memory_quota":314572800,"memory_used":59631616,"memory_used_queue":0,"memory_used_storage":139264,"needs_restart":false,"num_connections":1,"storage_mode":"memory_optimized","timings/stats_response":"936 91474400 14418197380000","uptime":"13m1.3132276s"}
2021-04-19T20:31:19.104+00:00 [Info] memstats {"Alloc":53459360, "TotalAlloc":70578776, "Sys":61987064, "Lookups":623, "Mallocs":279747,"Frees":235063, "HeapAlloc":53459360, "HeapSys":55508992, "HeapIdle":1327104, "HeapInuse":54181888,"HeapReleased":0, "HeapObjects":44684,"GCSys":1902592, "LastGC":1618864102829386700,"PauseTotalNs":149272100, "PauseNs":[], "NumGC":10}
2021-04-19T20:31:19.128+00:00 [Info] Indexer::monitorMemUsage MemoryUsed Total 60958720 Idle 1327104
2021-04-19T20:31:19.128+00:00 [Info] Indexer::ReadMemstats Time Taken 266.1µs
2021-04-19T20:31:29.128+00:00 [Info] Indexer::monitorMemUsage MemoryUsed Total 61057024 Idle 2842624
2021-04-19T20:31:39.128+00:00 [Info] Indexer::monitorMemUsage MemoryUsed Total 61057024 Idle 2842624
2021-04-19T20:31:49.129+00:00 [Info] Indexer::monitorMemUsage MemoryUsed Total 61057024 Idle 2842624
2021-04-19T20:31:59.129+00:00 [Info] Indexer::monitorMemUsage MemoryUsed Total 61057024 Idle 2842624
2021-04-19T20:32:09.129+00:00 [Info] Indexer::monitorMemUsage MemoryUsed Total 61057024 Idle 2842624
2021-04-19T20:32:18.756+00:00 [Info] connected with 1 indexers
2021-04-19T20:32:18.756+00:00 [Info] client load stats {}
2021-04-19T20:32:18.947+00:00 [Info] PeriodicStats = {"index_not_found_errcount":0,"indexer_state":"Active","memory_quota":314572800,"memory_used":58214400,"memory_used_queue":0,"memory_used_storage":139264,"needs_restart":false,"num_connections":1,"storage_mode":"memory_optimized","timings/stats_response":"1008 97940300 15086278130000","uptime":"14m1.314122s"}
2021-04-19T20:32:19.105+00:00 [Info] memstats {"Alloc":51940480, "TotalAlloc":72121912, "Sys":61987064, "Lookups":672, "Mallocs":301169,"Frees":275495, "HeapAlloc":51940480, "HeapSys":55607296, "HeapIdle":2842624, "HeapInuse":52764672,"HeapReleased":0, "HeapObjects":25674,"GCSys":1902592, "LastGC":1618864222916462700,"PauseTotalNs":149837500, "PauseNs":[565400], "NumGC":11}
2021-04-19T20:32:19.130+00:00 [Info] Indexer::monitorMemUsage MemoryUsed Total 61057024 Idle 2842624
2021-04-19T20:32:19.130+00:00 [Info] Indexer::ReadMemstats Time Taken 191.9µs
2021-04-19T20:32:29.130+00:00 [Info] Indexer::monitorMemUsage MemoryUsed Total 61024256 Idle 1359872
2021-04-19T20:32:39.130+00:00 [Info] Indexer::monitorMemUsage MemoryUsed Total 61024256 Idle 1359872
2021-04-19T20:32:49.131+00:00 [Info] Indexer::monitorMemUsage MemoryUsed Total 61024256 Idle 1359872
2021-04-19T20:32:59.131+00:00 [Info] Indexer::monitorMemUsage MemoryUsed Total 61024256 Idle 1359872
2021-04-19T20:33:09.131+00:00 [Info] Indexer::monitorMemUsage MemoryUsed Total 61024256 Idle 1359872
2021-04-19T20:33:18.756+00:00 [Info] connected with 1 indexers
2021-04-19T20:33:18.756+00:00 [Info] client load stats {}
2021-04-19T20:33:18.948+00:00 [Info] PeriodicStats = {"index_not_found_errcount":0,"indexer_state":"Active","memory_quota":314572800,"memory_used":59664384,"memory_used_queue":0,"memory_used_storage":139264,"needs_restart":false,"num_connections":1,"storage_mode":"memory_optimized","timings/stats_response":"1080 105098000 15945889340000","uptime":"15m1.3148009s"}
2021-04-19T20:33:19.105+00:00 [Info] memstats {"Alloc":53460936, "TotalAlloc":73642368, "Sys":61987064, "Lookups":720, "Mallocs":322500,"Frees":277852, "HeapAlloc":53460936, "HeapSys":55574528, "HeapIdle":1359872, "HeapInuse":54214656,"HeapReleased":0, "HeapObjects":44648,"GCSys":1902592, "LastGC":1618864222916462700,"PauseTotalNs":149837500, "PauseNs":[], "NumGC":11}
2021-04-19T20:33:19.132+00:00 [Info] Indexer::monitorMemUsage MemoryUsed Total 61024256 Idle 1359872
2021-04-19T20:33:19.132+00:00 [Info] Indexer::ReadMemstats Time Taken 269.9µs
2021-04-19T20:33:29.132+00:00 [Info] Indexer::monitorMemUsage MemoryUsed Total 60991488 Idle 2457600
2021-04-19T20:33:39.132+00:00 [Info] Indexer::monitorMemUsage MemoryUsed Total 60991488 Idle 2457600
2021-04-19T20:33:49.132+00:00 [Info] Indexer::monitorMemUsage MemoryUsed Total 60991488 Idle 2457600
2021-04-19T20:33:59.133+00:00 [Info] Indexer::monitorMemUsage MemoryUsed Total 60991488 Idle 2457600
2021-04-19T20:34:09.133+00:00 [Info] Indexer::monitorMemUsage MemoryUsed Total 60991488 Idle 2457600
2021-04-19T20:34:18.756+00:00 [Info] connected with 1 indexers
2021-04-19T20:34:18.756+00:00 [Info] client load stats {}
2021-04-19T20:34:18.949+00:00 [Info] PeriodicStats = {"index_not_found_errcount":0,"indexer_state":"Active","memory_quota":314572800,"memory_used":58533888,"memory_used_queue":0,"memory_used_storage":139264,"needs_restart":false,"num_connections":1,"storage_mode":"memory_optimized","timings/stats_response":"1152 112061400 16869483640000","uptime":"16m1.3155325s"}
2021-04-19T20:34:19.105+00:00 [Info] memstats {"Alloc":52264768, "TotalAlloc":75519496, "Sys":61987064, "Lookups":768, "Mallocs":347241,"Frees":319198, "HeapAlloc":52264768, "HeapSys":55541760, "HeapIdle":2457600, "HeapInuse":53084160,"HeapReleased":0, "HeapObjects":28043,"GCSys":1902592, "LastGC":1618864343816928100,"PauseTotalNs":151160900, "PauseNs":[1323400], "NumGC":12}
2021-04-19T20:34:19.133+00:00 [Info] Indexer::monitorMemUsage MemoryUsed Total 60991488 Idle 2457600
2021-04-19T20:34:19.134+00:00 [Info] Indexer::ReadMemstats Time Taken 214.7µs
2021-04-19T20:34:29.134+00:00 [Info] Indexer::monitorMemUsage MemoryUsed Total 60958720 Idle 950272
2021-04-19T20:34:39.134+00:00 [Info] Indexer::monitorMemUsage MemoryUsed Total 60958720 Idle 950272
2021-04-19T20:34:49.134+00:00 [Info] Indexer::monitorMemUsage MemoryUsed Total 60958720 Idle 950272
2021-04-19T20:34:59.135+00:00 [Info] Indexer::monitorMemUsage MemoryUsed Total 60958720 Idle 950272
2021-04-19T20:35:09.136+00:00 [Info] Indexer::monitorMemUsage MemoryUsed Total 60958720 Idle 950272
2021-04-19T20:35:18.756+00:00 [Info] connected with 1 indexers
2021-04-19T20:35:18.756+00:00 [Info] client load stats {}
2021-04-19T20:35:18.949+00:00 [Info] PeriodicStats = {"index_not_found_errcount":0,"indexer_state":"Active","memory_quota":314572800,"memory_used":60008448,"memory_used_queue":0,"memory_used_storage":139264,"needs_restart":false,"num_connections":1,"storage_mode":"memory_optimized","timings/stats_response":"1224 119376200 18040584300000","uptime":"17m1.3160736s"}
2021-04-19T20:35:19.106+00:00 [Info] memstats {"Alloc":53797808, "TotalAlloc":77052536, "Sys":61987064, "Lookups":817, "Mallocs":368599,"Frees":321561, "HeapAlloc":53797808, "HeapSys":55508992, "HeapIdle":950272, "HeapInuse":54558720,"HeapReleased":0, "HeapObjects":47038,"GCSys":1902592, "LastGC":1618864343816928100,"PauseTotalNs":151160900, "PauseNs":[], "NumGC":12}
2021-04-19T20:35:19.136+00:00 [Info] Indexer::monitorMemUsage MemoryUsed Total 60958720 Idle 950272
2021-04-19T20:35:19.137+00:00 [Info] Indexer::ReadMemstats Time Taken 424.9µs
2021-04-19T20:35:29.137+00:00 [Info] Indexer::monitorMemUsage MemoryUsed Total 61024256 Idle 2744320
2021-04-19T20:35:39.137+00:00 [Info] Indexer::monitorMemUsage MemoryUsed Total 61024256 Idle 2744320
2021-04-19T20:35:49.138+00:00 [Info] Indexer::monitorMemUsage MemoryUsed Total 61024256 Idle 2744320
2021-04-19T20:35:59.138+00:00 [Info] Indexer::monitorMemUsage MemoryUsed Total 61024256 Idle 2744320
2021-04-19T20:36:09.138+00:00 [Info] Indexer::monitorMemUsage MemoryUsed Total 61024256 Idle 2744320
2021-04-19T20:36:18.755+00:00 [Info] connected with 1 indexers
2021-04-19T20:36:18.756+00:00 [Info] client load stats {}
2021-04-19T20:36:18.950+00:00 [Info] PeriodicStats = {"index_not_found_errcount":0,"indexer_state":"Active","memory_quota":314572800,"memory_used":58279936,"memory_used_queue":0,"memory_used_storage":139264,"needs_restart":false,"num_connections":1,"storage_mode":"memory_optimized","timings/stats_response":"1296 125706300 18664331650000","uptime":"18m1.3167176s"}
2021-04-19T20:36:19.107+00:00 [Info] memstats {"Alloc":51939720, "TotalAlloc":78591000, "Sys":61987064, "Lookups":865, "Mallocs":389999,"Frees":364384, "HeapAlloc":51939720, "HeapSys":55574528, "HeapIdle":2744320, "HeapInuse":52830208,"HeapReleased":0, "HeapObjects":25615,"GCSys":1902592, "LastGC":1618864463939570400,"PauseTotalNs":151696900, "PauseNs":[536000], "NumGC":13}
2021-04-19T20:36:19.139+00:00 [Info] Indexer::monitorMemUsage MemoryUsed Total 61024256 Idle 2744320
2021-04-19T20:36:19.139+00:00 [Info] Indexer::ReadMemstats Time Taken 246.6µs
2021-04-19T20:36:29.139+00:00 [Info] Indexer::monitorMemUsage MemoryUsed Total 61024256 Idle 1286144
2021-04-19T20:36:39.140+00:00 [Info] Indexer::monitorMemUsage MemoryUsed Total 61024256 Idle 1286144
2021-04-19T20:36:49.140+00:00 [Info] Indexer::monitorMemUsage MemoryUsed Total 61024256 Idle 1286144
2021-04-19T20:36:59.141+00:00 [Info] Indexer::monitorMemUsage MemoryUsed Total 61024256 Idle 1286144
2021-04-19T20:37:09.141+00:00 [Info] Indexer::monitorMemUsage MemoryUsed Total 61024256 Idle 1286144
2021-04-19T20:37:18.755+00:00 [Info] connected with 1 indexers
2021-04-19T20:37:18.755+00:00 [Info] client load stats {}
2021-04-19T20:37:18.950+00:00 [Info] PeriodicStats = {"index_not_found_errcount":0,"indexer_state":"Active","memory_quota":314572800,"memory_used":59738112,"memory_used_queue":0,"memory_used_storage":139264,"needs_restart":false,"num_connections":1,"storage_mode":"memory_optimized","timings/stats_response":"1368 132106400 19302435620000","uptime":"19m1.31725s"}
2021-04-19T20:37:19.107+00:00 [Info] memstats {"Alloc":53463024, "TotalAlloc":80114304, "Sys":61987064, "Lookups":914, "Mallocs":411345,"Frees":366739, "HeapAlloc":53463024, "HeapSys":55574528, "HeapIdle":1286144, "HeapInuse":54288384,"HeapReleased":0, "HeapObjects":44606,"GCSys":1902592, "LastGC":1618864463939570400,"PauseTotalNs":151696900, "PauseNs":[], "NumGC":13}
2021-04-19T20:37:19.141+00:00 [Info] Indexer::monitorMemUsage MemoryUsed Total 61024256 Idle 1286144
2021-04-19T20:37:19.142+00:00 [Info] Indexer::ReadMemstats Time Taken 361.2µs
2021-04-19T20:37:29.142+00:00 [Info] Indexer::monitorMemUsage MemoryUsed Total 61024256 Idle 2891776
