[ns_server:info,2021-04-19T20:03:39.986Z,couchdb_ns_1@127.0.0.1:<0.41.0>:ns_couchdb:init_logging:125]Brought up ns_couchdb logging
[ns_server:debug,2021-04-19T20:03:40.001Z,couchdb_ns_1@127.0.0.1:<0.41.0>:dist_manager:configure_net_kernel:255]Set net_kernel vebosity to 10 -> 0
[ns_server:info,2021-04-19T20:03:40.008Z,couchdb_ns_1@127.0.0.1:<0.41.0>:ns_couchdb:start:51]CouchDB node 'couchdb_ns_1@127.0.0.1' was initialized for 'ns_1@127.0.0.1'. Cookie: ridbrhakiewjwcyg
[error_logger:info,2021-04-19T20:03:40.128Z,couchdb_ns_1@127.0.0.1:error_logger<0.6.0>:ale_error_logger_handler:do_log:203]
=========================PROGRESS REPORT=========================
          supervisor: {local,cb_couch_sup}
             started: [{pid,<0.103.0>},
                       {name,cb_auth_info},
                       {mfargs,{cb_auth_info,start_link,[]}},
                       {restart_type,permanent},
                       {shutdown,brutal_kill},
                       {child_type,worker}]

[error_logger:info,2021-04-19T20:03:40.155Z,couchdb_ns_1@127.0.0.1:error_logger<0.6.0>:ale_error_logger_handler:do_log:203]
=========================PROGRESS REPORT=========================
          supervisor: {local,sasl_safe_sup}
             started: [{pid,<0.109.0>},
                       {name,alarm_handler},
                       {mfargs,{alarm_handler,start_link,[]}},
                       {restart_type,permanent},
                       {shutdown,2000},
                       {child_type,worker}]

[error_logger:info,2021-04-19T20:03:40.165Z,couchdb_ns_1@127.0.0.1:error_logger<0.6.0>:ale_error_logger_handler:do_log:203]
=========================PROGRESS REPORT=========================
          supervisor: {local,sasl_safe_sup}
             started: [{pid,<0.110.0>},
                       {name,overload},
                       {mfargs,{overload,start_link,[]}},
                       {restart_type,permanent},
                       {shutdown,2000},
                       {child_type,worker}]

[error_logger:info,2021-04-19T20:03:40.165Z,couchdb_ns_1@127.0.0.1:error_logger<0.6.0>:ale_error_logger_handler:do_log:203]
=========================PROGRESS REPORT=========================
          supervisor: {local,sasl_sup}
             started: [{pid,<0.108.0>},
                       {name,sasl_safe_sup},
                       {mfargs,
                           {supervisor,start_link,
                               [{local,sasl_safe_sup},sasl,safe]}},
                       {restart_type,permanent},
                       {shutdown,infinity},
                       {child_type,supervisor}]

[error_logger:info,2021-04-19T20:03:40.191Z,couchdb_ns_1@127.0.0.1:error_logger<0.6.0>:ale_error_logger_handler:do_log:203]
=========================PROGRESS REPORT=========================
          supervisor: {local,sasl_sup}
             started: [{pid,<0.111.0>},
                       {name,release_handler},
                       {mfargs,{release_handler,start_link,[]}},
                       {restart_type,permanent},
                       {shutdown,2000},
                       {child_type,worker}]

[error_logger:info,2021-04-19T20:03:40.191Z,couchdb_ns_1@127.0.0.1:error_logger<0.6.0>:ale_error_logger_handler:do_log:203]
=========================PROGRESS REPORT=========================
         application: sasl
          started_at: 'couchdb_ns_1@127.0.0.1'

[error_logger:info,2021-04-19T20:03:40.225Z,couchdb_ns_1@127.0.0.1:error_logger<0.6.0>:ale_error_logger_handler:do_log:203]
=========================PROGRESS REPORT=========================
          supervisor: {local,inets_sup}
             started: [{pid,<0.117.0>},
                       {name,ftp_sup},
                       {mfargs,{ftp_sup,start_link,[]}},
                       {restart_type,permanent},
                       {shutdown,infinity},
                       {child_type,supervisor}]

[error_logger:info,2021-04-19T20:03:40.297Z,couchdb_ns_1@127.0.0.1:error_logger<0.6.0>:ale_error_logger_handler:do_log:203]
=========================PROGRESS REPORT=========================
          supervisor: {local,httpc_profile_sup}
             started: [{pid,<0.120.0>},
                       {name,httpc_manager},
                       {mfargs,
                           {httpc_manager,start_link,
                               [default,only_session_cookies,inets]}},
                       {restart_type,permanent},
                       {shutdown,4000},
                       {child_type,worker}]

[error_logger:info,2021-04-19T20:03:40.297Z,couchdb_ns_1@127.0.0.1:error_logger<0.6.0>:ale_error_logger_handler:do_log:203]
=========================PROGRESS REPORT=========================
          supervisor: {local,httpc_sup}
             started: [{pid,<0.119.0>},
                       {name,httpc_profile_sup},
                       {mfargs,
                           {httpc_profile_sup,start_link,
                               [[{httpc,{default,only_session_cookies}}]]}},
                       {restart_type,permanent},
                       {shutdown,infinity},
                       {child_type,supervisor}]

[error_logger:info,2021-04-19T20:03:40.307Z,couchdb_ns_1@127.0.0.1:error_logger<0.6.0>:ale_error_logger_handler:do_log:203]
=========================PROGRESS REPORT=========================
          supervisor: {local,httpc_sup}
             started: [{pid,<0.121.0>},
                       {name,httpc_handler_sup},
                       {mfargs,{httpc_handler_sup,start_link,[]}},
                       {restart_type,permanent},
                       {shutdown,infinity},
                       {child_type,supervisor}]

[error_logger:info,2021-04-19T20:03:40.307Z,couchdb_ns_1@127.0.0.1:error_logger<0.6.0>:ale_error_logger_handler:do_log:203]
=========================PROGRESS REPORT=========================
          supervisor: {local,inets_sup}
             started: [{pid,<0.118.0>},
                       {name,httpc_sup},
                       {mfargs,
                           {httpc_sup,start_link,
                               [[{httpc,{default,only_session_cookies}}]]}},
                       {restart_type,permanent},
                       {shutdown,infinity},
                       {child_type,supervisor}]

[error_logger:info,2021-04-19T20:03:40.322Z,couchdb_ns_1@127.0.0.1:error_logger<0.6.0>:ale_error_logger_handler:do_log:203]
=========================PROGRESS REPORT=========================
          supervisor: {local,inets_sup}
             started: [{pid,<0.122.0>},
                       {name,httpd_sup},
                       {mfargs,{httpd_sup,start_link,[[]]}},
                       {restart_type,permanent},
                       {shutdown,infinity},
                       {child_type,supervisor}]

[error_logger:info,2021-04-19T20:03:40.335Z,couchdb_ns_1@127.0.0.1:error_logger<0.6.0>:ale_error_logger_handler:do_log:203]
=========================PROGRESS REPORT=========================
          supervisor: {local,inets_sup}
             started: [{pid,<0.123.0>},
                       {name,tftp_sup},
                       {mfargs,{tftp_sup,start_link,[[]]}},
                       {restart_type,permanent},
                       {shutdown,infinity},
                       {child_type,supervisor}]

[error_logger:info,2021-04-19T20:03:40.336Z,couchdb_ns_1@127.0.0.1:error_logger<0.6.0>:ale_error_logger_handler:do_log:203]
=========================PROGRESS REPORT=========================
         application: inets
          started_at: 'couchdb_ns_1@127.0.0.1'

[error_logger:info,2021-04-19T20:03:40.336Z,couchdb_ns_1@127.0.0.1:error_logger<0.6.0>:ale_error_logger_handler:do_log:203]
=========================PROGRESS REPORT=========================
         application: oauth
          started_at: 'couchdb_ns_1@127.0.0.1'

[error_logger:info,2021-04-19T20:03:40.360Z,couchdb_ns_1@127.0.0.1:error_logger<0.6.0>:ale_error_logger_handler:do_log:203]
=========================PROGRESS REPORT=========================
          supervisor: {local,lhttpc_sup}
             started: [{pid,<0.129.0>},
                       {name,lhttpc_manager},
                       {mfargs,
                           {lhttpc_manager,start_link,
                               [[{name,lhttpc_manager}]]}},
                       {restart_type,permanent},
                       {shutdown,10000},
                       {child_type,worker}]

[error_logger:info,2021-04-19T20:03:40.360Z,couchdb_ns_1@127.0.0.1:error_logger<0.6.0>:ale_error_logger_handler:do_log:203]
=========================PROGRESS REPORT=========================
         application: lhttpc
          started_at: 'couchdb_ns_1@127.0.0.1'

[error_logger:info,2021-04-19T20:03:40.368Z,couchdb_ns_1@127.0.0.1:error_logger<0.6.0>:ale_error_logger_handler:do_log:203]
=========================PROGRESS REPORT=========================
         application: xmerl
          started_at: 'couchdb_ns_1@127.0.0.1'

[error_logger:info,2021-04-19T20:03:40.388Z,couchdb_ns_1@127.0.0.1:error_logger<0.6.0>:ale_error_logger_handler:do_log:203]
=========================PROGRESS REPORT=========================
         application: compiler
          started_at: 'couchdb_ns_1@127.0.0.1'

[error_logger:info,2021-04-19T20:03:40.397Z,couchdb_ns_1@127.0.0.1:error_logger<0.6.0>:ale_error_logger_handler:do_log:203]
=========================PROGRESS REPORT=========================
         application: syntax_tools
          started_at: 'couchdb_ns_1@127.0.0.1'

[error_logger:info,2021-04-19T20:03:40.397Z,couchdb_ns_1@127.0.0.1:error_logger<0.6.0>:ale_error_logger_handler:do_log:203]
=========================PROGRESS REPORT=========================
         application: mochiweb
          started_at: 'couchdb_ns_1@127.0.0.1'

[error_logger:info,2021-04-19T20:03:40.415Z,couchdb_ns_1@127.0.0.1:error_logger<0.6.0>:ale_error_logger_handler:do_log:203]
=========================PROGRESS REPORT=========================
          supervisor: {local,os_mon_sup}
             started: [{pid,<0.138.0>},
                       {name,disksup},
                       {mfargs,{disksup,start_link,[]}},
                       {restart_type,permanent},
                       {shutdown,2000},
                       {child_type,worker}]

[error_logger:info,2021-04-19T20:03:40.426Z,couchdb_ns_1@127.0.0.1:error_logger<0.6.0>:ale_error_logger_handler:do_log:203]
=========================PROGRESS REPORT=========================
          supervisor: {local,os_mon_sup}
             started: [{pid,<0.139.0>},
                       {name,memsup},
                       {mfargs,{memsup,start_link,[]}},
                       {restart_type,permanent},
                       {shutdown,2000},
                       {child_type,worker}]

[error_logger:info,2021-04-19T20:03:40.438Z,couchdb_ns_1@127.0.0.1:error_logger<0.6.0>:ale_error_logger_handler:do_log:203]
=========================PROGRESS REPORT=========================
          supervisor: {local,os_mon_sup}
             started: [{pid,<0.141.0>},
                       {name,cpu_sup},
                       {mfargs,{cpu_sup,start_link,[]}},
                       {restart_type,permanent},
                       {shutdown,2000},
                       {child_type,worker}]

[error_logger:info,2021-04-19T20:03:40.438Z,couchdb_ns_1@127.0.0.1:error_logger<0.6.0>:ale_error_logger_handler:do_log:203]
=========================PROGRESS REPORT=========================
         application: os_mon
          started_at: 'couchdb_ns_1@127.0.0.1'

[error_logger:info,2021-04-19T20:03:40.449Z,couchdb_ns_1@127.0.0.1:error_logger<0.6.0>:ale_error_logger_handler:do_log:203]
=========================PROGRESS REPORT=========================
         application: couch_view_parser
          started_at: 'couchdb_ns_1@127.0.0.1'

[error_logger:info,2021-04-19T20:03:40.460Z,couchdb_ns_1@127.0.0.1:error_logger<0.6.0>:ale_error_logger_handler:do_log:203]
=========================PROGRESS REPORT=========================
         application: couch_set_view
          started_at: 'couchdb_ns_1@127.0.0.1'

[error_logger:info,2021-04-19T20:03:40.471Z,couchdb_ns_1@127.0.0.1:error_logger<0.6.0>:ale_error_logger_handler:do_log:203]
=========================PROGRESS REPORT=========================
         application: couch_index_merger
          started_at: 'couchdb_ns_1@127.0.0.1'

[error_logger:info,2021-04-19T20:03:40.479Z,couchdb_ns_1@127.0.0.1:error_logger<0.6.0>:ale_error_logger_handler:do_log:203]
=========================PROGRESS REPORT=========================
         application: mapreduce
          started_at: 'couchdb_ns_1@127.0.0.1'

[error_logger:info,2021-04-19T20:03:40.567Z,couchdb_ns_1@127.0.0.1:error_logger<0.6.0>:ale_error_logger_handler:do_log:203]
=========================PROGRESS REPORT=========================
          supervisor: {local,couch_server_sup}
             started: [{pid,<0.148.0>},
                       {name,couch_config},
                       {mfargs,
                           {couch_server_sup,couch_config_start_link_wrapper,
                               [["/opt/couchbase/etc/couchdb/default.ini",
                                 "/opt/couchbase/etc/couchdb/default.d/capi.ini",
                                 "/opt/couchbase/etc/couchdb/default.d/geocouch.ini",
                                 "/opt/couchbase/etc/couchdb/local.ini"],
                                <0.148.0>]}},
                       {restart_type,permanent},
                       {shutdown,brutal_kill},
                       {child_type,worker}]

[error_logger:info,2021-04-19T20:03:40.579Z,couchdb_ns_1@127.0.0.1:error_logger<0.6.0>:ale_error_logger_handler:do_log:203]
=========================PROGRESS REPORT=========================
          supervisor: {local,couch_primary_services}
             started: [{pid,<0.151.0>},
                       {name,couch_task_events},
                       {mfargs,
                           {gen_event,start_link,[{local,couch_task_events}]}},
                       {restart_type,permanent},
                       {shutdown,brutal_kill},
                       {child_type,worker}]

[error_logger:info,2021-04-19T20:03:40.586Z,couchdb_ns_1@127.0.0.1:error_logger<0.6.0>:ale_error_logger_handler:do_log:203]
=========================PROGRESS REPORT=========================
          supervisor: {local,couch_primary_services}
             started: [{pid,<0.152.0>},
                       {name,couch_task_status},
                       {mfargs,{couch_task_status,start_link,[]}},
                       {restart_type,permanent},
                       {shutdown,brutal_kill},
                       {child_type,worker}]

[error_logger:info,2021-04-19T20:03:40.596Z,couchdb_ns_1@127.0.0.1:error_logger<0.6.0>:ale_error_logger_handler:do_log:203]
=========================PROGRESS REPORT=========================
          supervisor: {local,couch_primary_services}
             started: [{pid,<0.153.0>},
                       {name,couch_file_write_guard},
                       {mfargs,{couch_file_write_guard,sup_start_link,[]}},
                       {restart_type,permanent},
                       {shutdown,10000},
                       {child_type,worker}]

[error_logger:info,2021-04-19T20:03:40.646Z,couchdb_ns_1@127.0.0.1:error_logger<0.6.0>:ale_error_logger_handler:do_log:203]
=========================PROGRESS REPORT=========================
          supervisor: {local,couch_primary_services}
             started: [{pid,<0.154.0>},
                       {name,couch_server},
                       {mfargs,{couch_server,sup_start_link,[]}},
                       {restart_type,permanent},
                       {shutdown,brutal_kill},
                       {child_type,worker}]

[error_logger:info,2021-04-19T20:03:40.647Z,couchdb_ns_1@127.0.0.1:error_logger<0.6.0>:ale_error_logger_handler:do_log:203]
=========================PROGRESS REPORT=========================
          supervisor: {local,couch_primary_services}
             started: [{pid,<0.155.0>},
                       {name,couch_db_update_event},
                       {mfargs,
                           {gen_event,start_link,[{local,couch_db_update}]}},
                       {restart_type,permanent},
                       {shutdown,brutal_kill},
                       {child_type,worker}]

[error_logger:info,2021-04-19T20:03:40.647Z,couchdb_ns_1@127.0.0.1:error_logger<0.6.0>:ale_error_logger_handler:do_log:203]
=========================PROGRESS REPORT=========================
          supervisor: {local,couch_primary_services}
             started: [{pid,<0.156.0>},
                       {name,couch_replication_event},
                       {mfargs,
                           {gen_event,start_link,[{local,couch_replication}]}},
                       {restart_type,permanent},
                       {shutdown,brutal_kill},
                       {child_type,worker}]

[error_logger:info,2021-04-19T20:03:40.659Z,couchdb_ns_1@127.0.0.1:error_logger<0.6.0>:ale_error_logger_handler:do_log:203]
=========================PROGRESS REPORT=========================
          supervisor: {local,couch_primary_services}
             started: [{pid,<0.157.0>},
                       {name,couch_replication_supervisor},
                       {mfargs,{couch_rep_sup,start_link,[]}},
                       {restart_type,permanent},
                       {shutdown,infinity},
                       {child_type,supervisor}]

[error_logger:info,2021-04-19T20:03:40.674Z,couchdb_ns_1@127.0.0.1:error_logger<0.6.0>:ale_error_logger_handler:do_log:203]
=========================PROGRESS REPORT=========================
          supervisor: {local,couch_primary_services}
             started: [{pid,<0.158.0>},
                       {name,couch_log},
                       {mfargs,{couch_log,start_link,[]}},
                       {restart_type,permanent},
                       {shutdown,brutal_kill},
                       {child_type,worker}]

[error_logger:info,2021-04-19T20:03:40.689Z,couchdb_ns_1@127.0.0.1:error_logger<0.6.0>:ale_error_logger_handler:do_log:203]
=========================PROGRESS REPORT=========================
          supervisor: {local,couch_primary_services}
             started: [{pid,<0.159.0>},
                       {name,couch_main_index_barrier},
                       {mfargs,
                           {couch_index_barrier,start_link,
                               [couch_main_index_barrier,
                                "max_parallel_indexers"]}},
                       {restart_type,permanent},
                       {shutdown,brutal_kill},
                       {child_type,worker}]

[error_logger:info,2021-04-19T20:03:40.689Z,couchdb_ns_1@127.0.0.1:error_logger<0.6.0>:ale_error_logger_handler:do_log:203]
=========================PROGRESS REPORT=========================
          supervisor: {local,couch_primary_services}
             started: [{pid,<0.160.0>},
                       {name,couch_replica_index_barrier},
                       {mfargs,
                           {couch_index_barrier,start_link,
                               [couch_replica_index_barrier,
                                "max_parallel_replica_indexers"]}},
                       {restart_type,permanent},
                       {shutdown,brutal_kill},
                       {child_type,worker}]

[error_logger:info,2021-04-19T20:03:40.690Z,couchdb_ns_1@127.0.0.1:error_logger<0.6.0>:ale_error_logger_handler:do_log:203]
=========================PROGRESS REPORT=========================
          supervisor: {local,couch_primary_services}
             started: [{pid,<0.161.0>},
                       {name,couch_spatial_index_barrier},
                       {mfargs,
                           {couch_index_barrier,start_link,
                               [couch_spatial_index_barrier,
                                "max_parallel_spatial_indexers"]}},
                       {restart_type,permanent},
                       {shutdown,brutal_kill},
                       {child_type,worker}]

[error_logger:info,2021-04-19T20:03:40.690Z,couchdb_ns_1@127.0.0.1:error_logger<0.6.0>:ale_error_logger_handler:do_log:203]
=========================PROGRESS REPORT=========================
          supervisor: {local,couch_server_sup}
             started: [{pid,<0.150.0>},
                       {name,couch_primary_services},
                       {mfargs,{couch_primary_sup,start_link,[]}},
                       {restart_type,permanent},
                       {shutdown,infinity},
                       {child_type,supervisor}]

[error_logger:info,2021-04-19T20:03:40.709Z,couchdb_ns_1@127.0.0.1:error_logger<0.6.0>:ale_error_logger_handler:do_log:203]
=========================PROGRESS REPORT=========================
          supervisor: {local,couch_secondary_services}
             started: [{pid,<0.163.0>},
                       {name,couch_db_update_notifier_sup},
                       {mfargs,{couch_db_update_notifier_sup,start_link,[]}},
                       {restart_type,permanent},
                       {shutdown,infinity},
                       {child_type,supervisor}]

[error_logger:info,2021-04-19T20:03:40.790Z,couchdb_ns_1@127.0.0.1:error_logger<0.6.0>:ale_error_logger_handler:do_log:203]
=========================PROGRESS REPORT=========================
          supervisor: {local,couch_secondary_services}
             started: [{pid,<0.164.0>},
                       {name,spatial_view_manager_dev},
                       {mfargs,{couch_set_view,start_link,[dev,spatial_view]}},
                       {restart_type,permanent},
                       {shutdown,brutal_kill},
                       {child_type,worker}]

[error_logger:info,2021-04-19T20:03:40.790Z,couchdb_ns_1@127.0.0.1:error_logger<0.6.0>:ale_error_logger_handler:do_log:203]
=========================PROGRESS REPORT=========================
          supervisor: {local,couch_secondary_services}
             started: [{pid,<0.167.0>},
                       {name,index_merger_pool},
                       {mfargs,
                           {lhttpc_manager,start_link,
                               [[{connection_timeout,90000},
                                 {pool_size,10000},
                                 {name,couch_index_merger_connection_pool}]]}},
                       {restart_type,permanent},
                       {shutdown,brutal_kill},
                       {child_type,worker}]

[error_logger:info,2021-04-19T20:03:40.804Z,couchdb_ns_1@127.0.0.1:error_logger<0.6.0>:ale_error_logger_handler:do_log:203]
=========================PROGRESS REPORT=========================
          supervisor: {local,couch_secondary_services}
             started: [{pid,<0.168.0>},
                       {name,query_servers},
                       {mfargs,{couch_query_servers,start_link,[]}},
                       {restart_type,permanent},
                       {shutdown,brutal_kill},
                       {child_type,worker}]

[error_logger:info,2021-04-19T20:03:40.814Z,couchdb_ns_1@127.0.0.1:error_logger<0.6.0>:ale_error_logger_handler:do_log:203]
=========================PROGRESS REPORT=========================
          supervisor: {local,couch_secondary_services}
             started: [{pid,<0.170.0>},
                       {name,couch_set_view_ddoc_cache},
                       {mfargs,{couch_set_view_ddoc_cache,start_link,[]}},
                       {restart_type,permanent},
                       {shutdown,brutal_kill},
                       {child_type,worker}]

[error_logger:info,2021-04-19T20:03:40.835Z,couchdb_ns_1@127.0.0.1:error_logger<0.6.0>:ale_error_logger_handler:do_log:203]
=========================PROGRESS REPORT=========================
          supervisor: {local,couch_secondary_services}
             started: [{pid,<0.172.0>},
                       {name,view_manager},
                       {mfargs,{couch_view,start_link,[]}},
                       {restart_type,permanent},
                       {shutdown,brutal_kill},
                       {child_type,worker}]

[error_logger:info,2021-04-19T20:03:40.865Z,couchdb_ns_1@127.0.0.1:error_logger<0.6.0>:ale_error_logger_handler:do_log:203]
=========================PROGRESS REPORT=========================
          supervisor: {local,couch_secondary_services}
             started: [{pid,<0.174.0>},
                       {name,uuids},
                       {mfargs,{couch_uuids,start,[]}},
                       {restart_type,permanent},
                       {shutdown,brutal_kill},
                       {child_type,worker}]

[error_logger:info,2021-04-19T20:03:40.883Z,couchdb_ns_1@127.0.0.1:error_logger<0.6.0>:ale_error_logger_handler:do_log:203]
=========================PROGRESS REPORT=========================
          supervisor: {local,couch_secondary_services}
             started: [{pid,<0.176.0>},
                       {name,spatial_view_manager},
                       {mfargs,
                           {couch_set_view,start_link,[prod,spatial_view]}},
                       {restart_type,permanent},
                       {shutdown,brutal_kill},
                       {child_type,worker}]

[error_logger:info,2021-04-19T20:03:40.933Z,couchdb_ns_1@127.0.0.1:error_logger<0.6.0>:ale_error_logger_handler:do_log:203]
=========================PROGRESS REPORT=========================
          supervisor: {local,couch_secondary_services}
             started: [{pid,<0.178.0>},
                       {name,httpd},
                       {mfargs,{couch_httpd,start_link,[]}},
                       {restart_type,permanent},
                       {shutdown,brutal_kill},
                       {child_type,worker}]

[error_logger:info,2021-04-19T20:03:40.959Z,couchdb_ns_1@127.0.0.1:error_logger<0.6.0>:ale_error_logger_handler:do_log:203]
=========================PROGRESS REPORT=========================
          supervisor: {local,couch_secondary_services}
             started: [{pid,<0.195.0>},
                       {name,set_view_manager_dev},
                       {mfargs,
                           {couch_set_view,start_link,[dev,mapreduce_view]}},
                       {restart_type,permanent},
                       {shutdown,brutal_kill},
                       {child_type,worker}]

[error_logger:info,2021-04-19T20:03:41.101Z,couchdb_ns_1@127.0.0.1:error_logger<0.6.0>:ale_error_logger_handler:do_log:203]
=========================PROGRESS REPORT=========================
          supervisor: {local,couch_secondary_services}
             started: [{pid,<0.197.0>},
                       {name,auth_cache},
                       {mfargs,{couch_auth_cache,start_link,[]}},
                       {restart_type,permanent},
                       {shutdown,brutal_kill},
                       {child_type,worker}]

[error_logger:info,2021-04-19T20:03:41.109Z,couchdb_ns_1@127.0.0.1:error_logger<0.6.0>:ale_error_logger_handler:do_log:203]
=========================PROGRESS REPORT=========================
          supervisor: {local,couch_secondary_services}
             started: [{pid,<0.208.0>},
                       {name,set_view_manager},
                       {mfargs,
                           {couch_set_view,start_link,[prod,mapreduce_view]}},
                       {restart_type,permanent},
                       {shutdown,brutal_kill},
                       {child_type,worker}]

[error_logger:info,2021-04-19T20:03:41.110Z,couchdb_ns_1@127.0.0.1:error_logger<0.6.0>:ale_error_logger_handler:do_log:203]
=========================PROGRESS REPORT=========================
          supervisor: {local,couch_server_sup}
             started: [{pid,<0.162.0>},
                       {name,couch_secondary_services},
                       {mfargs,{couch_secondary_sup,start_link,[]}},
                       {restart_type,permanent},
                       {shutdown,infinity},
                       {child_type,supervisor}]

[error_logger:info,2021-04-19T20:03:41.112Z,couchdb_ns_1@127.0.0.1:error_logger<0.6.0>:ale_error_logger_handler:do_log:203]
=========================PROGRESS REPORT=========================
          supervisor: {local,cb_couch_sup}
             started: [{pid,<0.149.0>},
                       {name,couch_app},
                       {mfargs,
                           {couch_app,start,
                               [fake,
                                ["/opt/couchbase/etc/couchdb/default.ini",
                                 "/opt/couchbase/etc/couchdb/local.ini"]]}},
                       {restart_type,permanent},
                       {shutdown,infinity},
                       {child_type,supervisor}]

[error_logger:info,2021-04-19T20:03:41.112Z,couchdb_ns_1@127.0.0.1:error_logger<0.6.0>:ale_error_logger_handler:do_log:203]
=========================PROGRESS REPORT=========================
          supervisor: {local,ns_couchdb_sup}
             started: [{pid,<0.101.0>},
                       {name,cb_couch_sup},
                       {mfargs,{cb_couch_sup,start_link,[]}},
                       {restart_type,permanent},
                       {shutdown,5000},
                       {child_type,supervisor}]

[error_logger:info,2021-04-19T20:03:41.138Z,couchdb_ns_1@127.0.0.1:error_logger<0.6.0>:ale_error_logger_handler:do_log:203]
=========================PROGRESS REPORT=========================
          supervisor: {local,ns_couchdb_sup}
             started: [{pid,<0.211.0>},
                       {name,timeout_diag_logger},
                       {mfargs,{timeout_diag_logger,start_link,[]}},
                       {restart_type,permanent},
                       {shutdown,1000},
                       {child_type,worker}]

[error_logger:info,2021-04-19T20:03:41.148Z,couchdb_ns_1@127.0.0.1:error_logger<0.6.0>:ale_error_logger_handler:do_log:203]
=========================PROGRESS REPORT=========================
          supervisor: {local,ns_couchdb_sup}
             started: [{pid,<0.212.0>},
                       {name,ns_memcached_sockets_pool},
                       {mfargs,{ns_memcached_sockets_pool,start_link,[]}},
                       {restart_type,permanent},
                       {shutdown,1000},
                       {child_type,worker}]

[error_logger:info,2021-04-19T20:03:41.153Z,couchdb_ns_1@127.0.0.1:error_logger<0.6.0>:ale_error_logger_handler:do_log:203]
=========================PROGRESS REPORT=========================
          supervisor: {local,ns_couchdb_sup}
             started: [{pid,<0.213.0>},
                       {name,xdcr_dcp_sockets_pool},
                       {mfargs,{xdcr_dcp_sockets_pool,start_link,[]}},
                       {restart_type,permanent},
                       {shutdown,1000},
                       {child_type,worker}]

[error_logger:info,2021-04-19T20:03:41.157Z,couchdb_ns_1@127.0.0.1:error_logger<0.6.0>:ale_error_logger_handler:do_log:203]
=========================PROGRESS REPORT=========================
          supervisor: {local,ns_couchdb_sup}
             started: [{pid,<0.214.0>},
                       {name,ns_couchdb_stats_collector},
                       {mfargs,{ns_couchdb_stats_collector,start_link,[]}},
                       {restart_type,permanent},
                       {shutdown,1000},
                       {child_type,worker}]

[error_logger:info,2021-04-19T20:03:41.167Z,couchdb_ns_1@127.0.0.1:error_logger<0.6.0>:ale_error_logger_handler:do_log:203]
=========================PROGRESS REPORT=========================
          supervisor: {local,ns_couchdb_config_sup}
             started: [{pid,<0.216.0>},
                       {name,ns_config_events},
                       {mfargs,
                           {gen_event,start_link,[{local,ns_config_events}]}},
                       {restart_type,permanent},
                       {shutdown,1000},
                       {child_type,worker}]

[error_logger:info,2021-04-19T20:03:41.168Z,couchdb_ns_1@127.0.0.1:error_logger<0.6.0>:ale_error_logger_handler:do_log:203]
=========================PROGRESS REPORT=========================
          supervisor: {local,ns_couchdb_config_sup}
             started: [{pid,<0.217.0>},
                       {name,ns_config_events_local},
                       {mfargs,
                           {gen_event,start_link,
                               [{local,ns_config_events_local}]}},
                       {restart_type,permanent},
                       {shutdown,brutal_kill},
                       {child_type,worker}]

[error_logger:info,2021-04-19T20:03:41.194Z,couchdb_ns_1@127.0.0.1:error_logger<0.6.0>:ale_error_logger_handler:do_log:203]
=========================PROGRESS REPORT=========================
          supervisor: {local,ns_couchdb_config_sup}
             started: [{pid,<0.218.0>},
                       {name,ns_config},
                       {mfargs,
                           {ns_config,start_link,
                               [{pull_from_node,'ns_1@127.0.0.1'}]}},
                       {restart_type,permanent},
                       {shutdown,1000},
                       {child_type,worker}]

[error_logger:info,2021-04-19T20:03:41.197Z,couchdb_ns_1@127.0.0.1:error_logger<0.6.0>:ale_error_logger_handler:do_log:203]
=========================PROGRESS REPORT=========================
          supervisor: {local,ns_couchdb_config_sup}
             started: [{pid,<0.221.0>},
                       {name,ns_couchdb_config_rep},
                       {mfargs,{ns_couchdb_config_rep,start_link,[]}},
                       {restart_type,permanent},
                       {shutdown,1000},
                       {child_type,worker}]

[error_logger:info,2021-04-19T20:03:41.209Z,couchdb_ns_1@127.0.0.1:error_logger<0.6.0>:ale_error_logger_handler:do_log:203]
=========================PROGRESS REPORT=========================
          supervisor: {local,ns_couchdb_config_sup}
             started: [{pid,<0.222.0>},
                       {name,cb_config_couch_sync},
                       {mfargs,{cb_config_couch_sync,start_link,[]}},
                       {restart_type,permanent},
                       {shutdown,1000},
                       {child_type,worker}]

[error_logger:info,2021-04-19T20:03:41.209Z,couchdb_ns_1@127.0.0.1:error_logger<0.6.0>:ale_error_logger_handler:do_log:203]
=========================PROGRESS REPORT=========================
          supervisor: {local,ns_couchdb_sup}
             started: [{pid,<0.215.0>},
                       {name,ns_couchdb_config_sup},
                       {mfargs,{ns_couchdb_config_sup,start_link,[]}},
                       {restart_type,permanent},
                       {shutdown,infinity},
                       {child_type,supervisor}]

[error_logger:info,2021-04-19T20:03:41.226Z,couchdb_ns_1@127.0.0.1:error_logger<0.6.0>:ale_error_logger_handler:do_log:203]
=========================PROGRESS REPORT=========================
          supervisor: {local,ns_couchdb_sup}
             started: [{pid,<0.224.0>},
                       {name,request_throttler},
                       {mfargs,{request_throttler,start_link,[]}},
                       {restart_type,permanent},
                       {shutdown,1000},
                       {child_type,worker}]

[error_logger:info,2021-04-19T20:03:41.235Z,couchdb_ns_1@127.0.0.1:error_logger<0.6.0>:ale_error_logger_handler:do_log:203]
=========================PROGRESS REPORT=========================
          supervisor: {local,ns_couchdb_sup}
             started: [{pid,<0.225.0>},
                       {name,vbucket_map_mirror},
                       {mfargs,{vbucket_map_mirror,start_link,[]}},
                       {restart_type,permanent},
                       {shutdown,brutal_kill},
                       {child_type,worker}]

[ns_server:info,2021-04-19T20:03:41.240Z,couchdb_ns_1@127.0.0.1:set_view_update_daemon<0.227.0>:set_view_update_daemon:init:50]Set view update daemon, starting with the following settings:
  update interval:           5000ms
  minimum number of changes: 5000

[error_logger:info,2021-04-19T20:03:41.247Z,couchdb_ns_1@127.0.0.1:error_logger<0.6.0>:ale_error_logger_handler:do_log:203]
=========================PROGRESS REPORT=========================
          supervisor: {local,kernel_safe_sup}
             started: [{pid,<0.229.0>},
                       {name,timer2_server},
                       {mfargs,{timer2,start_link,[]}},
                       {restart_type,permanent},
                       {shutdown,1000},
                       {child_type,worker}]

[error_logger:info,2021-04-19T20:03:41.248Z,couchdb_ns_1@127.0.0.1:error_logger<0.6.0>:ale_error_logger_handler:do_log:203]
=========================PROGRESS REPORT=========================
          supervisor: {local,ns_couchdb_sup}
             started: [{pid,<0.227.0>},
                       {name,set_view_update_daemon},
                       {mfargs,{set_view_update_daemon,start_link,[]}},
                       {restart_type,permanent},
                       {shutdown,1000},
                       {child_type,worker}]

[ns_server:info,2021-04-19T20:03:41.255Z,couchdb_ns_1@127.0.0.1:ns_config_rep<0.221.0>:ns_couchdb_config_rep:do_pull:65]Pulling config from: 'ns_1@127.0.0.1'

[ns_server:debug,2021-04-19T20:03:41.332Z,couchdb_ns_1@127.0.0.1:<0.230.0>:restartable:start_child:98]Started child process <0.234.0>
  MFA: {ns_ssl_services_setup,start_link_capi_service,[]}
[error_logger:info,2021-04-19T20:03:41.332Z,couchdb_ns_1@127.0.0.1:error_logger<0.6.0>:ale_error_logger_handler:do_log:203]
=========================PROGRESS REPORT=========================
          supervisor: {local,ns_couchdb_sup}
             started: [{pid,<0.230.0>},
                       {name,ns_capi_ssl_service},
                       {mfargs,
                           {restartable,start_link,
                               [{ns_ssl_services_setup,
                                    start_link_capi_service,[]},
                                1000]}},
                       {restart_type,{permanent,4}},
                       {shutdown,infinity},
                       {child_type,worker}]

[ns_server:info,2021-04-19T20:03:41.337Z,couchdb_ns_1@127.0.0.1:ns_couchdb_sup<0.100.0>:dir_size:start_link:39]Starting quick version of dir_size with program name: godu
[error_logger:info,2021-04-19T20:03:41.338Z,couchdb_ns_1@127.0.0.1:error_logger<0.6.0>:ale_error_logger_handler:do_log:203]
=========================PROGRESS REPORT=========================
          supervisor: {local,ns_couchdb_sup}
             started: [{pid,<0.251.0>},
                       {name,dir_size},
                       {mfargs,{dir_size,start_link,[]}},
                       {restart_type,permanent},
                       {shutdown,1000},
                       {child_type,worker}]

[error_logger:info,2021-04-19T20:03:41.340Z,couchdb_ns_1@127.0.0.1:error_logger<0.6.0>:ale_error_logger_handler:do_log:203]
=========================PROGRESS REPORT=========================
         application: ns_couchdb
          started_at: 'couchdb_ns_1@127.0.0.1'

[ns_server:debug,2021-04-19T20:03:41.342Z,couchdb_ns_1@127.0.0.1:<0.2.0>:child_erlang:child_loop:116]142: Entered child_loop
[error_logger:info,2021-04-19T20:03:41.837Z,couchdb_ns_1@127.0.0.1:error_logger<0.6.0>:ale_error_logger_handler:do_log:203]
=========================PROGRESS REPORT=========================
          supervisor: {local,kernel_safe_sup}
             started: [{pid,<0.253.0>},
                       {name,timer_server},
                       {mfargs,{timer,start_link,[]}},
                       {restart_type,permanent},
                       {shutdown,1000},
                       {child_type,worker}]

[ns_server:debug,2021-04-19T20:03:42.898Z,couchdb_ns_1@127.0.0.1:xdc_rdoc_manager<0.258.0>:ns_couchdb_api:register_doc_manager:312]Register doc manager with <4706.367.0>
[ns_server:debug,2021-04-19T20:03:42.898Z,couchdb_ns_1@127.0.0.1:xdc_rdoc_manager<0.258.0>:ns_couchdb_api:register_doc_manager:312]Register doc manager with <4706.368.0>
[ns_server:debug,2021-04-19T20:03:42.898Z,couchdb_ns_1@127.0.0.1:xdc_rdoc_manager<0.258.0>:ns_couchdb_api:register_doc_manager:312]Register doc manager with <4706.365.0>
[ns_server:debug,2021-04-19T20:03:42.909Z,couchdb_ns_1@127.0.0.1:xdc_rdoc_manager<0.258.0>:xdc_rdoc_manager:open_or_create_replicator_db:225]Replicator db did not exist, create a new one
[ns_server:debug,2021-04-19T20:03:42.939Z,couchdb_ns_1@127.0.0.1:xdc_rdoc_manager<0.258.0>:xdc_rdoc_manager:init:75]Loaded the following docs:
[]
[ns_server:debug,2021-04-19T20:03:45.782Z,couchdb_ns_1@127.0.0.1:<0.230.0>:restartable:loop:71]Restarting child <0.234.0>
  MFA: {ns_ssl_services_setup,start_link_capi_service,[]}
  Shutdown policy: 1000
  Caller: {<0.273.0>,#Ref<0.0.0.619>}
[ns_server:debug,2021-04-19T20:03:45.783Z,couchdb_ns_1@127.0.0.1:<0.230.0>:restartable:shutdown_child:120]Successfully terminated process <0.234.0>
[ns_server:info,2021-04-19T20:03:45.783Z,couchdb_ns_1@127.0.0.1:ns_config_rep<0.221.0>:ns_couchdb_config_rep:do_pull:65]Pulling config from: 'ns_1@127.0.0.1'

[ns_server:debug,2021-04-19T20:03:45.815Z,couchdb_ns_1@127.0.0.1:<0.230.0>:restartable:start_child:98]Started child process <0.277.0>
  MFA: {ns_ssl_services_setup,start_link_capi_service,[]}
[ns_server:info,2021-04-19T20:18:09.642Z,couchdb_ns_1@127.0.0.1:<0.40.0>:ns_couchdb:init_logging:125]Brought up ns_couchdb logging
[ns_server:debug,2021-04-19T20:18:09.651Z,couchdb_ns_1@127.0.0.1:<0.40.0>:dist_manager:configure_net_kernel:255]Set net_kernel vebosity to 10 -> 0
[ns_server:info,2021-04-19T20:18:09.655Z,couchdb_ns_1@127.0.0.1:<0.40.0>:ns_couchdb:start:51]CouchDB node 'couchdb_ns_1@127.0.0.1' was initialized for 'ns_1@127.0.0.1'. Cookie: cybdecnegzeupsoq
[error_logger:info,2021-04-19T20:18:09.764Z,couchdb_ns_1@127.0.0.1:error_logger<0.6.0>:ale_error_logger_handler:do_log:203]
=========================PROGRESS REPORT=========================
          supervisor: {local,cb_couch_sup}
             started: [{pid,<0.96.0>},
                       {name,cb_auth_info},
                       {mfargs,{cb_auth_info,start_link,[]}},
                       {restart_type,permanent},
                       {shutdown,brutal_kill},
                       {child_type,worker}]

[error_logger:info,2021-04-19T20:18:09.807Z,couchdb_ns_1@127.0.0.1:error_logger<0.6.0>:ale_error_logger_handler:do_log:203]
=========================PROGRESS REPORT=========================
          supervisor: {local,sasl_safe_sup}
             started: [{pid,<0.102.0>},
                       {name,alarm_handler},
                       {mfargs,{alarm_handler,start_link,[]}},
                       {restart_type,permanent},
                       {shutdown,2000},
                       {child_type,worker}]

[error_logger:info,2021-04-19T20:18:09.818Z,couchdb_ns_1@127.0.0.1:error_logger<0.6.0>:ale_error_logger_handler:do_log:203]
=========================PROGRESS REPORT=========================
          supervisor: {local,sasl_safe_sup}
             started: [{pid,<0.103.0>},
                       {name,overload},
                       {mfargs,{overload,start_link,[]}},
                       {restart_type,permanent},
                       {shutdown,2000},
                       {child_type,worker}]

[error_logger:info,2021-04-19T20:18:09.818Z,couchdb_ns_1@127.0.0.1:error_logger<0.6.0>:ale_error_logger_handler:do_log:203]
=========================PROGRESS REPORT=========================
          supervisor: {local,sasl_sup}
             started: [{pid,<0.101.0>},
                       {name,sasl_safe_sup},
                       {mfargs,
                           {supervisor,start_link,
                               [{local,sasl_safe_sup},sasl,safe]}},
                       {restart_type,permanent},
                       {shutdown,infinity},
                       {child_type,supervisor}]

[error_logger:info,2021-04-19T20:18:09.847Z,couchdb_ns_1@127.0.0.1:error_logger<0.6.0>:ale_error_logger_handler:do_log:203]
=========================PROGRESS REPORT=========================
          supervisor: {local,sasl_sup}
             started: [{pid,<0.104.0>},
                       {name,release_handler},
                       {mfargs,{release_handler,start_link,[]}},
                       {restart_type,permanent},
                       {shutdown,2000},
                       {child_type,worker}]

[error_logger:info,2021-04-19T20:18:09.847Z,couchdb_ns_1@127.0.0.1:error_logger<0.6.0>:ale_error_logger_handler:do_log:203]
=========================PROGRESS REPORT=========================
         application: sasl
          started_at: 'couchdb_ns_1@127.0.0.1'

[error_logger:info,2021-04-19T20:18:09.892Z,couchdb_ns_1@127.0.0.1:error_logger<0.6.0>:ale_error_logger_handler:do_log:203]
=========================PROGRESS REPORT=========================
          supervisor: {local,inets_sup}
             started: [{pid,<0.110.0>},
                       {name,ftp_sup},
                       {mfargs,{ftp_sup,start_link,[]}},
                       {restart_type,permanent},
                       {shutdown,infinity},
                       {child_type,supervisor}]

[error_logger:info,2021-04-19T20:18:09.976Z,couchdb_ns_1@127.0.0.1:error_logger<0.6.0>:ale_error_logger_handler:do_log:203]
=========================PROGRESS REPORT=========================
          supervisor: {local,httpc_profile_sup}
             started: [{pid,<0.113.0>},
                       {name,httpc_manager},
                       {mfargs,
                           {httpc_manager,start_link,
                               [default,only_session_cookies,inets]}},
                       {restart_type,permanent},
                       {shutdown,4000},
                       {child_type,worker}]

[error_logger:info,2021-04-19T20:18:09.977Z,couchdb_ns_1@127.0.0.1:error_logger<0.6.0>:ale_error_logger_handler:do_log:203]
=========================PROGRESS REPORT=========================
          supervisor: {local,httpc_sup}
             started: [{pid,<0.112.0>},
                       {name,httpc_profile_sup},
                       {mfargs,
                           {httpc_profile_sup,start_link,
                               [[{httpc,{default,only_session_cookies}}]]}},
                       {restart_type,permanent},
                       {shutdown,infinity},
                       {child_type,supervisor}]

[error_logger:info,2021-04-19T20:18:09.992Z,couchdb_ns_1@127.0.0.1:error_logger<0.6.0>:ale_error_logger_handler:do_log:203]
=========================PROGRESS REPORT=========================
          supervisor: {local,httpc_sup}
             started: [{pid,<0.114.0>},
                       {name,httpc_handler_sup},
                       {mfargs,{httpc_handler_sup,start_link,[]}},
                       {restart_type,permanent},
                       {shutdown,infinity},
                       {child_type,supervisor}]

[error_logger:info,2021-04-19T20:18:09.992Z,couchdb_ns_1@127.0.0.1:error_logger<0.6.0>:ale_error_logger_handler:do_log:203]
=========================PROGRESS REPORT=========================
          supervisor: {local,inets_sup}
             started: [{pid,<0.111.0>},
                       {name,httpc_sup},
                       {mfargs,
                           {httpc_sup,start_link,
                               [[{httpc,{default,only_session_cookies}}]]}},
                       {restart_type,permanent},
                       {shutdown,infinity},
                       {child_type,supervisor}]

[error_logger:info,2021-04-19T20:18:10.009Z,couchdb_ns_1@127.0.0.1:error_logger<0.6.0>:ale_error_logger_handler:do_log:203]
=========================PROGRESS REPORT=========================
          supervisor: {local,inets_sup}
             started: [{pid,<0.115.0>},
                       {name,httpd_sup},
                       {mfargs,{httpd_sup,start_link,[[]]}},
                       {restart_type,permanent},
                       {shutdown,infinity},
                       {child_type,supervisor}]

[error_logger:info,2021-04-19T20:18:10.031Z,couchdb_ns_1@127.0.0.1:error_logger<0.6.0>:ale_error_logger_handler:do_log:203]
=========================PROGRESS REPORT=========================
          supervisor: {local,inets_sup}
             started: [{pid,<0.116.0>},
                       {name,tftp_sup},
                       {mfargs,{tftp_sup,start_link,[[]]}},
                       {restart_type,permanent},
                       {shutdown,infinity},
                       {child_type,supervisor}]

[error_logger:info,2021-04-19T20:18:10.032Z,couchdb_ns_1@127.0.0.1:error_logger<0.6.0>:ale_error_logger_handler:do_log:203]
=========================PROGRESS REPORT=========================
         application: inets
          started_at: 'couchdb_ns_1@127.0.0.1'

[error_logger:info,2021-04-19T20:18:10.032Z,couchdb_ns_1@127.0.0.1:error_logger<0.6.0>:ale_error_logger_handler:do_log:203]
=========================PROGRESS REPORT=========================
         application: oauth
          started_at: 'couchdb_ns_1@127.0.0.1'

[error_logger:info,2021-04-19T20:18:10.072Z,couchdb_ns_1@127.0.0.1:error_logger<0.6.0>:ale_error_logger_handler:do_log:203]
=========================PROGRESS REPORT=========================
          supervisor: {local,lhttpc_sup}
             started: [{pid,<0.122.0>},
                       {name,lhttpc_manager},
                       {mfargs,
                           {lhttpc_manager,start_link,
                               [[{name,lhttpc_manager}]]}},
                       {restart_type,permanent},
                       {shutdown,10000},
                       {child_type,worker}]

[error_logger:info,2021-04-19T20:18:10.073Z,couchdb_ns_1@127.0.0.1:error_logger<0.6.0>:ale_error_logger_handler:do_log:203]
=========================PROGRESS REPORT=========================
         application: lhttpc
          started_at: 'couchdb_ns_1@127.0.0.1'

[error_logger:info,2021-04-19T20:18:10.085Z,couchdb_ns_1@127.0.0.1:error_logger<0.6.0>:ale_error_logger_handler:do_log:203]
=========================PROGRESS REPORT=========================
         application: xmerl
          started_at: 'couchdb_ns_1@127.0.0.1'

[error_logger:info,2021-04-19T20:18:10.116Z,couchdb_ns_1@127.0.0.1:error_logger<0.6.0>:ale_error_logger_handler:do_log:203]
=========================PROGRESS REPORT=========================
         application: compiler
          started_at: 'couchdb_ns_1@127.0.0.1'

[error_logger:info,2021-04-19T20:18:10.133Z,couchdb_ns_1@127.0.0.1:error_logger<0.6.0>:ale_error_logger_handler:do_log:203]
=========================PROGRESS REPORT=========================
         application: syntax_tools
          started_at: 'couchdb_ns_1@127.0.0.1'

[error_logger:info,2021-04-19T20:18:10.134Z,couchdb_ns_1@127.0.0.1:error_logger<0.6.0>:ale_error_logger_handler:do_log:203]
=========================PROGRESS REPORT=========================
         application: mochiweb
          started_at: 'couchdb_ns_1@127.0.0.1'

[error_logger:info,2021-04-19T20:18:10.164Z,couchdb_ns_1@127.0.0.1:error_logger<0.6.0>:ale_error_logger_handler:do_log:203]
=========================PROGRESS REPORT=========================
          supervisor: {local,os_mon_sup}
             started: [{pid,<0.131.0>},
                       {name,disksup},
                       {mfargs,{disksup,start_link,[]}},
                       {restart_type,permanent},
                       {shutdown,2000},
                       {child_type,worker}]

[error_logger:info,2021-04-19T20:18:10.179Z,couchdb_ns_1@127.0.0.1:error_logger<0.6.0>:ale_error_logger_handler:do_log:203]
=========================PROGRESS REPORT=========================
          supervisor: {local,os_mon_sup}
             started: [{pid,<0.132.0>},
                       {name,memsup},
                       {mfargs,{memsup,start_link,[]}},
                       {restart_type,permanent},
                       {shutdown,2000},
                       {child_type,worker}]

[error_logger:info,2021-04-19T20:18:10.197Z,couchdb_ns_1@127.0.0.1:error_logger<0.6.0>:ale_error_logger_handler:do_log:203]
=========================PROGRESS REPORT=========================
          supervisor: {local,os_mon_sup}
             started: [{pid,<0.134.0>},
                       {name,cpu_sup},
                       {mfargs,{cpu_sup,start_link,[]}},
                       {restart_type,permanent},
                       {shutdown,2000},
                       {child_type,worker}]

[error_logger:info,2021-04-19T20:18:10.197Z,couchdb_ns_1@127.0.0.1:error_logger<0.6.0>:ale_error_logger_handler:do_log:203]
=========================PROGRESS REPORT=========================
         application: os_mon
          started_at: 'couchdb_ns_1@127.0.0.1'

[error_logger:info,2021-04-19T20:18:10.212Z,couchdb_ns_1@127.0.0.1:error_logger<0.6.0>:ale_error_logger_handler:do_log:203]
=========================PROGRESS REPORT=========================
         application: couch_view_parser
          started_at: 'couchdb_ns_1@127.0.0.1'

[error_logger:info,2021-04-19T20:18:10.232Z,couchdb_ns_1@127.0.0.1:error_logger<0.6.0>:ale_error_logger_handler:do_log:203]
=========================PROGRESS REPORT=========================
         application: couch_set_view
          started_at: 'couchdb_ns_1@127.0.0.1'

[error_logger:info,2021-04-19T20:18:10.245Z,couchdb_ns_1@127.0.0.1:error_logger<0.6.0>:ale_error_logger_handler:do_log:203]
=========================PROGRESS REPORT=========================
         application: couch_index_merger
          started_at: 'couchdb_ns_1@127.0.0.1'

[error_logger:info,2021-04-19T20:18:10.258Z,couchdb_ns_1@127.0.0.1:error_logger<0.6.0>:ale_error_logger_handler:do_log:203]
=========================PROGRESS REPORT=========================
         application: mapreduce
          started_at: 'couchdb_ns_1@127.0.0.1'

[error_logger:info,2021-04-19T20:18:10.376Z,couchdb_ns_1@127.0.0.1:error_logger<0.6.0>:ale_error_logger_handler:do_log:203]
=========================PROGRESS REPORT=========================
          supervisor: {local,couch_server_sup}
             started: [{pid,<0.141.0>},
                       {name,couch_config},
                       {mfargs,
                           {couch_server_sup,couch_config_start_link_wrapper,
                               [["/opt/couchbase/etc/couchdb/default.ini",
                                 "/opt/couchbase/etc/couchdb/default.d/capi.ini",
                                 "/opt/couchbase/etc/couchdb/default.d/geocouch.ini",
                                 "/opt/couchbase/etc/couchdb/local.ini"],
                                <0.141.0>]}},
                       {restart_type,permanent},
                       {shutdown,brutal_kill},
                       {child_type,worker}]

[error_logger:info,2021-04-19T20:18:10.384Z,couchdb_ns_1@127.0.0.1:error_logger<0.6.0>:ale_error_logger_handler:do_log:203]
=========================PROGRESS REPORT=========================
          supervisor: {local,couch_primary_services}
             started: [{pid,<0.144.0>},
                       {name,couch_task_events},
                       {mfargs,
                           {gen_event,start_link,[{local,couch_task_events}]}},
                       {restart_type,permanent},
                       {shutdown,brutal_kill},
                       {child_type,worker}]

[error_logger:info,2021-04-19T20:18:10.401Z,couchdb_ns_1@127.0.0.1:error_logger<0.6.0>:ale_error_logger_handler:do_log:203]
=========================PROGRESS REPORT=========================
          supervisor: {local,couch_primary_services}
             started: [{pid,<0.145.0>},
                       {name,couch_task_status},
                       {mfargs,{couch_task_status,start_link,[]}},
                       {restart_type,permanent},
                       {shutdown,brutal_kill},
                       {child_type,worker}]

[error_logger:info,2021-04-19T20:18:10.431Z,couchdb_ns_1@127.0.0.1:error_logger<0.6.0>:ale_error_logger_handler:do_log:203]
=========================PROGRESS REPORT=========================
          supervisor: {local,couch_primary_services}
             started: [{pid,<0.146.0>},
                       {name,couch_file_write_guard},
                       {mfargs,{couch_file_write_guard,sup_start_link,[]}},
                       {restart_type,permanent},
                       {shutdown,10000},
                       {child_type,worker}]

[error_logger:info,2021-04-19T20:18:10.500Z,couchdb_ns_1@127.0.0.1:error_logger<0.6.0>:ale_error_logger_handler:do_log:203]
=========================PROGRESS REPORT=========================
          supervisor: {local,couch_primary_services}
             started: [{pid,<0.147.0>},
                       {name,couch_server},
                       {mfargs,{couch_server,sup_start_link,[]}},
                       {restart_type,permanent},
                       {shutdown,brutal_kill},
                       {child_type,worker}]

[error_logger:info,2021-04-19T20:18:10.500Z,couchdb_ns_1@127.0.0.1:error_logger<0.6.0>:ale_error_logger_handler:do_log:203]
=========================PROGRESS REPORT=========================
          supervisor: {local,couch_primary_services}
             started: [{pid,<0.148.0>},
                       {name,couch_db_update_event},
                       {mfargs,
                           {gen_event,start_link,[{local,couch_db_update}]}},
                       {restart_type,permanent},
                       {shutdown,brutal_kill},
                       {child_type,worker}]

[error_logger:info,2021-04-19T20:18:10.500Z,couchdb_ns_1@127.0.0.1:error_logger<0.6.0>:ale_error_logger_handler:do_log:203]
=========================PROGRESS REPORT=========================
          supervisor: {local,couch_primary_services}
             started: [{pid,<0.149.0>},
                       {name,couch_replication_event},
                       {mfargs,
                           {gen_event,start_link,[{local,couch_replication}]}},
                       {restart_type,permanent},
                       {shutdown,brutal_kill},
                       {child_type,worker}]

[error_logger:info,2021-04-19T20:18:10.518Z,couchdb_ns_1@127.0.0.1:error_logger<0.6.0>:ale_error_logger_handler:do_log:203]
=========================PROGRESS REPORT=========================
          supervisor: {local,couch_primary_services}
             started: [{pid,<0.150.0>},
                       {name,couch_replication_supervisor},
                       {mfargs,{couch_rep_sup,start_link,[]}},
                       {restart_type,permanent},
                       {shutdown,infinity},
                       {child_type,supervisor}]

[error_logger:info,2021-04-19T20:18:10.557Z,couchdb_ns_1@127.0.0.1:error_logger<0.6.0>:ale_error_logger_handler:do_log:203]
=========================PROGRESS REPORT=========================
          supervisor: {local,couch_primary_services}
             started: [{pid,<0.151.0>},
                       {name,couch_log},
                       {mfargs,{couch_log,start_link,[]}},
                       {restart_type,permanent},
                       {shutdown,brutal_kill},
                       {child_type,worker}]

[error_logger:info,2021-04-19T20:18:10.592Z,couchdb_ns_1@127.0.0.1:error_logger<0.6.0>:ale_error_logger_handler:do_log:203]
=========================PROGRESS REPORT=========================
          supervisor: {local,couch_primary_services}
             started: [{pid,<0.152.0>},
                       {name,couch_main_index_barrier},
                       {mfargs,
                           {couch_index_barrier,start_link,
                               [couch_main_index_barrier,
                                "max_parallel_indexers"]}},
                       {restart_type,permanent},
                       {shutdown,brutal_kill},
                       {child_type,worker}]

[error_logger:info,2021-04-19T20:18:10.593Z,couchdb_ns_1@127.0.0.1:error_logger<0.6.0>:ale_error_logger_handler:do_log:203]
=========================PROGRESS REPORT=========================
          supervisor: {local,couch_primary_services}
             started: [{pid,<0.153.0>},
                       {name,couch_replica_index_barrier},
                       {mfargs,
                           {couch_index_barrier,start_link,
                               [couch_replica_index_barrier,
                                "max_parallel_replica_indexers"]}},
                       {restart_type,permanent},
                       {shutdown,brutal_kill},
                       {child_type,worker}]

[error_logger:info,2021-04-19T20:18:10.594Z,couchdb_ns_1@127.0.0.1:error_logger<0.6.0>:ale_error_logger_handler:do_log:203]
=========================PROGRESS REPORT=========================
          supervisor: {local,couch_primary_services}
             started: [{pid,<0.154.0>},
                       {name,couch_spatial_index_barrier},
                       {mfargs,
                           {couch_index_barrier,start_link,
                               [couch_spatial_index_barrier,
                                "max_parallel_spatial_indexers"]}},
                       {restart_type,permanent},
                       {shutdown,brutal_kill},
                       {child_type,worker}]

[error_logger:info,2021-04-19T20:18:10.594Z,couchdb_ns_1@127.0.0.1:error_logger<0.6.0>:ale_error_logger_handler:do_log:203]
=========================PROGRESS REPORT=========================
          supervisor: {local,couch_server_sup}
             started: [{pid,<0.143.0>},
                       {name,couch_primary_services},
                       {mfargs,{couch_primary_sup,start_link,[]}},
                       {restart_type,permanent},
                       {shutdown,infinity},
                       {child_type,supervisor}]

[error_logger:info,2021-04-19T20:18:10.647Z,couchdb_ns_1@127.0.0.1:error_logger<0.6.0>:ale_error_logger_handler:do_log:203]
=========================PROGRESS REPORT=========================
          supervisor: {local,couch_secondary_services}
             started: [{pid,<0.156.0>},
                       {name,couch_db_update_notifier_sup},
                       {mfargs,{couch_db_update_notifier_sup,start_link,[]}},
                       {restart_type,permanent},
                       {shutdown,infinity},
                       {child_type,supervisor}]

[error_logger:info,2021-04-19T20:18:10.907Z,couchdb_ns_1@127.0.0.1:error_logger<0.6.0>:ale_error_logger_handler:do_log:203]
=========================PROGRESS REPORT=========================
          supervisor: {local,couch_secondary_services}
             started: [{pid,<0.157.0>},
                       {name,spatial_view_manager_dev},
                       {mfargs,{couch_set_view,start_link,[dev,spatial_view]}},
                       {restart_type,permanent},
                       {shutdown,brutal_kill},
                       {child_type,worker}]

[error_logger:info,2021-04-19T20:18:10.909Z,couchdb_ns_1@127.0.0.1:error_logger<0.6.0>:ale_error_logger_handler:do_log:203]
=========================PROGRESS REPORT=========================
          supervisor: {local,couch_secondary_services}
             started: [{pid,<0.160.0>},
                       {name,index_merger_pool},
                       {mfargs,
                           {lhttpc_manager,start_link,
                               [[{connection_timeout,90000},
                                 {pool_size,10000},
                                 {name,couch_index_merger_connection_pool}]]}},
                       {restart_type,permanent},
                       {shutdown,brutal_kill},
                       {child_type,worker}]

[error_logger:info,2021-04-19T20:18:10.973Z,couchdb_ns_1@127.0.0.1:error_logger<0.6.0>:ale_error_logger_handler:do_log:203]
=========================PROGRESS REPORT=========================
          supervisor: {local,couch_secondary_services}
             started: [{pid,<0.161.0>},
                       {name,query_servers},
                       {mfargs,{couch_query_servers,start_link,[]}},
                       {restart_type,permanent},
                       {shutdown,brutal_kill},
                       {child_type,worker}]

[error_logger:info,2021-04-19T20:18:11.003Z,couchdb_ns_1@127.0.0.1:error_logger<0.6.0>:ale_error_logger_handler:do_log:203]
=========================PROGRESS REPORT=========================
          supervisor: {local,couch_secondary_services}
             started: [{pid,<0.163.0>},
                       {name,couch_set_view_ddoc_cache},
                       {mfargs,{couch_set_view_ddoc_cache,start_link,[]}},
                       {restart_type,permanent},
                       {shutdown,brutal_kill},
                       {child_type,worker}]

[error_logger:info,2021-04-19T20:18:11.038Z,couchdb_ns_1@127.0.0.1:error_logger<0.6.0>:ale_error_logger_handler:do_log:203]
=========================PROGRESS REPORT=========================
          supervisor: {local,couch_secondary_services}
             started: [{pid,<0.165.0>},
                       {name,view_manager},
                       {mfargs,{couch_view,start_link,[]}},
                       {restart_type,permanent},
                       {shutdown,brutal_kill},
                       {child_type,worker}]

[error_logger:info,2021-04-19T20:18:11.075Z,couchdb_ns_1@127.0.0.1:error_logger<0.6.0>:ale_error_logger_handler:do_log:203]
=========================PROGRESS REPORT=========================
          supervisor: {local,couch_secondary_services}
             started: [{pid,<0.167.0>},
                       {name,uuids},
                       {mfargs,{couch_uuids,start,[]}},
                       {restart_type,permanent},
                       {shutdown,brutal_kill},
                       {child_type,worker}]

[error_logger:info,2021-04-19T20:18:11.090Z,couchdb_ns_1@127.0.0.1:error_logger<0.6.0>:ale_error_logger_handler:do_log:203]
=========================PROGRESS REPORT=========================
          supervisor: {local,couch_secondary_services}
             started: [{pid,<0.169.0>},
                       {name,spatial_view_manager},
                       {mfargs,
                           {couch_set_view,start_link,[prod,spatial_view]}},
                       {restart_type,permanent},
                       {shutdown,brutal_kill},
                       {child_type,worker}]

[error_logger:info,2021-04-19T20:18:11.148Z,couchdb_ns_1@127.0.0.1:error_logger<0.6.0>:ale_error_logger_handler:do_log:203]
=========================PROGRESS REPORT=========================
          supervisor: {local,couch_secondary_services}
             started: [{pid,<0.171.0>},
                       {name,httpd},
                       {mfargs,{couch_httpd,start_link,[]}},
                       {restart_type,permanent},
                       {shutdown,brutal_kill},
                       {child_type,worker}]

[error_logger:info,2021-04-19T20:18:11.181Z,couchdb_ns_1@127.0.0.1:error_logger<0.6.0>:ale_error_logger_handler:do_log:203]
=========================PROGRESS REPORT=========================
          supervisor: {local,couch_secondary_services}
             started: [{pid,<0.188.0>},
                       {name,set_view_manager_dev},
                       {mfargs,
                           {couch_set_view,start_link,[dev,mapreduce_view]}},
                       {restart_type,permanent},
                       {shutdown,brutal_kill},
                       {child_type,worker}]

[error_logger:info,2021-04-19T20:18:11.298Z,couchdb_ns_1@127.0.0.1:error_logger<0.6.0>:ale_error_logger_handler:do_log:203]
=========================PROGRESS REPORT=========================
          supervisor: {local,couch_secondary_services}
             started: [{pid,<0.190.0>},
                       {name,auth_cache},
                       {mfargs,{couch_auth_cache,start_link,[]}},
                       {restart_type,permanent},
                       {shutdown,brutal_kill},
                       {child_type,worker}]

[error_logger:info,2021-04-19T20:18:11.305Z,couchdb_ns_1@127.0.0.1:error_logger<0.6.0>:ale_error_logger_handler:do_log:203]
=========================PROGRESS REPORT=========================
          supervisor: {local,couch_secondary_services}
             started: [{pid,<0.199.0>},
                       {name,set_view_manager},
                       {mfargs,
                           {couch_set_view,start_link,[prod,mapreduce_view]}},
                       {restart_type,permanent},
                       {shutdown,brutal_kill},
                       {child_type,worker}]

[error_logger:info,2021-04-19T20:18:11.306Z,couchdb_ns_1@127.0.0.1:error_logger<0.6.0>:ale_error_logger_handler:do_log:203]
=========================PROGRESS REPORT=========================
          supervisor: {local,couch_server_sup}
             started: [{pid,<0.155.0>},
                       {name,couch_secondary_services},
                       {mfargs,{couch_secondary_sup,start_link,[]}},
                       {restart_type,permanent},
                       {shutdown,infinity},
                       {child_type,supervisor}]

[error_logger:info,2021-04-19T20:18:11.307Z,couchdb_ns_1@127.0.0.1:error_logger<0.6.0>:ale_error_logger_handler:do_log:203]
=========================PROGRESS REPORT=========================
          supervisor: {local,cb_couch_sup}
             started: [{pid,<0.142.0>},
                       {name,couch_app},
                       {mfargs,
                           {couch_app,start,
                               [fake,
                                ["/opt/couchbase/etc/couchdb/default.ini",
                                 "/opt/couchbase/etc/couchdb/local.ini"]]}},
                       {restart_type,permanent},
                       {shutdown,infinity},
                       {child_type,supervisor}]

[error_logger:info,2021-04-19T20:18:11.308Z,couchdb_ns_1@127.0.0.1:error_logger<0.6.0>:ale_error_logger_handler:do_log:203]
=========================PROGRESS REPORT=========================
          supervisor: {local,ns_couchdb_sup}
             started: [{pid,<0.94.0>},
                       {name,cb_couch_sup},
                       {mfargs,{cb_couch_sup,start_link,[]}},
                       {restart_type,permanent},
                       {shutdown,5000},
                       {child_type,supervisor}]

[error_logger:info,2021-04-19T20:18:11.330Z,couchdb_ns_1@127.0.0.1:error_logger<0.6.0>:ale_error_logger_handler:do_log:203]
=========================PROGRESS REPORT=========================
          supervisor: {local,ns_couchdb_sup}
             started: [{pid,<0.202.0>},
                       {name,timeout_diag_logger},
                       {mfargs,{timeout_diag_logger,start_link,[]}},
                       {restart_type,permanent},
                       {shutdown,1000},
                       {child_type,worker}]

[error_logger:info,2021-04-19T20:18:11.338Z,couchdb_ns_1@127.0.0.1:error_logger<0.6.0>:ale_error_logger_handler:do_log:203]
=========================PROGRESS REPORT=========================
          supervisor: {local,ns_couchdb_sup}
             started: [{pid,<0.203.0>},
                       {name,ns_memcached_sockets_pool},
                       {mfargs,{ns_memcached_sockets_pool,start_link,[]}},
                       {restart_type,permanent},
                       {shutdown,1000},
                       {child_type,worker}]

[error_logger:info,2021-04-19T20:18:11.342Z,couchdb_ns_1@127.0.0.1:error_logger<0.6.0>:ale_error_logger_handler:do_log:203]
=========================PROGRESS REPORT=========================
          supervisor: {local,ns_couchdb_sup}
             started: [{pid,<0.204.0>},
                       {name,xdcr_dcp_sockets_pool},
                       {mfargs,{xdcr_dcp_sockets_pool,start_link,[]}},
                       {restart_type,permanent},
                       {shutdown,1000},
                       {child_type,worker}]

[error_logger:info,2021-04-19T20:18:11.346Z,couchdb_ns_1@127.0.0.1:error_logger<0.6.0>:ale_error_logger_handler:do_log:203]
=========================PROGRESS REPORT=========================
          supervisor: {local,ns_couchdb_sup}
             started: [{pid,<0.205.0>},
                       {name,ns_couchdb_stats_collector},
                       {mfargs,{ns_couchdb_stats_collector,start_link,[]}},
                       {restart_type,permanent},
                       {shutdown,1000},
                       {child_type,worker}]

[error_logger:info,2021-04-19T20:18:11.356Z,couchdb_ns_1@127.0.0.1:error_logger<0.6.0>:ale_error_logger_handler:do_log:203]
=========================PROGRESS REPORT=========================
          supervisor: {local,ns_couchdb_config_sup}
             started: [{pid,<0.207.0>},
                       {name,ns_config_events},
                       {mfargs,
                           {gen_event,start_link,[{local,ns_config_events}]}},
                       {restart_type,permanent},
                       {shutdown,1000},
                       {child_type,worker}]

[error_logger:info,2021-04-19T20:18:11.356Z,couchdb_ns_1@127.0.0.1:error_logger<0.6.0>:ale_error_logger_handler:do_log:203]
=========================PROGRESS REPORT=========================
          supervisor: {local,ns_couchdb_config_sup}
             started: [{pid,<0.208.0>},
                       {name,ns_config_events_local},
                       {mfargs,
                           {gen_event,start_link,
                               [{local,ns_config_events_local}]}},
                       {restart_type,permanent},
                       {shutdown,brutal_kill},
                       {child_type,worker}]

[error_logger:info,2021-04-19T20:18:11.379Z,couchdb_ns_1@127.0.0.1:error_logger<0.6.0>:ale_error_logger_handler:do_log:203]
=========================PROGRESS REPORT=========================
          supervisor: {local,ns_couchdb_config_sup}
             started: [{pid,<0.209.0>},
                       {name,ns_config},
                       {mfargs,
                           {ns_config,start_link,
                               [{pull_from_node,'ns_1@127.0.0.1'}]}},
                       {restart_type,permanent},
                       {shutdown,1000},
                       {child_type,worker}]

[error_logger:info,2021-04-19T20:18:11.383Z,couchdb_ns_1@127.0.0.1:error_logger<0.6.0>:ale_error_logger_handler:do_log:203]
=========================PROGRESS REPORT=========================
          supervisor: {local,ns_couchdb_config_sup}
             started: [{pid,<0.212.0>},
                       {name,ns_couchdb_config_rep},
                       {mfargs,{ns_couchdb_config_rep,start_link,[]}},
                       {restart_type,permanent},
                       {shutdown,1000},
                       {child_type,worker}]

[error_logger:info,2021-04-19T20:18:11.393Z,couchdb_ns_1@127.0.0.1:error_logger<0.6.0>:ale_error_logger_handler:do_log:203]
=========================PROGRESS REPORT=========================
          supervisor: {local,ns_couchdb_config_sup}
             started: [{pid,<0.213.0>},
                       {name,cb_config_couch_sync},
                       {mfargs,{cb_config_couch_sync,start_link,[]}},
                       {restart_type,permanent},
                       {shutdown,1000},
                       {child_type,worker}]

[error_logger:info,2021-04-19T20:18:11.394Z,couchdb_ns_1@127.0.0.1:error_logger<0.6.0>:ale_error_logger_handler:do_log:203]
=========================PROGRESS REPORT=========================
          supervisor: {local,ns_couchdb_sup}
             started: [{pid,<0.206.0>},
                       {name,ns_couchdb_config_sup},
                       {mfargs,{ns_couchdb_config_sup,start_link,[]}},
                       {restart_type,permanent},
                       {shutdown,infinity},
                       {child_type,supervisor}]

[error_logger:info,2021-04-19T20:18:11.407Z,couchdb_ns_1@127.0.0.1:error_logger<0.6.0>:ale_error_logger_handler:do_log:203]
=========================PROGRESS REPORT=========================
          supervisor: {local,ns_couchdb_sup}
             started: [{pid,<0.215.0>},
                       {name,request_throttler},
                       {mfargs,{request_throttler,start_link,[]}},
                       {restart_type,permanent},
                       {shutdown,1000},
                       {child_type,worker}]

[error_logger:info,2021-04-19T20:18:11.414Z,couchdb_ns_1@127.0.0.1:error_logger<0.6.0>:ale_error_logger_handler:do_log:203]
=========================PROGRESS REPORT=========================
          supervisor: {local,ns_couchdb_sup}
             started: [{pid,<0.216.0>},
                       {name,vbucket_map_mirror},
                       {mfargs,{vbucket_map_mirror,start_link,[]}},
                       {restart_type,permanent},
                       {shutdown,brutal_kill},
                       {child_type,worker}]

[ns_server:info,2021-04-19T20:18:11.420Z,couchdb_ns_1@127.0.0.1:set_view_update_daemon<0.218.0>:set_view_update_daemon:init:50]Set view update daemon, starting with the following settings:
  update interval:           5000ms
  minimum number of changes: 5000

[error_logger:info,2021-04-19T20:18:11.425Z,couchdb_ns_1@127.0.0.1:error_logger<0.6.0>:ale_error_logger_handler:do_log:203]
=========================PROGRESS REPORT=========================
          supervisor: {local,kernel_safe_sup}
             started: [{pid,<0.220.0>},
                       {name,timer2_server},
                       {mfargs,{timer2,start_link,[]}},
                       {restart_type,permanent},
                       {shutdown,1000},
                       {child_type,worker}]

[error_logger:info,2021-04-19T20:18:11.425Z,couchdb_ns_1@127.0.0.1:error_logger<0.6.0>:ale_error_logger_handler:do_log:203]
=========================PROGRESS REPORT=========================
          supervisor: {local,ns_couchdb_sup}
             started: [{pid,<0.218.0>},
                       {name,set_view_update_daemon},
                       {mfargs,{set_view_update_daemon,start_link,[]}},
                       {restart_type,permanent},
                       {shutdown,1000},
                       {child_type,worker}]

[ns_server:info,2021-04-19T20:18:11.432Z,couchdb_ns_1@127.0.0.1:ns_config_rep<0.212.0>:ns_couchdb_config_rep:do_pull:65]Pulling config from: 'ns_1@127.0.0.1'

[ns_server:debug,2021-04-19T20:18:11.492Z,couchdb_ns_1@127.0.0.1:<0.221.0>:restartable:start_child:98]Started child process <0.225.0>
  MFA: {ns_ssl_services_setup,start_link_capi_service,[]}
[error_logger:info,2021-04-19T20:18:11.493Z,couchdb_ns_1@127.0.0.1:error_logger<0.6.0>:ale_error_logger_handler:do_log:203]
=========================PROGRESS REPORT=========================
          supervisor: {local,ns_couchdb_sup}
             started: [{pid,<0.221.0>},
                       {name,ns_capi_ssl_service},
                       {mfargs,
                           {restartable,start_link,
                               [{ns_ssl_services_setup,
                                    start_link_capi_service,[]},
                                1000]}},
                       {restart_type,{permanent,4}},
                       {shutdown,infinity},
                       {child_type,worker}]

[ns_server:info,2021-04-19T20:18:11.497Z,couchdb_ns_1@127.0.0.1:ns_couchdb_sup<0.93.0>:dir_size:start_link:39]Starting quick version of dir_size with program name: godu
[error_logger:info,2021-04-19T20:18:11.498Z,couchdb_ns_1@127.0.0.1:error_logger<0.6.0>:ale_error_logger_handler:do_log:203]
=========================PROGRESS REPORT=========================
          supervisor: {local,ns_couchdb_sup}
             started: [{pid,<0.242.0>},
                       {name,dir_size},
                       {mfargs,{dir_size,start_link,[]}},
                       {restart_type,permanent},
                       {shutdown,1000},
                       {child_type,worker}]

[error_logger:info,2021-04-19T20:18:11.500Z,couchdb_ns_1@127.0.0.1:error_logger<0.6.0>:ale_error_logger_handler:do_log:203]
=========================PROGRESS REPORT=========================
         application: ns_couchdb
          started_at: 'couchdb_ns_1@127.0.0.1'

[ns_server:debug,2021-04-19T20:18:11.501Z,couchdb_ns_1@127.0.0.1:<0.2.0>:child_erlang:child_loop:116]137: Entered child_loop
[error_logger:info,2021-04-19T20:18:11.545Z,couchdb_ns_1@127.0.0.1:error_logger<0.6.0>:ale_error_logger_handler:do_log:203]
=========================PROGRESS REPORT=========================
          supervisor: {local,kernel_safe_sup}
             started: [{pid,<0.244.0>},
                       {name,timer_server},
                       {mfargs,{timer,start_link,[]}},
                       {restart_type,permanent},
                       {shutdown,1000},
                       {child_type,worker}]

[ns_server:debug,2021-04-19T20:18:13.812Z,couchdb_ns_1@127.0.0.1:xdc_rdoc_manager<0.249.0>:ns_couchdb_api:register_doc_manager:312]Register doc manager with <5126.350.0>
[ns_server:debug,2021-04-19T20:18:13.812Z,couchdb_ns_1@127.0.0.1:xdc_rdoc_manager<0.249.0>:ns_couchdb_api:register_doc_manager:312]Register doc manager with <5126.351.0>
[ns_server:debug,2021-04-19T20:18:13.812Z,couchdb_ns_1@127.0.0.1:xdc_rdoc_manager<0.249.0>:ns_couchdb_api:register_doc_manager:312]Register doc manager with <5126.348.0>
[ns_server:debug,2021-04-19T20:18:14.011Z,couchdb_ns_1@127.0.0.1:xdc_rdoc_manager<0.249.0>:xdc_rdoc_manager:init:75]Loaded the following docs:
[]
