[stats:error,2021-04-19T19:45:57.380Z,ns_1@127.0.0.1:query_stats_collector<0.373.0>:base_stats_collector:handle_info:109](Collector: query_stats_collector) Exception in stats collector: {error,
                                                                  {badmatch,
                                                                   {error,
                                                                    {econnrefused,
                                                                     [{lhttpc_client,
                                                                       send_request,
                                                                       1,
                                                                       [{file,
                                                                         "/home/couchbase/jenkins/workspace/watson-unix/couchdb/src/lhttpc/lhttpc_client.erl"},
                                                                        {line,
                                                                         220}]},
                                                                      {lhttpc_client,
                                                                       execute,
                                                                       9,
                                                                       [{file,
                                                                         "/home/couchbase/jenkins/workspace/watson-unix/couchdb/src/lhttpc/lhttpc_client.erl"},
                                                                        {line,
                                                                         169}]},
                                                                      {lhttpc_client,
                                                                       request,
                                                                       9,
                                                                       [{file,
                                                                         "/home/couchbase/jenkins/workspace/watson-unix/couchdb/src/lhttpc/lhttpc_client.erl"},
                                                                        {line,
                                                                         92}]}]}}},
                                                                  [{query_rest,
                                                                    send,3,
                                                                    [{file,
                                                                      "src/query_rest.erl"},
                                                                     {line,
                                                                      64}]},
                                                                   {query_rest,
                                                                    do_get_stats,
                                                                    0,
                                                                    [{file,
                                                                      "src/query_rest.erl"},
                                                                     {line,
                                                                      43}]},
                                                                   {base_stats_collector,
                                                                    handle_info,
                                                                    2,
                                                                    [{file,
                                                                      "src/base_stats_collector.erl"},
                                                                     {line,
                                                                      89}]},
                                                                   {gen_server,
                                                                    handle_msg,
                                                                    5,
                                                                    [{file,
                                                                      "gen_server.erl"},
                                                                     {line,
                                                                      604}]},
                                                                   {proc_lib,
                                                                    init_p_do_apply,
                                                                    3,
                                                                    [{file,
                                                                      "proc_lib.erl"},
                                                                     {line,
                                                                      239}]}]}

[ns_server:error,2021-04-19T19:45:57.382Z,ns_1@127.0.0.1:index_stats_collector-index<0.519.0>:index_rest:get_json:42]Request to (indexer) http://127.0.0.1:9102/stats?async=true failed: {error,
                                                                     {econnrefused,
                                                                      [{lhttpc_client,
                                                                        send_request,
                                                                        1,
                                                                        [{file,
                                                                          "/home/couchbase/jenkins/workspace/watson-unix/couchdb/src/lhttpc/lhttpc_client.erl"},
                                                                         {line,
                                                                          220}]},
                                                                       {lhttpc_client,
                                                                        execute,
                                                                        9,
                                                                        [{file,
                                                                          "/home/couchbase/jenkins/workspace/watson-unix/couchdb/src/lhttpc/lhttpc_client.erl"},
                                                                         {line,
                                                                          169}]},
                                                                       {lhttpc_client,
                                                                        request,
                                                                        9,
                                                                        [{file,
                                                                          "/home/couchbase/jenkins/workspace/watson-unix/couchdb/src/lhttpc/lhttpc_client.erl"},
                                                                         {line,
                                                                          92}]}]}}
[ns_server:error,2021-04-19T19:45:58.380Z,ns_1@127.0.0.1:index_stats_collector-index<0.519.0>:index_rest:get_json:42]Request to (indexer) http://127.0.0.1:9102/stats?async=true failed: {error,
                                                                     {econnrefused,
                                                                      [{lhttpc_client,
                                                                        send_request,
                                                                        1,
                                                                        [{file,
                                                                          "/home/couchbase/jenkins/workspace/watson-unix/couchdb/src/lhttpc/lhttpc_client.erl"},
                                                                         {line,
                                                                          220}]},
                                                                       {lhttpc_client,
                                                                        execute,
                                                                        9,
                                                                        [{file,
                                                                          "/home/couchbase/jenkins/workspace/watson-unix/couchdb/src/lhttpc/lhttpc_client.erl"},
                                                                         {line,
                                                                          169}]},
                                                                       {lhttpc_client,
                                                                        request,
                                                                        9,
                                                                        [{file,
                                                                          "/home/couchbase/jenkins/workspace/watson-unix/couchdb/src/lhttpc/lhttpc_client.erl"},
                                                                         {line,
                                                                          92}]}]}}
[stats:error,2021-04-19T19:45:58.380Z,ns_1@127.0.0.1:query_stats_collector<0.373.0>:base_stats_collector:handle_info:109](Collector: query_stats_collector) Exception in stats collector: {error,
                                                                  {badmatch,
                                                                   {error,
                                                                    {econnrefused,
                                                                     [{lhttpc_client,
                                                                       send_request,
                                                                       1,
                                                                       [{file,
                                                                         "/home/couchbase/jenkins/workspace/watson-unix/couchdb/src/lhttpc/lhttpc_client.erl"},
                                                                        {line,
                                                                         220}]},
                                                                      {lhttpc_client,
                                                                       execute,
                                                                       9,
                                                                       [{file,
                                                                         "/home/couchbase/jenkins/workspace/watson-unix/couchdb/src/lhttpc/lhttpc_client.erl"},
                                                                        {line,
                                                                         169}]},
                                                                      {lhttpc_client,
                                                                       request,
                                                                       9,
                                                                       [{file,
                                                                         "/home/couchbase/jenkins/workspace/watson-unix/couchdb/src/lhttpc/lhttpc_client.erl"},
                                                                        {line,
                                                                         92}]}]}}},
                                                                  [{query_rest,
                                                                    send,3,
                                                                    [{file,
                                                                      "src/query_rest.erl"},
                                                                     {line,
                                                                      64}]},
                                                                   {query_rest,
                                                                    do_get_stats,
                                                                    0,
                                                                    [{file,
                                                                      "src/query_rest.erl"},
                                                                     {line,
                                                                      43}]},
                                                                   {base_stats_collector,
                                                                    handle_info,
                                                                    2,
                                                                    [{file,
                                                                      "src/base_stats_collector.erl"},
                                                                     {line,
                                                                      89}]},
                                                                   {gen_server,
                                                                    handle_msg,
                                                                    5,
                                                                    [{file,
                                                                      "gen_server.erl"},
                                                                     {line,
                                                                      604}]},
                                                                   {proc_lib,
                                                                    init_p_do_apply,
                                                                    3,
                                                                    [{file,
                                                                      "proc_lib.erl"},
                                                                     {line,
                                                                      239}]}]}

[ns_server:error,2021-04-19T19:45:59.316Z,ns_1@127.0.0.1:index_status_keeper_worker<0.384.0>:index_rest:get_json:42]Request to (indexer) http://127.0.0.1:9102/getIndexStatus failed: {error,
                                                                   {econnrefused,
                                                                    [{lhttpc_client,
                                                                      send_request,
                                                                      1,
                                                                      [{file,
                                                                        "/home/couchbase/jenkins/workspace/watson-unix/couchdb/src/lhttpc/lhttpc_client.erl"},
                                                                       {line,
                                                                        220}]},
                                                                     {lhttpc_client,
                                                                      execute,
                                                                      9,
                                                                      [{file,
                                                                        "/home/couchbase/jenkins/workspace/watson-unix/couchdb/src/lhttpc/lhttpc_client.erl"},
                                                                       {line,
                                                                        169}]},
                                                                     {lhttpc_client,
                                                                      request,
                                                                      9,
                                                                      [{file,
                                                                        "/home/couchbase/jenkins/workspace/watson-unix/couchdb/src/lhttpc/lhttpc_client.erl"},
                                                                       {line,
                                                                        92}]}]}}
[ns_server:error,2021-04-19T19:45:59.380Z,ns_1@127.0.0.1:index_stats_collector-index<0.519.0>:index_rest:get_json:42]Request to (indexer) http://127.0.0.1:9102/stats?async=true failed: {error,
                                                                     {econnrefused,
                                                                      [{lhttpc_client,
                                                                        send_request,
                                                                        1,
                                                                        [{file,
                                                                          "/home/couchbase/jenkins/workspace/watson-unix/couchdb/src/lhttpc/lhttpc_client.erl"},
                                                                         {line,
                                                                          220}]},
                                                                       {lhttpc_client,
                                                                        execute,
                                                                        9,
                                                                        [{file,
                                                                          "/home/couchbase/jenkins/workspace/watson-unix/couchdb/src/lhttpc/lhttpc_client.erl"},
                                                                         {line,
                                                                          169}]},
                                                                       {lhttpc_client,
                                                                        request,
                                                                        9,
                                                                        [{file,
                                                                          "/home/couchbase/jenkins/workspace/watson-unix/couchdb/src/lhttpc/lhttpc_client.erl"},
                                                                         {line,
                                                                          92}]}]}}
[stats:error,2021-04-19T19:45:59.381Z,ns_1@127.0.0.1:query_stats_collector<0.373.0>:base_stats_collector:handle_info:109](Collector: query_stats_collector) Exception in stats collector: {error,
                                                                  {badmatch,
                                                                   {error,
                                                                    {econnrefused,
                                                                     [{lhttpc_client,
                                                                       send_request,
                                                                       1,
                                                                       [{file,
                                                                         "/home/couchbase/jenkins/workspace/watson-unix/couchdb/src/lhttpc/lhttpc_client.erl"},
                                                                        {line,
                                                                         220}]},
                                                                      {lhttpc_client,
                                                                       execute,
                                                                       9,
                                                                       [{file,
                                                                         "/home/couchbase/jenkins/workspace/watson-unix/couchdb/src/lhttpc/lhttpc_client.erl"},
                                                                        {line,
                                                                         169}]},
                                                                      {lhttpc_client,
                                                                       request,
                                                                       9,
                                                                       [{file,
                                                                         "/home/couchbase/jenkins/workspace/watson-unix/couchdb/src/lhttpc/lhttpc_client.erl"},
                                                                        {line,
                                                                         92}]}]}}},
                                                                  [{query_rest,
                                                                    send,3,
                                                                    [{file,
                                                                      "src/query_rest.erl"},
                                                                     {line,
                                                                      64}]},
                                                                   {query_rest,
                                                                    do_get_stats,
                                                                    0,
                                                                    [{file,
                                                                      "src/query_rest.erl"},
                                                                     {line,
                                                                      43}]},
                                                                   {base_stats_collector,
                                                                    handle_info,
                                                                    2,
                                                                    [{file,
                                                                      "src/base_stats_collector.erl"},
                                                                     {line,
                                                                      89}]},
                                                                   {gen_server,
                                                                    handle_msg,
                                                                    5,
                                                                    [{file,
                                                                      "gen_server.erl"},
                                                                     {line,
                                                                      604}]},
                                                                   {proc_lib,
                                                                    init_p_do_apply,
                                                                    3,
                                                                    [{file,
                                                                      "proc_lib.erl"},
                                                                     {line,
                                                                      239}]}]}

[ns_server:error,2021-04-19T19:46:00.380Z,ns_1@127.0.0.1:index_stats_collector-index<0.519.0>:index_rest:get_json:42]Request to (indexer) http://127.0.0.1:9102/stats?async=true failed: {error,
                                                                     {econnrefused,
                                                                      [{lhttpc_client,
                                                                        send_request,
                                                                        1,
                                                                        [{file,
                                                                          "/home/couchbase/jenkins/workspace/watson-unix/couchdb/src/lhttpc/lhttpc_client.erl"},
                                                                         {line,
                                                                          220}]},
                                                                       {lhttpc_client,
                                                                        execute,
                                                                        9,
                                                                        [{file,
                                                                          "/home/couchbase/jenkins/workspace/watson-unix/couchdb/src/lhttpc/lhttpc_client.erl"},
                                                                         {line,
                                                                          169}]},
                                                                       {lhttpc_client,
                                                                        request,
                                                                        9,
                                                                        [{file,
                                                                          "/home/couchbase/jenkins/workspace/watson-unix/couchdb/src/lhttpc/lhttpc_client.erl"},
                                                                         {line,
                                                                          92}]}]}}
[ns_server:error,2021-04-19T19:46:01.379Z,ns_1@127.0.0.1:index_stats_collector-index<0.519.0>:index_rest:get_json:42]Request to (indexer) http://127.0.0.1:9102/stats?async=true failed: {error,
                                                                     {econnrefused,
                                                                      [{lhttpc_client,
                                                                        send_request,
                                                                        1,
                                                                        [{file,
                                                                          "/home/couchbase/jenkins/workspace/watson-unix/couchdb/src/lhttpc/lhttpc_client.erl"},
                                                                         {line,
                                                                          220}]},
                                                                       {lhttpc_client,
                                                                        execute,
                                                                        9,
                                                                        [{file,
                                                                          "/home/couchbase/jenkins/workspace/watson-unix/couchdb/src/lhttpc/lhttpc_client.erl"},
                                                                         {line,
                                                                          169}]},
                                                                       {lhttpc_client,
                                                                        request,
                                                                        9,
                                                                        [{file,
                                                                          "/home/couchbase/jenkins/workspace/watson-unix/couchdb/src/lhttpc/lhttpc_client.erl"},
                                                                         {line,
                                                                          92}]}]}}
[ns_server:error,2021-04-19T19:52:32.593Z,ns_1@127.0.0.1:index_status_keeper_worker<0.396.0>:index_rest:get_json:42]Request to (indexer) http://127.0.0.1:9102/getIndexStatus failed: {error,
                                                                   {econnrefused,
                                                                    [{lhttpc_client,
                                                                      send_request,
                                                                      1,
                                                                      [{file,
                                                                        "/home/couchbase/jenkins/workspace/watson-unix/couchdb/src/lhttpc/lhttpc_client.erl"},
                                                                       {line,
                                                                        220}]},
                                                                     {lhttpc_client,
                                                                      execute,
                                                                      9,
                                                                      [{file,
                                                                        "/home/couchbase/jenkins/workspace/watson-unix/couchdb/src/lhttpc/lhttpc_client.erl"},
                                                                       {line,
                                                                        169}]},
                                                                     {lhttpc_client,
                                                                      request,
                                                                      9,
                                                                      [{file,
                                                                        "/home/couchbase/jenkins/workspace/watson-unix/couchdb/src/lhttpc/lhttpc_client.erl"},
                                                                       {line,
                                                                        92}]}]}}
[ns_server:error,2021-04-19T19:52:33.757Z,ns_1@127.0.0.1:index_stats_collector-index<0.406.0>:index_rest:get_json:42]Request to (indexer) http://127.0.0.1:9102/stats?async=true failed: {error,
                                                                     {econnrefused,
                                                                      [{lhttpc_client,
                                                                        send_request,
                                                                        1,
                                                                        [{file,
                                                                          "/home/couchbase/jenkins/workspace/watson-unix/couchdb/src/lhttpc/lhttpc_client.erl"},
                                                                         {line,
                                                                          220}]},
                                                                       {lhttpc_client,
                                                                        execute,
                                                                        9,
                                                                        [{file,
                                                                          "/home/couchbase/jenkins/workspace/watson-unix/couchdb/src/lhttpc/lhttpc_client.erl"},
                                                                         {line,
                                                                          169}]},
                                                                       {lhttpc_client,
                                                                        request,
                                                                        9,
                                                                        [{file,
                                                                          "/home/couchbase/jenkins/workspace/watson-unix/couchdb/src/lhttpc/lhttpc_client.erl"},
                                                                         {line,
                                                                          92}]}]}}
[stats:error,2021-04-19T19:52:33.757Z,ns_1@127.0.0.1:query_stats_collector<0.383.0>:base_stats_collector:handle_info:109](Collector: query_stats_collector) Exception in stats collector: {error,
                                                                  {badmatch,
                                                                   {error,
                                                                    {econnrefused,
                                                                     [{lhttpc_client,
                                                                       send_request,
                                                                       1,
                                                                       [{file,
                                                                         "/home/couchbase/jenkins/workspace/watson-unix/couchdb/src/lhttpc/lhttpc_client.erl"},
                                                                        {line,
                                                                         220}]},
                                                                      {lhttpc_client,
                                                                       execute,
                                                                       9,
                                                                       [{file,
                                                                         "/home/couchbase/jenkins/workspace/watson-unix/couchdb/src/lhttpc/lhttpc_client.erl"},
                                                                        {line,
                                                                         169}]},
                                                                      {lhttpc_client,
                                                                       request,
                                                                       9,
                                                                       [{file,
                                                                         "/home/couchbase/jenkins/workspace/watson-unix/couchdb/src/lhttpc/lhttpc_client.erl"},
                                                                        {line,
                                                                         92}]}]}}},
                                                                  [{query_rest,
                                                                    send,3,
                                                                    [{file,
                                                                      "src/query_rest.erl"},
                                                                     {line,
                                                                      64}]},
                                                                   {query_rest,
                                                                    do_get_stats,
                                                                    0,
                                                                    [{file,
                                                                      "src/query_rest.erl"},
                                                                     {line,
                                                                      43}]},
                                                                   {base_stats_collector,
                                                                    handle_info,
                                                                    2,
                                                                    [{file,
                                                                      "src/base_stats_collector.erl"},
                                                                     {line,
                                                                      89}]},
                                                                   {gen_server,
                                                                    handle_msg,
                                                                    5,
                                                                    [{file,
                                                                      "gen_server.erl"},
                                                                     {line,
                                                                      604}]},
                                                                   {proc_lib,
                                                                    init_p_do_apply,
                                                                    3,
                                                                    [{file,
                                                                      "proc_lib.erl"},
                                                                     {line,
                                                                      239}]}]}

[ns_server:error,2021-04-19T19:52:34.744Z,ns_1@127.0.0.1:index_stats_collector-index<0.406.0>:index_rest:get_json:42]Request to (indexer) http://127.0.0.1:9102/stats?async=true failed: {error,
                                                                     {econnrefused,
                                                                      [{lhttpc_client,
                                                                        send_request,
                                                                        1,
                                                                        [{file,
                                                                          "/home/couchbase/jenkins/workspace/watson-unix/couchdb/src/lhttpc/lhttpc_client.erl"},
                                                                         {line,
                                                                          220}]},
                                                                       {lhttpc_client,
                                                                        execute,
                                                                        9,
                                                                        [{file,
                                                                          "/home/couchbase/jenkins/workspace/watson-unix/couchdb/src/lhttpc/lhttpc_client.erl"},
                                                                         {line,
                                                                          169}]},
                                                                       {lhttpc_client,
                                                                        request,
                                                                        9,
                                                                        [{file,
                                                                          "/home/couchbase/jenkins/workspace/watson-unix/couchdb/src/lhttpc/lhttpc_client.erl"},
                                                                         {line,
                                                                          92}]}]}}
[ns_server:error,2021-04-19T19:54:22.194Z,ns_1@127.0.0.1:index_status_keeper_worker<0.409.0>:index_rest:get_json:42]Request to (indexer) http://127.0.0.1:9102/getIndexStatus failed: {error,
                                                                   {econnrefused,
                                                                    [{lhttpc_client,
                                                                      send_request,
                                                                      1,
                                                                      [{file,
                                                                        "/home/couchbase/jenkins/workspace/watson-unix/couchdb/src/lhttpc/lhttpc_client.erl"},
                                                                       {line,
                                                                        220}]},
                                                                     {lhttpc_client,
                                                                      execute,
                                                                      9,
                                                                      [{file,
                                                                        "/home/couchbase/jenkins/workspace/watson-unix/couchdb/src/lhttpc/lhttpc_client.erl"},
                                                                       {line,
                                                                        169}]},
                                                                     {lhttpc_client,
                                                                      request,
                                                                      9,
                                                                      [{file,
                                                                        "/home/couchbase/jenkins/workspace/watson-unix/couchdb/src/lhttpc/lhttpc_client.erl"},
                                                                       {line,
                                                                        92}]}]}}
[stats:error,2021-04-19T19:54:23.303Z,ns_1@127.0.0.1:query_stats_collector<0.396.0>:base_stats_collector:handle_info:109](Collector: query_stats_collector) Exception in stats collector: {error,
                                                                  {badmatch,
                                                                   {error,
                                                                    {econnrefused,
                                                                     [{lhttpc_client,
                                                                       send_request,
                                                                       1,
                                                                       [{file,
                                                                         "/home/couchbase/jenkins/workspace/watson-unix/couchdb/src/lhttpc/lhttpc_client.erl"},
                                                                        {line,
                                                                         220}]},
                                                                      {lhttpc_client,
                                                                       execute,
                                                                       9,
                                                                       [{file,
                                                                         "/home/couchbase/jenkins/workspace/watson-unix/couchdb/src/lhttpc/lhttpc_client.erl"},
                                                                        {line,
                                                                         169}]},
                                                                      {lhttpc_client,
                                                                       request,
                                                                       9,
                                                                       [{file,
                                                                         "/home/couchbase/jenkins/workspace/watson-unix/couchdb/src/lhttpc/lhttpc_client.erl"},
                                                                        {line,
                                                                         92}]}]}}},
                                                                  [{query_rest,
                                                                    send,3,
                                                                    [{file,
                                                                      "src/query_rest.erl"},
                                                                     {line,
                                                                      64}]},
                                                                   {query_rest,
                                                                    do_get_stats,
                                                                    0,
                                                                    [{file,
                                                                      "src/query_rest.erl"},
                                                                     {line,
                                                                      43}]},
                                                                   {base_stats_collector,
                                                                    handle_info,
                                                                    2,
                                                                    [{file,
                                                                      "src/base_stats_collector.erl"},
                                                                     {line,
                                                                      89}]},
                                                                   {gen_server,
                                                                    handle_msg,
                                                                    5,
                                                                    [{file,
                                                                      "gen_server.erl"},
                                                                     {line,
                                                                      604}]},
                                                                   {proc_lib,
                                                                    init_p_do_apply,
                                                                    3,
                                                                    [{file,
                                                                      "proc_lib.erl"},
                                                                     {line,
                                                                      239}]}]}

[ns_server:error,2021-04-19T19:54:23.304Z,ns_1@127.0.0.1:index_stats_collector-index<0.419.0>:index_rest:get_json:42]Request to (indexer) http://127.0.0.1:9102/stats?async=true failed: {error,
                                                                     {econnrefused,
                                                                      [{lhttpc_client,
                                                                        send_request,
                                                                        1,
                                                                        [{file,
                                                                          "/home/couchbase/jenkins/workspace/watson-unix/couchdb/src/lhttpc/lhttpc_client.erl"},
                                                                         {line,
                                                                          220}]},
                                                                       {lhttpc_client,
                                                                        execute,
                                                                        9,
                                                                        [{file,
                                                                          "/home/couchbase/jenkins/workspace/watson-unix/couchdb/src/lhttpc/lhttpc_client.erl"},
                                                                         {line,
                                                                          169}]},
                                                                       {lhttpc_client,
                                                                        request,
                                                                        9,
                                                                        [{file,
                                                                          "/home/couchbase/jenkins/workspace/watson-unix/couchdb/src/lhttpc/lhttpc_client.erl"},
                                                                         {line,
                                                                          92}]}]}}
[ns_server:error,2021-04-19T19:54:24.301Z,ns_1@127.0.0.1:index_stats_collector-index<0.419.0>:index_rest:get_json:42]Request to (indexer) http://127.0.0.1:9102/stats?async=true failed: {error,
                                                                     {econnrefused,
                                                                      [{lhttpc_client,
                                                                        send_request,
                                                                        1,
                                                                        [{file,
                                                                          "/home/couchbase/jenkins/workspace/watson-unix/couchdb/src/lhttpc/lhttpc_client.erl"},
                                                                         {line,
                                                                          220}]},
                                                                       {lhttpc_client,
                                                                        execute,
                                                                        9,
                                                                        [{file,
                                                                          "/home/couchbase/jenkins/workspace/watson-unix/couchdb/src/lhttpc/lhttpc_client.erl"},
                                                                         {line,
                                                                          169}]},
                                                                       {lhttpc_client,
                                                                        request,
                                                                        9,
                                                                        [{file,
                                                                          "/home/couchbase/jenkins/workspace/watson-unix/couchdb/src/lhttpc/lhttpc_client.erl"},
                                                                         {line,
                                                                          92}]}]}}
[stats:error,2021-04-19T19:54:24.301Z,ns_1@127.0.0.1:query_stats_collector<0.396.0>:base_stats_collector:handle_info:109](Collector: query_stats_collector) Exception in stats collector: {error,
                                                                  {badmatch,
                                                                   {error,
                                                                    {econnrefused,
                                                                     [{lhttpc_client,
                                                                       send_request,
                                                                       1,
                                                                       [{file,
                                                                         "/home/couchbase/jenkins/workspace/watson-unix/couchdb/src/lhttpc/lhttpc_client.erl"},
                                                                        {line,
                                                                         220}]},
                                                                      {lhttpc_client,
                                                                       execute,
                                                                       9,
                                                                       [{file,
                                                                         "/home/couchbase/jenkins/workspace/watson-unix/couchdb/src/lhttpc/lhttpc_client.erl"},
                                                                        {line,
                                                                         169}]},
                                                                      {lhttpc_client,
                                                                       request,
                                                                       9,
                                                                       [{file,
                                                                         "/home/couchbase/jenkins/workspace/watson-unix/couchdb/src/lhttpc/lhttpc_client.erl"},
                                                                        {line,
                                                                         92}]}]}}},
                                                                  [{query_rest,
                                                                    send,3,
                                                                    [{file,
                                                                      "src/query_rest.erl"},
                                                                     {line,
                                                                      64}]},
                                                                   {query_rest,
                                                                    do_get_stats,
                                                                    0,
                                                                    [{file,
                                                                      "src/query_rest.erl"},
                                                                     {line,
                                                                      43}]},
                                                                   {base_stats_collector,
                                                                    handle_info,
                                                                    2,
                                                                    [{file,
                                                                      "src/base_stats_collector.erl"},
                                                                     {line,
                                                                      89}]},
                                                                   {gen_server,
                                                                    handle_msg,
                                                                    5,
                                                                    [{file,
                                                                      "gen_server.erl"},
                                                                     {line,
                                                                      604}]},
                                                                   {proc_lib,
                                                                    init_p_do_apply,
                                                                    3,
                                                                    [{file,
                                                                      "proc_lib.erl"},
                                                                     {line,
                                                                      239}]}]}

[ns_server:error,2021-04-19T19:54:25.300Z,ns_1@127.0.0.1:index_stats_collector-index<0.419.0>:index_rest:get_json:42]Request to (indexer) http://127.0.0.1:9102/stats?async=true failed: {error,
                                                                     {econnrefused,
                                                                      [{lhttpc_client,
                                                                        send_request,
                                                                        1,
                                                                        [{file,
                                                                          "/home/couchbase/jenkins/workspace/watson-unix/couchdb/src/lhttpc/lhttpc_client.erl"},
                                                                         {line,
                                                                          220}]},
                                                                       {lhttpc_client,
                                                                        execute,
                                                                        9,
                                                                        [{file,
                                                                          "/home/couchbase/jenkins/workspace/watson-unix/couchdb/src/lhttpc/lhttpc_client.erl"},
                                                                         {line,
                                                                          169}]},
                                                                       {lhttpc_client,
                                                                        request,
                                                                        9,
                                                                        [{file,
                                                                          "/home/couchbase/jenkins/workspace/watson-unix/couchdb/src/lhttpc/lhttpc_client.erl"},
                                                                         {line,
                                                                          92}]}]}}
[ns_server:error,2021-04-19T20:01:50.270Z,ns_1@127.0.0.1:index_status_keeper_worker<0.391.0>:index_rest:get_json:42]Request to (indexer) http://127.0.0.1:9102/getIndexStatus failed: {error,
                                                                   {econnrefused,
                                                                    [{lhttpc_client,
                                                                      send_request,
                                                                      1,
                                                                      [{file,
                                                                        "/home/couchbase/jenkins/workspace/watson-unix/couchdb/src/lhttpc/lhttpc_client.erl"},
                                                                       {line,
                                                                        220}]},
                                                                     {lhttpc_client,
                                                                      execute,
                                                                      9,
                                                                      [{file,
                                                                        "/home/couchbase/jenkins/workspace/watson-unix/couchdb/src/lhttpc/lhttpc_client.erl"},
                                                                       {line,
                                                                        169}]},
                                                                     {lhttpc_client,
                                                                      request,
                                                                      9,
                                                                      [{file,
                                                                        "/home/couchbase/jenkins/workspace/watson-unix/couchdb/src/lhttpc/lhttpc_client.erl"},
                                                                       {line,
                                                                        92}]}]}}
[stats:error,2021-04-19T20:01:51.469Z,ns_1@127.0.0.1:query_stats_collector<0.378.0>:base_stats_collector:handle_info:109](Collector: query_stats_collector) Exception in stats collector: {error,
                                                                  {badmatch,
                                                                   {error,
                                                                    {econnrefused,
                                                                     [{lhttpc_client,
                                                                       send_request,
                                                                       1,
                                                                       [{file,
                                                                         "/home/couchbase/jenkins/workspace/watson-unix/couchdb/src/lhttpc/lhttpc_client.erl"},
                                                                        {line,
                                                                         220}]},
                                                                      {lhttpc_client,
                                                                       execute,
                                                                       9,
                                                                       [{file,
                                                                         "/home/couchbase/jenkins/workspace/watson-unix/couchdb/src/lhttpc/lhttpc_client.erl"},
                                                                        {line,
                                                                         169}]},
                                                                      {lhttpc_client,
                                                                       request,
                                                                       9,
                                                                       [{file,
                                                                         "/home/couchbase/jenkins/workspace/watson-unix/couchdb/src/lhttpc/lhttpc_client.erl"},
                                                                        {line,
                                                                         92}]}]}}},
                                                                  [{query_rest,
                                                                    send,3,
                                                                    [{file,
                                                                      "src/query_rest.erl"},
                                                                     {line,
                                                                      64}]},
                                                                   {query_rest,
                                                                    do_get_stats,
                                                                    0,
                                                                    [{file,
                                                                      "src/query_rest.erl"},
                                                                     {line,
                                                                      43}]},
                                                                   {base_stats_collector,
                                                                    handle_info,
                                                                    2,
                                                                    [{file,
                                                                      "src/base_stats_collector.erl"},
                                                                     {line,
                                                                      89}]},
                                                                   {gen_server,
                                                                    handle_msg,
                                                                    5,
                                                                    [{file,
                                                                      "gen_server.erl"},
                                                                     {line,
                                                                      604}]},
                                                                   {proc_lib,
                                                                    init_p_do_apply,
                                                                    3,
                                                                    [{file,
                                                                      "proc_lib.erl"},
                                                                     {line,
                                                                      239}]}]}

[ns_server:error,2021-04-19T20:01:51.471Z,ns_1@127.0.0.1:index_stats_collector-index<0.401.0>:index_rest:get_json:42]Request to (indexer) http://127.0.0.1:9102/stats?async=true failed: {error,
                                                                     {econnrefused,
                                                                      [{lhttpc_client,
                                                                        send_request,
                                                                        1,
                                                                        [{file,
                                                                          "/home/couchbase/jenkins/workspace/watson-unix/couchdb/src/lhttpc/lhttpc_client.erl"},
                                                                         {line,
                                                                          220}]},
                                                                       {lhttpc_client,
                                                                        execute,
                                                                        9,
                                                                        [{file,
                                                                          "/home/couchbase/jenkins/workspace/watson-unix/couchdb/src/lhttpc/lhttpc_client.erl"},
                                                                         {line,
                                                                          169}]},
                                                                       {lhttpc_client,
                                                                        request,
                                                                        9,
                                                                        [{file,
                                                                          "/home/couchbase/jenkins/workspace/watson-unix/couchdb/src/lhttpc/lhttpc_client.erl"},
                                                                         {line,
                                                                          92}]}]}}
[ns_server:error,2021-04-19T20:01:52.463Z,ns_1@127.0.0.1:index_stats_collector-index<0.401.0>:index_rest:get_json:42]Request to (indexer) http://127.0.0.1:9102/stats?async=true failed: {error,
                                                                     {econnrefused,
                                                                      [{lhttpc_client,
                                                                        send_request,
                                                                        1,
                                                                        [{file,
                                                                          "/home/couchbase/jenkins/workspace/watson-unix/couchdb/src/lhttpc/lhttpc_client.erl"},
                                                                         {line,
                                                                          220}]},
                                                                       {lhttpc_client,
                                                                        execute,
                                                                        9,
                                                                        [{file,
                                                                          "/home/couchbase/jenkins/workspace/watson-unix/couchdb/src/lhttpc/lhttpc_client.erl"},
                                                                         {line,
                                                                          169}]},
                                                                       {lhttpc_client,
                                                                        request,
                                                                        9,
                                                                        [{file,
                                                                          "/home/couchbase/jenkins/workspace/watson-unix/couchdb/src/lhttpc/lhttpc_client.erl"},
                                                                         {line,
                                                                          92}]}]}}
